environment: 
YAML: configs/barlow_twins.c100.yaml
==> SEED: 42
==> num_classes: 100
==> data_name: cifar100
==> data_params: {'algo': 'barlow_twins', 'data_dir': 'datasets/cifar100', 'batch_size': 512, 'num_workers': 3, 'image_size': 32}
==> return_logs: False
==> eval_every: 10
==> n_epochs: 800
==> n_epochs_mlp: 100
==> gpu_id: 1
==> opt: SGD
==> opt_params: {'lr': 0.4, 'momentum': 0.9, 'weight_decay': 1.5e-06}
==> schedular_params: {'T_max': 800, 'eta_min': 0.001}
==> mlp_opt: SGD
==> mlp_opt_params: {'lr': 0.01, 'momentum': 0.9}
==> model_params: {'model_name': 'resnet18', 'pretrained': False, 'proj_dim': 256, 'barlow_hidden': 4096}
==> mlp_type: hidden
==> loss: barlow_twins
==> loss_params: {'lambd': 0.005}
==> distributed: False
==> train_algo: barlow_twins
--------------------------------------------------
===> using hiddin mlp
using optimizer: SGD
using optimizer: SGD
loss function: barlow_twins
Files already downloaded and verified
Files already downloaded and verified
Files already downloaded and verified
# of Training Images: 50000
# of Testing Images: 10000
### Barlow Twins Training begins
[GPU1] epochs: [1/800] train_loss_con: 102.579
[GPU1] epochs: [2/800] train_loss_con: 73.395
[GPU1] epochs: [3/800] train_loss_con: 68.706
[GPU1] epochs: [4/800] train_loss_con: 67.096
[GPU1] epochs: [5/800] train_loss_con: 66.142
[GPU1] epochs: [6/800] train_loss_con: 65.872
[GPU1] epochs: [7/800] train_loss_con: 61.155
[GPU1] epochs: [8/800] train_loss_con: 56.748
[GPU1] epochs: [9/800] train_loss_con: 54.146
[GPU1] epochs: [10/800] train_loss_con: 50.742
[GPU1] epochs: [11/800] train_loss_con: 48.717
[GPU1] epochs: [12/800] train_loss_con: 47.211
[GPU1] epochs: [13/800] train_loss_con: 47.008
[GPU1] epochs: [14/800] train_loss_con: 45.515
[GPU1] epochs: [15/800] train_loss_con: 44.745
[GPU1] epochs: [16/800] train_loss_con: 43.956
[GPU1] epochs: [17/800] train_loss_con: 43.100
[GPU1] epochs: [18/800] train_loss_con: 42.903
