environment: 
YAML: configs/barlow_twins.c10.yaml
==> SEED: 42
==> num_classes: 10
==> data_name: cifar10
==> data_params: {'algo': 'barlow_twins', 'data_dir': 'datasets/cifar10', 'batch_size': 512, 'num_workers': 3, 'image_size': 32}
==> return_logs: False
==> eval_every: 10
==> n_epochs: 800
==> n_epochs_mlp: 100
==> gpu_id: 2
==> opt: SGD
==> opt_params: {'lr': 0.4, 'momentum': 0.9, 'weight_decay': 1.5e-06}
==> schedular_params: {'T_max': 800, 'eta_min': 0.001}
==> mlp_opt: SGD
==> mlp_opt_params: {'lr': 0.01, 'momentum': 0.9}
==> model_params: {'model_name': 'resnet50', 'pretrained': False, 'proj_dim': 256, 'barlow_hidden': 4096}
==> mlp_type: hidden
==> loss: barlow_twins
==> loss_params: {'lambd': 0.005}
==> distributed: False
==> train_algo: barlow_twins
--------------------------------------------------
===> using hiddin mlp
using optimizer: SGD
using optimizer: SGD
loss function: barlow_twins
Files already downloaded and verified
Files already downloaded and verified
Files already downloaded and verified
# of Training Images: 50000
# of Testing Images: 10000
### Barlow Twins Training begins
[GPU2] epochs: [1/800] train_loss_con: 128.367
[GPU2] epochs: [2/800] train_loss_con: 98.954
[GPU2] epochs: [3/800] train_loss_con: 81.115
[GPU2] epochs: [4/800] train_loss_con: 76.968
[GPU2] epochs: [5/800] train_loss_con: 69.923
[GPU2] epochs: [6/800] train_loss_con: 67.057
[GPU2] epochs: [7/800] train_loss_con: 65.457
[GPU2] epochs: [8/800] train_loss_con: 64.706
[GPU2] epochs: [9/800] train_loss_con: 64.061
[GPU2] epochs: [10/800] train_loss_con: 59.240
[GPU2] epochs: [11/800] train_loss_con: 56.321
[GPU2] epochs: [12/800] train_loss_con: 53.230
[GPU2] epochs: [13/800] train_loss_con: 51.888
[GPU2] epochs: [14/800] train_loss_con: 51.070
[GPU2] epochs: [15/800] train_loss_con: 50.184
[GPU2] epochs: [16/800] train_loss_con: 47.928
[GPU2] epochs: [17/800] train_loss_con: 46.407
[GPU2] epochs: [18/800] train_loss_con: 44.712
[GPU2] epochs: [19/800] train_loss_con: 44.497
[GPU2] epochs: [20/800] train_loss_con: 43.871
[GPU2] epochs: [21/800] train_loss_con: 42.770
[GPU2] epochs: [22/800] train_loss_con: 42.267
[GPU2] epochs: [23/800] train_loss_con: 41.948
[GPU2] epochs: [24/800] train_loss_con: 40.864
[GPU2] epochs: [25/800] train_loss_con: 40.318
[GPU2] epochs: [26/800] train_loss_con: 39.843
[GPU2] epochs: [27/800] train_loss_con: 39.296
[GPU2] epochs: [28/800] train_loss_con: 38.937
[GPU2] epochs: [29/800] train_loss_con: 38.675
[GPU2] epochs: [30/800] train_loss_con: 37.854
[GPU2] epochs: [31/800] train_loss_con: 37.210
[GPU2] epochs: [32/800] train_loss_con: 36.950
[GPU2] epochs: [33/800] train_loss_con: 36.688
[GPU2] epochs: [34/800] train_loss_con: 36.219
[GPU2] epochs: [35/800] train_loss_con: 35.567
[GPU2] epochs: [36/800] train_loss_con: 35.382
[GPU2] epochs: [37/800] train_loss_con: 34.816
[GPU2] epochs: [38/800] train_loss_con: 34.615
[GPU2] epochs: [39/800] train_loss_con: 34.053
[GPU2] epochs: [40/800] train_loss_con: 33.954
[GPU2] epochs: [41/800] train_loss_con: 33.689
[GPU2] epochs: [42/800] train_loss_con: 33.383
[GPU2] epochs: [43/800] train_loss_con: 32.949
[GPU2] epochs: [44/800] train_loss_con: 32.677
[GPU2] epochs: [45/800] train_loss_con: 31.896
[GPU2] epochs: [46/800] train_loss_con: 31.785
[GPU2] epochs: [47/800] train_loss_con: 31.418
[GPU2] epochs: [48/800] train_loss_con: 31.129
[GPU2] epochs: [49/800] train_loss_con: 30.945
[GPU2] epochs: [50/800] train_loss_con: 30.492
[GPU2] epochs: [51/800] train_loss_con: 29.700
[GPU2] epochs: [52/800] train_loss_con: 29.881
[GPU2] epochs: [53/800] train_loss_con: 29.893
[GPU2] epochs: [54/800] train_loss_con: 29.183
[GPU2] epochs: [55/800] train_loss_con: 28.782
[GPU2] epochs: [56/800] train_loss_con: 29.125
[GPU2] epochs: [57/800] train_loss_con: 28.380
[GPU2] epochs: [58/800] train_loss_con: 28.569
[GPU2] epochs: [59/800] train_loss_con: 28.267
[GPU2] epochs: [60/800] train_loss_con: 27.760
[GPU2] epochs: [61/800] train_loss_con: 27.640
[GPU2] epochs: [62/800] train_loss_con: 27.613
[GPU2] epochs: [63/800] train_loss_con: 27.717
[GPU2] epochs: [64/800] train_loss_con: 26.882
[GPU2] epochs: [65/800] train_loss_con: 26.548
[GPU2] epochs: [66/800] train_loss_con: 26.866
[GPU2] epochs: [67/800] train_loss_con: 26.231
[GPU2] epochs: [68/800] train_loss_con: 26.236
[GPU2] epochs: [69/800] train_loss_con: 26.184
[GPU2] epochs: [70/800] train_loss_con: 26.085
[GPU2] epochs: [71/800] train_loss_con: 25.947
[GPU2] epochs: [72/800] train_loss_con: 25.603
[GPU2] epochs: [73/800] train_loss_con: 25.789
[GPU2] epochs: [74/800] train_loss_con: 25.274
[GPU2] epochs: [75/800] train_loss_con: 25.559
[GPU2] epochs: [76/800] train_loss_con: 25.246
[GPU2] epochs: [77/800] train_loss_con: 24.986
[GPU2] epochs: [78/800] train_loss_con: 24.816
[GPU2] epochs: [79/800] train_loss_con: 24.978
[GPU2] epochs: [80/800] train_loss_con: 24.432
[GPU2] epochs: [81/800] train_loss_con: 24.478
[GPU2] epochs: [82/800] train_loss_con: 24.622
[GPU2] epochs: [83/800] train_loss_con: 24.157
[GPU2] epochs: [84/800] train_loss_con: 24.376
[GPU2] epochs: [85/800] train_loss_con: 24.152
[GPU2] epochs: [86/800] train_loss_con: 23.744
[GPU2] epochs: [87/800] train_loss_con: 24.023
[GPU2] epochs: [88/800] train_loss_con: 23.545
[GPU2] epochs: [89/800] train_loss_con: 23.600
[GPU2] epochs: [90/800] train_loss_con: 23.273
[GPU2] epochs: [91/800] train_loss_con: 23.280
[GPU2] epochs: [92/800] train_loss_con: 23.756
[GPU2] epochs: [93/800] train_loss_con: 22.847
[GPU2] epochs: [94/800] train_loss_con: 22.974
[GPU2] epochs: [95/800] train_loss_con: 22.628
[GPU2] epochs: [96/800] train_loss_con: 22.675
[GPU2] epochs: [97/800] train_loss_con: 23.031
[GPU2] epochs: [98/800] train_loss_con: 22.171
[GPU2] epochs: [99/800] train_loss_con: 22.189
[GPU2] epochs: [100/800] train_loss_con: 22.567
[GPU2] epochs: [101/800] train_loss_con: 22.141
[GPU2] epochs: [102/800] train_loss_con: 22.080
[GPU2] epochs: [103/800] train_loss_con: 21.567
[GPU2] epochs: [104/800] train_loss_con: 21.824
[GPU2] epochs: [105/800] train_loss_con: 21.971
[GPU2] epochs: [106/800] train_loss_con: 21.825
[GPU2] epochs: [107/800] train_loss_con: 21.390
[GPU2] epochs: [108/800] train_loss_con: 21.345
[GPU2] epochs: [109/800] train_loss_con: 20.907
[GPU2] epochs: [110/800] train_loss_con: 20.979
[GPU2] epochs: [111/800] train_loss_con: 20.953
[GPU2] epochs: [112/800] train_loss_con: 20.729
[GPU2] epochs: [113/800] train_loss_con: 20.821
[GPU2] epochs: [114/800] train_loss_con: 20.243
[GPU2] epochs: [115/800] train_loss_con: 20.881
[GPU2] epochs: [116/800] train_loss_con: 20.288
[GPU2] epochs: [117/800] train_loss_con: 20.411
[GPU2] epochs: [118/800] train_loss_con: 20.204
[GPU2] epochs: [119/800] train_loss_con: 19.909
[GPU2] epochs: [120/800] train_loss_con: 19.925
[GPU2] epochs: [121/800] train_loss_con: 19.911
[GPU2] epochs: [122/800] train_loss_con: 20.402
[GPU2] epochs: [123/800] train_loss_con: 19.812
[GPU2] epochs: [124/800] train_loss_con: 19.558
[GPU2] epochs: [125/800] train_loss_con: 19.851
[GPU2] epochs: [126/800] train_loss_con: 20.053
[GPU2] epochs: [127/800] train_loss_con: 19.350
[GPU2] epochs: [128/800] train_loss_con: 19.945
[GPU2] epochs: [129/800] train_loss_con: 19.846
[GPU2] epochs: [130/800] train_loss_con: 19.403
[GPU2] epochs: [131/800] train_loss_con: 19.270
[GPU2] epochs: [132/800] train_loss_con: 19.773
[GPU2] epochs: [133/800] train_loss_con: 19.266
[GPU2] epochs: [134/800] train_loss_con: 18.958
[GPU2] epochs: [135/800] train_loss_con: 19.313
[GPU2] epochs: [136/800] train_loss_con: 19.136
[GPU2] epochs: [137/800] train_loss_con: 19.259
[GPU2] epochs: [138/800] train_loss_con: 18.730
[GPU2] epochs: [139/800] train_loss_con: 18.984
[GPU2] epochs: [140/800] train_loss_con: 18.741
[GPU2] epochs: [141/800] train_loss_con: 18.461
[GPU2] epochs: [142/800] train_loss_con: 18.909
[GPU2] epochs: [143/800] train_loss_con: 18.525
[GPU2] epochs: [144/800] train_loss_con: 18.378
[GPU2] epochs: [145/800] train_loss_con: 18.320
[GPU2] epochs: [146/800] train_loss_con: 18.377
[GPU2] epochs: [147/800] train_loss_con: 18.093
[GPU2] epochs: [148/800] train_loss_con: 18.339
[GPU2] epochs: [149/800] train_loss_con: 18.277
[GPU2] epochs: [150/800] train_loss_con: 18.140
[GPU2] epochs: [151/800] train_loss_con: 18.158
[GPU2] epochs: [152/800] train_loss_con: 18.109
[GPU2] epochs: [153/800] train_loss_con: 18.177
[GPU2] epochs: [154/800] train_loss_con: 18.105
[GPU2] epochs: [155/800] train_loss_con: 18.001
[GPU2] epochs: [156/800] train_loss_con: 18.054
[GPU2] epochs: [157/800] train_loss_con: 17.776
[GPU2] epochs: [158/800] train_loss_con: 17.941
[GPU2] epochs: [159/800] train_loss_con: 17.676
[GPU2] epochs: [160/800] train_loss_con: 17.508
[GPU2] epochs: [161/800] train_loss_con: 17.615
[GPU2] epochs: [162/800] train_loss_con: 17.443
[GPU2] epochs: [163/800] train_loss_con: 17.887
[GPU2] epochs: [164/800] train_loss_con: 17.527
[GPU2] epochs: [165/800] train_loss_con: 17.442
[GPU2] epochs: [166/800] train_loss_con: 17.523
[GPU2] epochs: [167/800] train_loss_con: 17.298
[GPU2] epochs: [168/800] train_loss_con: 17.462
[GPU2] epochs: [169/800] train_loss_con: 17.297
[GPU2] epochs: [170/800] train_loss_con: 16.836
[GPU2] epochs: [171/800] train_loss_con: 16.980
[GPU2] epochs: [172/800] train_loss_con: 17.450
[GPU2] epochs: [173/800] train_loss_con: 17.140
[GPU2] epochs: [174/800] train_loss_con: 16.981
[GPU2] epochs: [175/800] train_loss_con: 16.707
[GPU2] epochs: [176/800] train_loss_con: 16.910
[GPU2] epochs: [177/800] train_loss_con: 17.026
[GPU2] epochs: [178/800] train_loss_con: 17.127
[GPU2] epochs: [179/800] train_loss_con: 16.692
[GPU2] epochs: [180/800] train_loss_con: 16.941
[GPU2] epochs: [181/800] train_loss_con: 16.955
[GPU2] epochs: [182/800] train_loss_con: 16.790
[GPU2] epochs: [183/800] train_loss_con: 16.639
[GPU2] epochs: [184/800] train_loss_con: 16.532
[GPU2] epochs: [185/800] train_loss_con: 16.796
[GPU2] epochs: [186/800] train_loss_con: 16.843
[GPU2] epochs: [187/800] train_loss_con: 16.446
[GPU2] epochs: [188/800] train_loss_con: 16.766
[GPU2] epochs: [189/800] train_loss_con: 16.369
[GPU2] epochs: [190/800] train_loss_con: 16.391
[GPU2] epochs: [191/800] train_loss_con: 16.538
[GPU2] epochs: [192/800] train_loss_con: 16.189
[GPU2] epochs: [193/800] train_loss_con: 15.916
[GPU2] epochs: [194/800] train_loss_con: 16.483
[GPU2] epochs: [195/800] train_loss_con: 16.175
[GPU2] epochs: [196/800] train_loss_con: 16.067
[GPU2] epochs: [197/800] train_loss_con: 15.948
[GPU2] epochs: [198/800] train_loss_con: 15.954
[GPU2] epochs: [199/800] train_loss_con: 15.988
[GPU2] epochs: [200/800] train_loss_con: 16.191
[GPU2] epochs: [201/800] train_loss_con: 16.103
[GPU2] epochs: [202/800] train_loss_con: 16.018
[GPU2] epochs: [203/800] train_loss_con: 15.912
[GPU2] epochs: [204/800] train_loss_con: 15.617
[GPU2] epochs: [205/800] train_loss_con: 15.919
[GPU2] epochs: [206/800] train_loss_con: 15.912
[GPU2] epochs: [207/800] train_loss_con: 16.008
[GPU2] epochs: [208/800] train_loss_con: 15.740
[GPU2] epochs: [209/800] train_loss_con: 15.515
[GPU2] epochs: [210/800] train_loss_con: 15.964
[GPU2] epochs: [211/800] train_loss_con: 15.506
[GPU2] epochs: [212/800] train_loss_con: 15.638
[GPU2] epochs: [213/800] train_loss_con: 15.547
[GPU2] epochs: [214/800] train_loss_con: 15.602
[GPU2] epochs: [215/800] train_loss_con: 15.567
[GPU2] epochs: [216/800] train_loss_con: 15.302
[GPU2] epochs: [217/800] train_loss_con: 15.536
[GPU2] epochs: [218/800] train_loss_con: 15.536
[GPU2] epochs: [219/800] train_loss_con: 15.478
[GPU2] epochs: [220/800] train_loss_con: 15.349
[GPU2] epochs: [221/800] train_loss_con: 15.438
[GPU2] epochs: [222/800] train_loss_con: 15.512
[GPU2] epochs: [223/800] train_loss_con: 15.226
[GPU2] epochs: [224/800] train_loss_con: 15.298
[GPU2] epochs: [225/800] train_loss_con: 15.232
[GPU2] epochs: [226/800] train_loss_con: 15.448
[GPU2] epochs: [227/800] train_loss_con: 15.342
[GPU2] epochs: [228/800] train_loss_con: 15.067
[GPU2] epochs: [229/800] train_loss_con: 15.242
[GPU2] epochs: [230/800] train_loss_con: 15.020
[GPU2] epochs: [231/800] train_loss_con: 15.350
[GPU2] epochs: [232/800] train_loss_con: 15.063
[GPU2] epochs: [233/800] train_loss_con: 14.885
[GPU2] epochs: [234/800] train_loss_con: 15.132
[GPU2] epochs: [235/800] train_loss_con: 14.805
[GPU2] epochs: [236/800] train_loss_con: 14.884
[GPU2] epochs: [237/800] train_loss_con: 14.870
[GPU2] epochs: [238/800] train_loss_con: 14.870
[GPU2] epochs: [239/800] train_loss_con: 14.695
[GPU2] epochs: [240/800] train_loss_con: 14.588
[GPU2] epochs: [241/800] train_loss_con: 14.750
[GPU2] epochs: [242/800] train_loss_con: 14.857
[GPU2] epochs: [243/800] train_loss_con: 14.932
[GPU2] epochs: [244/800] train_loss_con: 14.731
[GPU2] epochs: [245/800] train_loss_con: 14.824
[GPU2] epochs: [246/800] train_loss_con: 14.482
[GPU2] epochs: [247/800] train_loss_con: 14.688
[GPU2] epochs: [248/800] train_loss_con: 14.745
[GPU2] epochs: [249/800] train_loss_con: 14.761
[GPU2] epochs: [250/800] train_loss_con: 14.727
[GPU2] epochs: [251/800] train_loss_con: 14.778
[GPU2] epochs: [252/800] train_loss_con: 14.557
[GPU2] epochs: [253/800] train_loss_con: 14.489
[GPU2] epochs: [254/800] train_loss_con: 14.262
[GPU2] epochs: [255/800] train_loss_con: 14.543
[GPU2] epochs: [256/800] train_loss_con: 14.115
[GPU2] epochs: [257/800] train_loss_con: 14.265
[GPU2] epochs: [258/800] train_loss_con: 14.517
[GPU2] epochs: [259/800] train_loss_con: 14.453
[GPU2] epochs: [260/800] train_loss_con: 14.435
[GPU2] epochs: [261/800] train_loss_con: 14.398
[GPU2] epochs: [262/800] train_loss_con: 14.146
[GPU2] epochs: [263/800] train_loss_con: 14.270
[GPU2] epochs: [264/800] train_loss_con: 14.255
[GPU2] epochs: [265/800] train_loss_con: 14.436
[GPU2] epochs: [266/800] train_loss_con: 14.215
[GPU2] epochs: [267/800] train_loss_con: 14.287
[GPU2] epochs: [268/800] train_loss_con: 14.144
[GPU2] epochs: [269/800] train_loss_con: 14.219
[GPU2] epochs: [270/800] train_loss_con: 14.138
[GPU2] epochs: [271/800] train_loss_con: 13.814
[GPU2] epochs: [272/800] train_loss_con: 14.102
[GPU2] epochs: [273/800] train_loss_con: 13.923
[GPU2] epochs: [274/800] train_loss_con: 14.174
[GPU2] epochs: [275/800] train_loss_con: 14.056
[GPU2] epochs: [276/800] train_loss_con: 14.040
[GPU2] epochs: [277/800] train_loss_con: 14.046
[GPU2] epochs: [278/800] train_loss_con: 13.866
[GPU2] epochs: [279/800] train_loss_con: 13.819
[GPU2] epochs: [280/800] train_loss_con: 13.843
[GPU2] epochs: [281/800] train_loss_con: 13.783
[GPU2] epochs: [282/800] train_loss_con: 14.077
[GPU2] epochs: [283/800] train_loss_con: 13.902
[GPU2] epochs: [284/800] train_loss_con: 13.834
[GPU2] epochs: [285/800] train_loss_con: 13.837
[GPU2] epochs: [286/800] train_loss_con: 13.800
[GPU2] epochs: [287/800] train_loss_con: 13.669
[GPU2] epochs: [288/800] train_loss_con: 13.713
[GPU2] epochs: [289/800] train_loss_con: 13.640
[GPU2] epochs: [290/800] train_loss_con: 13.802
[GPU2] epochs: [291/800] train_loss_con: 13.589
[GPU2] epochs: [292/800] train_loss_con: 13.864
[GPU2] epochs: [293/800] train_loss_con: 13.645
[GPU2] epochs: [294/800] train_loss_con: 13.836
[GPU2] epochs: [295/800] train_loss_con: 13.614
[GPU2] epochs: [296/800] train_loss_con: 13.690
[GPU2] epochs: [297/800] train_loss_con: 13.502
[GPU2] epochs: [298/800] train_loss_con: 13.276
[GPU2] epochs: [299/800] train_loss_con: 13.595
[GPU2] epochs: [300/800] train_loss_con: 13.471
[GPU2] epochs: [301/800] train_loss_con: 13.500
[GPU2] epochs: [302/800] train_loss_con: 13.460
[GPU2] epochs: [303/800] train_loss_con: 13.558
[GPU2] epochs: [304/800] train_loss_con: 13.280
[GPU2] epochs: [305/800] train_loss_con: 13.259
[GPU2] epochs: [306/800] train_loss_con: 13.343
[GPU2] epochs: [307/800] train_loss_con: 13.276
[GPU2] epochs: [308/800] train_loss_con: 13.329
[GPU2] epochs: [309/800] train_loss_con: 13.433
[GPU2] epochs: [310/800] train_loss_con: 13.303
[GPU2] epochs: [311/800] train_loss_con: 13.238
[GPU2] epochs: [312/800] train_loss_con: 13.342
[GPU2] epochs: [313/800] train_loss_con: 13.424
[GPU2] epochs: [314/800] train_loss_con: 13.267
[GPU2] epochs: [315/800] train_loss_con: 13.547
[GPU2] epochs: [316/800] train_loss_con: 13.217
[GPU2] epochs: [317/800] train_loss_con: 13.224
[GPU2] epochs: [318/800] train_loss_con: 13.256
[GPU2] epochs: [319/800] train_loss_con: 13.107
[GPU2] epochs: [320/800] train_loss_con: 13.393
[GPU2] epochs: [321/800] train_loss_con: 13.036
[GPU2] epochs: [322/800] train_loss_con: 13.100
[GPU2] epochs: [323/800] train_loss_con: 13.092
[GPU2] epochs: [324/800] train_loss_con: 13.120
[GPU2] epochs: [325/800] train_loss_con: 13.013
[GPU2] epochs: [326/800] train_loss_con: 12.799
[GPU2] epochs: [327/800] train_loss_con: 12.999
[GPU2] epochs: [328/800] train_loss_con: 13.044
[GPU2] epochs: [329/800] train_loss_con: 13.055
[GPU2] epochs: [330/800] train_loss_con: 13.151
[GPU2] epochs: [331/800] train_loss_con: 13.208
[GPU2] epochs: [332/800] train_loss_con: 12.690
[GPU2] epochs: [333/800] train_loss_con: 12.985
[GPU2] epochs: [334/800] train_loss_con: 13.001
[GPU2] epochs: [335/800] train_loss_con: 12.941
[GPU2] epochs: [336/800] train_loss_con: 12.918
[GPU2] epochs: [337/800] train_loss_con: 13.175
[GPU2] epochs: [338/800] train_loss_con: 12.949
[GPU2] epochs: [339/800] train_loss_con: 13.028
[GPU2] epochs: [340/800] train_loss_con: 12.832
[GPU2] epochs: [341/800] train_loss_con: 12.730
[GPU2] epochs: [342/800] train_loss_con: 12.844
[GPU2] epochs: [343/800] train_loss_con: 12.760
[GPU2] epochs: [344/800] train_loss_con: 12.749
[GPU2] epochs: [345/800] train_loss_con: 13.061
[GPU2] epochs: [346/800] train_loss_con: 12.888
[GPU2] epochs: [347/800] train_loss_con: 12.664
[GPU2] epochs: [348/800] train_loss_con: 12.742
[GPU2] epochs: [349/800] train_loss_con: 12.704
[GPU2] epochs: [350/800] train_loss_con: 12.725
[GPU2] epochs: [351/800] train_loss_con: 12.443
[GPU2] epochs: [352/800] train_loss_con: 12.626
[GPU2] epochs: [353/800] train_loss_con: 12.451
[GPU2] epochs: [354/800] train_loss_con: 12.660
[GPU2] epochs: [355/800] train_loss_con: 12.743
[GPU2] epochs: [356/800] train_loss_con: 12.606
[GPU2] epochs: [357/800] train_loss_con: 12.403
[GPU2] epochs: [358/800] train_loss_con: 12.580
[GPU2] epochs: [359/800] train_loss_con: 12.635
[GPU2] epochs: [360/800] train_loss_con: 12.534
[GPU2] epochs: [361/800] train_loss_con: 12.555
[GPU2] epochs: [362/800] train_loss_con: 12.501
[GPU2] epochs: [363/800] train_loss_con: 12.257
[GPU2] epochs: [364/800] train_loss_con: 12.260
[GPU2] epochs: [365/800] train_loss_con: 12.432
[GPU2] epochs: [366/800] train_loss_con: 12.419
[GPU2] epochs: [367/800] train_loss_con: 12.495
[GPU2] epochs: [368/800] train_loss_con: 12.470
[GPU2] epochs: [369/800] train_loss_con: 12.571
[GPU2] epochs: [370/800] train_loss_con: 12.421
[GPU2] epochs: [371/800] train_loss_con: 12.379
[GPU2] epochs: [372/800] train_loss_con: 12.360
[GPU2] epochs: [373/800] train_loss_con: 12.486
[GPU2] epochs: [374/800] train_loss_con: 12.560
[GPU2] epochs: [375/800] train_loss_con: 12.441
[GPU2] epochs: [376/800] train_loss_con: 12.224
[GPU2] epochs: [377/800] train_loss_con: 12.518
[GPU2] epochs: [378/800] train_loss_con: 12.406
[GPU2] epochs: [379/800] train_loss_con: 12.420
[GPU2] epochs: [380/800] train_loss_con: 12.273
[GPU2] epochs: [381/800] train_loss_con: 12.162
[GPU2] epochs: [382/800] train_loss_con: 12.367
[GPU2] epochs: [383/800] train_loss_con: 12.184
[GPU2] epochs: [384/800] train_loss_con: 12.295
[GPU2] epochs: [385/800] train_loss_con: 12.194
[GPU2] epochs: [386/800] train_loss_con: 12.329
[GPU2] epochs: [387/800] train_loss_con: 12.047
[GPU2] epochs: [388/800] train_loss_con: 12.212
[GPU2] epochs: [389/800] train_loss_con: 12.104
[GPU2] epochs: [390/800] train_loss_con: 12.077
[GPU2] epochs: [391/800] train_loss_con: 12.108
[GPU2] epochs: [392/800] train_loss_con: 12.092
[GPU2] epochs: [393/800] train_loss_con: 12.350
[GPU2] epochs: [394/800] train_loss_con: 11.973
[GPU2] epochs: [395/800] train_loss_con: 12.340
[GPU2] epochs: [396/800] train_loss_con: 12.125
[GPU2] epochs: [397/800] train_loss_con: 12.164
[GPU2] epochs: [398/800] train_loss_con: 11.942
[GPU2] epochs: [399/800] train_loss_con: 12.141
[GPU2] epochs: [400/800] train_loss_con: 12.085
[GPU2] epochs: [401/800] train_loss_con: 11.949
[GPU2] epochs: [402/800] train_loss_con: 12.068
[GPU2] epochs: [403/800] train_loss_con: 12.385
[GPU2] epochs: [404/800] train_loss_con: 11.813
[GPU2] epochs: [405/800] train_loss_con: 11.907
[GPU2] epochs: [406/800] train_loss_con: 11.867
[GPU2] epochs: [407/800] train_loss_con: 11.959
[GPU2] epochs: [408/800] train_loss_con: 11.784
[GPU2] epochs: [409/800] train_loss_con: 12.014
[GPU2] epochs: [410/800] train_loss_con: 11.707
[GPU2] epochs: [411/800] train_loss_con: 11.870
[GPU2] epochs: [412/800] train_loss_con: 11.928
[GPU2] epochs: [413/800] train_loss_con: 12.054
[GPU2] epochs: [414/800] train_loss_con: 11.792
[GPU2] epochs: [415/800] train_loss_con: 11.873
[GPU2] epochs: [416/800] train_loss_con: 11.632
[GPU2] epochs: [417/800] train_loss_con: 11.792
[GPU2] epochs: [418/800] train_loss_con: 11.762
[GPU2] epochs: [419/800] train_loss_con: 12.005
[GPU2] epochs: [420/800] train_loss_con: 11.820
[GPU2] epochs: [421/800] train_loss_con: 11.769
[GPU2] epochs: [422/800] train_loss_con: 11.858
[GPU2] epochs: [423/800] train_loss_con: 11.773
[GPU2] epochs: [424/800] train_loss_con: 11.886
[GPU2] epochs: [425/800] train_loss_con: 11.616
[GPU2] epochs: [426/800] train_loss_con: 11.645
[GPU2] epochs: [427/800] train_loss_con: 11.545
[GPU2] epochs: [428/800] train_loss_con: 11.805
[GPU2] epochs: [429/800] train_loss_con: 11.791
[GPU2] epochs: [430/800] train_loss_con: 11.464
[GPU2] epochs: [431/800] train_loss_con: 11.666
[GPU2] epochs: [432/800] train_loss_con: 11.649
[GPU2] epochs: [433/800] train_loss_con: 11.631
[GPU2] epochs: [434/800] train_loss_con: 11.776
[GPU2] epochs: [435/800] train_loss_con: 11.613
[GPU2] epochs: [436/800] train_loss_con: 11.562
[GPU2] epochs: [437/800] train_loss_con: 11.668
[GPU2] epochs: [438/800] train_loss_con: 11.535
[GPU2] epochs: [439/800] train_loss_con: 11.355
[GPU2] epochs: [440/800] train_loss_con: 11.857
[GPU2] epochs: [441/800] train_loss_con: 11.441
[GPU2] epochs: [442/800] train_loss_con: 11.692
[GPU2] epochs: [443/800] train_loss_con: 11.433
[GPU2] epochs: [444/800] train_loss_con: 11.549
[GPU2] epochs: [445/800] train_loss_con: 11.798
[GPU2] epochs: [446/800] train_loss_con: 11.624
[GPU2] epochs: [447/800] train_loss_con: 11.592
[GPU2] epochs: [448/800] train_loss_con: 11.495
[GPU2] epochs: [449/800] train_loss_con: 11.402
[GPU2] epochs: [450/800] train_loss_con: 11.354
[GPU2] epochs: [451/800] train_loss_con: 11.308
[GPU2] epochs: [452/800] train_loss_con: 11.404
[GPU2] epochs: [453/800] train_loss_con: 11.496
[GPU2] epochs: [454/800] train_loss_con: 11.552
[GPU2] epochs: [455/800] train_loss_con: 11.427
[GPU2] epochs: [456/800] train_loss_con: 11.419
[GPU2] epochs: [457/800] train_loss_con: 11.423
[GPU2] epochs: [458/800] train_loss_con: 11.400
[GPU2] epochs: [459/800] train_loss_con: 11.175
[GPU2] epochs: [460/800] train_loss_con: 11.199
[GPU2] epochs: [461/800] train_loss_con: 11.315
[GPU2] epochs: [462/800] train_loss_con: 11.316
[GPU2] epochs: [463/800] train_loss_con: 11.252
[GPU2] epochs: [464/800] train_loss_con: 11.233
[GPU2] epochs: [465/800] train_loss_con: 11.293
[GPU2] epochs: [466/800] train_loss_con: 11.244
[GPU2] epochs: [467/800] train_loss_con: 11.195
[GPU2] epochs: [468/800] train_loss_con: 11.194
[GPU2] epochs: [469/800] train_loss_con: 11.226
[GPU2] epochs: [470/800] train_loss_con: 11.189
[GPU2] epochs: [471/800] train_loss_con: 11.060
[GPU2] epochs: [472/800] train_loss_con: 11.170
[GPU2] epochs: [473/800] train_loss_con: 11.260
[GPU2] epochs: [474/800] train_loss_con: 11.153
[GPU2] epochs: [475/800] train_loss_con: 11.236
[GPU2] epochs: [476/800] train_loss_con: 11.176
[GPU2] epochs: [477/800] train_loss_con: 11.417
[GPU2] epochs: [478/800] train_loss_con: 11.150
[GPU2] epochs: [479/800] train_loss_con: 11.172
[GPU2] epochs: [480/800] train_loss_con: 11.274
[GPU2] epochs: [481/800] train_loss_con: 10.989
[GPU2] epochs: [482/800] train_loss_con: 11.163
[GPU2] epochs: [483/800] train_loss_con: 11.049
[GPU2] epochs: [484/800] train_loss_con: 11.065
[GPU2] epochs: [485/800] train_loss_con: 10.985
[GPU2] epochs: [486/800] train_loss_con: 11.034
[GPU2] epochs: [487/800] train_loss_con: 11.179
[GPU2] epochs: [488/800] train_loss_con: 11.133
[GPU2] epochs: [489/800] train_loss_con: 11.113
[GPU2] epochs: [490/800] train_loss_con: 10.948
[GPU2] epochs: [491/800] train_loss_con: 10.984
[GPU2] epochs: [492/800] train_loss_con: 11.072
[GPU2] epochs: [493/800] train_loss_con: 11.062
[GPU2] epochs: [494/800] train_loss_con: 11.220
[GPU2] epochs: [495/800] train_loss_con: 10.975
[GPU2] epochs: [496/800] train_loss_con: 10.934
[GPU2] epochs: [497/800] train_loss_con: 10.753
[GPU2] epochs: [498/800] train_loss_con: 11.158
[GPU2] epochs: [499/800] train_loss_con: 11.060
[GPU2] epochs: [500/800] train_loss_con: 10.922
[GPU2] epochs: [501/800] train_loss_con: 10.840
[GPU2] epochs: [502/800] train_loss_con: 10.982
[GPU2] epochs: [503/800] train_loss_con: 10.874
[GPU2] epochs: [504/800] train_loss_con: 10.823
[GPU2] epochs: [505/800] train_loss_con: 10.975
[GPU2] epochs: [506/800] train_loss_con: 10.924
[GPU2] epochs: [507/800] train_loss_con: 10.908
[GPU2] epochs: [508/800] train_loss_con: 10.846
[GPU2] epochs: [509/800] train_loss_con: 10.726
[GPU2] epochs: [510/800] train_loss_con: 10.864
[GPU2] epochs: [511/800] train_loss_con: 10.807
[GPU2] epochs: [512/800] train_loss_con: 10.923
[GPU2] epochs: [513/800] train_loss_con: 10.864
[GPU2] epochs: [514/800] train_loss_con: 10.758
[GPU2] epochs: [515/800] train_loss_con: 10.620
[GPU2] epochs: [516/800] train_loss_con: 10.839
[GPU2] epochs: [517/800] train_loss_con: 10.784
[GPU2] epochs: [518/800] train_loss_con: 10.556
[GPU2] epochs: [519/800] train_loss_con: 10.648
[GPU2] epochs: [520/800] train_loss_con: 10.815
[GPU2] epochs: [521/800] train_loss_con: 10.730
[GPU2] epochs: [522/800] train_loss_con: 10.605
[GPU2] epochs: [523/800] train_loss_con: 10.558
[GPU2] epochs: [524/800] train_loss_con: 10.716
[GPU2] epochs: [525/800] train_loss_con: 10.674
[GPU2] epochs: [526/800] train_loss_con: 10.809
[GPU2] epochs: [527/800] train_loss_con: 10.443
[GPU2] epochs: [528/800] train_loss_con: 10.633
[GPU2] epochs: [529/800] train_loss_con: 10.486
[GPU2] epochs: [530/800] train_loss_con: 10.522
[GPU2] epochs: [531/800] train_loss_con: 10.630
[GPU2] epochs: [532/800] train_loss_con: 10.610
[GPU2] epochs: [533/800] train_loss_con: 10.577
[GPU2] epochs: [534/800] train_loss_con: 10.666
[GPU2] epochs: [535/800] train_loss_con: 10.777
[GPU2] epochs: [536/800] train_loss_con: 10.584
[GPU2] epochs: [537/800] train_loss_con: 10.604
[GPU2] epochs: [538/800] train_loss_con: 10.741
[GPU2] epochs: [539/800] train_loss_con: 10.422
[GPU2] epochs: [540/800] train_loss_con: 10.529
[GPU2] epochs: [541/800] train_loss_con: 10.585
[GPU2] epochs: [542/800] train_loss_con: 10.378
[GPU2] epochs: [543/800] train_loss_con: 10.673
[GPU2] epochs: [544/800] train_loss_con: 10.508
[GPU2] epochs: [545/800] train_loss_con: 10.578
[GPU2] epochs: [546/800] train_loss_con: 10.410
[GPU2] epochs: [547/800] train_loss_con: 10.529
[GPU2] epochs: [548/800] train_loss_con: 10.357
[GPU2] epochs: [549/800] train_loss_con: 10.494
[GPU2] epochs: [550/800] train_loss_con: 10.179
[GPU2] epochs: [551/800] train_loss_con: 10.464
[GPU2] epochs: [552/800] train_loss_con: 10.425
[GPU2] epochs: [553/800] train_loss_con: 10.692
[GPU2] epochs: [554/800] train_loss_con: 10.437
[GPU2] epochs: [555/800] train_loss_con: 10.545
[GPU2] epochs: [556/800] train_loss_con: 10.396
[GPU2] epochs: [557/800] train_loss_con: 10.582
[GPU2] epochs: [558/800] train_loss_con: 10.563
[GPU2] epochs: [559/800] train_loss_con: 10.406
[GPU2] epochs: [560/800] train_loss_con: 10.726
[GPU2] epochs: [561/800] train_loss_con: 10.493
[GPU2] epochs: [562/800] train_loss_con: 10.305
[GPU2] epochs: [563/800] train_loss_con: 10.402
[GPU2] epochs: [564/800] train_loss_con: 10.401
[GPU2] epochs: [565/800] train_loss_con: 10.403
[GPU2] epochs: [566/800] train_loss_con: 10.388
[GPU2] epochs: [567/800] train_loss_con: 10.428
[GPU2] epochs: [568/800] train_loss_con: 10.456
[GPU2] epochs: [569/800] train_loss_con: 10.399
[GPU2] epochs: [570/800] train_loss_con: 10.421
[GPU2] epochs: [571/800] train_loss_con: 10.528
[GPU2] epochs: [572/800] train_loss_con: 10.156
[GPU2] epochs: [573/800] train_loss_con: 10.373
[GPU2] epochs: [574/800] train_loss_con: 10.247
[GPU2] epochs: [575/800] train_loss_con: 10.324
[GPU2] epochs: [576/800] train_loss_con: 10.236
[GPU2] epochs: [577/800] train_loss_con: 10.207
[GPU2] epochs: [578/800] train_loss_con: 10.347
[GPU2] epochs: [579/800] train_loss_con: 10.265
[GPU2] epochs: [580/800] train_loss_con: 10.251
[GPU2] epochs: [581/800] train_loss_con: 10.236
[GPU2] epochs: [582/800] train_loss_con: 10.270
[GPU2] epochs: [583/800] train_loss_con: 10.333
[GPU2] epochs: [584/800] train_loss_con: 10.273
[GPU2] epochs: [585/800] train_loss_con: 10.157
[GPU2] epochs: [586/800] train_loss_con: 10.116
[GPU2] epochs: [587/800] train_loss_con: 10.293
[GPU2] epochs: [588/800] train_loss_con: 10.042
[GPU2] epochs: [589/800] train_loss_con: 10.079
[GPU2] epochs: [590/800] train_loss_con: 10.346
[GPU2] epochs: [591/800] train_loss_con: 10.153
[GPU2] epochs: [592/800] train_loss_con: 10.232
[GPU2] epochs: [593/800] train_loss_con: 10.201
[GPU2] epochs: [594/800] train_loss_con: 10.212
[GPU2] epochs: [595/800] train_loss_con: 10.121
[GPU2] epochs: [596/800] train_loss_con: 10.256
[GPU2] epochs: [597/800] train_loss_con: 10.383
[GPU2] epochs: [598/800] train_loss_con: 10.148
[GPU2] epochs: [599/800] train_loss_con: 10.108
[GPU2] epochs: [600/800] train_loss_con: 10.064
[GPU2] epochs: [601/800] train_loss_con: 10.214
[GPU2] epochs: [602/800] train_loss_con: 10.031
[GPU2] epochs: [603/800] train_loss_con: 10.063
[GPU2] epochs: [604/800] train_loss_con: 10.181
[GPU2] epochs: [605/800] train_loss_con: 10.134
[GPU2] epochs: [606/800] train_loss_con: 10.237
[GPU2] epochs: [607/800] train_loss_con: 10.333
[GPU2] epochs: [608/800] train_loss_con: 10.005
[GPU2] epochs: [609/800] train_loss_con: 10.064
[GPU2] epochs: [610/800] train_loss_con: 10.154
[GPU2] epochs: [611/800] train_loss_con: 9.900
[GPU2] epochs: [612/800] train_loss_con: 10.093
[GPU2] epochs: [613/800] train_loss_con: 9.965
[GPU2] epochs: [614/800] train_loss_con: 10.129
[GPU2] epochs: [615/800] train_loss_con: 9.981
[GPU2] epochs: [616/800] train_loss_con: 10.049
[GPU2] epochs: [617/800] train_loss_con: 10.067
[GPU2] epochs: [618/800] train_loss_con: 10.038
[GPU2] epochs: [619/800] train_loss_con: 9.887
[GPU2] epochs: [620/800] train_loss_con: 10.153
[GPU2] epochs: [621/800] train_loss_con: 10.007
[GPU2] epochs: [622/800] train_loss_con: 9.831
[GPU2] epochs: [623/800] train_loss_con: 9.942
[GPU2] epochs: [624/800] train_loss_con: 9.826
[GPU2] epochs: [625/800] train_loss_con: 9.954
[GPU2] epochs: [626/800] train_loss_con: 9.961
[GPU2] epochs: [627/800] train_loss_con: 9.849
[GPU2] epochs: [628/800] train_loss_con: 10.066
[GPU2] epochs: [629/800] train_loss_con: 9.843
[GPU2] epochs: [630/800] train_loss_con: 10.065
[GPU2] epochs: [631/800] train_loss_con: 9.966
[GPU2] epochs: [632/800] train_loss_con: 9.795
[GPU2] epochs: [633/800] train_loss_con: 9.941
[GPU2] epochs: [634/800] train_loss_con: 9.844
[GPU2] epochs: [635/800] train_loss_con: 9.919
[GPU2] epochs: [636/800] train_loss_con: 10.005
[GPU2] epochs: [637/800] train_loss_con: 10.001
[GPU2] epochs: [638/800] train_loss_con: 9.907
[GPU2] epochs: [639/800] train_loss_con: 9.947
[GPU2] epochs: [640/800] train_loss_con: 9.948
[GPU2] epochs: [641/800] train_loss_con: 9.905
[GPU2] epochs: [642/800] train_loss_con: 9.996
[GPU2] epochs: [643/800] train_loss_con: 9.872
[GPU2] epochs: [644/800] train_loss_con: 9.757
[GPU2] epochs: [645/800] train_loss_con: 9.908
[GPU2] epochs: [646/800] train_loss_con: 9.868
[GPU2] epochs: [647/800] train_loss_con: 9.735
[GPU2] epochs: [648/800] train_loss_con: 9.909
[GPU2] epochs: [649/800] train_loss_con: 10.069
[GPU2] epochs: [650/800] train_loss_con: 9.822
[GPU2] epochs: [651/800] train_loss_con: 9.820
[GPU2] epochs: [652/800] train_loss_con: 9.881
[GPU2] epochs: [653/800] train_loss_con: 9.761
[GPU2] epochs: [654/800] train_loss_con: 9.806
[GPU2] epochs: [655/800] train_loss_con: 9.823
[GPU2] epochs: [656/800] train_loss_con: 9.850
[GPU2] epochs: [657/800] train_loss_con: 9.829
[GPU2] epochs: [658/800] train_loss_con: 9.770
[GPU2] epochs: [659/800] train_loss_con: 9.828
[GPU2] epochs: [660/800] train_loss_con: 9.730
[GPU2] epochs: [661/800] train_loss_con: 9.727
[GPU2] epochs: [662/800] train_loss_con: 9.933
[GPU2] epochs: [663/800] train_loss_con: 9.819
[GPU2] epochs: [664/800] train_loss_con: 9.876
[GPU2] epochs: [665/800] train_loss_con: 9.707
[GPU2] epochs: [666/800] train_loss_con: 9.670
[GPU2] epochs: [667/800] train_loss_con: 9.628
[GPU2] epochs: [668/800] train_loss_con: 9.816
[GPU2] epochs: [669/800] train_loss_con: 9.852
[GPU2] epochs: [670/800] train_loss_con: 9.672
[GPU2] epochs: [671/800] train_loss_con: 9.788
[GPU2] epochs: [672/800] train_loss_con: 9.668
[GPU2] epochs: [673/800] train_loss_con: 9.580
[GPU2] epochs: [674/800] train_loss_con: 9.597
[GPU2] epochs: [675/800] train_loss_con: 9.538
[GPU2] epochs: [676/800] train_loss_con: 9.686
[GPU2] epochs: [677/800] train_loss_con: 9.745
[GPU2] epochs: [678/800] train_loss_con: 9.681
[GPU2] epochs: [679/800] train_loss_con: 9.689
[GPU2] epochs: [680/800] train_loss_con: 9.584
[GPU2] epochs: [681/800] train_loss_con: 9.694
[GPU2] epochs: [682/800] train_loss_con: 9.689
[GPU2] epochs: [683/800] train_loss_con: 9.700
[GPU2] epochs: [684/800] train_loss_con: 9.602
[GPU2] epochs: [685/800] train_loss_con: 9.830
[GPU2] epochs: [686/800] train_loss_con: 9.643
[GPU2] epochs: [687/800] train_loss_con: 9.873
[GPU2] epochs: [688/800] train_loss_con: 9.617
[GPU2] epochs: [689/800] train_loss_con: 9.731
[GPU2] epochs: [690/800] train_loss_con: 9.602
[GPU2] epochs: [691/800] train_loss_con: 9.682
[GPU2] epochs: [692/800] train_loss_con: 9.724
[GPU2] epochs: [693/800] train_loss_con: 9.639
[GPU2] epochs: [694/800] train_loss_con: 9.624
[GPU2] epochs: [695/800] train_loss_con: 9.642
[GPU2] epochs: [696/800] train_loss_con: 9.540
[GPU2] epochs: [697/800] train_loss_con: 9.788
[GPU2] epochs: [698/800] train_loss_con: 9.635
[GPU2] epochs: [699/800] train_loss_con: 9.568
[GPU2] epochs: [700/800] train_loss_con: 9.758
[GPU2] epochs: [701/800] train_loss_con: 9.801
[GPU2] epochs: [702/800] train_loss_con: 9.566
[GPU2] epochs: [703/800] train_loss_con: 9.641
[GPU2] epochs: [704/800] train_loss_con: 9.675
[GPU2] epochs: [705/800] train_loss_con: 9.599
[GPU2] epochs: [706/800] train_loss_con: 9.630
[GPU2] epochs: [707/800] train_loss_con: 9.568
[GPU2] epochs: [708/800] train_loss_con: 9.446
[GPU2] epochs: [709/800] train_loss_con: 9.629
[GPU2] epochs: [710/800] train_loss_con: 9.545
[GPU2] epochs: [711/800] train_loss_con: 9.583
[GPU2] epochs: [712/800] train_loss_con: 9.648
[GPU2] epochs: [713/800] train_loss_con: 9.589
[GPU2] epochs: [714/800] train_loss_con: 9.649
[GPU2] epochs: [715/800] train_loss_con: 9.597
[GPU2] epochs: [716/800] train_loss_con: 9.674
[GPU2] epochs: [717/800] train_loss_con: 9.499
[GPU2] epochs: [718/800] train_loss_con: 9.664
[GPU2] epochs: [719/800] train_loss_con: 9.686
[GPU2] epochs: [720/800] train_loss_con: 9.530
[GPU2] epochs: [721/800] train_loss_con: 9.550
[GPU2] epochs: [722/800] train_loss_con: 9.443
[GPU2] epochs: [723/800] train_loss_con: 9.571
[GPU2] epochs: [724/800] train_loss_con: 9.625
[GPU2] epochs: [725/800] train_loss_con: 9.466
[GPU2] epochs: [726/800] train_loss_con: 9.670
[GPU2] epochs: [727/800] train_loss_con: 9.487
[GPU2] epochs: [728/800] train_loss_con: 9.523
[GPU2] epochs: [729/800] train_loss_con: 9.722
[GPU2] epochs: [730/800] train_loss_con: 9.467
[GPU2] epochs: [731/800] train_loss_con: 9.525
[GPU2] epochs: [732/800] train_loss_con: 9.590
[GPU2] epochs: [733/800] train_loss_con: 9.633
[GPU2] epochs: [734/800] train_loss_con: 9.715
[GPU2] epochs: [735/800] train_loss_con: 9.522
[GPU2] epochs: [736/800] train_loss_con: 9.559
[GPU2] epochs: [737/800] train_loss_con: 9.579
[GPU2] epochs: [738/800] train_loss_con: 9.523
[GPU2] epochs: [739/800] train_loss_con: 9.504
[GPU2] epochs: [740/800] train_loss_con: 9.517
[GPU2] epochs: [741/800] train_loss_con: 9.477
[GPU2] epochs: [742/800] train_loss_con: 9.619
[GPU2] epochs: [743/800] train_loss_con: 9.473
[GPU2] epochs: [744/800] train_loss_con: 9.463
[GPU2] epochs: [745/800] train_loss_con: 9.571
[GPU2] epochs: [746/800] train_loss_con: 9.518
[GPU2] epochs: [747/800] train_loss_con: 9.695
[GPU2] epochs: [748/800] train_loss_con: 9.598
[GPU2] epochs: [749/800] train_loss_con: 9.565
[GPU2] epochs: [750/800] train_loss_con: 9.356
[GPU2] epochs: [751/800] train_loss_con: 9.582
[GPU2] epochs: [752/800] train_loss_con: 9.403
[GPU2] epochs: [753/800] train_loss_con: 9.671
[GPU2] epochs: [754/800] train_loss_con: 9.525
[GPU2] epochs: [755/800] train_loss_con: 9.459
[GPU2] epochs: [756/800] train_loss_con: 9.513
[GPU2] epochs: [757/800] train_loss_con: 9.551
[GPU2] epochs: [758/800] train_loss_con: 9.409
[GPU2] epochs: [759/800] train_loss_con: 9.507
[GPU2] epochs: [760/800] train_loss_con: 9.727
[GPU2] epochs: [761/800] train_loss_con: 9.465
[GPU2] epochs: [762/800] train_loss_con: 9.333
[GPU2] epochs: [763/800] train_loss_con: 9.446
[GPU2] epochs: [764/800] train_loss_con: 9.525
[GPU2] epochs: [765/800] train_loss_con: 9.638
[GPU2] epochs: [766/800] train_loss_con: 9.376
[GPU2] epochs: [767/800] train_loss_con: 9.525
[GPU2] epochs: [768/800] train_loss_con: 9.443
[GPU2] epochs: [769/800] train_loss_con: 9.618
[GPU2] epochs: [770/800] train_loss_con: 9.487
[GPU2] epochs: [771/800] train_loss_con: 9.558
[GPU2] epochs: [772/800] train_loss_con: 9.530
[GPU2] epochs: [773/800] train_loss_con: 9.598
[GPU2] epochs: [774/800] train_loss_con: 9.419
[GPU2] epochs: [775/800] train_loss_con: 9.595
[GPU2] epochs: [776/800] train_loss_con: 9.511
[GPU2] epochs: [777/800] train_loss_con: 9.610
[GPU2] epochs: [778/800] train_loss_con: 9.400
[GPU2] epochs: [779/800] train_loss_con: 9.411
[GPU2] epochs: [780/800] train_loss_con: 9.557
[GPU2] epochs: [781/800] train_loss_con: 9.447
[GPU2] epochs: [782/800] train_loss_con: 9.505
[GPU2] epochs: [783/800] train_loss_con: 9.520
[GPU2] epochs: [784/800] train_loss_con: 9.505
[GPU2] epochs: [785/800] train_loss_con: 9.494
[GPU2] epochs: [786/800] train_loss_con: 9.559
[GPU2] epochs: [787/800] train_loss_con: 9.513
[GPU2] epochs: [788/800] train_loss_con: 9.536
[GPU2] epochs: [789/800] train_loss_con: 9.532
[GPU2] epochs: [790/800] train_loss_con: 9.527
[GPU2] epochs: [791/800] train_loss_con: 9.456
[GPU2] epochs: [792/800] train_loss_con: 9.456
[GPU2] epochs: [793/800] train_loss_con: 9.471
[GPU2] epochs: [794/800] train_loss_con: 9.487
[GPU2] epochs: [795/800] train_loss_con: 9.571
[GPU2] epochs: [796/800] train_loss_con: 9.424
[GPU2] epochs: [797/800] train_loss_con: 9.519
[GPU2] epochs: [798/800] train_loss_con: 9.671
[GPU2] epochs: [799/800] train_loss_con: 9.539
[GPU2] epochs: [800/800] train_loss_con: 9.416
### MLP training begins
[GPU2] Test Accuracy at epoch: 0: 0.751
[GPU2] epochs: [1/100] train_acc: 0.690 train_loss_sup: 0.914
[GPU2] epochs: [2/100] train_acc: 0.725 train_loss_sup: 0.791
[GPU2] epochs: [3/100] train_acc: 0.731 train_loss_sup: 0.775
[GPU2] epochs: [4/100] train_acc: 0.737 train_loss_sup: 0.757
[GPU2] epochs: [5/100] train_acc: 0.738 train_loss_sup: 0.750
[GPU2] epochs: [6/100] train_acc: 0.742 train_loss_sup: 0.742
[GPU2] epochs: [7/100] train_acc: 0.742 train_loss_sup: 0.737
[GPU2] epochs: [8/100] train_acc: 0.745 train_loss_sup: 0.729
[GPU2] epochs: [9/100] train_acc: 0.746 train_loss_sup: 0.728
[GPU2] epochs: [10/100] train_acc: 0.747 train_loss_sup: 0.726
[GPU2] Test Accuracy at epoch: 10: 0.783
[GPU2] epochs: [11/100] train_acc: 0.750 train_loss_sup: 0.714
[GPU2] epochs: [12/100] train_acc: 0.749 train_loss_sup: 0.714
[GPU2] epochs: [13/100] train_acc: 0.754 train_loss_sup: 0.704
[GPU2] epochs: [14/100] train_acc: 0.751 train_loss_sup: 0.710
[GPU2] epochs: [15/100] train_acc: 0.749 train_loss_sup: 0.709
[GPU2] epochs: [16/100] train_acc: 0.751 train_loss_sup: 0.707
[GPU2] epochs: [17/100] train_acc: 0.755 train_loss_sup: 0.700
[GPU2] epochs: [18/100] train_acc: 0.756 train_loss_sup: 0.694
[GPU2] epochs: [19/100] train_acc: 0.751 train_loss_sup: 0.704
[GPU2] epochs: [20/100] train_acc: 0.755 train_loss_sup: 0.695
[GPU2] Test Accuracy at epoch: 20: 0.796
[GPU2] epochs: [21/100] train_acc: 0.753 train_loss_sup: 0.701
[GPU2] epochs: [22/100] train_acc: 0.760 train_loss_sup: 0.683
[GPU2] epochs: [23/100] train_acc: 0.755 train_loss_sup: 0.692
[GPU2] epochs: [24/100] train_acc: 0.760 train_loss_sup: 0.681
[GPU2] epochs: [25/100] train_acc: 0.756 train_loss_sup: 0.690
[GPU2] epochs: [26/100] train_acc: 0.759 train_loss_sup: 0.683
[GPU2] epochs: [27/100] train_acc: 0.760 train_loss_sup: 0.676
[GPU2] epochs: [28/100] train_acc: 0.759 train_loss_sup: 0.682
[GPU2] epochs: [29/100] train_acc: 0.761 train_loss_sup: 0.674
[GPU2] epochs: [30/100] train_acc: 0.761 train_loss_sup: 0.674
[GPU2] Test Accuracy at epoch: 30: 0.789
[GPU2] epochs: [31/100] train_acc: 0.760 train_loss_sup: 0.681
[GPU2] epochs: [32/100] train_acc: 0.763 train_loss_sup: 0.672
[GPU2] epochs: [33/100] train_acc: 0.760 train_loss_sup: 0.673
[GPU2] epochs: [34/100] train_acc: 0.763 train_loss_sup: 0.669
[GPU2] epochs: [35/100] train_acc: 0.764 train_loss_sup: 0.669
[GPU2] epochs: [36/100] train_acc: 0.763 train_loss_sup: 0.670
[GPU2] epochs: [37/100] train_acc: 0.765 train_loss_sup: 0.666
[GPU2] epochs: [38/100] train_acc: 0.766 train_loss_sup: 0.666
[GPU2] epochs: [39/100] train_acc: 0.764 train_loss_sup: 0.663
[GPU2] epochs: [40/100] train_acc: 0.767 train_loss_sup: 0.662
[GPU2] Test Accuracy at epoch: 40: 0.791
[GPU2] epochs: [41/100] train_acc: 0.764 train_loss_sup: 0.661
[GPU2] epochs: [42/100] train_acc: 0.763 train_loss_sup: 0.663
[GPU2] epochs: [43/100] train_acc: 0.766 train_loss_sup: 0.663
[GPU2] epochs: [44/100] train_acc: 0.766 train_loss_sup: 0.657
[GPU2] epochs: [45/100] train_acc: 0.762 train_loss_sup: 0.669
[GPU2] epochs: [46/100] train_acc: 0.767 train_loss_sup: 0.656
[GPU2] epochs: [47/100] train_acc: 0.769 train_loss_sup: 0.655
[GPU2] epochs: [48/100] train_acc: 0.767 train_loss_sup: 0.657
[GPU2] epochs: [49/100] train_acc: 0.767 train_loss_sup: 0.657
[GPU2] epochs: [50/100] train_acc: 0.767 train_loss_sup: 0.652
[GPU2] Test Accuracy at epoch: 50: 0.79
[GPU2] epochs: [51/100] train_acc: 0.771 train_loss_sup: 0.646
[GPU2] epochs: [52/100] train_acc: 0.768 train_loss_sup: 0.653
[GPU2] epochs: [53/100] train_acc: 0.767 train_loss_sup: 0.656
[GPU2] epochs: [54/100] train_acc: 0.765 train_loss_sup: 0.658
[GPU2] epochs: [55/100] train_acc: 0.770 train_loss_sup: 0.650
[GPU2] epochs: [56/100] train_acc: 0.769 train_loss_sup: 0.649
[GPU2] epochs: [57/100] train_acc: 0.769 train_loss_sup: 0.648
[GPU2] epochs: [58/100] train_acc: 0.771 train_loss_sup: 0.647
[GPU2] epochs: [59/100] train_acc: 0.774 train_loss_sup: 0.641
[GPU2] epochs: [60/100] train_acc: 0.770 train_loss_sup: 0.644
[GPU2] Test Accuracy at epoch: 60: 0.806
[GPU2] epochs: [61/100] train_acc: 0.775 train_loss_sup: 0.639
[GPU2] epochs: [62/100] train_acc: 0.772 train_loss_sup: 0.642
[GPU2] epochs: [63/100] train_acc: 0.773 train_loss_sup: 0.640
[GPU2] epochs: [64/100] train_acc: 0.773 train_loss_sup: 0.641
[GPU2] epochs: [65/100] train_acc: 0.772 train_loss_sup: 0.643
[GPU2] epochs: [66/100] train_acc: 0.772 train_loss_sup: 0.647
[GPU2] epochs: [67/100] train_acc: 0.775 train_loss_sup: 0.634
[GPU2] epochs: [68/100] train_acc: 0.773 train_loss_sup: 0.636
[GPU2] epochs: [69/100] train_acc: 0.775 train_loss_sup: 0.632
[GPU2] epochs: [70/100] train_acc: 0.772 train_loss_sup: 0.640
[GPU2] Test Accuracy at epoch: 70: 0.805
[GPU2] epochs: [71/100] train_acc: 0.773 train_loss_sup: 0.642
[GPU2] epochs: [72/100] train_acc: 0.776 train_loss_sup: 0.636
[GPU2] epochs: [73/100] train_acc: 0.775 train_loss_sup: 0.637
[GPU2] epochs: [74/100] train_acc: 0.777 train_loss_sup: 0.631
[GPU2] epochs: [75/100] train_acc: 0.772 train_loss_sup: 0.639
[GPU2] epochs: [76/100] train_acc: 0.775 train_loss_sup: 0.633
[GPU2] epochs: [77/100] train_acc: 0.775 train_loss_sup: 0.633
[GPU2] epochs: [78/100] train_acc: 0.774 train_loss_sup: 0.633
[GPU2] epochs: [79/100] train_acc: 0.775 train_loss_sup: 0.634
[GPU2] epochs: [80/100] train_acc: 0.776 train_loss_sup: 0.630
[GPU2] Test Accuracy at epoch: 80: 0.805
[GPU2] epochs: [81/100] train_acc: 0.776 train_loss_sup: 0.628
[GPU2] epochs: [82/100] train_acc: 0.777 train_loss_sup: 0.629
[GPU2] epochs: [83/100] train_acc: 0.775 train_loss_sup: 0.632
[GPU2] epochs: [84/100] train_acc: 0.773 train_loss_sup: 0.634
[GPU2] epochs: [85/100] train_acc: 0.778 train_loss_sup: 0.626
[GPU2] epochs: [86/100] train_acc: 0.776 train_loss_sup: 0.630
[GPU2] epochs: [87/100] train_acc: 0.776 train_loss_sup: 0.632
[GPU2] epochs: [88/100] train_acc: 0.777 train_loss_sup: 0.628
[GPU2] epochs: [89/100] train_acc: 0.778 train_loss_sup: 0.623
[GPU2] epochs: [90/100] train_acc: 0.776 train_loss_sup: 0.628
[GPU2] Test Accuracy at epoch: 90: 0.802
[GPU2] epochs: [91/100] train_acc: 0.776 train_loss_sup: 0.629
[GPU2] epochs: [92/100] train_acc: 0.779 train_loss_sup: 0.625
[GPU2] epochs: [93/100] train_acc: 0.779 train_loss_sup: 0.619
[GPU2] epochs: [94/100] train_acc: 0.778 train_loss_sup: 0.626
[GPU2] epochs: [95/100] train_acc: 0.778 train_loss_sup: 0.622
[GPU2] epochs: [96/100] train_acc: 0.780 train_loss_sup: 0.616
[GPU2] epochs: [97/100] train_acc: 0.777 train_loss_sup: 0.624
[GPU2] epochs: [98/100] train_acc: 0.782 train_loss_sup: 0.615
[GPU2] epochs: [99/100] train_acc: 0.782 train_loss_sup: 0.616
[GPU2] epochs: [100/100] train_acc: 0.780 train_loss_sup: 0.618
[GPU2] Final Test Accuracy: 0.812
