environment: 
YAML: configs/barlow_twins.c10.yaml
==> SEED: 42
==> num_classes: 10
==> data_name: cifar10
==> data_params: {'algo': 'barlow_twins', 'data_dir': 'datasets/cifar10', 'batch_size': 512, 'num_workers': 3, 'image_size': 32}
==> return_logs: False
==> eval_every: 10
==> n_epochs: 800
==> n_epochs_mlp: 100
==> gpu_id: 3
==> opt: SGD
==> opt_params: {'lr': 0.4, 'momentum': 0.9, 'weight_decay': 1.5e-06}
==> schedular_params: {'T_max': 800, 'eta_min': 0.001}
==> mlp_opt: SGD
==> mlp_opt_params: {'lr': 0.01, 'momentum': 0.9}
==> model_params: {'model_name': 'resnet18', 'pretrained': False, 'proj_dim': 256, 'barlow_hidden': 4096}
==> mlp_type: hidden
==> loss: barlow_twins
==> loss_params: {'lambd': 0.005}
==> distributed: False
==> train_algo: barlow_twins
--------------------------------------------------
===> using hiddin mlp
using optimizer: SGD
using optimizer: SGD
loss function: barlow_twins
Files already downloaded and verified
Files already downloaded and verified
Files already downloaded and verified
# of Training Images: 50000
# of Testing Images: 10000
### Barlow Twins Training begins
[GPU3] epochs: [1/800] train_loss_con: 94.827
[GPU3] epochs: [2/800] train_loss_con: 75.930
[GPU3] epochs: [3/800] train_loss_con: 68.353
[GPU3] epochs: [4/800] train_loss_con: 63.923
[GPU3] epochs: [5/800] train_loss_con: 61.601
[GPU3] epochs: [6/800] train_loss_con: 57.180
[GPU3] epochs: [7/800] train_loss_con: 54.942
[GPU3] epochs: [8/800] train_loss_con: 52.818
[GPU3] epochs: [9/800] train_loss_con: 51.113
[GPU3] epochs: [10/800] train_loss_con: 49.800
[GPU3] epochs: [11/800] train_loss_con: 48.255
[GPU3] epochs: [12/800] train_loss_con: 46.322
[GPU3] epochs: [13/800] train_loss_con: 44.888
[GPU3] epochs: [14/800] train_loss_con: 44.068
[GPU3] epochs: [15/800] train_loss_con: 43.055
[GPU3] epochs: [16/800] train_loss_con: 41.978
[GPU3] epochs: [17/800] train_loss_con: 40.513
[GPU3] epochs: [18/800] train_loss_con: 39.245
[GPU3] epochs: [19/800] train_loss_con: 38.882
[GPU3] epochs: [20/800] train_loss_con: 38.677
[GPU3] epochs: [21/800] train_loss_con: 37.718
[GPU3] epochs: [22/800] train_loss_con: 37.193
[GPU3] epochs: [23/800] train_loss_con: 36.854
[GPU3] epochs: [24/800] train_loss_con: 36.164
[GPU3] epochs: [25/800] train_loss_con: 35.065
[GPU3] epochs: [26/800] train_loss_con: 34.402
[GPU3] epochs: [27/800] train_loss_con: 33.633
[GPU3] epochs: [28/800] train_loss_con: 33.239
[GPU3] epochs: [29/800] train_loss_con: 32.467
[GPU3] epochs: [30/800] train_loss_con: 32.103
[GPU3] epochs: [31/800] train_loss_con: 32.102
[GPU3] epochs: [32/800] train_loss_con: 31.507
[GPU3] epochs: [33/800] train_loss_con: 30.600
[GPU3] epochs: [34/800] train_loss_con: 30.308
[GPU3] epochs: [35/800] train_loss_con: 29.719
[GPU3] epochs: [36/800] train_loss_con: 29.711
[GPU3] epochs: [37/800] train_loss_con: 29.287
[GPU3] epochs: [38/800] train_loss_con: 29.273
[GPU3] epochs: [39/800] train_loss_con: 28.768
[GPU3] epochs: [40/800] train_loss_con: 28.459
[GPU3] epochs: [41/800] train_loss_con: 27.886
[GPU3] epochs: [42/800] train_loss_con: 27.714
[GPU3] epochs: [43/800] train_loss_con: 27.645
[GPU3] epochs: [44/800] train_loss_con: 27.115
[GPU3] epochs: [45/800] train_loss_con: 27.076
[GPU3] epochs: [46/800] train_loss_con: 26.847
[GPU3] epochs: [47/800] train_loss_con: 26.265
[GPU3] epochs: [48/800] train_loss_con: 26.115
[GPU3] epochs: [49/800] train_loss_con: 26.048
[GPU3] epochs: [50/800] train_loss_con: 26.085
[GPU3] epochs: [51/800] train_loss_con: 25.565
[GPU3] epochs: [52/800] train_loss_con: 25.564
[GPU3] epochs: [53/800] train_loss_con: 25.299
[GPU3] epochs: [54/800] train_loss_con: 24.582
[GPU3] epochs: [55/800] train_loss_con: 24.618
[GPU3] epochs: [56/800] train_loss_con: 24.654
[GPU3] epochs: [57/800] train_loss_con: 24.295
[GPU3] epochs: [58/800] train_loss_con: 24.200
[GPU3] epochs: [59/800] train_loss_con: 24.159
[GPU3] epochs: [60/800] train_loss_con: 24.003
[GPU3] epochs: [61/800] train_loss_con: 23.690
[GPU3] epochs: [62/800] train_loss_con: 23.612
[GPU3] epochs: [63/800] train_loss_con: 23.200
[GPU3] epochs: [64/800] train_loss_con: 23.278
[GPU3] epochs: [65/800] train_loss_con: 23.195
[GPU3] epochs: [66/800] train_loss_con: 22.924
[GPU3] epochs: [67/800] train_loss_con: 22.782
[GPU3] epochs: [68/800] train_loss_con: 22.789
[GPU3] epochs: [69/800] train_loss_con: 22.877
[GPU3] epochs: [70/800] train_loss_con: 22.762
[GPU3] epochs: [71/800] train_loss_con: 22.178
[GPU3] epochs: [72/800] train_loss_con: 22.481
[GPU3] epochs: [73/800] train_loss_con: 22.447
[GPU3] epochs: [74/800] train_loss_con: 22.240
[GPU3] epochs: [75/800] train_loss_con: 22.021
[GPU3] epochs: [76/800] train_loss_con: 21.661
[GPU3] epochs: [77/800] train_loss_con: 21.500
[GPU3] epochs: [78/800] train_loss_con: 21.616
[GPU3] epochs: [79/800] train_loss_con: 21.342
[GPU3] epochs: [80/800] train_loss_con: 21.575
[GPU3] epochs: [81/800] train_loss_con: 21.434
[GPU3] epochs: [82/800] train_loss_con: 21.198
[GPU3] epochs: [83/800] train_loss_con: 21.170
[GPU3] epochs: [84/800] train_loss_con: 21.055
[GPU3] epochs: [85/800] train_loss_con: 20.846
[GPU3] epochs: [86/800] train_loss_con: 20.741
[GPU3] epochs: [87/800] train_loss_con: 20.359
[GPU3] epochs: [88/800] train_loss_con: 20.480
[GPU3] epochs: [89/800] train_loss_con: 20.386
[GPU3] epochs: [90/800] train_loss_con: 20.323
[GPU3] epochs: [91/800] train_loss_con: 20.685
[GPU3] epochs: [92/800] train_loss_con: 20.094
[GPU3] epochs: [93/800] train_loss_con: 20.129
[GPU3] epochs: [94/800] train_loss_con: 19.950
[GPU3] epochs: [95/800] train_loss_con: 19.675
[GPU3] epochs: [96/800] train_loss_con: 19.750
[GPU3] epochs: [97/800] train_loss_con: 19.526
[GPU3] epochs: [98/800] train_loss_con: 19.624
[GPU3] epochs: [99/800] train_loss_con: 19.670
[GPU3] epochs: [100/800] train_loss_con: 19.481
[GPU3] epochs: [101/800] train_loss_con: 19.521
[GPU3] epochs: [102/800] train_loss_con: 19.424
[GPU3] epochs: [103/800] train_loss_con: 18.955
[GPU3] epochs: [104/800] train_loss_con: 19.315
[GPU3] epochs: [105/800] train_loss_con: 18.990
[GPU3] epochs: [106/800] train_loss_con: 19.260
[GPU3] epochs: [107/800] train_loss_con: 19.022
[GPU3] epochs: [108/800] train_loss_con: 18.966
[GPU3] epochs: [109/800] train_loss_con: 18.778
[GPU3] epochs: [110/800] train_loss_con: 18.772
[GPU3] epochs: [111/800] train_loss_con: 18.801
[GPU3] epochs: [112/800] train_loss_con: 18.653
[GPU3] epochs: [113/800] train_loss_con: 18.457
[GPU3] epochs: [114/800] train_loss_con: 18.380
[GPU3] epochs: [115/800] train_loss_con: 18.432
[GPU3] epochs: [116/800] train_loss_con: 18.513
[GPU3] epochs: [117/800] train_loss_con: 18.535
[GPU3] epochs: [118/800] train_loss_con: 18.311
[GPU3] epochs: [119/800] train_loss_con: 18.018
[GPU3] epochs: [120/800] train_loss_con: 18.145
[GPU3] epochs: [121/800] train_loss_con: 18.135
[GPU3] epochs: [122/800] train_loss_con: 18.129
[GPU3] epochs: [123/800] train_loss_con: 17.832
[GPU3] epochs: [124/800] train_loss_con: 18.240
[GPU3] epochs: [125/800] train_loss_con: 17.911
[GPU3] epochs: [126/800] train_loss_con: 18.036
[GPU3] epochs: [127/800] train_loss_con: 17.818
[GPU3] epochs: [128/800] train_loss_con: 17.683
[GPU3] epochs: [129/800] train_loss_con: 17.755
[GPU3] epochs: [130/800] train_loss_con: 17.649
[GPU3] epochs: [131/800] train_loss_con: 17.792
[GPU3] epochs: [132/800] train_loss_con: 17.363
[GPU3] epochs: [133/800] train_loss_con: 17.419
[GPU3] epochs: [134/800] train_loss_con: 17.243
[GPU3] epochs: [135/800] train_loss_con: 17.569
[GPU3] epochs: [136/800] train_loss_con: 17.401
[GPU3] epochs: [137/800] train_loss_con: 17.406
[GPU3] epochs: [138/800] train_loss_con: 17.575
[GPU3] epochs: [139/800] train_loss_con: 17.351
[GPU3] epochs: [140/800] train_loss_con: 17.094
[GPU3] epochs: [141/800] train_loss_con: 16.998
[GPU3] epochs: [142/800] train_loss_con: 17.250
[GPU3] epochs: [143/800] train_loss_con: 17.390
[GPU3] epochs: [144/800] train_loss_con: 16.827
[GPU3] epochs: [145/800] train_loss_con: 17.087
[GPU3] epochs: [146/800] train_loss_con: 16.797
[GPU3] epochs: [147/800] train_loss_con: 16.746
[GPU3] epochs: [148/800] train_loss_con: 16.912
[GPU3] epochs: [149/800] train_loss_con: 16.884
[GPU3] epochs: [150/800] train_loss_con: 16.746
[GPU3] epochs: [151/800] train_loss_con: 16.548
[GPU3] epochs: [152/800] train_loss_con: 16.802
[GPU3] epochs: [153/800] train_loss_con: 16.569
[GPU3] epochs: [154/800] train_loss_con: 16.370
[GPU3] epochs: [155/800] train_loss_con: 16.603
[GPU3] epochs: [156/800] train_loss_con: 16.784
[GPU3] epochs: [157/800] train_loss_con: 16.505
[GPU3] epochs: [158/800] train_loss_con: 16.806
[GPU3] epochs: [159/800] train_loss_con: 16.451
[GPU3] epochs: [160/800] train_loss_con: 16.369
[GPU3] epochs: [161/800] train_loss_con: 16.497
[GPU3] epochs: [162/800] train_loss_con: 16.103
[GPU3] epochs: [163/800] train_loss_con: 16.269
[GPU3] epochs: [164/800] train_loss_con: 16.397
[GPU3] epochs: [165/800] train_loss_con: 16.116
[GPU3] epochs: [166/800] train_loss_con: 16.171
[GPU3] epochs: [167/800] train_loss_con: 16.190
[GPU3] epochs: [168/800] train_loss_con: 16.078
[GPU3] epochs: [169/800] train_loss_con: 16.037
[GPU3] epochs: [170/800] train_loss_con: 16.198
