environment: 
YAML: configs/barlow_twins.c100.yaml
==> SEED: 42
==> num_classes: 100
==> data_name: cifar100
==> data_params: {'algo': 'barlow_twins', 'data_dir': 'datasets/cifar100', 'batch_size': 512, 'num_workers': 3, 'image_size': 32}
==> return_logs: False
==> eval_every: 10
==> n_epochs: 800
==> n_epochs_mlp: 100
==> gpu_id: 3
==> opt: SGD
==> opt_params: {'lr': 0.4, 'momentum': 0.9, 'weight_decay': 1.5e-06}
==> schedular_params: {'T_max': 800, 'eta_min': 0.001}
==> mlp_opt: SGD
==> mlp_opt_params: {'lr': 0.01, 'momentum': 0.9}
==> model_params: {'model_name': 'resnet50', 'pretrained': False, 'proj_dim': 256, 'barlow_hidden': 4096}
==> mlp_type: hidden
==> loss: barlow_twins
==> loss_params: {'lambd': 0.005}
==> distributed: False
==> train_algo: barlow_twins
--------------------------------------------------
===> using hiddin mlp
using optimizer: SGD
using optimizer: SGD
loss function: barlow_twins
Files already downloaded and verified
Files already downloaded and verified
Files already downloaded and verified
# of Training Images: 50000
# of Testing Images: 10000
### Barlow Twins Training begins
[GPU3] epochs: [1/800] train_loss_con: 143.537
[GPU3] epochs: [2/800] train_loss_con: 104.193
[GPU3] epochs: [3/800] train_loss_con: 83.818
[GPU3] epochs: [4/800] train_loss_con: 74.532
[GPU3] epochs: [5/800] train_loss_con: 68.424
[GPU3] epochs: [6/800] train_loss_con: 61.957
[GPU3] epochs: [7/800] train_loss_con: 57.099
[GPU3] epochs: [8/800] train_loss_con: 56.352
[GPU3] epochs: [9/800] train_loss_con: 54.514
[GPU3] epochs: [10/800] train_loss_con: 54.016
[GPU3] epochs: [11/800] train_loss_con: 52.559
[GPU3] epochs: [12/800] train_loss_con: 51.570
[GPU3] epochs: [13/800] train_loss_con: 49.505
[GPU3] epochs: [14/800] train_loss_con: 48.854
[GPU3] epochs: [15/800] train_loss_con: 48.176
[GPU3] epochs: [16/800] train_loss_con: 47.546
[GPU3] epochs: [17/800] train_loss_con: 46.443
[GPU3] epochs: [18/800] train_loss_con: 46.067
[GPU3] epochs: [19/800] train_loss_con: 44.774
[GPU3] epochs: [20/800] train_loss_con: 44.527
[GPU3] epochs: [21/800] train_loss_con: 44.099
[GPU3] epochs: [22/800] train_loss_con: 43.423
[GPU3] epochs: [23/800] train_loss_con: 43.565
[GPU3] epochs: [24/800] train_loss_con: 42.575
[GPU3] epochs: [25/800] train_loss_con: 42.348
[GPU3] epochs: [26/800] train_loss_con: 41.736
[GPU3] epochs: [27/800] train_loss_con: 40.687
[GPU3] epochs: [28/800] train_loss_con: 40.739
[GPU3] epochs: [29/800] train_loss_con: 40.394
[GPU3] epochs: [30/800] train_loss_con: 39.920
[GPU3] epochs: [31/800] train_loss_con: 39.312
[GPU3] epochs: [32/800] train_loss_con: 39.304
[GPU3] epochs: [33/800] train_loss_con: 38.757
[GPU3] epochs: [34/800] train_loss_con: 37.802
[GPU3] epochs: [35/800] train_loss_con: 37.622
[GPU3] epochs: [36/800] train_loss_con: 37.391
[GPU3] epochs: [37/800] train_loss_con: 36.905
[GPU3] epochs: [38/800] train_loss_con: 36.614
[GPU3] epochs: [39/800] train_loss_con: 36.461
[GPU3] epochs: [40/800] train_loss_con: 35.446
[GPU3] epochs: [41/800] train_loss_con: 35.408
[GPU3] epochs: [42/800] train_loss_con: 34.600
[GPU3] epochs: [43/800] train_loss_con: 34.721
[GPU3] epochs: [44/800] train_loss_con: 33.883
[GPU3] epochs: [45/800] train_loss_con: 33.638
[GPU3] epochs: [46/800] train_loss_con: 33.845
[GPU3] epochs: [47/800] train_loss_con: 33.173
[GPU3] epochs: [48/800] train_loss_con: 33.044
[GPU3] epochs: [49/800] train_loss_con: 32.540
[GPU3] epochs: [50/800] train_loss_con: 32.394
[GPU3] epochs: [51/800] train_loss_con: 31.504
[GPU3] epochs: [52/800] train_loss_con: 31.951
[GPU3] epochs: [53/800] train_loss_con: 31.747
[GPU3] epochs: [54/800] train_loss_con: 31.320
[GPU3] epochs: [55/800] train_loss_con: 31.140
[GPU3] epochs: [56/800] train_loss_con: 30.768
[GPU3] epochs: [57/800] train_loss_con: 30.754
[GPU3] epochs: [58/800] train_loss_con: 30.403
[GPU3] epochs: [59/800] train_loss_con: 30.342
[GPU3] epochs: [60/800] train_loss_con: 30.027
[GPU3] epochs: [61/800] train_loss_con: 29.902
[GPU3] epochs: [62/800] train_loss_con: 29.357
[GPU3] epochs: [63/800] train_loss_con: 29.518
[GPU3] epochs: [64/800] train_loss_con: 29.086
[GPU3] epochs: [65/800] train_loss_con: 29.005
[GPU3] epochs: [66/800] train_loss_con: 28.633
[GPU3] epochs: [67/800] train_loss_con: 28.985
[GPU3] epochs: [68/800] train_loss_con: 28.451
[GPU3] epochs: [69/800] train_loss_con: 28.147
[GPU3] epochs: [70/800] train_loss_con: 27.884
[GPU3] epochs: [71/800] train_loss_con: 28.109
[GPU3] epochs: [72/800] train_loss_con: 27.370
[GPU3] epochs: [73/800] train_loss_con: 27.693
[GPU3] epochs: [74/800] train_loss_con: 27.422
[GPU3] epochs: [75/800] train_loss_con: 26.943
[GPU3] epochs: [76/800] train_loss_con: 26.738
[GPU3] epochs: [77/800] train_loss_con: 27.128
[GPU3] epochs: [78/800] train_loss_con: 26.869
[GPU3] epochs: [79/800] train_loss_con: 26.447
[GPU3] epochs: [80/800] train_loss_con: 26.377
[GPU3] epochs: [81/800] train_loss_con: 26.458
[GPU3] epochs: [82/800] train_loss_con: 26.236
[GPU3] epochs: [83/800] train_loss_con: 26.461
[GPU3] epochs: [84/800] train_loss_con: 25.789
[GPU3] epochs: [85/800] train_loss_con: 25.910
[GPU3] epochs: [86/800] train_loss_con: 25.885
[GPU3] epochs: [87/800] train_loss_con: 25.268
[GPU3] epochs: [88/800] train_loss_con: 25.667
[GPU3] epochs: [89/800] train_loss_con: 25.368
[GPU3] epochs: [90/800] train_loss_con: 25.127
[GPU3] epochs: [91/800] train_loss_con: 25.076
[GPU3] epochs: [92/800] train_loss_con: 25.125
[GPU3] epochs: [93/800] train_loss_con: 24.838
[GPU3] epochs: [94/800] train_loss_con: 24.968
[GPU3] epochs: [95/800] train_loss_con: 24.798
[GPU3] epochs: [96/800] train_loss_con: 24.713
[GPU3] epochs: [97/800] train_loss_con: 24.379
[GPU3] epochs: [98/800] train_loss_con: 24.388
[GPU3] epochs: [99/800] train_loss_con: 23.910
[GPU3] epochs: [100/800] train_loss_con: 23.883
[GPU3] epochs: [101/800] train_loss_con: 24.236
[GPU3] epochs: [102/800] train_loss_con: 24.284
[GPU3] epochs: [103/800] train_loss_con: 23.897
[GPU3] epochs: [104/800] train_loss_con: 24.009
[GPU3] epochs: [105/800] train_loss_con: 23.594
[GPU3] epochs: [106/800] train_loss_con: 23.631
[GPU3] epochs: [107/800] train_loss_con: 23.684
[GPU3] epochs: [108/800] train_loss_con: 23.594
[GPU3] epochs: [109/800] train_loss_con: 23.653
[GPU3] epochs: [110/800] train_loss_con: 23.403
[GPU3] epochs: [111/800] train_loss_con: 22.854
[GPU3] epochs: [112/800] train_loss_con: 22.968
[GPU3] epochs: [113/800] train_loss_con: 22.934
[GPU3] epochs: [114/800] train_loss_con: 23.066
[GPU3] epochs: [115/800] train_loss_con: 22.715
[GPU3] epochs: [116/800] train_loss_con: 22.628
[GPU3] epochs: [117/800] train_loss_con: 22.633
[GPU3] epochs: [118/800] train_loss_con: 22.763
[GPU3] epochs: [119/800] train_loss_con: 22.394
[GPU3] epochs: [120/800] train_loss_con: 22.158
[GPU3] epochs: [121/800] train_loss_con: 22.162
[GPU3] epochs: [122/800] train_loss_con: 22.650
[GPU3] epochs: [123/800] train_loss_con: 22.529
[GPU3] epochs: [124/800] train_loss_con: 22.533
[GPU3] epochs: [125/800] train_loss_con: 22.024
[GPU3] epochs: [126/800] train_loss_con: 21.594
[GPU3] epochs: [127/800] train_loss_con: 22.557
[GPU3] epochs: [128/800] train_loss_con: 21.663
[GPU3] epochs: [129/800] train_loss_con: 21.760
[GPU3] epochs: [130/800] train_loss_con: 21.952
[GPU3] epochs: [131/800] train_loss_con: 21.762
[GPU3] epochs: [132/800] train_loss_con: 21.730
[GPU3] epochs: [133/800] train_loss_con: 21.893
[GPU3] epochs: [134/800] train_loss_con: 21.581
[GPU3] epochs: [135/800] train_loss_con: 21.562
[GPU3] epochs: [136/800] train_loss_con: 21.733
[GPU3] epochs: [137/800] train_loss_con: 21.408
[GPU3] epochs: [138/800] train_loss_con: 21.114
[GPU3] epochs: [139/800] train_loss_con: 21.627
[GPU3] epochs: [140/800] train_loss_con: 21.023
[GPU3] epochs: [141/800] train_loss_con: 21.027
[GPU3] epochs: [142/800] train_loss_con: 21.395
[GPU3] epochs: [143/800] train_loss_con: 21.518
[GPU3] epochs: [144/800] train_loss_con: 20.904
[GPU3] epochs: [145/800] train_loss_con: 20.965
[GPU3] epochs: [146/800] train_loss_con: 20.914
[GPU3] epochs: [147/800] train_loss_con: 20.697
[GPU3] epochs: [148/800] train_loss_con: 20.318
[GPU3] epochs: [149/800] train_loss_con: 20.589
[GPU3] epochs: [150/800] train_loss_con: 20.436
[GPU3] epochs: [151/800] train_loss_con: 21.239
[GPU3] epochs: [152/800] train_loss_con: 20.595
[GPU3] epochs: [153/800] train_loss_con: 20.314
[GPU3] epochs: [154/800] train_loss_con: 20.413
[GPU3] epochs: [155/800] train_loss_con: 19.855
[GPU3] epochs: [156/800] train_loss_con: 20.242
[GPU3] epochs: [157/800] train_loss_con: 20.029
[GPU3] epochs: [158/800] train_loss_con: 19.966
[GPU3] epochs: [159/800] train_loss_con: 20.139
[GPU3] epochs: [160/800] train_loss_con: 19.862
[GPU3] epochs: [161/800] train_loss_con: 19.602
[GPU3] epochs: [162/800] train_loss_con: 19.833
[GPU3] epochs: [163/800] train_loss_con: 19.867
[GPU3] epochs: [164/800] train_loss_con: 20.047
[GPU3] epochs: [165/800] train_loss_con: 19.710
[GPU3] epochs: [166/800] train_loss_con: 20.080
[GPU3] epochs: [167/800] train_loss_con: 19.755
[GPU3] epochs: [168/800] train_loss_con: 19.322
[GPU3] epochs: [169/800] train_loss_con: 19.705
[GPU3] epochs: [170/800] train_loss_con: 19.663
[GPU3] epochs: [171/800] train_loss_con: 19.393
[GPU3] epochs: [172/800] train_loss_con: 19.376
[GPU3] epochs: [173/800] train_loss_con: 19.526
[GPU3] epochs: [174/800] train_loss_con: 19.975
[GPU3] epochs: [175/800] train_loss_con: 19.345
[GPU3] epochs: [176/800] train_loss_con: 18.865
[GPU3] epochs: [177/800] train_loss_con: 19.458
[GPU3] epochs: [178/800] train_loss_con: 19.311
[GPU3] epochs: [179/800] train_loss_con: 19.184
[GPU3] epochs: [180/800] train_loss_con: 18.914
[GPU3] epochs: [181/800] train_loss_con: 18.927
[GPU3] epochs: [182/800] train_loss_con: 19.143
[GPU3] epochs: [183/800] train_loss_con: 19.289
[GPU3] epochs: [184/800] train_loss_con: 19.197
[GPU3] epochs: [185/800] train_loss_con: 19.312
[GPU3] epochs: [186/800] train_loss_con: 18.745
[GPU3] epochs: [187/800] train_loss_con: 18.727
[GPU3] epochs: [188/800] train_loss_con: 18.966
[GPU3] epochs: [189/800] train_loss_con: 18.669
[GPU3] epochs: [190/800] train_loss_con: 18.601
[GPU3] epochs: [191/800] train_loss_con: 19.128
[GPU3] epochs: [192/800] train_loss_con: 18.519
[GPU3] epochs: [193/800] train_loss_con: 18.421
[GPU3] epochs: [194/800] train_loss_con: 18.529
[GPU3] epochs: [195/800] train_loss_con: 18.466
[GPU3] epochs: [196/800] train_loss_con: 18.168
[GPU3] epochs: [197/800] train_loss_con: 18.575
[GPU3] epochs: [198/800] train_loss_con: 18.354
[GPU3] epochs: [199/800] train_loss_con: 18.096
[GPU3] epochs: [200/800] train_loss_con: 18.352
[GPU3] epochs: [201/800] train_loss_con: 18.422
[GPU3] epochs: [202/800] train_loss_con: 18.353
[GPU3] epochs: [203/800] train_loss_con: 18.338
[GPU3] epochs: [204/800] train_loss_con: 18.000
[GPU3] epochs: [205/800] train_loss_con: 18.023
[GPU3] epochs: [206/800] train_loss_con: 18.288
[GPU3] epochs: [207/800] train_loss_con: 18.370
[GPU3] epochs: [208/800] train_loss_con: 17.903
[GPU3] epochs: [209/800] train_loss_con: 18.101
[GPU3] epochs: [210/800] train_loss_con: 18.105
[GPU3] epochs: [211/800] train_loss_con: 18.076
[GPU3] epochs: [212/800] train_loss_con: 17.955
[GPU3] epochs: [213/800] train_loss_con: 18.042
[GPU3] epochs: [214/800] train_loss_con: 17.584
[GPU3] epochs: [215/800] train_loss_con: 17.629
[GPU3] epochs: [216/800] train_loss_con: 17.993
[GPU3] epochs: [217/800] train_loss_con: 17.935
[GPU3] epochs: [218/800] train_loss_con: 17.643
[GPU3] epochs: [219/800] train_loss_con: 17.523
[GPU3] epochs: [220/800] train_loss_con: 17.619
[GPU3] epochs: [221/800] train_loss_con: 17.283
[GPU3] epochs: [222/800] train_loss_con: 17.364
[GPU3] epochs: [223/800] train_loss_con: 17.808
[GPU3] epochs: [224/800] train_loss_con: 17.523
[GPU3] epochs: [225/800] train_loss_con: 17.672
[GPU3] epochs: [226/800] train_loss_con: 17.428
[GPU3] epochs: [227/800] train_loss_con: 17.122
[GPU3] epochs: [228/800] train_loss_con: 17.097
[GPU3] epochs: [229/800] train_loss_con: 17.406
[GPU3] epochs: [230/800] train_loss_con: 17.574
[GPU3] epochs: [231/800] train_loss_con: 17.559
[GPU3] epochs: [232/800] train_loss_con: 17.664
[GPU3] epochs: [233/800] train_loss_con: 17.488
[GPU3] epochs: [234/800] train_loss_con: 17.012
[GPU3] epochs: [235/800] train_loss_con: 17.154
[GPU3] epochs: [236/800] train_loss_con: 17.274
[GPU3] epochs: [237/800] train_loss_con: 17.266
[GPU3] epochs: [238/800] train_loss_con: 17.112
[GPU3] epochs: [239/800] train_loss_con: 16.908
[GPU3] epochs: [240/800] train_loss_con: 16.978
[GPU3] epochs: [241/800] train_loss_con: 16.872
[GPU3] epochs: [242/800] train_loss_con: 17.129
[GPU3] epochs: [243/800] train_loss_con: 17.024
[GPU3] epochs: [244/800] train_loss_con: 16.666
[GPU3] epochs: [245/800] train_loss_con: 16.840
[GPU3] epochs: [246/800] train_loss_con: 16.932
[GPU3] epochs: [247/800] train_loss_con: 17.106
[GPU3] epochs: [248/800] train_loss_con: 16.936
[GPU3] epochs: [249/800] train_loss_con: 16.569
[GPU3] epochs: [250/800] train_loss_con: 16.773
[GPU3] epochs: [251/800] train_loss_con: 16.472
[GPU3] epochs: [252/800] train_loss_con: 16.555
[GPU3] epochs: [253/800] train_loss_con: 16.617
[GPU3] epochs: [254/800] train_loss_con: 16.836
[GPU3] epochs: [255/800] train_loss_con: 16.535
[GPU3] epochs: [256/800] train_loss_con: 17.084
[GPU3] epochs: [257/800] train_loss_con: 16.250
[GPU3] epochs: [258/800] train_loss_con: 16.289
[GPU3] epochs: [259/800] train_loss_con: 16.333
[GPU3] epochs: [260/800] train_loss_con: 16.262
[GPU3] epochs: [261/800] train_loss_con: 16.231
[GPU3] epochs: [262/800] train_loss_con: 16.646
[GPU3] epochs: [263/800] train_loss_con: 16.413
[GPU3] epochs: [264/800] train_loss_con: 16.581
[GPU3] epochs: [265/800] train_loss_con: 16.286
[GPU3] epochs: [266/800] train_loss_con: 16.170
[GPU3] epochs: [267/800] train_loss_con: 16.233
[GPU3] epochs: [268/800] train_loss_con: 16.186
[GPU3] epochs: [269/800] train_loss_con: 16.514
[GPU3] epochs: [270/800] train_loss_con: 16.232
[GPU3] epochs: [271/800] train_loss_con: 15.790
[GPU3] epochs: [272/800] train_loss_con: 16.492
[GPU3] epochs: [273/800] train_loss_con: 16.557
[GPU3] epochs: [274/800] train_loss_con: 15.867
[GPU3] epochs: [275/800] train_loss_con: 16.233
[GPU3] epochs: [276/800] train_loss_con: 16.215
[GPU3] epochs: [277/800] train_loss_con: 16.199
[GPU3] epochs: [278/800] train_loss_con: 16.251
[GPU3] epochs: [279/800] train_loss_con: 16.174
[GPU3] epochs: [280/800] train_loss_con: 16.125
[GPU3] epochs: [281/800] train_loss_con: 15.850
[GPU3] epochs: [282/800] train_loss_con: 15.616
[GPU3] epochs: [283/800] train_loss_con: 15.926
[GPU3] epochs: [284/800] train_loss_con: 16.234
[GPU3] epochs: [285/800] train_loss_con: 16.008
[GPU3] epochs: [286/800] train_loss_con: 15.719
[GPU3] epochs: [287/800] train_loss_con: 15.657
[GPU3] epochs: [288/800] train_loss_con: 15.967
[GPU3] epochs: [289/800] train_loss_con: 15.528
[GPU3] epochs: [290/800] train_loss_con: 15.656
[GPU3] epochs: [291/800] train_loss_con: 15.796
[GPU3] epochs: [292/800] train_loss_con: 15.766
[GPU3] epochs: [293/800] train_loss_con: 15.710
[GPU3] epochs: [294/800] train_loss_con: 15.944
[GPU3] epochs: [295/800] train_loss_con: 15.504
[GPU3] epochs: [296/800] train_loss_con: 15.951
[GPU3] epochs: [297/800] train_loss_con: 15.595
[GPU3] epochs: [298/800] train_loss_con: 15.762
[GPU3] epochs: [299/800] train_loss_con: 15.456
[GPU3] epochs: [300/800] train_loss_con: 15.579
[GPU3] epochs: [301/800] train_loss_con: 15.461
[GPU3] epochs: [302/800] train_loss_con: 14.847
[GPU3] epochs: [303/800] train_loss_con: 15.218
[GPU3] epochs: [304/800] train_loss_con: 15.394
[GPU3] epochs: [305/800] train_loss_con: 15.590
[GPU3] epochs: [306/800] train_loss_con: 15.185
[GPU3] epochs: [307/800] train_loss_con: 15.224
[GPU3] epochs: [308/800] train_loss_con: 15.449
[GPU3] epochs: [309/800] train_loss_con: 15.237
[GPU3] epochs: [310/800] train_loss_con: 15.395
[GPU3] epochs: [311/800] train_loss_con: 15.296
[GPU3] epochs: [312/800] train_loss_con: 15.363
[GPU3] epochs: [313/800] train_loss_con: 15.331
[GPU3] epochs: [314/800] train_loss_con: 15.315
[GPU3] epochs: [315/800] train_loss_con: 14.972
[GPU3] epochs: [316/800] train_loss_con: 14.958
[GPU3] epochs: [317/800] train_loss_con: 15.036
[GPU3] epochs: [318/800] train_loss_con: 14.911
[GPU3] epochs: [319/800] train_loss_con: 14.998
[GPU3] epochs: [320/800] train_loss_con: 14.802
[GPU3] epochs: [321/800] train_loss_con: 14.942
[GPU3] epochs: [322/800] train_loss_con: 15.009
[GPU3] epochs: [323/800] train_loss_con: 15.243
[GPU3] epochs: [324/800] train_loss_con: 15.052
[GPU3] epochs: [325/800] train_loss_con: 15.016
[GPU3] epochs: [326/800] train_loss_con: 15.122
[GPU3] epochs: [327/800] train_loss_con: 14.632
[GPU3] epochs: [328/800] train_loss_con: 14.880
[GPU3] epochs: [329/800] train_loss_con: 14.876
[GPU3] epochs: [330/800] train_loss_con: 14.808
[GPU3] epochs: [331/800] train_loss_con: 14.987
[GPU3] epochs: [332/800] train_loss_con: 14.845
[GPU3] epochs: [333/800] train_loss_con: 14.942
[GPU3] epochs: [334/800] train_loss_con: 14.914
[GPU3] epochs: [335/800] train_loss_con: 14.846
[GPU3] epochs: [336/800] train_loss_con: 14.771
[GPU3] epochs: [337/800] train_loss_con: 14.777
[GPU3] epochs: [338/800] train_loss_con: 14.654
[GPU3] epochs: [339/800] train_loss_con: 14.817
[GPU3] epochs: [340/800] train_loss_con: 14.784
[GPU3] epochs: [341/800] train_loss_con: 14.666
[GPU3] epochs: [342/800] train_loss_con: 14.435
[GPU3] epochs: [343/800] train_loss_con: 14.771
[GPU3] epochs: [344/800] train_loss_con: 14.342
[GPU3] epochs: [345/800] train_loss_con: 14.667
[GPU3] epochs: [346/800] train_loss_con: 14.577
[GPU3] epochs: [347/800] train_loss_con: 14.151
[GPU3] epochs: [348/800] train_loss_con: 14.215
[GPU3] epochs: [349/800] train_loss_con: 14.369
[GPU3] epochs: [350/800] train_loss_con: 14.228
[GPU3] epochs: [351/800] train_loss_con: 14.099
[GPU3] epochs: [352/800] train_loss_con: 14.087
[GPU3] epochs: [353/800] train_loss_con: 14.310
[GPU3] epochs: [354/800] train_loss_con: 14.362
[GPU3] epochs: [355/800] train_loss_con: 14.266
[GPU3] epochs: [356/800] train_loss_con: 14.050
[GPU3] epochs: [357/800] train_loss_con: 14.244
[GPU3] epochs: [358/800] train_loss_con: 14.192
[GPU3] epochs: [359/800] train_loss_con: 14.046
[GPU3] epochs: [360/800] train_loss_con: 14.266
[GPU3] epochs: [361/800] train_loss_con: 14.359
[GPU3] epochs: [362/800] train_loss_con: 14.082
[GPU3] epochs: [363/800] train_loss_con: 14.207
[GPU3] epochs: [364/800] train_loss_con: 14.218
[GPU3] epochs: [365/800] train_loss_con: 13.914
[GPU3] epochs: [366/800] train_loss_con: 14.173
[GPU3] epochs: [367/800] train_loss_con: 14.090
[GPU3] epochs: [368/800] train_loss_con: 14.212
[GPU3] epochs: [369/800] train_loss_con: 14.249
[GPU3] epochs: [370/800] train_loss_con: 14.043
[GPU3] epochs: [371/800] train_loss_con: 14.182
[GPU3] epochs: [372/800] train_loss_con: 14.316
[GPU3] epochs: [373/800] train_loss_con: 14.300
[GPU3] epochs: [374/800] train_loss_con: 13.939
[GPU3] epochs: [375/800] train_loss_con: 14.036
[GPU3] epochs: [376/800] train_loss_con: 14.100
[GPU3] epochs: [377/800] train_loss_con: 14.213
[GPU3] epochs: [378/800] train_loss_con: 14.094
[GPU3] epochs: [379/800] train_loss_con: 14.030
[GPU3] epochs: [380/800] train_loss_con: 13.799
[GPU3] epochs: [381/800] train_loss_con: 14.149
[GPU3] epochs: [382/800] train_loss_con: 14.205
[GPU3] epochs: [383/800] train_loss_con: 13.676
[GPU3] epochs: [384/800] train_loss_con: 13.932
[GPU3] epochs: [385/800] train_loss_con: 13.761
[GPU3] epochs: [386/800] train_loss_con: 13.915
[GPU3] epochs: [387/800] train_loss_con: 13.638
[GPU3] epochs: [388/800] train_loss_con: 13.762
[GPU3] epochs: [389/800] train_loss_con: 13.899
[GPU3] epochs: [390/800] train_loss_con: 13.668
[GPU3] epochs: [391/800] train_loss_con: 13.555
[GPU3] epochs: [392/800] train_loss_con: 13.675
[GPU3] epochs: [393/800] train_loss_con: 13.899
[GPU3] epochs: [394/800] train_loss_con: 13.588
[GPU3] epochs: [395/800] train_loss_con: 13.796
[GPU3] epochs: [396/800] train_loss_con: 13.744
[GPU3] epochs: [397/800] train_loss_con: 13.540
[GPU3] epochs: [398/800] train_loss_con: 13.674
[GPU3] epochs: [399/800] train_loss_con: 13.442
[GPU3] epochs: [400/800] train_loss_con: 13.453
[GPU3] epochs: [401/800] train_loss_con: 13.498
[GPU3] epochs: [402/800] train_loss_con: 13.579
[GPU3] epochs: [403/800] train_loss_con: 13.444
[GPU3] epochs: [404/800] train_loss_con: 13.455
[GPU3] epochs: [405/800] train_loss_con: 13.725
[GPU3] epochs: [406/800] train_loss_con: 13.499
[GPU3] epochs: [407/800] train_loss_con: 13.487
[GPU3] epochs: [408/800] train_loss_con: 13.453
[GPU3] epochs: [409/800] train_loss_con: 13.393
[GPU3] epochs: [410/800] train_loss_con: 13.457
[GPU3] epochs: [411/800] train_loss_con: 13.229
[GPU3] epochs: [412/800] train_loss_con: 13.211
[GPU3] epochs: [413/800] train_loss_con: 13.402
[GPU3] epochs: [414/800] train_loss_con: 13.245
[GPU3] epochs: [415/800] train_loss_con: 13.382
[GPU3] epochs: [416/800] train_loss_con: 13.196
[GPU3] epochs: [417/800] train_loss_con: 12.974
[GPU3] epochs: [418/800] train_loss_con: 13.015
[GPU3] epochs: [419/800] train_loss_con: 13.427
[GPU3] epochs: [420/800] train_loss_con: 13.494
[GPU3] epochs: [421/800] train_loss_con: 13.313
[GPU3] epochs: [422/800] train_loss_con: 13.228
[GPU3] epochs: [423/800] train_loss_con: 12.944
[GPU3] epochs: [424/800] train_loss_con: 13.138
[GPU3] epochs: [425/800] train_loss_con: 13.335
[GPU3] epochs: [426/800] train_loss_con: 13.056
[GPU3] epochs: [427/800] train_loss_con: 13.281
[GPU3] epochs: [428/800] train_loss_con: 13.073
[GPU3] epochs: [429/800] train_loss_con: 13.078
[GPU3] epochs: [430/800] train_loss_con: 13.128
[GPU3] epochs: [431/800] train_loss_con: 13.216
[GPU3] epochs: [432/800] train_loss_con: 13.300
[GPU3] epochs: [433/800] train_loss_con: 13.077
[GPU3] epochs: [434/800] train_loss_con: 12.998
[GPU3] epochs: [435/800] train_loss_con: 13.028
[GPU3] epochs: [436/800] train_loss_con: 12.971
[GPU3] epochs: [437/800] train_loss_con: 13.047
[GPU3] epochs: [438/800] train_loss_con: 13.051
[GPU3] epochs: [439/800] train_loss_con: 12.786
[GPU3] epochs: [440/800] train_loss_con: 12.837
[GPU3] epochs: [441/800] train_loss_con: 12.849
[GPU3] epochs: [442/800] train_loss_con: 12.845
[GPU3] epochs: [443/800] train_loss_con: 13.032
[GPU3] epochs: [444/800] train_loss_con: 12.877
[GPU3] epochs: [445/800] train_loss_con: 13.027
[GPU3] epochs: [446/800] train_loss_con: 12.665
[GPU3] epochs: [447/800] train_loss_con: 12.626
[GPU3] epochs: [448/800] train_loss_con: 12.896
[GPU3] epochs: [449/800] train_loss_con: 13.054
[GPU3] epochs: [450/800] train_loss_con: 12.805
[GPU3] epochs: [451/800] train_loss_con: 12.854
[GPU3] epochs: [452/800] train_loss_con: 13.082
[GPU3] epochs: [453/800] train_loss_con: 12.730
[GPU3] epochs: [454/800] train_loss_con: 12.978
[GPU3] epochs: [455/800] train_loss_con: 12.700
[GPU3] epochs: [456/800] train_loss_con: 12.928
[GPU3] epochs: [457/800] train_loss_con: 13.009
[GPU3] epochs: [458/800] train_loss_con: 12.832
[GPU3] epochs: [459/800] train_loss_con: 12.694
[GPU3] epochs: [460/800] train_loss_con: 12.538
[GPU3] epochs: [461/800] train_loss_con: 12.832
[GPU3] epochs: [462/800] train_loss_con: 12.580
[GPU3] epochs: [463/800] train_loss_con: 12.573
[GPU3] epochs: [464/800] train_loss_con: 12.755
[GPU3] epochs: [465/800] train_loss_con: 12.761
[GPU3] epochs: [466/800] train_loss_con: 12.731
[GPU3] epochs: [467/800] train_loss_con: 12.592
[GPU3] epochs: [468/800] train_loss_con: 12.370
[GPU3] epochs: [469/800] train_loss_con: 12.471
[GPU3] epochs: [470/800] train_loss_con: 12.477
[GPU3] epochs: [471/800] train_loss_con: 12.592
[GPU3] epochs: [472/800] train_loss_con: 12.515
[GPU3] epochs: [473/800] train_loss_con: 12.560
[GPU3] epochs: [474/800] train_loss_con: 12.574
[GPU3] epochs: [475/800] train_loss_con: 12.876
[GPU3] epochs: [476/800] train_loss_con: 12.342
[GPU3] epochs: [477/800] train_loss_con: 12.521
[GPU3] epochs: [478/800] train_loss_con: 12.427
[GPU3] epochs: [479/800] train_loss_con: 12.454
[GPU3] epochs: [480/800] train_loss_con: 12.289
[GPU3] epochs: [481/800] train_loss_con: 12.500
[GPU3] epochs: [482/800] train_loss_con: 12.497
[GPU3] epochs: [483/800] train_loss_con: 12.332
[GPU3] epochs: [484/800] train_loss_con: 12.161
[GPU3] epochs: [485/800] train_loss_con: 12.392
[GPU3] epochs: [486/800] train_loss_con: 12.126
[GPU3] epochs: [487/800] train_loss_con: 12.267
[GPU3] epochs: [488/800] train_loss_con: 12.515
[GPU3] epochs: [489/800] train_loss_con: 12.281
[GPU3] epochs: [490/800] train_loss_con: 12.450
[GPU3] epochs: [491/800] train_loss_con: 12.031
[GPU3] epochs: [492/800] train_loss_con: 12.363
[GPU3] epochs: [493/800] train_loss_con: 12.023
[GPU3] epochs: [494/800] train_loss_con: 12.192
[GPU3] epochs: [495/800] train_loss_con: 12.123
[GPU3] epochs: [496/800] train_loss_con: 12.175
[GPU3] epochs: [497/800] train_loss_con: 12.233
[GPU3] epochs: [498/800] train_loss_con: 12.275
[GPU3] epochs: [499/800] train_loss_con: 12.212
[GPU3] epochs: [500/800] train_loss_con: 12.041
[GPU3] epochs: [501/800] train_loss_con: 12.296
[GPU3] epochs: [502/800] train_loss_con: 12.354
[GPU3] epochs: [503/800] train_loss_con: 11.856
[GPU3] epochs: [504/800] train_loss_con: 12.122
[GPU3] epochs: [505/800] train_loss_con: 12.139
[GPU3] epochs: [506/800] train_loss_con: 12.154
[GPU3] epochs: [507/800] train_loss_con: 12.413
[GPU3] epochs: [508/800] train_loss_con: 12.089
[GPU3] epochs: [509/800] train_loss_con: 11.989
[GPU3] epochs: [510/800] train_loss_con: 12.249
[GPU3] epochs: [511/800] train_loss_con: 12.151
[GPU3] epochs: [512/800] train_loss_con: 11.859
[GPU3] epochs: [513/800] train_loss_con: 12.098
[GPU3] epochs: [514/800] train_loss_con: 12.152
[GPU3] epochs: [515/800] train_loss_con: 11.870
[GPU3] epochs: [516/800] train_loss_con: 11.660
[GPU3] epochs: [517/800] train_loss_con: 12.074
[GPU3] epochs: [518/800] train_loss_con: 11.945
[GPU3] epochs: [519/800] train_loss_con: 11.851
[GPU3] epochs: [520/800] train_loss_con: 12.052
[GPU3] epochs: [521/800] train_loss_con: 12.032
[GPU3] epochs: [522/800] train_loss_con: 11.804
[GPU3] epochs: [523/800] train_loss_con: 11.865
[GPU3] epochs: [524/800] train_loss_con: 11.898
[GPU3] epochs: [525/800] train_loss_con: 11.883
[GPU3] epochs: [526/800] train_loss_con: 11.878
[GPU3] epochs: [527/800] train_loss_con: 11.450
[GPU3] epochs: [528/800] train_loss_con: 11.828
[GPU3] epochs: [529/800] train_loss_con: 11.955
[GPU3] epochs: [530/800] train_loss_con: 11.730
[GPU3] epochs: [531/800] train_loss_con: 11.845
[GPU3] epochs: [532/800] train_loss_con: 11.744
[GPU3] epochs: [533/800] train_loss_con: 11.697
[GPU3] epochs: [534/800] train_loss_con: 11.902
[GPU3] epochs: [535/800] train_loss_con: 11.773
[GPU3] epochs: [536/800] train_loss_con: 11.886
[GPU3] epochs: [537/800] train_loss_con: 11.718
[GPU3] epochs: [538/800] train_loss_con: 11.741
[GPU3] epochs: [539/800] train_loss_con: 11.573
[GPU3] epochs: [540/800] train_loss_con: 11.788
[GPU3] epochs: [541/800] train_loss_con: 11.623
[GPU3] epochs: [542/800] train_loss_con: 11.516
[GPU3] epochs: [543/800] train_loss_con: 11.492
[GPU3] epochs: [544/800] train_loss_con: 11.797
[GPU3] epochs: [545/800] train_loss_con: 11.765
[GPU3] epochs: [546/800] train_loss_con: 11.474
[GPU3] epochs: [547/800] train_loss_con: 11.710
[GPU3] epochs: [548/800] train_loss_con: 11.616
[GPU3] epochs: [549/800] train_loss_con: 11.580
[GPU3] epochs: [550/800] train_loss_con: 11.825
[GPU3] epochs: [551/800] train_loss_con: 11.734
[GPU3] epochs: [552/800] train_loss_con: 11.786
[GPU3] epochs: [553/800] train_loss_con: 11.604
[GPU3] epochs: [554/800] train_loss_con: 11.555
[GPU3] epochs: [555/800] train_loss_con: 11.439
[GPU3] epochs: [556/800] train_loss_con: 11.627
[GPU3] epochs: [557/800] train_loss_con: 11.518
[GPU3] epochs: [558/800] train_loss_con: 11.625
[GPU3] epochs: [559/800] train_loss_con: 11.602
[GPU3] epochs: [560/800] train_loss_con: 11.696
[GPU3] epochs: [561/800] train_loss_con: 11.627
[GPU3] epochs: [562/800] train_loss_con: 11.614
[GPU3] epochs: [563/800] train_loss_con: 11.526
[GPU3] epochs: [564/800] train_loss_con: 11.510
[GPU3] epochs: [565/800] train_loss_con: 11.503
[GPU3] epochs: [566/800] train_loss_con: 11.460
[GPU3] epochs: [567/800] train_loss_con: 11.457
[GPU3] epochs: [568/800] train_loss_con: 11.459
[GPU3] epochs: [569/800] train_loss_con: 11.614
[GPU3] epochs: [570/800] train_loss_con: 11.420
[GPU3] epochs: [571/800] train_loss_con: 11.537
[GPU3] epochs: [572/800] train_loss_con: 11.300
[GPU3] epochs: [573/800] train_loss_con: 11.247
[GPU3] epochs: [574/800] train_loss_con: 11.464
[GPU3] epochs: [575/800] train_loss_con: 11.329
[GPU3] epochs: [576/800] train_loss_con: 11.582
[GPU3] epochs: [577/800] train_loss_con: 11.265
[GPU3] epochs: [578/800] train_loss_con: 11.332
[GPU3] epochs: [579/800] train_loss_con: 11.386
[GPU3] epochs: [580/800] train_loss_con: 11.334
[GPU3] epochs: [581/800] train_loss_con: 11.339
[GPU3] epochs: [582/800] train_loss_con: 11.432
[GPU3] epochs: [583/800] train_loss_con: 11.288
[GPU3] epochs: [584/800] train_loss_con: 11.237
[GPU3] epochs: [585/800] train_loss_con: 11.298
[GPU3] epochs: [586/800] train_loss_con: 11.371
[GPU3] epochs: [587/800] train_loss_con: 11.196
[GPU3] epochs: [588/800] train_loss_con: 11.252
[GPU3] epochs: [589/800] train_loss_con: 11.511
[GPU3] epochs: [590/800] train_loss_con: 11.159
[GPU3] epochs: [591/800] train_loss_con: 11.286
[GPU3] epochs: [592/800] train_loss_con: 11.207
[GPU3] epochs: [593/800] train_loss_con: 11.221
[GPU3] epochs: [594/800] train_loss_con: 11.191
[GPU3] epochs: [595/800] train_loss_con: 10.990
[GPU3] epochs: [596/800] train_loss_con: 11.018
[GPU3] epochs: [597/800] train_loss_con: 11.251
[GPU3] epochs: [598/800] train_loss_con: 11.206
[GPU3] epochs: [599/800] train_loss_con: 11.329
[GPU3] epochs: [600/800] train_loss_con: 11.290
[GPU3] epochs: [601/800] train_loss_con: 11.194
[GPU3] epochs: [602/800] train_loss_con: 11.321
[GPU3] epochs: [603/800] train_loss_con: 11.442
[GPU3] epochs: [604/800] train_loss_con: 11.072
[GPU3] epochs: [605/800] train_loss_con: 11.121
[GPU3] epochs: [606/800] train_loss_con: 11.186
[GPU3] epochs: [607/800] train_loss_con: 11.163
[GPU3] epochs: [608/800] train_loss_con: 11.504
[GPU3] epochs: [609/800] train_loss_con: 11.235
[GPU3] epochs: [610/800] train_loss_con: 11.049
[GPU3] epochs: [611/800] train_loss_con: 10.991
[GPU3] epochs: [612/800] train_loss_con: 10.897
[GPU3] epochs: [613/800] train_loss_con: 11.071
[GPU3] epochs: [614/800] train_loss_con: 10.921
[GPU3] epochs: [615/800] train_loss_con: 10.937
[GPU3] epochs: [616/800] train_loss_con: 11.136
[GPU3] epochs: [617/800] train_loss_con: 11.079
[GPU3] epochs: [618/800] train_loss_con: 10.869
[GPU3] epochs: [619/800] train_loss_con: 10.970
[GPU3] epochs: [620/800] train_loss_con: 10.953
[GPU3] epochs: [621/800] train_loss_con: 10.957
[GPU3] epochs: [622/800] train_loss_con: 10.995
[GPU3] epochs: [623/800] train_loss_con: 11.197
[GPU3] epochs: [624/800] train_loss_con: 11.059
[GPU3] epochs: [625/800] train_loss_con: 11.056
[GPU3] epochs: [626/800] train_loss_con: 11.205
[GPU3] epochs: [627/800] train_loss_con: 10.770
[GPU3] epochs: [628/800] train_loss_con: 11.074
[GPU3] epochs: [629/800] train_loss_con: 10.881
[GPU3] epochs: [630/800] train_loss_con: 10.984
[GPU3] epochs: [631/800] train_loss_con: 11.016
[GPU3] epochs: [632/800] train_loss_con: 10.702
[GPU3] epochs: [633/800] train_loss_con: 10.987
[GPU3] epochs: [634/800] train_loss_con: 10.946
[GPU3] epochs: [635/800] train_loss_con: 11.284
[GPU3] epochs: [636/800] train_loss_con: 10.886
[GPU3] epochs: [637/800] train_loss_con: 11.059
[GPU3] epochs: [638/800] train_loss_con: 10.813
[GPU3] epochs: [639/800] train_loss_con: 10.768
[GPU3] epochs: [640/800] train_loss_con: 10.952
[GPU3] epochs: [641/800] train_loss_con: 10.939
[GPU3] epochs: [642/800] train_loss_con: 10.925
[GPU3] epochs: [643/800] train_loss_con: 10.819
[GPU3] epochs: [644/800] train_loss_con: 10.679
[GPU3] epochs: [645/800] train_loss_con: 10.865
[GPU3] epochs: [646/800] train_loss_con: 10.951
[GPU3] epochs: [647/800] train_loss_con: 10.729
[GPU3] epochs: [648/800] train_loss_con: 10.999
[GPU3] epochs: [649/800] train_loss_con: 10.661
[GPU3] epochs: [650/800] train_loss_con: 10.882
[GPU3] epochs: [651/800] train_loss_con: 10.995
[GPU3] epochs: [652/800] train_loss_con: 10.682
[GPU3] epochs: [653/800] train_loss_con: 10.731
[GPU3] epochs: [654/800] train_loss_con: 10.876
[GPU3] epochs: [655/800] train_loss_con: 11.128
[GPU3] epochs: [656/800] train_loss_con: 10.784
[GPU3] epochs: [657/800] train_loss_con: 10.839
[GPU3] epochs: [658/800] train_loss_con: 10.631
[GPU3] epochs: [659/800] train_loss_con: 10.685
[GPU3] epochs: [660/800] train_loss_con: 10.750
[GPU3] epochs: [661/800] train_loss_con: 10.824
[GPU3] epochs: [662/800] train_loss_con: 10.752
[GPU3] epochs: [663/800] train_loss_con: 10.695
[GPU3] epochs: [664/800] train_loss_con: 10.831
[GPU3] epochs: [665/800] train_loss_con: 10.538
[GPU3] epochs: [666/800] train_loss_con: 10.829
[GPU3] epochs: [667/800] train_loss_con: 10.681
[GPU3] epochs: [668/800] train_loss_con: 10.689
[GPU3] epochs: [669/800] train_loss_con: 10.626
[GPU3] epochs: [670/800] train_loss_con: 10.567
[GPU3] epochs: [671/800] train_loss_con: 10.679
[GPU3] epochs: [672/800] train_loss_con: 10.902
[GPU3] epochs: [673/800] train_loss_con: 10.812
[GPU3] epochs: [674/800] train_loss_con: 10.821
[GPU3] epochs: [675/800] train_loss_con: 10.689
[GPU3] epochs: [676/800] train_loss_con: 10.551
[GPU3] epochs: [677/800] train_loss_con: 10.712
[GPU3] epochs: [678/800] train_loss_con: 10.791
[GPU3] epochs: [679/800] train_loss_con: 10.598
[GPU3] epochs: [680/800] train_loss_con: 10.825
[GPU3] epochs: [681/800] train_loss_con: 10.783
[GPU3] epochs: [682/800] train_loss_con: 10.712
[GPU3] epochs: [683/800] train_loss_con: 10.635
[GPU3] epochs: [684/800] train_loss_con: 10.492
[GPU3] epochs: [685/800] train_loss_con: 10.686
[GPU3] epochs: [686/800] train_loss_con: 10.554
[GPU3] epochs: [687/800] train_loss_con: 10.532
[GPU3] epochs: [688/800] train_loss_con: 10.644
[GPU3] epochs: [689/800] train_loss_con: 10.773
[GPU3] epochs: [690/800] train_loss_con: 10.814
[GPU3] epochs: [691/800] train_loss_con: 10.698
[GPU3] epochs: [692/800] train_loss_con: 10.655
[GPU3] epochs: [693/800] train_loss_con: 10.599
[GPU3] epochs: [694/800] train_loss_con: 10.711
[GPU3] epochs: [695/800] train_loss_con: 10.731
[GPU3] epochs: [696/800] train_loss_con: 10.476
[GPU3] epochs: [697/800] train_loss_con: 10.637
[GPU3] epochs: [698/800] train_loss_con: 10.510
[GPU3] epochs: [699/800] train_loss_con: 10.466
[GPU3] epochs: [700/800] train_loss_con: 10.743
[GPU3] epochs: [701/800] train_loss_con: 10.617
[GPU3] epochs: [702/800] train_loss_con: 10.558
[GPU3] epochs: [703/800] train_loss_con: 10.432
[GPU3] epochs: [704/800] train_loss_con: 10.739
[GPU3] epochs: [705/800] train_loss_con: 10.595
[GPU3] epochs: [706/800] train_loss_con: 10.465
[GPU3] epochs: [707/800] train_loss_con: 10.666
[GPU3] epochs: [708/800] train_loss_con: 10.516
[GPU3] epochs: [709/800] train_loss_con: 10.755
[GPU3] epochs: [710/800] train_loss_con: 10.580
[GPU3] epochs: [711/800] train_loss_con: 10.724
[GPU3] epochs: [712/800] train_loss_con: 10.588
[GPU3] epochs: [713/800] train_loss_con: 10.492
[GPU3] epochs: [714/800] train_loss_con: 10.434
[GPU3] epochs: [715/800] train_loss_con: 10.605
[GPU3] epochs: [716/800] train_loss_con: 10.526
[GPU3] epochs: [717/800] train_loss_con: 10.604
[GPU3] epochs: [718/800] train_loss_con: 10.552
[GPU3] epochs: [719/800] train_loss_con: 10.755
[GPU3] epochs: [720/800] train_loss_con: 10.630
[GPU3] epochs: [721/800] train_loss_con: 10.409
[GPU3] epochs: [722/800] train_loss_con: 10.356
[GPU3] epochs: [723/800] train_loss_con: 10.556
[GPU3] epochs: [724/800] train_loss_con: 10.544
[GPU3] epochs: [725/800] train_loss_con: 10.543
[GPU3] epochs: [726/800] train_loss_con: 10.539
[GPU3] epochs: [727/800] train_loss_con: 10.444
[GPU3] epochs: [728/800] train_loss_con: 10.703
[GPU3] epochs: [729/800] train_loss_con: 10.288
[GPU3] epochs: [730/800] train_loss_con: 10.410
[GPU3] epochs: [731/800] train_loss_con: 10.388
[GPU3] epochs: [732/800] train_loss_con: 10.354
[GPU3] epochs: [733/800] train_loss_con: 10.672
[GPU3] epochs: [734/800] train_loss_con: 10.339
[GPU3] epochs: [735/800] train_loss_con: 10.535
[GPU3] epochs: [736/800] train_loss_con: 10.527
[GPU3] epochs: [737/800] train_loss_con: 10.425
[GPU3] epochs: [738/800] train_loss_con: 10.534
[GPU3] epochs: [739/800] train_loss_con: 10.359
[GPU3] epochs: [740/800] train_loss_con: 10.632
[GPU3] epochs: [741/800] train_loss_con: 10.362
[GPU3] epochs: [742/800] train_loss_con: 10.436
[GPU3] epochs: [743/800] train_loss_con: 10.351
[GPU3] epochs: [744/800] train_loss_con: 10.440
[GPU3] epochs: [745/800] train_loss_con: 10.474
[GPU3] epochs: [746/800] train_loss_con: 10.549
[GPU3] epochs: [747/800] train_loss_con: 10.378
[GPU3] epochs: [748/800] train_loss_con: 10.570
[GPU3] epochs: [749/800] train_loss_con: 10.132
[GPU3] epochs: [750/800] train_loss_con: 10.531
[GPU3] epochs: [751/800] train_loss_con: 10.583
[GPU3] epochs: [752/800] train_loss_con: 10.424
[GPU3] epochs: [753/800] train_loss_con: 10.403
[GPU3] epochs: [754/800] train_loss_con: 10.547
[GPU3] epochs: [755/800] train_loss_con: 10.417
[GPU3] epochs: [756/800] train_loss_con: 10.453
[GPU3] epochs: [757/800] train_loss_con: 10.338
[GPU3] epochs: [758/800] train_loss_con: 10.383
[GPU3] epochs: [759/800] train_loss_con: 10.389
[GPU3] epochs: [760/800] train_loss_con: 10.403
[GPU3] epochs: [761/800] train_loss_con: 10.480
[GPU3] epochs: [762/800] train_loss_con: 10.350
[GPU3] epochs: [763/800] train_loss_con: 10.407
[GPU3] epochs: [764/800] train_loss_con: 10.414
[GPU3] epochs: [765/800] train_loss_con: 10.425
[GPU3] epochs: [766/800] train_loss_con: 10.533
[GPU3] epochs: [767/800] train_loss_con: 10.474
[GPU3] epochs: [768/800] train_loss_con: 10.614
[GPU3] epochs: [769/800] train_loss_con: 10.326
[GPU3] epochs: [770/800] train_loss_con: 10.296
[GPU3] epochs: [771/800] train_loss_con: 10.356
[GPU3] epochs: [772/800] train_loss_con: 10.463
[GPU3] epochs: [773/800] train_loss_con: 10.398
[GPU3] epochs: [774/800] train_loss_con: 10.452
[GPU3] epochs: [775/800] train_loss_con: 10.482
[GPU3] epochs: [776/800] train_loss_con: 10.435
[GPU3] epochs: [777/800] train_loss_con: 10.556
[GPU3] epochs: [778/800] train_loss_con: 10.093
[GPU3] epochs: [779/800] train_loss_con: 10.312
[GPU3] epochs: [780/800] train_loss_con: 10.446
[GPU3] epochs: [781/800] train_loss_con: 10.403
[GPU3] epochs: [782/800] train_loss_con: 10.481
[GPU3] epochs: [783/800] train_loss_con: 10.446
[GPU3] epochs: [784/800] train_loss_con: 10.321
[GPU3] epochs: [785/800] train_loss_con: 10.373
[GPU3] epochs: [786/800] train_loss_con: 10.631
[GPU3] epochs: [787/800] train_loss_con: 10.333
[GPU3] epochs: [788/800] train_loss_con: 10.370
[GPU3] epochs: [789/800] train_loss_con: 10.482
[GPU3] epochs: [790/800] train_loss_con: 10.606
[GPU3] epochs: [791/800] train_loss_con: 10.444
[GPU3] epochs: [792/800] train_loss_con: 10.602
[GPU3] epochs: [793/800] train_loss_con: 10.469
[GPU3] epochs: [794/800] train_loss_con: 10.400
[GPU3] epochs: [795/800] train_loss_con: 10.327
[GPU3] epochs: [796/800] train_loss_con: 10.265
[GPU3] epochs: [797/800] train_loss_con: 10.322
[GPU3] epochs: [798/800] train_loss_con: 10.471
[GPU3] epochs: [799/800] train_loss_con: 10.654
[GPU3] epochs: [800/800] train_loss_con: 10.270
### MLP training begins
[GPU3] Test Accuracy at epoch: 0: 0.298
[GPU3] epochs: [1/100] train_acc: 0.244 train_loss_sup: 3.188
[GPU3] epochs: [2/100] train_acc: 0.302 train_loss_sup: 2.787
[GPU3] epochs: [3/100] train_acc: 0.321 train_loss_sup: 2.673
[GPU3] epochs: [4/100] train_acc: 0.336 train_loss_sup: 2.602
[GPU3] epochs: [5/100] train_acc: 0.342 train_loss_sup: 2.559
[GPU3] epochs: [6/100] train_acc: 0.352 train_loss_sup: 2.518
[GPU3] epochs: [7/100] train_acc: 0.361 train_loss_sup: 2.483
[GPU3] epochs: [8/100] train_acc: 0.368 train_loss_sup: 2.459
[GPU3] epochs: [9/100] train_acc: 0.373 train_loss_sup: 2.427
[GPU3] epochs: [10/100] train_acc: 0.375 train_loss_sup: 2.408
[GPU3] Test Accuracy at epoch: 10: 0.394
[GPU3] epochs: [11/100] train_acc: 0.381 train_loss_sup: 2.382
[GPU3] epochs: [12/100] train_acc: 0.385 train_loss_sup: 2.367
[GPU3] epochs: [13/100] train_acc: 0.389 train_loss_sup: 2.356
[GPU3] epochs: [14/100] train_acc: 0.390 train_loss_sup: 2.342
[GPU3] epochs: [15/100] train_acc: 0.393 train_loss_sup: 2.325
[GPU3] epochs: [16/100] train_acc: 0.394 train_loss_sup: 2.315
[GPU3] epochs: [17/100] train_acc: 0.401 train_loss_sup: 2.300
[GPU3] epochs: [18/100] train_acc: 0.400 train_loss_sup: 2.292
[GPU3] epochs: [19/100] train_acc: 0.404 train_loss_sup: 2.272
[GPU3] epochs: [20/100] train_acc: 0.408 train_loss_sup: 2.267
[GPU3] Test Accuracy at epoch: 20: 0.417
[GPU3] epochs: [21/100] train_acc: 0.409 train_loss_sup: 2.257
[GPU3] epochs: [22/100] train_acc: 0.413 train_loss_sup: 2.240
[GPU3] epochs: [23/100] train_acc: 0.414 train_loss_sup: 2.227
[GPU3] epochs: [24/100] train_acc: 0.414 train_loss_sup: 2.231
[GPU3] epochs: [25/100] train_acc: 0.420 train_loss_sup: 2.214
[GPU3] epochs: [26/100] train_acc: 0.421 train_loss_sup: 2.197
[GPU3] epochs: [27/100] train_acc: 0.417 train_loss_sup: 2.206
[GPU3] epochs: [28/100] train_acc: 0.423 train_loss_sup: 2.187
[GPU3] epochs: [29/100] train_acc: 0.425 train_loss_sup: 2.180
[GPU3] epochs: [30/100] train_acc: 0.425 train_loss_sup: 2.181
[GPU3] Test Accuracy at epoch: 30: 0.438
[GPU3] epochs: [31/100] train_acc: 0.426 train_loss_sup: 2.168
[GPU3] epochs: [32/100] train_acc: 0.427 train_loss_sup: 2.164
[GPU3] epochs: [33/100] train_acc: 0.431 train_loss_sup: 2.166
[GPU3] epochs: [34/100] train_acc: 0.432 train_loss_sup: 2.150
[GPU3] epochs: [35/100] train_acc: 0.434 train_loss_sup: 2.144
[GPU3] epochs: [36/100] train_acc: 0.434 train_loss_sup: 2.138
[GPU3] epochs: [37/100] train_acc: 0.435 train_loss_sup: 2.141
[GPU3] epochs: [38/100] train_acc: 0.437 train_loss_sup: 2.127
[GPU3] epochs: [39/100] train_acc: 0.439 train_loss_sup: 2.116
[GPU3] epochs: [40/100] train_acc: 0.440 train_loss_sup: 2.117
[GPU3] Test Accuracy at epoch: 40: 0.448
[GPU3] epochs: [41/100] train_acc: 0.439 train_loss_sup: 2.111
[GPU3] epochs: [42/100] train_acc: 0.441 train_loss_sup: 2.108
[GPU3] epochs: [43/100] train_acc: 0.443 train_loss_sup: 2.106
[GPU3] epochs: [44/100] train_acc: 0.445 train_loss_sup: 2.089
[GPU3] epochs: [45/100] train_acc: 0.445 train_loss_sup: 2.090
[GPU3] epochs: [46/100] train_acc: 0.452 train_loss_sup: 2.074
[GPU3] epochs: [47/100] train_acc: 0.446 train_loss_sup: 2.085
[GPU3] epochs: [48/100] train_acc: 0.448 train_loss_sup: 2.071
[GPU3] epochs: [49/100] train_acc: 0.447 train_loss_sup: 2.076
[GPU3] epochs: [50/100] train_acc: 0.452 train_loss_sup: 2.059
[GPU3] Test Accuracy at epoch: 50: 0.456
[GPU3] epochs: [51/100] train_acc: 0.447 train_loss_sup: 2.075
[GPU3] epochs: [52/100] train_acc: 0.454 train_loss_sup: 2.048
[GPU3] epochs: [53/100] train_acc: 0.452 train_loss_sup: 2.048
[GPU3] epochs: [54/100] train_acc: 0.456 train_loss_sup: 2.036
[GPU3] epochs: [55/100] train_acc: 0.463 train_loss_sup: 2.032
[GPU3] epochs: [56/100] train_acc: 0.456 train_loss_sup: 2.031
[GPU3] epochs: [57/100] train_acc: 0.459 train_loss_sup: 2.023
[GPU3] epochs: [58/100] train_acc: 0.459 train_loss_sup: 2.031
[GPU3] epochs: [59/100] train_acc: 0.459 train_loss_sup: 2.024
[GPU3] epochs: [60/100] train_acc: 0.467 train_loss_sup: 2.006
[GPU3] Test Accuracy at epoch: 60: 0.46
[GPU3] epochs: [61/100] train_acc: 0.462 train_loss_sup: 2.020
[GPU3] epochs: [62/100] train_acc: 0.461 train_loss_sup: 2.015
[GPU3] epochs: [63/100] train_acc: 0.465 train_loss_sup: 2.003
[GPU3] epochs: [64/100] train_acc: 0.466 train_loss_sup: 2.004
[GPU3] epochs: [65/100] train_acc: 0.467 train_loss_sup: 1.997
[GPU3] epochs: [66/100] train_acc: 0.467 train_loss_sup: 2.001
[GPU3] epochs: [67/100] train_acc: 0.470 train_loss_sup: 1.990
[GPU3] epochs: [68/100] train_acc: 0.471 train_loss_sup: 1.982
[GPU3] epochs: [69/100] train_acc: 0.473 train_loss_sup: 1.971
[GPU3] epochs: [70/100] train_acc: 0.469 train_loss_sup: 1.988
[GPU3] Test Accuracy at epoch: 70: 0.465
[GPU3] epochs: [71/100] train_acc: 0.475 train_loss_sup: 1.971
[GPU3] epochs: [72/100] train_acc: 0.471 train_loss_sup: 1.971
[GPU3] epochs: [73/100] train_acc: 0.472 train_loss_sup: 1.978
[GPU3] epochs: [74/100] train_acc: 0.473 train_loss_sup: 1.968
[GPU3] epochs: [75/100] train_acc: 0.477 train_loss_sup: 1.962
[GPU3] epochs: [76/100] train_acc: 0.477 train_loss_sup: 1.951
[GPU3] epochs: [77/100] train_acc: 0.478 train_loss_sup: 1.945
[GPU3] epochs: [78/100] train_acc: 0.479 train_loss_sup: 1.935
[GPU3] epochs: [79/100] train_acc: 0.478 train_loss_sup: 1.940
[GPU3] epochs: [80/100] train_acc: 0.482 train_loss_sup: 1.938
[GPU3] Test Accuracy at epoch: 80: 0.462
[GPU3] epochs: [81/100] train_acc: 0.478 train_loss_sup: 1.945
[GPU3] epochs: [82/100] train_acc: 0.482 train_loss_sup: 1.934
[GPU3] epochs: [83/100] train_acc: 0.481 train_loss_sup: 1.933
[GPU3] epochs: [84/100] train_acc: 0.480 train_loss_sup: 1.931
[GPU3] epochs: [85/100] train_acc: 0.485 train_loss_sup: 1.911
[GPU3] epochs: [86/100] train_acc: 0.481 train_loss_sup: 1.926
[GPU3] epochs: [87/100] train_acc: 0.485 train_loss_sup: 1.917
[GPU3] epochs: [88/100] train_acc: 0.485 train_loss_sup: 1.913
[GPU3] epochs: [89/100] train_acc: 0.488 train_loss_sup: 1.907
[GPU3] epochs: [90/100] train_acc: 0.486 train_loss_sup: 1.911
[GPU3] Test Accuracy at epoch: 90: 0.466
[GPU3] epochs: [91/100] train_acc: 0.489 train_loss_sup: 1.903
[GPU3] epochs: [92/100] train_acc: 0.486 train_loss_sup: 1.908
[GPU3] epochs: [93/100] train_acc: 0.492 train_loss_sup: 1.889
[GPU3] epochs: [94/100] train_acc: 0.493 train_loss_sup: 1.885
[GPU3] epochs: [95/100] train_acc: 0.489 train_loss_sup: 1.897
