environment: 
YAML: configs/bhat.c10.yaml
==> SEED: 42
==> num_classes: 10
==> data_name: cifar10
==> data_params: {'algo': 'supcon', 'data_dir': 'datasets/cifar10', 'batch_size': 512, 'num_workers': 3, 'image_size': 32}
==> return_logs: False
==> eval_every: 10
==> n_epochs: 350
==> n_epochs_mlp: 100
==> gpu_id: 1
==> opt: SGD
==> opt_params: {'lr': 0.5, 'momentum': 0.9, 'nesterov': True}
==> schedular_params: {'T_max': 350, 'eta_min': 0.001}
==> mlp_opt: SGD
==> mlp_opt_params: {'lr': 0.01, 'momentum': 0.9, 'nesterov': True}
==> model_params: {'model_name': 'resnet50', 'pretrained': False, 'proj_dim': 128}
==> mlp_type: hidden
==> loss: supcon
==> loss_params: {'sim': 'bhattacharya', 'tau': 0.1}
==> distributed: False
==> train_algo: supcon
--------------------------------------------------
===> using hiddin mlp
using optimizer: SGD
using optimizer: SGD
loss function: supcon
Files already downloaded and verified
Files already downloaded and verified
Files already downloaded and verified
# of Training Images: 50000
# of Testing Images: 10000
### supcon Training begins
[GPU1] epochs: [1/350] train_loss_con: 6.923
[GPU1] epochs: [2/350] train_loss_con: 6.920
[GPU1] epochs: [3/350] train_loss_con: 6.919
[GPU1] epochs: [4/350] train_loss_con: 6.918
[GPU1] epochs: [5/350] train_loss_con: 6.918
[GPU1] epochs: [6/350] train_loss_con: 6.918
[GPU1] epochs: [7/350] train_loss_con: 6.918
[GPU1] epochs: [8/350] train_loss_con: 6.917
[GPU1] epochs: [9/350] train_loss_con: 6.917
[GPU1] epochs: [10/350] train_loss_con: 6.917
[GPU1] epochs: [11/350] train_loss_con: 6.917
[GPU1] epochs: [12/350] train_loss_con: 6.917
[GPU1] epochs: [13/350] train_loss_con: 6.917
[GPU1] epochs: [14/350] train_loss_con: 6.916
[GPU1] epochs: [15/350] train_loss_con: 6.916
[GPU1] epochs: [16/350] train_loss_con: 6.916
[GPU1] epochs: [17/350] train_loss_con: 6.916
[GPU1] epochs: [18/350] train_loss_con: 6.916
[GPU1] epochs: [19/350] train_loss_con: 6.916
[GPU1] epochs: [20/350] train_loss_con: 6.916
[GPU1] epochs: [21/350] train_loss_con: 6.916
[GPU1] epochs: [22/350] train_loss_con: 6.915
[GPU1] epochs: [23/350] train_loss_con: 6.916
[GPU1] epochs: [24/350] train_loss_con: 6.915
[GPU1] epochs: [25/350] train_loss_con: 6.915
[GPU1] epochs: [26/350] train_loss_con: 6.915
[GPU1] epochs: [27/350] train_loss_con: 6.915
[GPU1] epochs: [28/350] train_loss_con: 6.915
[GPU1] epochs: [29/350] train_loss_con: 6.915
[GPU1] epochs: [30/350] train_loss_con: 6.915
[GPU1] epochs: [31/350] train_loss_con: 6.915
[GPU1] epochs: [32/350] train_loss_con: 6.915
[GPU1] epochs: [33/350] train_loss_con: 6.914
[GPU1] epochs: [34/350] train_loss_con: 6.914
[GPU1] epochs: [35/350] train_loss_con: 6.914
[GPU1] epochs: [36/350] train_loss_con: 6.914
[GPU1] epochs: [37/350] train_loss_con: 6.914
[GPU1] epochs: [38/350] train_loss_con: 6.914
[GPU1] epochs: [39/350] train_loss_con: 6.914
[GPU1] epochs: [40/350] train_loss_con: 6.914
[GPU1] epochs: [41/350] train_loss_con: 6.914
[GPU1] epochs: [42/350] train_loss_con: 6.914
[GPU1] epochs: [43/350] train_loss_con: 6.913
[GPU1] epochs: [44/350] train_loss_con: 6.913
[GPU1] epochs: [45/350] train_loss_con: 6.913
[GPU1] epochs: [46/350] train_loss_con: 6.913
[GPU1] epochs: [47/350] train_loss_con: 6.913
[GPU1] epochs: [48/350] train_loss_con: 6.913
[GPU1] epochs: [49/350] train_loss_con: 6.913
[GPU1] epochs: [50/350] train_loss_con: 6.913
[GPU1] epochs: [51/350] train_loss_con: 6.913
[GPU1] epochs: [52/350] train_loss_con: 6.913
[GPU1] epochs: [53/350] train_loss_con: 6.913
[GPU1] epochs: [54/350] train_loss_con: 6.913
[GPU1] epochs: [55/350] train_loss_con: 6.913
[GPU1] epochs: [56/350] train_loss_con: 6.913
[GPU1] epochs: [57/350] train_loss_con: 6.913
[GPU1] epochs: [58/350] train_loss_con: 6.913
[GPU1] epochs: [59/350] train_loss_con: 6.913
[GPU1] epochs: [60/350] train_loss_con: 6.913
[GPU1] epochs: [61/350] train_loss_con: 6.912
[GPU1] epochs: [62/350] train_loss_con: 6.912
[GPU1] epochs: [63/350] train_loss_con: 6.912
[GPU1] epochs: [64/350] train_loss_con: 6.912
[GPU1] epochs: [65/350] train_loss_con: 6.912
[GPU1] epochs: [66/350] train_loss_con: 6.912
[GPU1] epochs: [67/350] train_loss_con: 6.912
[GPU1] epochs: [68/350] train_loss_con: 6.912
[GPU1] epochs: [69/350] train_loss_con: 6.912
[GPU1] epochs: [70/350] train_loss_con: 6.912
[GPU1] epochs: [71/350] train_loss_con: 6.912
[GPU1] epochs: [72/350] train_loss_con: 6.912
[GPU1] epochs: [73/350] train_loss_con: 6.912
[GPU1] epochs: [74/350] train_loss_con: 6.912
[GPU1] epochs: [75/350] train_loss_con: 6.912
[GPU1] epochs: [76/350] train_loss_con: 6.912
[GPU1] epochs: [77/350] train_loss_con: 6.912
[GPU1] epochs: [78/350] train_loss_con: 6.912
[GPU1] epochs: [79/350] train_loss_con: 6.912
[GPU1] epochs: [80/350] train_loss_con: 6.912
[GPU1] epochs: [81/350] train_loss_con: 6.912
[GPU1] epochs: [82/350] train_loss_con: 6.912
[GPU1] epochs: [83/350] train_loss_con: 6.912
[GPU1] epochs: [84/350] train_loss_con: 6.912
[GPU1] epochs: [85/350] train_loss_con: 6.911
[GPU1] epochs: [86/350] train_loss_con: 6.912
[GPU1] epochs: [87/350] train_loss_con: 6.912
[GPU1] epochs: [88/350] train_loss_con: 6.912
[GPU1] epochs: [89/350] train_loss_con: 6.912
[GPU1] epochs: [90/350] train_loss_con: 6.912
[GPU1] epochs: [91/350] train_loss_con: 6.911
[GPU1] epochs: [92/350] train_loss_con: 6.912
[GPU1] epochs: [93/350] train_loss_con: 6.911
[GPU1] epochs: [94/350] train_loss_con: 6.911
[GPU1] epochs: [95/350] train_loss_con: 6.911
[GPU1] epochs: [96/350] train_loss_con: 6.911
[GPU1] epochs: [97/350] train_loss_con: 6.911
[GPU1] epochs: [98/350] train_loss_con: 6.911
[GPU1] epochs: [99/350] train_loss_con: 6.911
[GPU1] epochs: [100/350] train_loss_con: 6.911
[GPU1] epochs: [101/350] train_loss_con: 6.911
[GPU1] epochs: [102/350] train_loss_con: 6.911
[GPU1] epochs: [103/350] train_loss_con: 6.911
[GPU1] epochs: [104/350] train_loss_con: 6.911
[GPU1] epochs: [105/350] train_loss_con: 6.911
[GPU1] epochs: [106/350] train_loss_con: 6.911
[GPU1] epochs: [107/350] train_loss_con: 6.911
[GPU1] epochs: [108/350] train_loss_con: 6.911
[GPU1] epochs: [109/350] train_loss_con: 6.911
[GPU1] epochs: [110/350] train_loss_con: 6.911
[GPU1] epochs: [111/350] train_loss_con: 6.911
[GPU1] epochs: [112/350] train_loss_con: 6.911
[GPU1] epochs: [113/350] train_loss_con: 6.911
[GPU1] epochs: [114/350] train_loss_con: 6.911
[GPU1] epochs: [115/350] train_loss_con: 6.911
[GPU1] epochs: [116/350] train_loss_con: 6.911
[GPU1] epochs: [117/350] train_loss_con: 6.911
[GPU1] epochs: [118/350] train_loss_con: 6.911
[GPU1] epochs: [119/350] train_loss_con: 6.911
[GPU1] epochs: [120/350] train_loss_con: 6.911
[GPU1] epochs: [121/350] train_loss_con: 6.911
[GPU1] epochs: [122/350] train_loss_con: 6.911
[GPU1] epochs: [123/350] train_loss_con: 6.911
[GPU1] epochs: [124/350] train_loss_con: 6.911
[GPU1] epochs: [125/350] train_loss_con: 6.911
[GPU1] epochs: [126/350] train_loss_con: 6.911
[GPU1] epochs: [127/350] train_loss_con: 6.911
[GPU1] epochs: [128/350] train_loss_con: 6.911
[GPU1] epochs: [129/350] train_loss_con: 6.911
[GPU1] epochs: [130/350] train_loss_con: 6.911
[GPU1] epochs: [131/350] train_loss_con: 6.911
[GPU1] epochs: [132/350] train_loss_con: 6.911
[GPU1] epochs: [133/350] train_loss_con: 6.911
[GPU1] epochs: [134/350] train_loss_con: 6.911
[GPU1] epochs: [135/350] train_loss_con: 6.911
[GPU1] epochs: [136/350] train_loss_con: 6.911
[GPU1] epochs: [137/350] train_loss_con: 6.910
[GPU1] epochs: [138/350] train_loss_con: 6.911
[GPU1] epochs: [139/350] train_loss_con: 6.910
[GPU1] epochs: [140/350] train_loss_con: 6.911
[GPU1] epochs: [141/350] train_loss_con: 6.910
[GPU1] epochs: [142/350] train_loss_con: 6.910
[GPU1] epochs: [143/350] train_loss_con: 6.910
[GPU1] epochs: [144/350] train_loss_con: 6.910
[GPU1] epochs: [145/350] train_loss_con: 6.910
[GPU1] epochs: [146/350] train_loss_con: 6.911
[GPU1] epochs: [147/350] train_loss_con: 6.910
[GPU1] epochs: [148/350] train_loss_con: 6.910
[GPU1] epochs: [149/350] train_loss_con: 6.910
[GPU1] epochs: [150/350] train_loss_con: 6.910
[GPU1] epochs: [151/350] train_loss_con: 6.910
[GPU1] epochs: [152/350] train_loss_con: 6.910
[GPU1] epochs: [153/350] train_loss_con: 6.910
[GPU1] epochs: [154/350] train_loss_con: 6.910
[GPU1] epochs: [155/350] train_loss_con: 6.910
[GPU1] epochs: [156/350] train_loss_con: 6.910
[GPU1] epochs: [157/350] train_loss_con: 6.910
[GPU1] epochs: [158/350] train_loss_con: 6.910
[GPU1] epochs: [159/350] train_loss_con: 6.910
[GPU1] epochs: [160/350] train_loss_con: 6.910
[GPU1] epochs: [161/350] train_loss_con: 6.910
[GPU1] epochs: [162/350] train_loss_con: 6.910
[GPU1] epochs: [163/350] train_loss_con: 6.910
[GPU1] epochs: [164/350] train_loss_con: 6.910
[GPU1] epochs: [165/350] train_loss_con: 6.910
[GPU1] epochs: [166/350] train_loss_con: 6.910
[GPU1] epochs: [167/350] train_loss_con: 6.910
[GPU1] epochs: [168/350] train_loss_con: 6.910
[GPU1] epochs: [169/350] train_loss_con: 6.910
[GPU1] epochs: [170/350] train_loss_con: 6.910
[GPU1] epochs: [171/350] train_loss_con: 6.910
[GPU1] epochs: [172/350] train_loss_con: 6.910
[GPU1] epochs: [173/350] train_loss_con: 6.910
[GPU1] epochs: [174/350] train_loss_con: 6.910
[GPU1] epochs: [175/350] train_loss_con: 6.910
[GPU1] epochs: [176/350] train_loss_con: 6.910
[GPU1] epochs: [177/350] train_loss_con: 6.910
[GPU1] epochs: [178/350] train_loss_con: 6.910
[GPU1] epochs: [179/350] train_loss_con: 6.910
[GPU1] epochs: [180/350] train_loss_con: 6.910
[GPU1] epochs: [181/350] train_loss_con: 6.910
[GPU1] epochs: [182/350] train_loss_con: 6.910
[GPU1] epochs: [183/350] train_loss_con: 6.910
[GPU1] epochs: [184/350] train_loss_con: 6.910
[GPU1] epochs: [185/350] train_loss_con: 6.910
[GPU1] epochs: [186/350] train_loss_con: 6.910
[GPU1] epochs: [187/350] train_loss_con: 6.910
[GPU1] epochs: [188/350] train_loss_con: 6.910
[GPU1] epochs: [189/350] train_loss_con: 6.910
[GPU1] epochs: [190/350] train_loss_con: 6.910
[GPU1] epochs: [191/350] train_loss_con: 6.910
[GPU1] epochs: [192/350] train_loss_con: 6.910
[GPU1] epochs: [193/350] train_loss_con: 6.910
[GPU1] epochs: [194/350] train_loss_con: 6.910
[GPU1] epochs: [195/350] train_loss_con: 6.910
[GPU1] epochs: [196/350] train_loss_con: 6.910
[GPU1] epochs: [197/350] train_loss_con: 6.910
[GPU1] epochs: [198/350] train_loss_con: 6.910
[GPU1] epochs: [199/350] train_loss_con: 6.910
[GPU1] epochs: [200/350] train_loss_con: 6.910
[GPU1] epochs: [201/350] train_loss_con: 6.910
[GPU1] epochs: [202/350] train_loss_con: 6.910
[GPU1] epochs: [203/350] train_loss_con: 6.910
[GPU1] epochs: [204/350] train_loss_con: 6.910
[GPU1] epochs: [205/350] train_loss_con: 6.910
[GPU1] epochs: [206/350] train_loss_con: 6.910
[GPU1] epochs: [207/350] train_loss_con: 6.910
[GPU1] epochs: [208/350] train_loss_con: 6.910
[GPU1] epochs: [209/350] train_loss_con: 6.910
[GPU1] epochs: [210/350] train_loss_con: 6.910
[GPU1] epochs: [211/350] train_loss_con: 6.910
[GPU1] epochs: [212/350] train_loss_con: 6.909
[GPU1] epochs: [213/350] train_loss_con: 6.909
[GPU1] epochs: [214/350] train_loss_con: 6.910
[GPU1] epochs: [215/350] train_loss_con: 6.909
[GPU1] epochs: [216/350] train_loss_con: 6.910
[GPU1] epochs: [217/350] train_loss_con: 6.909
[GPU1] epochs: [218/350] train_loss_con: 6.910
[GPU1] epochs: [219/350] train_loss_con: 6.909
[GPU1] epochs: [220/350] train_loss_con: 6.909
[GPU1] epochs: [221/350] train_loss_con: 6.909
[GPU1] epochs: [222/350] train_loss_con: 6.909
[GPU1] epochs: [223/350] train_loss_con: 6.909
[GPU1] epochs: [224/350] train_loss_con: 6.909
[GPU1] epochs: [225/350] train_loss_con: 6.909
[GPU1] epochs: [226/350] train_loss_con: 6.909
[GPU1] epochs: [227/350] train_loss_con: 6.909
[GPU1] epochs: [228/350] train_loss_con: 6.909
[GPU1] epochs: [229/350] train_loss_con: 6.909
[GPU1] epochs: [230/350] train_loss_con: 6.909
[GPU1] epochs: [231/350] train_loss_con: 6.909
[GPU1] epochs: [232/350] train_loss_con: 6.909
[GPU1] epochs: [233/350] train_loss_con: 6.909
[GPU1] epochs: [234/350] train_loss_con: 6.909
[GPU1] epochs: [235/350] train_loss_con: 6.909
[GPU1] epochs: [236/350] train_loss_con: 6.909
[GPU1] epochs: [237/350] train_loss_con: 6.909
[GPU1] epochs: [238/350] train_loss_con: 6.909
[GPU1] epochs: [239/350] train_loss_con: 6.909
[GPU1] epochs: [240/350] train_loss_con: 6.909
[GPU1] epochs: [241/350] train_loss_con: 6.909
[GPU1] epochs: [242/350] train_loss_con: 6.909
[GPU1] epochs: [243/350] train_loss_con: 6.909
[GPU1] epochs: [244/350] train_loss_con: 6.909
[GPU1] epochs: [245/350] train_loss_con: 6.909
[GPU1] epochs: [246/350] train_loss_con: 6.909
[GPU1] epochs: [247/350] train_loss_con: 6.909
[GPU1] epochs: [248/350] train_loss_con: 6.909
[GPU1] epochs: [249/350] train_loss_con: 6.909
[GPU1] epochs: [250/350] train_loss_con: 6.909
[GPU1] epochs: [251/350] train_loss_con: 6.909
[GPU1] epochs: [252/350] train_loss_con: 6.909
[GPU1] epochs: [253/350] train_loss_con: 6.909
[GPU1] epochs: [254/350] train_loss_con: 6.909
[GPU1] epochs: [255/350] train_loss_con: 6.909
[GPU1] epochs: [256/350] train_loss_con: 6.909
[GPU1] epochs: [257/350] train_loss_con: 6.909
[GPU1] epochs: [258/350] train_loss_con: 6.909
[GPU1] epochs: [259/350] train_loss_con: 6.909
[GPU1] epochs: [260/350] train_loss_con: 6.909
[GPU1] epochs: [261/350] train_loss_con: 6.909
[GPU1] epochs: [262/350] train_loss_con: 6.909
[GPU1] epochs: [263/350] train_loss_con: 6.909
[GPU1] epochs: [264/350] train_loss_con: 6.909
[GPU1] epochs: [265/350] train_loss_con: 6.909
[GPU1] epochs: [266/350] train_loss_con: 6.909
[GPU1] epochs: [267/350] train_loss_con: 6.909
[GPU1] epochs: [268/350] train_loss_con: 6.909
[GPU1] epochs: [269/350] train_loss_con: 6.909
[GPU1] epochs: [270/350] train_loss_con: 6.909
[GPU1] epochs: [271/350] train_loss_con: 6.909
[GPU1] epochs: [272/350] train_loss_con: 6.909
[GPU1] epochs: [273/350] train_loss_con: 6.909
[GPU1] epochs: [274/350] train_loss_con: 6.909
[GPU1] epochs: [275/350] train_loss_con: 6.909
[GPU1] epochs: [276/350] train_loss_con: 6.909
[GPU1] epochs: [277/350] train_loss_con: 6.909
[GPU1] epochs: [278/350] train_loss_con: 6.909
[GPU1] epochs: [279/350] train_loss_con: 6.909
[GPU1] epochs: [280/350] train_loss_con: 6.909
[GPU1] epochs: [281/350] train_loss_con: 6.909
[GPU1] epochs: [282/350] train_loss_con: 6.909
[GPU1] epochs: [283/350] train_loss_con: 6.909
[GPU1] epochs: [284/350] train_loss_con: 6.909
[GPU1] epochs: [285/350] train_loss_con: 6.909
[GPU1] epochs: [286/350] train_loss_con: 6.909
[GPU1] epochs: [287/350] train_loss_con: 6.909
[GPU1] epochs: [288/350] train_loss_con: 6.909
[GPU1] epochs: [289/350] train_loss_con: 6.909
[GPU1] epochs: [290/350] train_loss_con: 6.909
[GPU1] epochs: [291/350] train_loss_con: 6.909
[GPU1] epochs: [292/350] train_loss_con: 6.909
[GPU1] epochs: [293/350] train_loss_con: 6.909
[GPU1] epochs: [294/350] train_loss_con: 6.909
[GPU1] epochs: [295/350] train_loss_con: 6.909
[GPU1] epochs: [296/350] train_loss_con: 6.909
[GPU1] epochs: [297/350] train_loss_con: 6.909
[GPU1] epochs: [298/350] train_loss_con: 6.909
[GPU1] epochs: [299/350] train_loss_con: 6.909
[GPU1] epochs: [300/350] train_loss_con: 6.909
[GPU1] epochs: [301/350] train_loss_con: 6.909
[GPU1] epochs: [302/350] train_loss_con: 6.909
[GPU1] epochs: [303/350] train_loss_con: 6.909
[GPU1] epochs: [304/350] train_loss_con: 6.909
[GPU1] epochs: [305/350] train_loss_con: 6.909
[GPU1] epochs: [306/350] train_loss_con: 6.909
[GPU1] epochs: [307/350] train_loss_con: 6.909
[GPU1] epochs: [308/350] train_loss_con: 6.909
[GPU1] epochs: [309/350] train_loss_con: 6.909
[GPU1] epochs: [310/350] train_loss_con: 6.909
[GPU1] epochs: [311/350] train_loss_con: 6.909
[GPU1] epochs: [312/350] train_loss_con: 6.909
[GPU1] epochs: [313/350] train_loss_con: 6.909
[GPU1] epochs: [314/350] train_loss_con: 6.909
[GPU1] epochs: [315/350] train_loss_con: 6.909
[GPU1] epochs: [316/350] train_loss_con: 6.909
[GPU1] epochs: [317/350] train_loss_con: 6.909
[GPU1] epochs: [318/350] train_loss_con: 6.909
[GPU1] epochs: [319/350] train_loss_con: 6.909
[GPU1] epochs: [320/350] train_loss_con: 6.909
[GPU1] epochs: [321/350] train_loss_con: 6.909
[GPU1] epochs: [322/350] train_loss_con: 6.909
[GPU1] epochs: [323/350] train_loss_con: 6.909
[GPU1] epochs: [324/350] train_loss_con: 6.909
[GPU1] epochs: [325/350] train_loss_con: 6.909
[GPU1] epochs: [326/350] train_loss_con: 6.909
[GPU1] epochs: [327/350] train_loss_con: 6.909
[GPU1] epochs: [328/350] train_loss_con: 6.909
[GPU1] epochs: [329/350] train_loss_con: 6.909
[GPU1] epochs: [330/350] train_loss_con: 6.909
[GPU1] epochs: [331/350] train_loss_con: 6.909
[GPU1] epochs: [332/350] train_loss_con: 6.909
[GPU1] epochs: [333/350] train_loss_con: 6.909
[GPU1] epochs: [334/350] train_loss_con: 6.909
[GPU1] epochs: [335/350] train_loss_con: 6.909
[GPU1] epochs: [336/350] train_loss_con: 6.909
[GPU1] epochs: [337/350] train_loss_con: 6.909
[GPU1] epochs: [338/350] train_loss_con: 6.909
[GPU1] epochs: [339/350] train_loss_con: 6.909
[GPU1] epochs: [340/350] train_loss_con: 6.909
[GPU1] epochs: [341/350] train_loss_con: 6.909
[GPU1] epochs: [342/350] train_loss_con: 6.909
[GPU1] epochs: [343/350] train_loss_con: 6.909
[GPU1] epochs: [344/350] train_loss_con: 6.909
[GPU1] epochs: [345/350] train_loss_con: 6.909
[GPU1] epochs: [346/350] train_loss_con: 6.909
[GPU1] epochs: [347/350] train_loss_con: 6.909
[GPU1] epochs: [348/350] train_loss_con: 6.909
[GPU1] epochs: [349/350] train_loss_con: 6.909
[GPU1] epochs: [350/350] train_loss_con: 6.909
### MLP training begins
[GPU1] Test Accuracy at epoch: 0: 0.447
[GPU1] epochs: [1/100] train_acc: 0.379 train_loss_sup: 1.544
[GPU1] epochs: [2/100] train_acc: 0.447 train_loss_sup: 1.408
[GPU1] epochs: [3/100] train_acc: 0.468 train_loss_sup: 1.365
[GPU1] epochs: [4/100] train_acc: 0.476 train_loss_sup: 1.345
[GPU1] epochs: [5/100] train_acc: 0.484 train_loss_sup: 1.329
[GPU1] epochs: [6/100] train_acc: 0.491 train_loss_sup: 1.319
[GPU1] epochs: [7/100] train_acc: 0.497 train_loss_sup: 1.304
[GPU1] epochs: [8/100] train_acc: 0.502 train_loss_sup: 1.292
[GPU1] epochs: [9/100] train_acc: 0.510 train_loss_sup: 1.276
[GPU1] epochs: [10/100] train_acc: 0.511 train_loss_sup: 1.280
[GPU1] Test Accuracy at epoch: 10: 0.526
[GPU1] epochs: [11/100] train_acc: 0.518 train_loss_sup: 1.265
[GPU1] epochs: [12/100] train_acc: 0.520 train_loss_sup: 1.255
[GPU1] epochs: [13/100] train_acc: 0.525 train_loss_sup: 1.253
[GPU1] epochs: [14/100] train_acc: 0.527 train_loss_sup: 1.247
[GPU1] epochs: [15/100] train_acc: 0.528 train_loss_sup: 1.245
[GPU1] epochs: [16/100] train_acc: 0.530 train_loss_sup: 1.236
[GPU1] epochs: [17/100] train_acc: 0.534 train_loss_sup: 1.235
[GPU1] epochs: [18/100] train_acc: 0.530 train_loss_sup: 1.236
[GPU1] epochs: [19/100] train_acc: 0.536 train_loss_sup: 1.225
[GPU1] epochs: [20/100] train_acc: 0.537 train_loss_sup: 1.219
[GPU1] Test Accuracy at epoch: 20: 0.57
[GPU1] epochs: [21/100] train_acc: 0.539 train_loss_sup: 1.220
[GPU1] epochs: [22/100] train_acc: 0.541 train_loss_sup: 1.219
[GPU1] epochs: [23/100] train_acc: 0.540 train_loss_sup: 1.214
[GPU1] epochs: [24/100] train_acc: 0.542 train_loss_sup: 1.211
[GPU1] epochs: [25/100] train_acc: 0.542 train_loss_sup: 1.211
[GPU1] epochs: [26/100] train_acc: 0.544 train_loss_sup: 1.205
[GPU1] epochs: [27/100] train_acc: 0.549 train_loss_sup: 1.196
[GPU1] epochs: [28/100] train_acc: 0.545 train_loss_sup: 1.206
[GPU1] epochs: [29/100] train_acc: 0.548 train_loss_sup: 1.201
[GPU1] epochs: [30/100] train_acc: 0.548 train_loss_sup: 1.201
[GPU1] Test Accuracy at epoch: 30: 0.568
[GPU1] epochs: [31/100] train_acc: 0.550 train_loss_sup: 1.193
[GPU1] epochs: [32/100] train_acc: 0.550 train_loss_sup: 1.196
[GPU1] epochs: [33/100] train_acc: 0.550 train_loss_sup: 1.190
[GPU1] epochs: [34/100] train_acc: 0.552 train_loss_sup: 1.190
[GPU1] epochs: [35/100] train_acc: 0.552 train_loss_sup: 1.192
[GPU1] epochs: [36/100] train_acc: 0.551 train_loss_sup: 1.186
[GPU1] epochs: [37/100] train_acc: 0.554 train_loss_sup: 1.186
[GPU1] epochs: [38/100] train_acc: 0.557 train_loss_sup: 1.177
[GPU1] epochs: [39/100] train_acc: 0.555 train_loss_sup: 1.185
[GPU1] epochs: [40/100] train_acc: 0.555 train_loss_sup: 1.183
[GPU1] Test Accuracy at epoch: 40: 0.616
[GPU1] epochs: [41/100] train_acc: 0.557 train_loss_sup: 1.179
[GPU1] epochs: [42/100] train_acc: 0.556 train_loss_sup: 1.178
[GPU1] epochs: [43/100] train_acc: 0.559 train_loss_sup: 1.173
[GPU1] epochs: [44/100] train_acc: 0.555 train_loss_sup: 1.176
[GPU1] epochs: [45/100] train_acc: 0.564 train_loss_sup: 1.170
[GPU1] epochs: [46/100] train_acc: 0.560 train_loss_sup: 1.173
[GPU1] epochs: [47/100] train_acc: 0.558 train_loss_sup: 1.174
[GPU1] epochs: [48/100] train_acc: 0.562 train_loss_sup: 1.170
[GPU1] epochs: [49/100] train_acc: 0.560 train_loss_sup: 1.175
[GPU1] epochs: [50/100] train_acc: 0.558 train_loss_sup: 1.172
[GPU1] Test Accuracy at epoch: 50: 0.608
[GPU1] epochs: [51/100] train_acc: 0.564 train_loss_sup: 1.164
[GPU1] epochs: [52/100] train_acc: 0.563 train_loss_sup: 1.165
[GPU1] epochs: [53/100] train_acc: 0.565 train_loss_sup: 1.162
[GPU1] epochs: [54/100] train_acc: 0.565 train_loss_sup: 1.159
[GPU1] epochs: [55/100] train_acc: 0.564 train_loss_sup: 1.162
[GPU1] epochs: [56/100] train_acc: 0.564 train_loss_sup: 1.162
[GPU1] epochs: [57/100] train_acc: 0.564 train_loss_sup: 1.162
[GPU1] epochs: [58/100] train_acc: 0.566 train_loss_sup: 1.158
[GPU1] epochs: [59/100] train_acc: 0.568 train_loss_sup: 1.162
[GPU1] epochs: [60/100] train_acc: 0.567 train_loss_sup: 1.156
[GPU1] Test Accuracy at epoch: 60: 0.605
[GPU1] epochs: [61/100] train_acc: 0.569 train_loss_sup: 1.147
[GPU1] epochs: [62/100] train_acc: 0.566 train_loss_sup: 1.162
[GPU1] epochs: [63/100] train_acc: 0.565 train_loss_sup: 1.157
[GPU1] epochs: [64/100] train_acc: 0.569 train_loss_sup: 1.154
[GPU1] epochs: [65/100] train_acc: 0.569 train_loss_sup: 1.155
[GPU1] epochs: [66/100] train_acc: 0.570 train_loss_sup: 1.151
[GPU1] epochs: [67/100] train_acc: 0.567 train_loss_sup: 1.154
[GPU1] epochs: [68/100] train_acc: 0.570 train_loss_sup: 1.147
[GPU1] epochs: [69/100] train_acc: 0.570 train_loss_sup: 1.151
[GPU1] epochs: [70/100] train_acc: 0.569 train_loss_sup: 1.155
[GPU1] Test Accuracy at epoch: 70: 0.639
[GPU1] epochs: [71/100] train_acc: 0.572 train_loss_sup: 1.148
[GPU1] epochs: [72/100] train_acc: 0.573 train_loss_sup: 1.143
[GPU1] epochs: [73/100] train_acc: 0.568 train_loss_sup: 1.149
[GPU1] epochs: [74/100] train_acc: 0.569 train_loss_sup: 1.149
[GPU1] epochs: [75/100] train_acc: 0.571 train_loss_sup: 1.143
[GPU1] epochs: [76/100] train_acc: 0.576 train_loss_sup: 1.138
[GPU1] epochs: [77/100] train_acc: 0.571 train_loss_sup: 1.144
[GPU1] epochs: [78/100] train_acc: 0.574 train_loss_sup: 1.149
[GPU1] epochs: [79/100] train_acc: 0.571 train_loss_sup: 1.145
[GPU1] epochs: [80/100] train_acc: 0.575 train_loss_sup: 1.144
[GPU1] Test Accuracy at epoch: 80: 0.608
[GPU1] epochs: [81/100] train_acc: 0.573 train_loss_sup: 1.142
[GPU1] epochs: [82/100] train_acc: 0.569 train_loss_sup: 1.142
[GPU1] epochs: [83/100] train_acc: 0.574 train_loss_sup: 1.143
[GPU1] epochs: [84/100] train_acc: 0.575 train_loss_sup: 1.135
[GPU1] epochs: [85/100] train_acc: 0.574 train_loss_sup: 1.143
[GPU1] epochs: [86/100] train_acc: 0.573 train_loss_sup: 1.135
[GPU1] epochs: [87/100] train_acc: 0.573 train_loss_sup: 1.137
[GPU1] epochs: [88/100] train_acc: 0.577 train_loss_sup: 1.134
[GPU1] epochs: [89/100] train_acc: 0.575 train_loss_sup: 1.138
[GPU1] epochs: [90/100] train_acc: 0.575 train_loss_sup: 1.134
[GPU1] Test Accuracy at epoch: 90: 0.606
[GPU1] epochs: [91/100] train_acc: 0.576 train_loss_sup: 1.135
[GPU1] epochs: [92/100] train_acc: 0.579 train_loss_sup: 1.128
[GPU1] epochs: [93/100] train_acc: 0.572 train_loss_sup: 1.139
[GPU1] epochs: [94/100] train_acc: 0.578 train_loss_sup: 1.129
[GPU1] epochs: [95/100] train_acc: 0.574 train_loss_sup: 1.137
[GPU1] epochs: [96/100] train_acc: 0.578 train_loss_sup: 1.131
[GPU1] epochs: [97/100] train_acc: 0.580 train_loss_sup: 1.130
[GPU1] epochs: [98/100] train_acc: 0.576 train_loss_sup: 1.135
[GPU1] epochs: [99/100] train_acc: 0.578 train_loss_sup: 1.133
[GPU1] epochs: [100/100] train_acc: 0.580 train_loss_sup: 1.123
[GPU1] Final Test Accuracy: 0.613
