environment: 
YAML: configs/bhat.c100.yaml
==> SEED: 42
==> num_classes: 100
==> data_name: cifar100
==> data_params: {'algo': 'supcon', 'data_dir': 'datasets/cifar100', 'batch_size': 512, 'num_workers': 3, 'image_size': 32}
==> return_logs: False
==> eval_every: 10
==> n_epochs: 350
==> n_epochs_mlp: 100
==> gpu_id: 0
==> opt: SGD
==> opt_params: {'lr': 0.5, 'momentum': 0.9, 'nesterov': True}
==> schedular_params: {'T_max': 350, 'eta_min': 0.001}
==> mlp_opt: SGD
==> mlp_opt_params: {'lr': 0.01, 'momentum': 0.9, 'nesterov': True}
==> model_params: {'model_name': 'resnet50', 'pretrained': False, 'proj_dim': 128}
==> mlp_type: hidden
==> loss: supcon
==> loss_params: {'sim': 'bhattacharya', 'tau': 0.1}
==> distributed: False
==> train_algo: supcon
--------------------------------------------------
===> using hiddin mlp
using optimizer: SGD
using optimizer: SGD
loss function: supcon
Files already downloaded and verified
Files already downloaded and verified
Files already downloaded and verified
# of Training Images: 50000
# of Testing Images: 10000
### supcon Training begins
[GPU0] epochs: [1/350] train_loss_con: 6.925
[GPU0] epochs: [2/350] train_loss_con: 6.923
[GPU0] epochs: [3/350] train_loss_con: 6.923
[GPU0] epochs: [4/350] train_loss_con: 6.923
[GPU0] epochs: [5/350] train_loss_con: 6.922
[GPU0] epochs: [6/350] train_loss_con: 6.922
[GPU0] epochs: [7/350] train_loss_con: 6.922
[GPU0] epochs: [8/350] train_loss_con: 6.922
[GPU0] epochs: [9/350] train_loss_con: 6.922
[GPU0] epochs: [10/350] train_loss_con: 6.921
[GPU0] epochs: [11/350] train_loss_con: 6.921
[GPU0] epochs: [12/350] train_loss_con: 6.921
[GPU0] epochs: [13/350] train_loss_con: 6.921
[GPU0] epochs: [14/350] train_loss_con: 6.921
[GPU0] epochs: [15/350] train_loss_con: 6.921
[GPU0] epochs: [16/350] train_loss_con: 6.921
[GPU0] epochs: [17/350] train_loss_con: 6.921
[GPU0] epochs: [18/350] train_loss_con: 6.921
[GPU0] epochs: [19/350] train_loss_con: 6.921
[GPU0] epochs: [20/350] train_loss_con: 6.921
[GPU0] epochs: [21/350] train_loss_con: 6.921
[GPU0] epochs: [22/350] train_loss_con: 6.920
[GPU0] epochs: [23/350] train_loss_con: 6.920
[GPU0] epochs: [24/350] train_loss_con: 6.920
[GPU0] epochs: [25/350] train_loss_con: 6.920
