environment: 
YAML: --config
==> SEED: 42
==> num_classes: 10
==> data_name: cifar10
==> data_params: {'algo': 'barlow_twins', 'data_dir': 'datasets/cifar10', 'batch_size': 512, 'num_workers': 3, 'image_size': 32}
==> return_logs: False
==> eval_every: 10
==> n_epochs: 800
==> n_epochs_mlp: 100
==> gpu_id: 3
==> opt: SGD
==> opt_params: {'lr': 0.4, 'momentum': 0.9, 'weight_decay': 0.0001}
==> schedular_params: {'T_max': 800, 'eta_min': 0.001}
==> mlp_opt: SGD
==> mlp_opt_params: {'lr': 0.1, 'momentum': 0.9}
==> model_params: {'model_name': 'resnet50', 'pretrained': False, 'proj_dim': 4096, 'barlow_hidden': 4096}
==> mlp_type: linear
==> loss: barlow_twins
==> loss_params: {'lambd': 0.005}
==> distributed: False
==> train_algo: barlow_twins
==> model_save_path: saved_models/bt.c10.r50.e800.pth
==> config: configs/barlow_twins.c10.yaml
--------------------------------------------------
===> using linear mlp
using optimizer: SGD
using optimizer: SGD
loss function: barlow_twins
# of Training Images: 50000
# of Testing Images: 10000
### Barlow Twins Training begins
[GPU3] epochs: [1/800] train_loss_con: 5478.473
[GPU3] epochs: [2/800] train_loss_con: 3940.963
[GPU3] epochs: [3/800] train_loss_con: 3866.971
[GPU3] epochs: [4/800] train_loss_con: 3800.058
[GPU3] epochs: [5/800] train_loss_con: 3787.491
[GPU3] epochs: [6/800] train_loss_con: 3779.800
[GPU3] epochs: [7/800] train_loss_con: 3757.105
[GPU3] epochs: [8/800] train_loss_con: 3675.172
[GPU3] epochs: [9/800] train_loss_con: 3673.764
[GPU3] epochs: [10/800] train_loss_con: 3660.619
[GPU3] epochs: [11/800] train_loss_con: 3648.387
[GPU3] epochs: [12/800] train_loss_con: 3642.895
[GPU3] epochs: [13/800] train_loss_con: 3629.265
[GPU3] epochs: [14/800] train_loss_con: 3642.963
[GPU3] epochs: [15/800] train_loss_con: 3626.360
[GPU3] epochs: [16/800] train_loss_con: 3628.494
[GPU3] epochs: [17/800] train_loss_con: 3633.962
[GPU3] epochs: [18/800] train_loss_con: 3645.286
[GPU3] epochs: [19/800] train_loss_con: 3621.901
[GPU3] epochs: [20/800] train_loss_con: 3625.219
[GPU3] epochs: [21/800] train_loss_con: 3615.448
