environment: 
YAML: --config
==> SEED: 42
==> num_classes: 100
==> data_name: cifar100
==> data_params: {'algo': 'barlow_twins', 'data_dir': 'datasets/cifar100', 'batch_size': 512, 'num_workers': 3, 'image_size': 32}
==> return_logs: False
==> eval_every: 10
==> n_epochs: 800
==> n_epochs_mlp: 100
==> gpu_id: 6
==> opt: SGD
==> opt_params: {'lr': 0.4, 'momentum': 0.9, 'weight_decay': 0.0001}
==> schedular_params: {'T_max': 800, 'eta_min': 0.001}
==> mlp_opt: SGD
==> mlp_opt_params: {'lr': 0.1, 'momentum': 0.9}
==> model_params: {'model_name': 'resnet50', 'pretrained': False, 'proj_dim': 4096, 'barlow_hidden': 4096}
==> mlp_type: linear
==> loss: barlow_twins
==> loss_params: {'lambd': 0.005}
==> distributed: False
==> train_algo: barlow_twins
==> model_save_path: saved_models/bt.c100.r50.e800.pth
==> config: configs/barlow_twins.c100.yaml
--------------------------------------------------
===> using linear mlp
using optimizer: SGD
using optimizer: SGD
loss function: barlow_twins
# of Training Images: 50000
# of Testing Images: 10000
### Barlow Twins Training begins
[GPU6] epochs: [1/800] train_loss_con: 5117.779
[GPU6] epochs: [2/800] train_loss_con: 4483.694
[GPU6] epochs: [3/800] train_loss_con: 3965.885
[GPU6] epochs: [4/800] train_loss_con: 3919.622
[GPU6] epochs: [5/800] train_loss_con: 3884.607
[GPU6] epochs: [6/800] train_loss_con: 3881.647
[GPU6] epochs: [7/800] train_loss_con: 3916.863
[GPU6] epochs: [8/800] train_loss_con: 3846.352
[GPU6] epochs: [9/800] train_loss_con: 3804.192
[GPU6] epochs: [10/800] train_loss_con: 3792.519
[GPU6] epochs: [11/800] train_loss_con: 3817.475
[GPU6] epochs: [12/800] train_loss_con: 3804.907
[GPU6] epochs: [13/800] train_loss_con: 3780.493
[GPU6] epochs: [14/800] train_loss_con: 3798.638
[GPU6] epochs: [15/800] train_loss_con: 3773.639
[GPU6] epochs: [16/800] train_loss_con: 3769.690
[GPU6] epochs: [17/800] train_loss_con: 3754.581
[GPU6] epochs: [18/800] train_loss_con: 3790.808
[GPU6] epochs: [19/800] train_loss_con: 3766.876
[GPU6] epochs: [20/800] train_loss_con: 3666.006
[GPU6] epochs: [21/800] train_loss_con: 3680.151
