environment: 
YAML: configs/byol.c100.yaml
==> SEED: 42
==> num_classes: 100
==> data_name: cifar100
==> data_params: {'algo': 'byol', 'data_dir': 'datasets/cifar100', 'batch_size': 512, 'num_workers': 3, 'image_size': 32}
==> return_logs: False
==> eval_every: 10
==> n_epochs: 800
==> n_epochs_mlp: 100
==> gpu_id: 1
==> opt: SGD
==> opt_params: {'lr': 0.4, 'momentum': 0.9, 'weight_decay': 1e-06}
==> schedular_params: {'T_max': 800, 'eta_min': 0.001}
==> mlp_opt: SGD
==> mlp_opt_params: {'lr': 0.01, 'momentum': 0.9}
==> model_params: {'model_name': 'resnet50', 'pretrained': False, 'proj_dim': 256, 'algo_type': 'byol', 'byol_hidden': 4096}
==> byol_pred_params: {'in_features': 256, 'hidden_dim': 4096, 'out_features': 256}
==> ema_tau: 0.996
==> mlp_type: hidden
==> loss: byol
==> distributed: False
==> train_algo: byol
--------------------------------------------------
===> using hiddin mlp
using optimizer: SGD
using optimizer: SGD
loss function: byol
Files already downloaded and verified
Files already downloaded and verified
Files already downloaded and verified
# of Training Images: 50000
# of Testing Images: 10000
### byol Training begins
[GPU1] epochs: [1/800] train_loss_con: -2.501
[GPU1] epochs: [2/800] train_loss_con: -3.417
[GPU1] epochs: [3/800] train_loss_con: -3.941
[GPU1] epochs: [4/800] train_loss_con: -3.922
[GPU1] epochs: [5/800] train_loss_con: -3.956
[GPU1] epochs: [6/800] train_loss_con: -3.967
[GPU1] epochs: [7/800] train_loss_con: -3.991
[GPU1] epochs: [8/800] train_loss_con: -3.990
[GPU1] epochs: [9/800] train_loss_con: -3.989
[GPU1] epochs: [10/800] train_loss_con: -3.983
[GPU1] epochs: [11/800] train_loss_con: -3.976
[GPU1] epochs: [12/800] train_loss_con: -3.975
[GPU1] epochs: [13/800] train_loss_con: -3.974
[GPU1] epochs: [14/800] train_loss_con: -3.975
[GPU1] epochs: [15/800] train_loss_con: -3.968
[GPU1] epochs: [16/800] train_loss_con: -3.962
[GPU1] epochs: [17/800] train_loss_con: -3.960
[GPU1] epochs: [18/800] train_loss_con: -3.924
[GPU1] epochs: [19/800] train_loss_con: -2.799
[GPU1] epochs: [20/800] train_loss_con: -3.036
[GPU1] epochs: [21/800] train_loss_con: -3.267
[GPU1] epochs: [22/800] train_loss_con: -3.379
[GPU1] epochs: [23/800] train_loss_con: -3.345
[GPU1] epochs: [24/800] train_loss_con: -3.276
[GPU1] epochs: [25/800] train_loss_con: -3.255
[GPU1] epochs: [26/800] train_loss_con: -3.280
[GPU1] epochs: [27/800] train_loss_con: -3.270
[GPU1] epochs: [28/800] train_loss_con: -3.264
[GPU1] epochs: [29/800] train_loss_con: -3.289
[GPU1] epochs: [30/800] train_loss_con: -3.308
[GPU1] epochs: [31/800] train_loss_con: -3.262
[GPU1] epochs: [32/800] train_loss_con: -3.304
[GPU1] epochs: [33/800] train_loss_con: -3.320
[GPU1] epochs: [34/800] train_loss_con: -3.308
[GPU1] epochs: [35/800] train_loss_con: -3.296
[GPU1] epochs: [36/800] train_loss_con: -3.338
[GPU1] epochs: [37/800] train_loss_con: -3.337
[GPU1] epochs: [38/800] train_loss_con: -3.328
[GPU1] epochs: [39/800] train_loss_con: -3.363
[GPU1] epochs: [40/800] train_loss_con: -3.366
[GPU1] epochs: [41/800] train_loss_con: -3.398
[GPU1] epochs: [42/800] train_loss_con: -3.391
[GPU1] epochs: [43/800] train_loss_con: -3.398
[GPU1] epochs: [44/800] train_loss_con: -3.419
[GPU1] epochs: [45/800] train_loss_con: -3.351
[GPU1] epochs: [46/800] train_loss_con: -3.435
[GPU1] epochs: [47/800] train_loss_con: -3.429
[GPU1] epochs: [48/800] train_loss_con: -3.421
[GPU1] epochs: [49/800] train_loss_con: -3.403
[GPU1] epochs: [50/800] train_loss_con: -3.458
[GPU1] epochs: [51/800] train_loss_con: -3.465
[GPU1] epochs: [52/800] train_loss_con: -3.462
[GPU1] epochs: [53/800] train_loss_con: -3.498
[GPU1] epochs: [54/800] train_loss_con: -3.489
[GPU1] epochs: [55/800] train_loss_con: -3.511
[GPU1] epochs: [56/800] train_loss_con: -3.514
[GPU1] epochs: [57/800] train_loss_con: -3.504
[GPU1] epochs: [58/800] train_loss_con: -3.512
[GPU1] epochs: [59/800] train_loss_con: -3.514
[GPU1] epochs: [60/800] train_loss_con: -3.522
[GPU1] epochs: [61/800] train_loss_con: -3.523
[GPU1] epochs: [62/800] train_loss_con: -3.545
[GPU1] epochs: [63/800] train_loss_con: -3.546
[GPU1] epochs: [64/800] train_loss_con: -3.561
[GPU1] epochs: [65/800] train_loss_con: -3.527
[GPU1] epochs: [66/800] train_loss_con: -3.547
[GPU1] epochs: [67/800] train_loss_con: -3.543
[GPU1] epochs: [68/800] train_loss_con: -3.547
[GPU1] epochs: [69/800] train_loss_con: -3.562
[GPU1] epochs: [70/800] train_loss_con: -3.570
[GPU1] epochs: [71/800] train_loss_con: -3.581
[GPU1] epochs: [72/800] train_loss_con: -3.561
[GPU1] epochs: [73/800] train_loss_con: -3.555
[GPU1] epochs: [74/800] train_loss_con: -3.525
[GPU1] epochs: [75/800] train_loss_con: -3.566
[GPU1] epochs: [76/800] train_loss_con: -3.582
[GPU1] epochs: [77/800] train_loss_con: -3.571
[GPU1] epochs: [78/800] train_loss_con: -3.579
[GPU1] epochs: [79/800] train_loss_con: -3.580
[GPU1] epochs: [80/800] train_loss_con: -3.612
[GPU1] epochs: [81/800] train_loss_con: -3.610
[GPU1] epochs: [82/800] train_loss_con: -3.602
[GPU1] epochs: [83/800] train_loss_con: -3.617
[GPU1] epochs: [84/800] train_loss_con: -3.609
[GPU1] epochs: [85/800] train_loss_con: -3.655
[GPU1] epochs: [86/800] train_loss_con: -3.685
[GPU1] epochs: [87/800] train_loss_con: -3.690
[GPU1] epochs: [88/800] train_loss_con: -3.692
[GPU1] epochs: [89/800] train_loss_con: -3.627
[GPU1] epochs: [90/800] train_loss_con: -3.623
[GPU1] epochs: [91/800] train_loss_con: -3.615
[GPU1] epochs: [92/800] train_loss_con: -3.639
[GPU1] epochs: [93/800] train_loss_con: -3.617
[GPU1] epochs: [94/800] train_loss_con: -3.614
[GPU1] epochs: [95/800] train_loss_con: -3.610
[GPU1] epochs: [96/800] train_loss_con: -3.640
[GPU1] epochs: [97/800] train_loss_con: -3.624
[GPU1] epochs: [98/800] train_loss_con: -3.606
[GPU1] epochs: [99/800] train_loss_con: -3.584
[GPU1] epochs: [100/800] train_loss_con: -3.567
[GPU1] epochs: [101/800] train_loss_con: -3.549
[GPU1] epochs: [102/800] train_loss_con: -3.554
[GPU1] epochs: [103/800] train_loss_con: -3.537
[GPU1] epochs: [104/800] train_loss_con: -3.541
[GPU1] epochs: [105/800] train_loss_con: -3.530
[GPU1] epochs: [106/800] train_loss_con: -3.526
[GPU1] epochs: [107/800] train_loss_con: -3.530
[GPU1] epochs: [108/800] train_loss_con: -3.524
[GPU1] epochs: [109/800] train_loss_con: -3.527
[GPU1] epochs: [110/800] train_loss_con: -3.532
[GPU1] epochs: [111/800] train_loss_con: -3.546
[GPU1] epochs: [112/800] train_loss_con: -3.529
[GPU1] epochs: [113/800] train_loss_con: -3.506
[GPU1] epochs: [114/800] train_loss_con: -3.532
[GPU1] epochs: [115/800] train_loss_con: -3.530
[GPU1] epochs: [116/800] train_loss_con: -3.525
[GPU1] epochs: [117/800] train_loss_con: -3.515
[GPU1] epochs: [118/800] train_loss_con: -3.515
[GPU1] epochs: [119/800] train_loss_con: -3.507
[GPU1] epochs: [120/800] train_loss_con: -3.510
[GPU1] epochs: [121/800] train_loss_con: -3.530
[GPU1] epochs: [122/800] train_loss_con: -3.544
[GPU1] epochs: [123/800] train_loss_con: -3.533
[GPU1] epochs: [124/800] train_loss_con: -3.537
[GPU1] epochs: [125/800] train_loss_con: -3.550
[GPU1] epochs: [126/800] train_loss_con: -3.557
[GPU1] epochs: [127/800] train_loss_con: -3.565
[GPU1] epochs: [128/800] train_loss_con: -3.573
[GPU1] epochs: [129/800] train_loss_con: -3.587
[GPU1] epochs: [130/800] train_loss_con: -3.577
[GPU1] epochs: [131/800] train_loss_con: -3.570
[GPU1] epochs: [132/800] train_loss_con: -3.582
[GPU1] epochs: [133/800] train_loss_con: -3.571
[GPU1] epochs: [134/800] train_loss_con: -3.600
[GPU1] epochs: [135/800] train_loss_con: -3.626
[GPU1] epochs: [136/800] train_loss_con: -3.602
[GPU1] epochs: [137/800] train_loss_con: -3.617
[GPU1] epochs: [138/800] train_loss_con: -3.621
[GPU1] epochs: [139/800] train_loss_con: -3.627
[GPU1] epochs: [140/800] train_loss_con: -3.697
[GPU1] epochs: [141/800] train_loss_con: -3.664
[GPU1] epochs: [142/800] train_loss_con: -3.715
[GPU1] epochs: [143/800] train_loss_con: -3.705
[GPU1] epochs: [144/800] train_loss_con: -3.746
[GPU1] epochs: [145/800] train_loss_con: -3.689
[GPU1] epochs: [146/800] train_loss_con: -3.632
[GPU1] epochs: [147/800] train_loss_con: -3.676
[GPU1] epochs: [148/800] train_loss_con: -3.683
[GPU1] epochs: [149/800] train_loss_con: -3.660
[GPU1] epochs: [150/800] train_loss_con: -3.673
[GPU1] epochs: [151/800] train_loss_con: -3.659
[GPU1] epochs: [152/800] train_loss_con: -3.611
[GPU1] epochs: [153/800] train_loss_con: -3.464
[GPU1] epochs: [154/800] train_loss_con: -3.546
[GPU1] epochs: [155/800] train_loss_con: -3.476
[GPU1] epochs: [156/800] train_loss_con: -3.420
[GPU1] epochs: [157/800] train_loss_con: -3.351
[GPU1] epochs: [158/800] train_loss_con: -3.400
[GPU1] epochs: [159/800] train_loss_con: -3.440
[GPU1] epochs: [160/800] train_loss_con: -3.433
[GPU1] epochs: [161/800] train_loss_con: -3.399
[GPU1] epochs: [162/800] train_loss_con: -3.419
[GPU1] epochs: [163/800] train_loss_con: -3.426
[GPU1] epochs: [164/800] train_loss_con: -3.430
[GPU1] epochs: [165/800] train_loss_con: -3.450
[GPU1] epochs: [166/800] train_loss_con: -3.432
[GPU1] epochs: [167/800] train_loss_con: -3.338
[GPU1] epochs: [168/800] train_loss_con: -3.381
[GPU1] epochs: [169/800] train_loss_con: -3.436
[GPU1] epochs: [170/800] train_loss_con: -3.420
[GPU1] epochs: [171/800] train_loss_con: -3.335
[GPU1] epochs: [172/800] train_loss_con: -3.444
[GPU1] epochs: [173/800] train_loss_con: -3.438
[GPU1] epochs: [174/800] train_loss_con: -3.458
[GPU1] epochs: [175/800] train_loss_con: -3.466
[GPU1] epochs: [176/800] train_loss_con: -3.459
[GPU1] epochs: [177/800] train_loss_con: -3.398
[GPU1] epochs: [178/800] train_loss_con: -3.357
[GPU1] epochs: [179/800] train_loss_con: -3.250
[GPU1] epochs: [180/800] train_loss_con: -3.354
[GPU1] epochs: [181/800] train_loss_con: -3.112
[GPU1] epochs: [182/800] train_loss_con: -3.351
[GPU1] epochs: [183/800] train_loss_con: -3.271
[GPU1] epochs: [184/800] train_loss_con: -3.229
[GPU1] epochs: [185/800] train_loss_con: -3.351
[GPU1] epochs: [186/800] train_loss_con: -3.366
[GPU1] epochs: [187/800] train_loss_con: -3.363
[GPU1] epochs: [188/800] train_loss_con: -3.351
[GPU1] epochs: [189/800] train_loss_con: -3.280
[GPU1] epochs: [190/800] train_loss_con: -3.348
[GPU1] epochs: [191/800] train_loss_con: -3.358
[GPU1] epochs: [192/800] train_loss_con: -3.358
[GPU1] epochs: [193/800] train_loss_con: -3.370
[GPU1] epochs: [194/800] train_loss_con: -3.356
[GPU1] epochs: [195/800] train_loss_con: -3.375
[GPU1] epochs: [196/800] train_loss_con: -3.386
[GPU1] epochs: [197/800] train_loss_con: -3.389
[GPU1] epochs: [198/800] train_loss_con: -3.392
[GPU1] epochs: [199/800] train_loss_con: -3.365
[GPU1] epochs: [200/800] train_loss_con: -3.418
[GPU1] epochs: [201/800] train_loss_con: -3.399
[GPU1] epochs: [202/800] train_loss_con: -3.398
[GPU1] epochs: [203/800] train_loss_con: -3.407
[GPU1] epochs: [204/800] train_loss_con: -3.400
[GPU1] epochs: [205/800] train_loss_con: -3.360
[GPU1] epochs: [206/800] train_loss_con: -3.389
[GPU1] epochs: [207/800] train_loss_con: -3.389
[GPU1] epochs: [208/800] train_loss_con: -3.421
[GPU1] epochs: [209/800] train_loss_con: -3.418
[GPU1] epochs: [210/800] train_loss_con: -3.411
[GPU1] epochs: [211/800] train_loss_con: -3.331
[GPU1] epochs: [212/800] train_loss_con: -3.396
[GPU1] epochs: [213/800] train_loss_con: -3.417
[GPU1] epochs: [214/800] train_loss_con: -3.415
[GPU1] epochs: [215/800] train_loss_con: -3.419
[GPU1] epochs: [216/800] train_loss_con: -3.415
[GPU1] epochs: [217/800] train_loss_con: -3.428
[GPU1] epochs: [218/800] train_loss_con: -3.437
[GPU1] epochs: [219/800] train_loss_con: -3.444
[GPU1] epochs: [220/800] train_loss_con: -3.452
[GPU1] epochs: [221/800] train_loss_con: -3.364
[GPU1] epochs: [222/800] train_loss_con: -3.375
[GPU1] epochs: [223/800] train_loss_con: -3.382
[GPU1] epochs: [224/800] train_loss_con: -3.382
[GPU1] epochs: [225/800] train_loss_con: -3.381
[GPU1] epochs: [226/800] train_loss_con: -3.393
[GPU1] epochs: [227/800] train_loss_con: -3.397
[GPU1] epochs: [228/800] train_loss_con: -3.399
[GPU1] epochs: [229/800] train_loss_con: -3.401
[GPU1] epochs: [230/800] train_loss_con: -3.407
[GPU1] epochs: [231/800] train_loss_con: -3.408
[GPU1] epochs: [232/800] train_loss_con: -3.411
[GPU1] epochs: [233/800] train_loss_con: -3.419
[GPU1] epochs: [234/800] train_loss_con: -3.411
[GPU1] epochs: [235/800] train_loss_con: -3.429
[GPU1] epochs: [236/800] train_loss_con: -3.434
[GPU1] epochs: [237/800] train_loss_con: -3.409
[GPU1] epochs: [238/800] train_loss_con: -3.432
[GPU1] epochs: [239/800] train_loss_con: -3.380
[GPU1] epochs: [240/800] train_loss_con: -3.421
[GPU1] epochs: [241/800] train_loss_con: -3.419
[GPU1] epochs: [242/800] train_loss_con: -3.412
[GPU1] epochs: [243/800] train_loss_con: -3.394
[GPU1] epochs: [244/800] train_loss_con: -3.388
[GPU1] epochs: [245/800] train_loss_con: -3.410
[GPU1] epochs: [246/800] train_loss_con: -3.414
[GPU1] epochs: [247/800] train_loss_con: -3.423
[GPU1] epochs: [248/800] train_loss_con: -3.424
[GPU1] epochs: [249/800] train_loss_con: -3.435
[GPU1] epochs: [250/800] train_loss_con: -3.427
[GPU1] epochs: [251/800] train_loss_con: -3.446
[GPU1] epochs: [252/800] train_loss_con: -3.459
[GPU1] epochs: [253/800] train_loss_con: -3.453
[GPU1] epochs: [254/800] train_loss_con: -3.463
[GPU1] epochs: [255/800] train_loss_con: -3.464
[GPU1] epochs: [256/800] train_loss_con: -3.474
[GPU1] epochs: [257/800] train_loss_con: -3.469
[GPU1] epochs: [258/800] train_loss_con: -3.484
[GPU1] epochs: [259/800] train_loss_con: -3.494
[GPU1] epochs: [260/800] train_loss_con: -3.485
[GPU1] epochs: [261/800] train_loss_con: -3.488
[GPU1] epochs: [262/800] train_loss_con: -3.492
[GPU1] epochs: [263/800] train_loss_con: -3.492
[GPU1] epochs: [264/800] train_loss_con: -3.500
[GPU1] epochs: [265/800] train_loss_con: -3.504
[GPU1] epochs: [266/800] train_loss_con: -3.508
[GPU1] epochs: [267/800] train_loss_con: -3.474
[GPU1] epochs: [268/800] train_loss_con: -3.503
[GPU1] epochs: [269/800] train_loss_con: -3.520
[GPU1] epochs: [270/800] train_loss_con: -3.520
[GPU1] epochs: [271/800] train_loss_con: -3.507
[GPU1] epochs: [272/800] train_loss_con: -3.523
[GPU1] epochs: [273/800] train_loss_con: -3.526
[GPU1] epochs: [274/800] train_loss_con: -3.513
[GPU1] epochs: [275/800] train_loss_con: -3.504
[GPU1] epochs: [276/800] train_loss_con: -3.510
[GPU1] epochs: [277/800] train_loss_con: -3.528
[GPU1] epochs: [278/800] train_loss_con: -3.508
[GPU1] epochs: [279/800] train_loss_con: -3.488
[GPU1] epochs: [280/800] train_loss_con: -3.500
[GPU1] epochs: [281/800] train_loss_con: -3.504
[GPU1] epochs: [282/800] train_loss_con: -3.509
[GPU1] epochs: [283/800] train_loss_con: -3.496
[GPU1] epochs: [284/800] train_loss_con: -3.498
[GPU1] epochs: [285/800] train_loss_con: -3.454
[GPU1] epochs: [286/800] train_loss_con: -3.453
[GPU1] epochs: [287/800] train_loss_con: -3.484
[GPU1] epochs: [288/800] train_loss_con: -3.484
[GPU1] epochs: [289/800] train_loss_con: -3.495
[GPU1] epochs: [290/800] train_loss_con: -3.466
[GPU1] epochs: [291/800] train_loss_con: -3.477
[GPU1] epochs: [292/800] train_loss_con: -3.489
[GPU1] epochs: [293/800] train_loss_con: -3.492
[GPU1] epochs: [294/800] train_loss_con: -3.491
[GPU1] epochs: [295/800] train_loss_con: -3.495
[GPU1] epochs: [296/800] train_loss_con: -3.497
[GPU1] epochs: [297/800] train_loss_con: -3.494
[GPU1] epochs: [298/800] train_loss_con: -3.501
[GPU1] epochs: [299/800] train_loss_con: -3.492
[GPU1] epochs: [300/800] train_loss_con: -3.497
[GPU1] epochs: [301/800] train_loss_con: -3.503
[GPU1] epochs: [302/800] train_loss_con: -3.511
[GPU1] epochs: [303/800] train_loss_con: -3.518
[GPU1] epochs: [304/800] train_loss_con: -3.520
[GPU1] epochs: [305/800] train_loss_con: -3.516
[GPU1] epochs: [306/800] train_loss_con: -3.526
[GPU1] epochs: [307/800] train_loss_con: -3.504
[GPU1] epochs: [308/800] train_loss_con: -3.508
[GPU1] epochs: [309/800] train_loss_con: -3.518
[GPU1] epochs: [310/800] train_loss_con: -3.515
[GPU1] epochs: [311/800] train_loss_con: -3.522
[GPU1] epochs: [312/800] train_loss_con: -3.519
[GPU1] epochs: [313/800] train_loss_con: -3.511
[GPU1] epochs: [314/800] train_loss_con: -3.520
[GPU1] epochs: [315/800] train_loss_con: -3.524
[GPU1] epochs: [316/800] train_loss_con: -3.514
[GPU1] epochs: [317/800] train_loss_con: -3.522
[GPU1] epochs: [318/800] train_loss_con: -3.516
[GPU1] epochs: [319/800] train_loss_con: -3.508
[GPU1] epochs: [320/800] train_loss_con: -3.476
[GPU1] epochs: [321/800] train_loss_con: -3.506
[GPU1] epochs: [322/800] train_loss_con: -3.523
[GPU1] epochs: [323/800] train_loss_con: -3.514
[GPU1] epochs: [324/800] train_loss_con: -3.519
[GPU1] epochs: [325/800] train_loss_con: -3.517
[GPU1] epochs: [326/800] train_loss_con: -3.517
[GPU1] epochs: [327/800] train_loss_con: -3.522
[GPU1] epochs: [328/800] train_loss_con: -3.523
[GPU1] epochs: [329/800] train_loss_con: -3.521
[GPU1] epochs: [330/800] train_loss_con: -3.511
[GPU1] epochs: [331/800] train_loss_con: -3.495
[GPU1] epochs: [332/800] train_loss_con: -3.486
[GPU1] epochs: [333/800] train_loss_con: -3.448
[GPU1] epochs: [334/800] train_loss_con: -3.453
[GPU1] epochs: [335/800] train_loss_con: -3.434
[GPU1] epochs: [336/800] train_loss_con: -3.457
[GPU1] epochs: [337/800] train_loss_con: -3.470
[GPU1] epochs: [338/800] train_loss_con: -3.480
[GPU1] epochs: [339/800] train_loss_con: -3.498
[GPU1] epochs: [340/800] train_loss_con: -3.499
[GPU1] epochs: [341/800] train_loss_con: -3.508
[GPU1] epochs: [342/800] train_loss_con: -3.513
[GPU1] epochs: [343/800] train_loss_con: -3.513
[GPU1] epochs: [344/800] train_loss_con: -3.520
[GPU1] epochs: [345/800] train_loss_con: -3.529
[GPU1] epochs: [346/800] train_loss_con: -3.526
[GPU1] epochs: [347/800] train_loss_con: -3.528
[GPU1] epochs: [348/800] train_loss_con: -3.530
[GPU1] epochs: [349/800] train_loss_con: -3.526
[GPU1] epochs: [350/800] train_loss_con: -3.528
[GPU1] epochs: [351/800] train_loss_con: -3.520
[GPU1] epochs: [352/800] train_loss_con: -3.524
[GPU1] epochs: [353/800] train_loss_con: -3.530
[GPU1] epochs: [354/800] train_loss_con: -3.519
[GPU1] epochs: [355/800] train_loss_con: -3.504
[GPU1] epochs: [356/800] train_loss_con: -3.522
[GPU1] epochs: [357/800] train_loss_con: -3.498
[GPU1] epochs: [358/800] train_loss_con: -3.519
[GPU1] epochs: [359/800] train_loss_con: -3.528
[GPU1] epochs: [360/800] train_loss_con: -3.527
[GPU1] epochs: [361/800] train_loss_con: -3.528
[GPU1] epochs: [362/800] train_loss_con: -3.536
[GPU1] epochs: [363/800] train_loss_con: -3.530
[GPU1] epochs: [364/800] train_loss_con: -3.533
[GPU1] epochs: [365/800] train_loss_con: -3.542
[GPU1] epochs: [366/800] train_loss_con: -3.511
[GPU1] epochs: [367/800] train_loss_con: -2.978
[GPU1] epochs: [368/800] train_loss_con: -2.951
[GPU1] epochs: [369/800] train_loss_con: -3.216
[GPU1] epochs: [370/800] train_loss_con: -3.302
[GPU1] epochs: [371/800] train_loss_con: -3.271
[GPU1] epochs: [372/800] train_loss_con: -3.341
[GPU1] epochs: [373/800] train_loss_con: -3.348
[GPU1] epochs: [374/800] train_loss_con: -3.372
[GPU1] epochs: [375/800] train_loss_con: -3.375
[GPU1] epochs: [376/800] train_loss_con: -3.347
[GPU1] epochs: [377/800] train_loss_con: -3.395
[GPU1] epochs: [378/800] train_loss_con: -3.421
[GPU1] epochs: [379/800] train_loss_con: -3.428
[GPU1] epochs: [380/800] train_loss_con: -3.433
[GPU1] epochs: [381/800] train_loss_con: -3.436
[GPU1] epochs: [382/800] train_loss_con: -3.426
[GPU1] epochs: [383/800] train_loss_con: -3.449
[GPU1] epochs: [384/800] train_loss_con: -3.449
[GPU1] epochs: [385/800] train_loss_con: -3.434
[GPU1] epochs: [386/800] train_loss_con: -3.441
[GPU1] epochs: [387/800] train_loss_con: -3.448
[GPU1] epochs: [388/800] train_loss_con: -3.455
[GPU1] epochs: [389/800] train_loss_con: -3.401
[GPU1] epochs: [390/800] train_loss_con: -3.413
