environment: 
YAML: --config
==> SEED: 42
==> num_classes: 100
==> data_name: cifar100
==> data_params: {'algo': 'byol', 'data_dir': 'datasets/cifar100', 'batch_size': 512, 'num_workers': 3, 'image_size': 32}
==> return_logs: False
==> eval_every: 10
==> n_epochs: 800
==> n_epochs_mlp: 100
==> gpu_id: 6
==> opt: SGD
==> opt_params: {'lr': 0.2, 'momentum': 0.9, 'weight_decay': 0.0001}
==> schedular_params: {'T_max': 800, 'eta_min': 0.001}
==> mlp_opt: SGD
==> mlp_opt_params: {'lr': 0.1, 'momentum': 0.9}
==> model_params: {'model_name': 'resnet50', 'pretrained': False, 'proj_dim': 256, 'algo_type': 'byol', 'byol_hidden': 4096}
==> byol_pred_params: {'in_features': 256, 'hidden_dim': 4096, 'out_features': 256}
==> ema_tau: 0.996
==> mlp_type: linear
==> loss: byol
==> distributed: False
==> train_algo: byol
==> model_save_path: saved_models/byol.c100.r50.e800.pth
==> config: configs/byol.c100.yaml
--------------------------------------------------
===> using linear mlp
using optimizer: SGD
using optimizer: SGD
loss function: byol
# of Training Images: 50000
# of Testing Images: 10000
### byol Training begins
[GPU6] epochs: [1/800] train_loss_con: -2.777
[GPU6] epochs: [2/800] train_loss_con: -3.923
[GPU6] epochs: [3/800] train_loss_con: -3.908
[GPU6] epochs: [4/800] train_loss_con: -3.771
[GPU6] epochs: [5/800] train_loss_con: -3.489
[GPU6] epochs: [6/800] train_loss_con: -3.387
[GPU6] epochs: [7/800] train_loss_con: -3.401
[GPU6] epochs: [8/800] train_loss_con: -3.460
[GPU6] epochs: [9/800] train_loss_con: -3.492
[GPU6] epochs: [10/800] train_loss_con: -3.503
[GPU6] epochs: [11/800] train_loss_con: -3.518
[GPU6] epochs: [12/800] train_loss_con: -3.529
[GPU6] epochs: [13/800] train_loss_con: -3.537
[GPU6] epochs: [14/800] train_loss_con: -3.518
[GPU6] epochs: [15/800] train_loss_con: -3.490
[GPU6] epochs: [16/800] train_loss_con: -3.457
[GPU6] epochs: [17/800] train_loss_con: -3.419
[GPU6] epochs: [18/800] train_loss_con: -3.425
[GPU6] epochs: [19/800] train_loss_con: -3.419
[GPU6] epochs: [20/800] train_loss_con: -3.420
[GPU6] epochs: [21/800] train_loss_con: -3.421
[GPU6] epochs: [22/800] train_loss_con: -3.420
[GPU6] epochs: [23/800] train_loss_con: -3.374
[GPU6] epochs: [24/800] train_loss_con: -3.306
[GPU6] epochs: [25/800] train_loss_con: -3.268
[GPU6] epochs: [26/800] train_loss_con: -3.238
[GPU6] epochs: [27/800] train_loss_con: -3.234
[GPU6] epochs: [28/800] train_loss_con: -3.232
[GPU6] epochs: [29/800] train_loss_con: -3.258
[GPU6] epochs: [30/800] train_loss_con: -3.278
[GPU6] epochs: [31/800] train_loss_con: -3.273
[GPU6] epochs: [32/800] train_loss_con: -3.275
[GPU6] epochs: [33/800] train_loss_con: -3.307
[GPU6] epochs: [34/800] train_loss_con: -3.316
[GPU6] epochs: [35/800] train_loss_con: -3.339
[GPU6] epochs: [36/800] train_loss_con: -3.265
[GPU6] epochs: [37/800] train_loss_con: -3.256
[GPU6] epochs: [38/800] train_loss_con: -3.262
[GPU6] epochs: [39/800] train_loss_con: -3.284
[GPU6] epochs: [40/800] train_loss_con: -3.282
[GPU6] epochs: [41/800] train_loss_con: -3.288
[GPU6] epochs: [42/800] train_loss_con: -3.287
[GPU6] epochs: [43/800] train_loss_con: -3.297
[GPU6] epochs: [44/800] train_loss_con: -3.299
[GPU6] epochs: [45/800] train_loss_con: -3.306
[GPU6] epochs: [46/800] train_loss_con: -3.308
[GPU6] epochs: [47/800] train_loss_con: -3.310
[GPU6] epochs: [48/800] train_loss_con: -3.302
[GPU6] epochs: [49/800] train_loss_con: -3.307
[GPU6] epochs: [50/800] train_loss_con: -3.307
[GPU6] epochs: [51/800] train_loss_con: -3.299
[GPU6] epochs: [52/800] train_loss_con: -3.299
[GPU6] epochs: [53/800] train_loss_con: -3.294
[GPU6] epochs: [54/800] train_loss_con: -3.297
[GPU6] epochs: [55/800] train_loss_con: -3.302
[GPU6] epochs: [56/800] train_loss_con: -3.296
[GPU6] epochs: [57/800] train_loss_con: -3.286
[GPU6] epochs: [58/800] train_loss_con: -3.288
[GPU6] epochs: [59/800] train_loss_con: -3.291
[GPU6] epochs: [60/800] train_loss_con: -3.295
[GPU6] epochs: [61/800] train_loss_con: -3.266
[GPU6] epochs: [62/800] train_loss_con: -3.265
[GPU6] epochs: [63/800] train_loss_con: -3.270
[GPU6] epochs: [64/800] train_loss_con: -3.279
[GPU6] epochs: [65/800] train_loss_con: -3.287
[GPU6] epochs: [66/800] train_loss_con: -3.288
[GPU6] epochs: [67/800] train_loss_con: -3.285
[GPU6] epochs: [68/800] train_loss_con: -3.286
[GPU6] epochs: [69/800] train_loss_con: -3.283
[GPU6] epochs: [70/800] train_loss_con: -3.280
[GPU6] epochs: [71/800] train_loss_con: -3.287
[GPU6] epochs: [72/800] train_loss_con: -3.292
[GPU6] epochs: [73/800] train_loss_con: -3.299
[GPU6] epochs: [74/800] train_loss_con: -3.295
[GPU6] epochs: [75/800] train_loss_con: -3.294
[GPU6] epochs: [76/800] train_loss_con: -3.302
[GPU6] epochs: [77/800] train_loss_con: -3.291
[GPU6] epochs: [78/800] train_loss_con: -3.307
[GPU6] epochs: [79/800] train_loss_con: -3.307
[GPU6] epochs: [80/800] train_loss_con: -3.308
[GPU6] epochs: [81/800] train_loss_con: -3.313
[GPU6] epochs: [82/800] train_loss_con: -3.311
[GPU6] epochs: [83/800] train_loss_con: -3.318
[GPU6] epochs: [84/800] train_loss_con: -3.325
[GPU6] epochs: [85/800] train_loss_con: -3.330
[GPU6] epochs: [86/800] train_loss_con: -3.248
[GPU6] epochs: [87/800] train_loss_con: -3.208
[GPU6] epochs: [88/800] train_loss_con: -3.241
[GPU6] epochs: [89/800] train_loss_con: -3.269
[GPU6] epochs: [90/800] train_loss_con: -3.280
[GPU6] epochs: [91/800] train_loss_con: -3.299
[GPU6] epochs: [92/800] train_loss_con: -3.313
[GPU6] epochs: [93/800] train_loss_con: -3.313
[GPU6] epochs: [94/800] train_loss_con: -3.320
[GPU6] epochs: [95/800] train_loss_con: -3.306
[GPU6] epochs: [96/800] train_loss_con: -3.311
[GPU6] epochs: [97/800] train_loss_con: -3.325
[GPU6] epochs: [98/800] train_loss_con: -3.328
[GPU6] epochs: [99/800] train_loss_con: -3.328
[GPU6] epochs: [100/800] train_loss_con: -3.337
[GPU6] epochs: [101/800] train_loss_con: -3.334
[GPU6] epochs: [102/800] train_loss_con: -3.345
[GPU6] epochs: [103/800] train_loss_con: -3.320
[GPU6] epochs: [104/800] train_loss_con: -3.328
[GPU6] epochs: [105/800] train_loss_con: -3.331
[GPU6] epochs: [106/800] train_loss_con: -3.327
[GPU6] epochs: [107/800] train_loss_con: -3.336
[GPU6] epochs: [108/800] train_loss_con: -3.333
[GPU6] epochs: [109/800] train_loss_con: -3.341
[GPU6] epochs: [110/800] train_loss_con: -3.338
[GPU6] epochs: [111/800] train_loss_con: -3.341
[GPU6] epochs: [112/800] train_loss_con: -3.343
[GPU6] epochs: [113/800] train_loss_con: -3.339
[GPU6] epochs: [114/800] train_loss_con: -3.340
[GPU6] epochs: [115/800] train_loss_con: -3.345
