environment: 
YAML: configs/byol.c10.yaml
==> SEED: 42
==> num_classes: 10
==> data_name: cifar10
==> data_params: {'algo': 'byol', 'data_dir': 'datasets/cifar10', 'batch_size': 512, 'num_workers': 3, 'image_size': 32}
==> return_logs: False
==> eval_every: 10
==> n_epochs: 800
==> n_epochs_mlp: 100
==> gpu_id: 5
==> opt: SGD
==> opt_params: {'lr': 0.4, 'momentum': 0.9, 'weight_decay': 1e-06}
==> schedular_params: {'T_max': 800, 'eta_min': 0.001}
==> mlp_opt: SGD
==> mlp_opt_params: {'lr': 0.01, 'momentum': 0.9}
==> model_params: {'model_name': 'resnet50', 'pretrained': False, 'proj_dim': 256, 'algo_type': 'byol', 'byol_hidden': 4096}
==> byol_pred_params: {'in_features': 256, 'hidden_dim': 4096, 'out_features': 256}
==> ema_tau: 0.996
==> mlp_type: hidden
==> loss: byol
==> distributed: False
==> train_algo: byol
--------------------------------------------------
===> using hiddin mlp
using optimizer: SGD
using optimizer: SGD
loss function: byol
Files already downloaded and verified
Files already downloaded and verified
Files already downloaded and verified
# of Training Images: 50000
# of Testing Images: 10000
### byol Training begins
[GPU5] epochs: [1/800] train_loss_con: -2.492
[GPU5] epochs: [2/800] train_loss_con: -3.246
[GPU5] epochs: [3/800] train_loss_con: -3.945
[GPU5] epochs: [4/800] train_loss_con: -3.950
[GPU5] epochs: [5/800] train_loss_con: -3.959
[GPU5] epochs: [6/800] train_loss_con: -3.916
[GPU5] epochs: [7/800] train_loss_con: -3.968
[GPU5] epochs: [8/800] train_loss_con: -3.917
[GPU5] epochs: [9/800] train_loss_con: -3.856
[GPU5] epochs: [10/800] train_loss_con: -3.627
[GPU5] epochs: [11/800] train_loss_con: -3.575
[GPU5] epochs: [12/800] train_loss_con: -3.502
[GPU5] epochs: [13/800] train_loss_con: -3.576
[GPU5] epochs: [14/800] train_loss_con: -3.475
[GPU5] epochs: [15/800] train_loss_con: -3.565
[GPU5] epochs: [16/800] train_loss_con: -3.634
[GPU5] epochs: [17/800] train_loss_con: -3.585
[GPU5] epochs: [18/800] train_loss_con: -3.599
[GPU5] epochs: [19/800] train_loss_con: -3.611
