environment: 
YAML: configs/byol.c10.yaml
==> SEED: 42
==> num_classes: 10
==> data_name: cifar10
==> data_params: {'algo': 'byol', 'data_dir': 'datasets/cifar10', 'batch_size': 512, 'num_workers': 3, 'image_size': 32}
==> return_logs: False
==> eval_every: 10
==> n_epochs: 800
==> n_epochs_mlp: 100
==> gpu_id: 1
==> opt: SGD
==> opt_params: {'lr': 0.4, 'momentum': 0.9, 'weight_decay': 1e-06}
==> schedular_params: {'T_max': 800, 'eta_min': 0.001}
==> mlp_opt: SGD
==> mlp_opt_params: {'lr': 0.01, 'momentum': 0.9}
==> model_params: {'model_name': 'resnet18', 'pretrained': False, 'proj_dim': 256, 'algo_type': 'byol', 'byol_hidden': 4096}
==> byol_pred_params: {'in_features': 256, 'hidden_dim': 4096, 'out_features': 256}
==> ema_tau: 0.996
==> mlp_type: hidden
==> loss: byol
==> distributed: False
==> train_algo: byol
--------------------------------------------------
===> using hiddin mlp
using optimizer: SGD
using optimizer: SGD
loss function: byol
Files already downloaded and verified
Files already downloaded and verified
Files already downloaded and verified
# of Training Images: 50000
# of Testing Images: 10000
### byol Training begins
[GPU1] epochs: [1/800] train_loss_con: -2.364
[GPU1] epochs: [2/800] train_loss_con: -2.907
[GPU1] epochs: [3/800] train_loss_con: -3.795
[GPU1] epochs: [4/800] train_loss_con: -3.810
[GPU1] epochs: [5/800] train_loss_con: -3.916
[GPU1] epochs: [6/800] train_loss_con: -3.902
[GPU1] epochs: [7/800] train_loss_con: -3.873
[GPU1] epochs: [8/800] train_loss_con: -3.314
[GPU1] epochs: [9/800] train_loss_con: -3.367
[GPU1] epochs: [10/800] train_loss_con: -3.459
[GPU1] epochs: [11/800] train_loss_con: -3.434
[GPU1] epochs: [12/800] train_loss_con: -3.443
[GPU1] epochs: [13/800] train_loss_con: -3.384
[GPU1] epochs: [14/800] train_loss_con: -3.331
[GPU1] epochs: [15/800] train_loss_con: -3.335
[GPU1] epochs: [16/800] train_loss_con: -3.247
[GPU1] epochs: [17/800] train_loss_con: -3.196
[GPU1] epochs: [18/800] train_loss_con: -3.182
[GPU1] epochs: [19/800] train_loss_con: -3.201
[GPU1] epochs: [20/800] train_loss_con: -3.135
[GPU1] epochs: [21/800] train_loss_con: -3.142
[GPU1] epochs: [22/800] train_loss_con: -3.064
[GPU1] epochs: [23/800] train_loss_con: -3.052
[GPU1] epochs: [24/800] train_loss_con: -3.066
[GPU1] epochs: [25/800] train_loss_con: -3.134
[GPU1] epochs: [26/800] train_loss_con: -3.158
[GPU1] epochs: [27/800] train_loss_con: -3.241
[GPU1] epochs: [28/800] train_loss_con: -3.298
[GPU1] epochs: [29/800] train_loss_con: -3.299
[GPU1] epochs: [30/800] train_loss_con: -3.295
[GPU1] epochs: [31/800] train_loss_con: -3.366
[GPU1] epochs: [32/800] train_loss_con: -3.383
[GPU1] epochs: [33/800] train_loss_con: -3.347
[GPU1] epochs: [34/800] train_loss_con: -3.370
[GPU1] epochs: [35/800] train_loss_con: -3.331
[GPU1] epochs: [36/800] train_loss_con: -3.330
[GPU1] epochs: [37/800] train_loss_con: -3.355
[GPU1] epochs: [38/800] train_loss_con: -3.348
[GPU1] epochs: [39/800] train_loss_con: -3.346
[GPU1] epochs: [40/800] train_loss_con: -3.363
[GPU1] epochs: [41/800] train_loss_con: -3.378
[GPU1] epochs: [42/800] train_loss_con: -3.371
[GPU1] epochs: [43/800] train_loss_con: -3.381
[GPU1] epochs: [44/800] train_loss_con: -3.386
[GPU1] epochs: [45/800] train_loss_con: -3.360
[GPU1] epochs: [46/800] train_loss_con: -3.354
[GPU1] epochs: [47/800] train_loss_con: -3.359
[GPU1] epochs: [48/800] train_loss_con: -3.360
[GPU1] epochs: [49/800] train_loss_con: -3.360
[GPU1] epochs: [50/800] train_loss_con: -3.367
[GPU1] epochs: [51/800] train_loss_con: -3.323
[GPU1] epochs: [52/800] train_loss_con: -3.357
[GPU1] epochs: [53/800] train_loss_con: -3.367
[GPU1] epochs: [54/800] train_loss_con: -3.380
[GPU1] epochs: [55/800] train_loss_con: -3.384
[GPU1] epochs: [56/800] train_loss_con: -3.387
[GPU1] epochs: [57/800] train_loss_con: -3.322
[GPU1] epochs: [58/800] train_loss_con: -3.099
[GPU1] epochs: [59/800] train_loss_con: -3.310
[GPU1] epochs: [60/800] train_loss_con: -3.252
[GPU1] epochs: [61/800] train_loss_con: -3.267
[GPU1] epochs: [62/800] train_loss_con: -3.334
[GPU1] epochs: [63/800] train_loss_con: -3.337
[GPU1] epochs: [64/800] train_loss_con: -3.358
[GPU1] epochs: [65/800] train_loss_con: -3.365
[GPU1] epochs: [66/800] train_loss_con: -3.368
[GPU1] epochs: [67/800] train_loss_con: -3.376
[GPU1] epochs: [68/800] train_loss_con: -3.342
[GPU1] epochs: [69/800] train_loss_con: -3.336
[GPU1] epochs: [70/800] train_loss_con: -3.353
[GPU1] epochs: [71/800] train_loss_con: -3.387
[GPU1] epochs: [72/800] train_loss_con: -3.378
[GPU1] epochs: [73/800] train_loss_con: -3.383
[GPU1] epochs: [74/800] train_loss_con: -3.393
[GPU1] epochs: [75/800] train_loss_con: -3.395
[GPU1] epochs: [76/800] train_loss_con: -3.386
[GPU1] epochs: [77/800] train_loss_con: -3.364
[GPU1] epochs: [78/800] train_loss_con: -3.371
[GPU1] epochs: [79/800] train_loss_con: -3.402
[GPU1] epochs: [80/800] train_loss_con: -3.397
[GPU1] epochs: [81/800] train_loss_con: -3.394
[GPU1] epochs: [82/800] train_loss_con: -3.379
[GPU1] epochs: [83/800] train_loss_con: -3.401
[GPU1] epochs: [84/800] train_loss_con: -3.402
[GPU1] epochs: [85/800] train_loss_con: -3.399
[GPU1] epochs: [86/800] train_loss_con: -3.408
[GPU1] epochs: [87/800] train_loss_con: -3.401
[GPU1] epochs: [88/800] train_loss_con: -3.410
[GPU1] epochs: [89/800] train_loss_con: -3.414
[GPU1] epochs: [90/800] train_loss_con: -3.422
[GPU1] epochs: [91/800] train_loss_con: -3.141
[GPU1] epochs: [92/800] train_loss_con: -3.310
[GPU1] epochs: [93/800] train_loss_con: -3.318
[GPU1] epochs: [94/800] train_loss_con: -3.235
[GPU1] epochs: [95/800] train_loss_con: -3.274
[GPU1] epochs: [96/800] train_loss_con: -3.286
[GPU1] epochs: [97/800] train_loss_con: -3.266
[GPU1] epochs: [98/800] train_loss_con: -3.293
[GPU1] epochs: [99/800] train_loss_con: -3.175
[GPU1] epochs: [100/800] train_loss_con: -3.440
[GPU1] epochs: [101/800] train_loss_con: -3.468
[GPU1] epochs: [102/800] train_loss_con: -3.493
[GPU1] epochs: [103/800] train_loss_con: -3.505
[GPU1] epochs: [104/800] train_loss_con: -3.514
[GPU1] epochs: [105/800] train_loss_con: -3.539
[GPU1] epochs: [106/800] train_loss_con: -3.552
[GPU1] epochs: [107/800] train_loss_con: -3.557
[GPU1] epochs: [108/800] train_loss_con: -3.549
[GPU1] epochs: [109/800] train_loss_con: -3.564
[GPU1] epochs: [110/800] train_loss_con: -3.567
[GPU1] epochs: [111/800] train_loss_con: -3.554
[GPU1] epochs: [112/800] train_loss_con: -3.551
[GPU1] epochs: [113/800] train_loss_con: -3.554
[GPU1] epochs: [114/800] train_loss_con: -3.543
[GPU1] epochs: [115/800] train_loss_con: -3.551
[GPU1] epochs: [116/800] train_loss_con: -3.540
[GPU1] epochs: [117/800] train_loss_con: -3.541
[GPU1] epochs: [118/800] train_loss_con: -3.524
[GPU1] epochs: [119/800] train_loss_con: -3.519
[GPU1] epochs: [120/800] train_loss_con: -3.514
[GPU1] epochs: [121/800] train_loss_con: -3.505
[GPU1] epochs: [122/800] train_loss_con: -3.504
[GPU1] epochs: [123/800] train_loss_con: -3.492
[GPU1] epochs: [124/800] train_loss_con: -3.493
[GPU1] epochs: [125/800] train_loss_con: -3.497
[GPU1] epochs: [126/800] train_loss_con: -3.501
[GPU1] epochs: [127/800] train_loss_con: -3.506
[GPU1] epochs: [128/800] train_loss_con: -3.509
[GPU1] epochs: [129/800] train_loss_con: -3.505
[GPU1] epochs: [130/800] train_loss_con: -3.508
[GPU1] epochs: [131/800] train_loss_con: -3.512
[GPU1] epochs: [132/800] train_loss_con: -3.508
[GPU1] epochs: [133/800] train_loss_con: -3.515
[GPU1] epochs: [134/800] train_loss_con: -3.520
[GPU1] epochs: [135/800] train_loss_con: -3.526
[GPU1] epochs: [136/800] train_loss_con: -3.525
[GPU1] epochs: [137/800] train_loss_con: -3.523
[GPU1] epochs: [138/800] train_loss_con: -3.517
[GPU1] epochs: [139/800] train_loss_con: -3.507
[GPU1] epochs: [140/800] train_loss_con: -3.515
[GPU1] epochs: [141/800] train_loss_con: -3.511
[GPU1] epochs: [142/800] train_loss_con: -3.430
[GPU1] epochs: [143/800] train_loss_con: -3.495
[GPU1] epochs: [144/800] train_loss_con: -3.480
[GPU1] epochs: [145/800] train_loss_con: -3.489
[GPU1] epochs: [146/800] train_loss_con: -3.494
[GPU1] epochs: [147/800] train_loss_con: -3.497
[GPU1] epochs: [148/800] train_loss_con: -3.509
[GPU1] epochs: [149/800] train_loss_con: -3.512
[GPU1] epochs: [150/800] train_loss_con: -3.510
[GPU1] epochs: [151/800] train_loss_con: -3.523
[GPU1] epochs: [152/800] train_loss_con: -3.520
[GPU1] epochs: [153/800] train_loss_con: -3.521
[GPU1] epochs: [154/800] train_loss_con: -3.525
[GPU1] epochs: [155/800] train_loss_con: -3.531
[GPU1] epochs: [156/800] train_loss_con: -3.529
[GPU1] epochs: [157/800] train_loss_con: -3.536
[GPU1] epochs: [158/800] train_loss_con: -3.536
[GPU1] epochs: [159/800] train_loss_con: -3.542
[GPU1] epochs: [160/800] train_loss_con: -3.530
[GPU1] epochs: [161/800] train_loss_con: -3.529
[GPU1] epochs: [162/800] train_loss_con: -3.530
[GPU1] epochs: [163/800] train_loss_con: -3.530
[GPU1] epochs: [164/800] train_loss_con: -3.524
[GPU1] epochs: [165/800] train_loss_con: -3.531
[GPU1] epochs: [166/800] train_loss_con: -3.525
[GPU1] epochs: [167/800] train_loss_con: -3.532
[GPU1] epochs: [168/800] train_loss_con: -3.522
[GPU1] epochs: [169/800] train_loss_con: -3.530
[GPU1] epochs: [170/800] train_loss_con: -3.522
[GPU1] epochs: [171/800] train_loss_con: -3.524
[GPU1] epochs: [172/800] train_loss_con: -3.514
[GPU1] epochs: [173/800] train_loss_con: -3.514
[GPU1] epochs: [174/800] train_loss_con: -3.508
[GPU1] epochs: [175/800] train_loss_con: -3.502
[GPU1] epochs: [176/800] train_loss_con: -3.491
[GPU1] epochs: [177/800] train_loss_con: -3.489
[GPU1] epochs: [178/800] train_loss_con: -3.491
[GPU1] epochs: [179/800] train_loss_con: -3.486
[GPU1] epochs: [180/800] train_loss_con: -3.484
[GPU1] epochs: [181/800] train_loss_con: -3.486
[GPU1] epochs: [182/800] train_loss_con: -3.494
[GPU1] epochs: [183/800] train_loss_con: -3.498
[GPU1] epochs: [184/800] train_loss_con: -3.507
[GPU1] epochs: [185/800] train_loss_con: -3.505
[GPU1] epochs: [186/800] train_loss_con: -3.504
[GPU1] epochs: [187/800] train_loss_con: -3.506
[GPU1] epochs: [188/800] train_loss_con: -3.512
[GPU1] epochs: [189/800] train_loss_con: -3.518
[GPU1] epochs: [190/800] train_loss_con: -3.515
[GPU1] epochs: [191/800] train_loss_con: -3.519
[GPU1] epochs: [192/800] train_loss_con: -3.521
[GPU1] epochs: [193/800] train_loss_con: -3.522
[GPU1] epochs: [194/800] train_loss_con: -3.526
[GPU1] epochs: [195/800] train_loss_con: -3.530
[GPU1] epochs: [196/800] train_loss_con: -3.530
[GPU1] epochs: [197/800] train_loss_con: -3.530
[GPU1] epochs: [198/800] train_loss_con: -3.530
[GPU1] epochs: [199/800] train_loss_con: -3.530
[GPU1] epochs: [200/800] train_loss_con: -3.533
[GPU1] epochs: [201/800] train_loss_con: -3.524
[GPU1] epochs: [202/800] train_loss_con: -3.527
[GPU1] epochs: [203/800] train_loss_con: -3.528
[GPU1] epochs: [204/800] train_loss_con: -3.528
[GPU1] epochs: [205/800] train_loss_con: -3.534
[GPU1] epochs: [206/800] train_loss_con: -3.532
[GPU1] epochs: [207/800] train_loss_con: -3.537
[GPU1] epochs: [208/800] train_loss_con: -3.540
[GPU1] epochs: [209/800] train_loss_con: -3.543
[GPU1] epochs: [210/800] train_loss_con: -3.545
[GPU1] epochs: [211/800] train_loss_con: -3.549
[GPU1] epochs: [212/800] train_loss_con: -3.552
[GPU1] epochs: [213/800] train_loss_con: -3.554
[GPU1] epochs: [214/800] train_loss_con: -3.560
[GPU1] epochs: [215/800] train_loss_con: -3.552
[GPU1] epochs: [216/800] train_loss_con: -3.566
[GPU1] epochs: [217/800] train_loss_con: -3.562
[GPU1] epochs: [218/800] train_loss_con: -3.562
[GPU1] epochs: [219/800] train_loss_con: -3.563
[GPU1] epochs: [220/800] train_loss_con: -3.566
[GPU1] epochs: [221/800] train_loss_con: -3.563
[GPU1] epochs: [222/800] train_loss_con: -3.567
[GPU1] epochs: [223/800] train_loss_con: -3.568
[GPU1] epochs: [224/800] train_loss_con: -3.565
[GPU1] epochs: [225/800] train_loss_con: -3.565
[GPU1] epochs: [226/800] train_loss_con: -3.561
[GPU1] epochs: [227/800] train_loss_con: -3.556
[GPU1] epochs: [228/800] train_loss_con: -3.558
[GPU1] epochs: [229/800] train_loss_con: -3.563
[GPU1] epochs: [230/800] train_loss_con: -3.564
[GPU1] epochs: [231/800] train_loss_con: -3.565
[GPU1] epochs: [232/800] train_loss_con: -3.563
[GPU1] epochs: [233/800] train_loss_con: -3.566
[GPU1] epochs: [234/800] train_loss_con: -3.567
[GPU1] epochs: [235/800] train_loss_con: -3.567
[GPU1] epochs: [236/800] train_loss_con: -3.576
[GPU1] epochs: [237/800] train_loss_con: -3.571
[GPU1] epochs: [238/800] train_loss_con: -3.569
[GPU1] epochs: [239/800] train_loss_con: -3.571
[GPU1] epochs: [240/800] train_loss_con: -3.571
[GPU1] epochs: [241/800] train_loss_con: -3.568
[GPU1] epochs: [242/800] train_loss_con: -3.565
[GPU1] epochs: [243/800] train_loss_con: -3.570
[GPU1] epochs: [244/800] train_loss_con: -3.567
[GPU1] epochs: [245/800] train_loss_con: -3.566
[GPU1] epochs: [246/800] train_loss_con: -3.565
[GPU1] epochs: [247/800] train_loss_con: -3.568
[GPU1] epochs: [248/800] train_loss_con: -3.572
[GPU1] epochs: [249/800] train_loss_con: -3.576
[GPU1] epochs: [250/800] train_loss_con: -3.573
[GPU1] epochs: [251/800] train_loss_con: -3.583
[GPU1] epochs: [252/800] train_loss_con: -3.580
[GPU1] epochs: [253/800] train_loss_con: -3.581
[GPU1] epochs: [254/800] train_loss_con: -3.577
[GPU1] epochs: [255/800] train_loss_con: -3.569
[GPU1] epochs: [256/800] train_loss_con: -3.564
[GPU1] epochs: [257/800] train_loss_con: -3.558
[GPU1] epochs: [258/800] train_loss_con: -3.566
[GPU1] epochs: [259/800] train_loss_con: -3.567
[GPU1] epochs: [260/800] train_loss_con: -3.565
[GPU1] epochs: [261/800] train_loss_con: -3.566
[GPU1] epochs: [262/800] train_loss_con: -3.573
[GPU1] epochs: [263/800] train_loss_con: -3.570
[GPU1] epochs: [264/800] train_loss_con: -3.578
[GPU1] epochs: [265/800] train_loss_con: -3.571
[GPU1] epochs: [266/800] train_loss_con: -3.576
[GPU1] epochs: [267/800] train_loss_con: -3.565
[GPU1] epochs: [268/800] train_loss_con: -3.569
[GPU1] epochs: [269/800] train_loss_con: -3.569
[GPU1] epochs: [270/800] train_loss_con: -3.542
[GPU1] epochs: [271/800] train_loss_con: -3.548
[GPU1] epochs: [272/800] train_loss_con: -3.557
[GPU1] epochs: [273/800] train_loss_con: -3.564
[GPU1] epochs: [274/800] train_loss_con: -3.570
[GPU1] epochs: [275/800] train_loss_con: -3.570
[GPU1] epochs: [276/800] train_loss_con: -3.570
[GPU1] epochs: [277/800] train_loss_con: -3.571
[GPU1] epochs: [278/800] train_loss_con: -3.572
[GPU1] epochs: [279/800] train_loss_con: -3.578
[GPU1] epochs: [280/800] train_loss_con: -3.576
[GPU1] epochs: [281/800] train_loss_con: -3.581
[GPU1] epochs: [282/800] train_loss_con: -3.582
[GPU1] epochs: [283/800] train_loss_con: -3.577
[GPU1] epochs: [284/800] train_loss_con: -3.573
[GPU1] epochs: [285/800] train_loss_con: -3.583
[GPU1] epochs: [286/800] train_loss_con: -3.580
[GPU1] epochs: [287/800] train_loss_con: -3.583
[GPU1] epochs: [288/800] train_loss_con: -3.587
[GPU1] epochs: [289/800] train_loss_con: -3.589
[GPU1] epochs: [290/800] train_loss_con: -3.588
[GPU1] epochs: [291/800] train_loss_con: -3.595
[GPU1] epochs: [292/800] train_loss_con: -3.597
[GPU1] epochs: [293/800] train_loss_con: -3.595
[GPU1] epochs: [294/800] train_loss_con: -3.593
[GPU1] epochs: [295/800] train_loss_con: -3.588
[GPU1] epochs: [296/800] train_loss_con: -3.595
[GPU1] epochs: [297/800] train_loss_con: -3.593
[GPU1] epochs: [298/800] train_loss_con: -3.597
[GPU1] epochs: [299/800] train_loss_con: -3.593
[GPU1] epochs: [300/800] train_loss_con: -3.594
[GPU1] epochs: [301/800] train_loss_con: -3.598
[GPU1] epochs: [302/800] train_loss_con: -3.596
[GPU1] epochs: [303/800] train_loss_con: -3.598
[GPU1] epochs: [304/800] train_loss_con: -3.597
[GPU1] epochs: [305/800] train_loss_con: -3.598
[GPU1] epochs: [306/800] train_loss_con: -3.596
[GPU1] epochs: [307/800] train_loss_con: -3.592
[GPU1] epochs: [308/800] train_loss_con: -3.594
[GPU1] epochs: [309/800] train_loss_con: -3.591
[GPU1] epochs: [310/800] train_loss_con: -3.594
[GPU1] epochs: [311/800] train_loss_con: -3.596
[GPU1] epochs: [312/800] train_loss_con: -3.594
[GPU1] epochs: [313/800] train_loss_con: -3.600
[GPU1] epochs: [314/800] train_loss_con: -3.590
[GPU1] epochs: [315/800] train_loss_con: -3.591
[GPU1] epochs: [316/800] train_loss_con: -3.591
[GPU1] epochs: [317/800] train_loss_con: -3.588
[GPU1] epochs: [318/800] train_loss_con: -3.589
[GPU1] epochs: [319/800] train_loss_con: -3.592
[GPU1] epochs: [320/800] train_loss_con: -3.592
[GPU1] epochs: [321/800] train_loss_con: -3.586
[GPU1] epochs: [322/800] train_loss_con: -3.586
[GPU1] epochs: [323/800] train_loss_con: -3.591
[GPU1] epochs: [324/800] train_loss_con: -3.588
[GPU1] epochs: [325/800] train_loss_con: -3.589
[GPU1] epochs: [326/800] train_loss_con: -3.593
[GPU1] epochs: [327/800] train_loss_con: -3.590
[GPU1] epochs: [328/800] train_loss_con: -3.596
[GPU1] epochs: [329/800] train_loss_con: -3.583
[GPU1] epochs: [330/800] train_loss_con: -3.587
[GPU1] epochs: [331/800] train_loss_con: -3.593
[GPU1] epochs: [332/800] train_loss_con: -3.596
[GPU1] epochs: [333/800] train_loss_con: -3.593
[GPU1] epochs: [334/800] train_loss_con: -3.594
[GPU1] epochs: [335/800] train_loss_con: -3.593
[GPU1] epochs: [336/800] train_loss_con: -3.594
[GPU1] epochs: [337/800] train_loss_con: -3.600
[GPU1] epochs: [338/800] train_loss_con: -3.598
[GPU1] epochs: [339/800] train_loss_con: -3.589
[GPU1] epochs: [340/800] train_loss_con: -3.585
[GPU1] epochs: [341/800] train_loss_con: -3.595
[GPU1] epochs: [342/800] train_loss_con: -3.603
[GPU1] epochs: [343/800] train_loss_con: -3.606
[GPU1] epochs: [344/800] train_loss_con: -3.600
[GPU1] epochs: [345/800] train_loss_con: -3.605
[GPU1] epochs: [346/800] train_loss_con: -3.595
[GPU1] epochs: [347/800] train_loss_con: -3.602
[GPU1] epochs: [348/800] train_loss_con: -3.591
[GPU1] epochs: [349/800] train_loss_con: -3.594
[GPU1] epochs: [350/800] train_loss_con: -3.597
[GPU1] epochs: [351/800] train_loss_con: -3.601
[GPU1] epochs: [352/800] train_loss_con: -3.603
[GPU1] epochs: [353/800] train_loss_con: -3.585
[GPU1] epochs: [354/800] train_loss_con: -3.537
[GPU1] epochs: [355/800] train_loss_con: -3.548
[GPU1] epochs: [356/800] train_loss_con: -3.567
[GPU1] epochs: [357/800] train_loss_con: -3.585
[GPU1] epochs: [358/800] train_loss_con: -3.596
[GPU1] epochs: [359/800] train_loss_con: -3.584
[GPU1] epochs: [360/800] train_loss_con: -3.532
[GPU1] epochs: [361/800] train_loss_con: -3.554
[GPU1] epochs: [362/800] train_loss_con: -3.553
[GPU1] epochs: [363/800] train_loss_con: -3.537
[GPU1] epochs: [364/800] train_loss_con: -3.533
[GPU1] epochs: [365/800] train_loss_con: -3.542
[GPU1] epochs: [366/800] train_loss_con: -3.420
[GPU1] epochs: [367/800] train_loss_con: -3.452
[GPU1] epochs: [368/800] train_loss_con: -3.494
[GPU1] epochs: [369/800] train_loss_con: -3.458
[GPU1] epochs: [370/800] train_loss_con: -3.524
[GPU1] epochs: [371/800] train_loss_con: -3.541
[GPU1] epochs: [372/800] train_loss_con: -3.555
[GPU1] epochs: [373/800] train_loss_con: -3.563
[GPU1] epochs: [374/800] train_loss_con: -3.575
[GPU1] epochs: [375/800] train_loss_con: -3.581
[GPU1] epochs: [376/800] train_loss_con: -3.585
[GPU1] epochs: [377/800] train_loss_con: -3.587
[GPU1] epochs: [378/800] train_loss_con: -3.590
[GPU1] epochs: [379/800] train_loss_con: -3.592
[GPU1] epochs: [380/800] train_loss_con: -3.589
[GPU1] epochs: [381/800] train_loss_con: -3.595
[GPU1] epochs: [382/800] train_loss_con: -3.598
[GPU1] epochs: [383/800] train_loss_con: -3.598
[GPU1] epochs: [384/800] train_loss_con: -3.598
[GPU1] epochs: [385/800] train_loss_con: -3.595
[GPU1] epochs: [386/800] train_loss_con: -3.580
[GPU1] epochs: [387/800] train_loss_con: -3.580
[GPU1] epochs: [388/800] train_loss_con: -3.594
[GPU1] epochs: [389/800] train_loss_con: -3.581
[GPU1] epochs: [390/800] train_loss_con: -3.592
[GPU1] epochs: [391/800] train_loss_con: -3.593
[GPU1] epochs: [392/800] train_loss_con: -3.600
[GPU1] epochs: [393/800] train_loss_con: -3.599
[GPU1] epochs: [394/800] train_loss_con: -3.588
[GPU1] epochs: [395/800] train_loss_con: -3.595
[GPU1] epochs: [396/800] train_loss_con: -3.601
[GPU1] epochs: [397/800] train_loss_con: -3.585
[GPU1] epochs: [398/800] train_loss_con: -3.582
[GPU1] epochs: [399/800] train_loss_con: -3.591
[GPU1] epochs: [400/800] train_loss_con: -3.603
[GPU1] epochs: [401/800] train_loss_con: -3.592
[GPU1] epochs: [402/800] train_loss_con: -3.590
[GPU1] epochs: [403/800] train_loss_con: -3.561
[GPU1] epochs: [404/800] train_loss_con: -3.582
[GPU1] epochs: [405/800] train_loss_con: -3.596
[GPU1] epochs: [406/800] train_loss_con: -3.571
[GPU1] epochs: [407/800] train_loss_con: -3.569
[GPU1] epochs: [408/800] train_loss_con: -3.512
[GPU1] epochs: [409/800] train_loss_con: -3.507
[GPU1] epochs: [410/800] train_loss_con: -3.566
[GPU1] epochs: [411/800] train_loss_con: -3.568
[GPU1] epochs: [412/800] train_loss_con: -3.565
[GPU1] epochs: [413/800] train_loss_con: -3.549
[GPU1] epochs: [414/800] train_loss_con: -3.550
[GPU1] epochs: [415/800] train_loss_con: -3.574
[GPU1] epochs: [416/800] train_loss_con: -3.586
[GPU1] epochs: [417/800] train_loss_con: -3.552
[GPU1] epochs: [418/800] train_loss_con: -3.582
[GPU1] epochs: [419/800] train_loss_con: -3.590
[GPU1] epochs: [420/800] train_loss_con: -3.601
[GPU1] epochs: [421/800] train_loss_con: -3.576
[GPU1] epochs: [422/800] train_loss_con: -3.590
[GPU1] epochs: [423/800] train_loss_con: -3.601
[GPU1] epochs: [424/800] train_loss_con: -3.606
[GPU1] epochs: [425/800] train_loss_con: -3.617
[GPU1] epochs: [426/800] train_loss_con: -3.613
[GPU1] epochs: [427/800] train_loss_con: -3.613
[GPU1] epochs: [428/800] train_loss_con: -3.618
[GPU1] epochs: [429/800] train_loss_con: -3.623
[GPU1] epochs: [430/800] train_loss_con: -3.618
[GPU1] epochs: [431/800] train_loss_con: -3.621
[GPU1] epochs: [432/800] train_loss_con: -3.600
[GPU1] epochs: [433/800] train_loss_con: -3.600
[GPU1] epochs: [434/800] train_loss_con: -3.586
[GPU1] epochs: [435/800] train_loss_con: -3.611
[GPU1] epochs: [436/800] train_loss_con: -3.624
[GPU1] epochs: [437/800] train_loss_con: -3.628
[GPU1] epochs: [438/800] train_loss_con: -3.623
[GPU1] epochs: [439/800] train_loss_con: -3.618
[GPU1] epochs: [440/800] train_loss_con: -3.608
[GPU1] epochs: [441/800] train_loss_con: -3.623
[GPU1] epochs: [442/800] train_loss_con: -3.629
[GPU1] epochs: [443/800] train_loss_con: -3.624
[GPU1] epochs: [444/800] train_loss_con: -3.625
[GPU1] epochs: [445/800] train_loss_con: -3.628
[GPU1] epochs: [446/800] train_loss_con: -3.633
[GPU1] epochs: [447/800] train_loss_con: -3.629
[GPU1] epochs: [448/800] train_loss_con: -3.637
[GPU1] epochs: [449/800] train_loss_con: -3.631
[GPU1] epochs: [450/800] train_loss_con: -3.634
[GPU1] epochs: [451/800] train_loss_con: -3.632
[GPU1] epochs: [452/800] train_loss_con: -3.618
[GPU1] epochs: [453/800] train_loss_con: -3.594
[GPU1] epochs: [454/800] train_loss_con: -3.620
[GPU1] epochs: [455/800] train_loss_con: -3.597
[GPU1] epochs: [456/800] train_loss_con: -3.594
[GPU1] epochs: [457/800] train_loss_con: -3.586
[GPU1] epochs: [458/800] train_loss_con: -3.568
[GPU1] epochs: [459/800] train_loss_con: -3.570
[GPU1] epochs: [460/800] train_loss_con: -3.605
[GPU1] epochs: [461/800] train_loss_con: -3.612
[GPU1] epochs: [462/800] train_loss_con: -3.617
[GPU1] epochs: [463/800] train_loss_con: -3.618
[GPU1] epochs: [464/800] train_loss_con: -3.624
[GPU1] epochs: [465/800] train_loss_con: -3.628
[GPU1] epochs: [466/800] train_loss_con: -3.634
[GPU1] epochs: [467/800] train_loss_con: -3.636
[GPU1] epochs: [468/800] train_loss_con: -3.639
[GPU1] epochs: [469/800] train_loss_con: -3.632
[GPU1] epochs: [470/800] train_loss_con: -3.645
[GPU1] epochs: [471/800] train_loss_con: -3.643
[GPU1] epochs: [472/800] train_loss_con: -3.642
[GPU1] epochs: [473/800] train_loss_con: -3.648
[GPU1] epochs: [474/800] train_loss_con: -3.648
[GPU1] epochs: [475/800] train_loss_con: -3.650
[GPU1] epochs: [476/800] train_loss_con: -3.644
[GPU1] epochs: [477/800] train_loss_con: -3.648
[GPU1] epochs: [478/800] train_loss_con: -3.648
[GPU1] epochs: [479/800] train_loss_con: -3.653
[GPU1] epochs: [480/800] train_loss_con: -3.647
[GPU1] epochs: [481/800] train_loss_con: -3.649
[GPU1] epochs: [482/800] train_loss_con: -3.654
[GPU1] epochs: [483/800] train_loss_con: -3.649
[GPU1] epochs: [484/800] train_loss_con: -3.637
[GPU1] epochs: [485/800] train_loss_con: -3.630
[GPU1] epochs: [486/800] train_loss_con: -3.645
[GPU1] epochs: [487/800] train_loss_con: -3.649
[GPU1] epochs: [488/800] train_loss_con: -3.645
[GPU1] epochs: [489/800] train_loss_con: -3.637
[GPU1] epochs: [490/800] train_loss_con: -3.643
[GPU1] epochs: [491/800] train_loss_con: -3.647
[GPU1] epochs: [492/800] train_loss_con: -3.654
[GPU1] epochs: [493/800] train_loss_con: -3.646
[GPU1] epochs: [494/800] train_loss_con: -3.647
[GPU1] epochs: [495/800] train_loss_con: -3.650
[GPU1] epochs: [496/800] train_loss_con: -3.643
[GPU1] epochs: [497/800] train_loss_con: -3.647
[GPU1] epochs: [498/800] train_loss_con: -3.649
[GPU1] epochs: [499/800] train_loss_con: -3.652
[GPU1] epochs: [500/800] train_loss_con: -3.648
[GPU1] epochs: [501/800] train_loss_con: -3.649
[GPU1] epochs: [502/800] train_loss_con: -3.648
[GPU1] epochs: [503/800] train_loss_con: -3.652
[GPU1] epochs: [504/800] train_loss_con: -3.651
[GPU1] epochs: [505/800] train_loss_con: -3.652
[GPU1] epochs: [506/800] train_loss_con: -3.655
[GPU1] epochs: [507/800] train_loss_con: -3.656
[GPU1] epochs: [508/800] train_loss_con: -3.657
[GPU1] epochs: [509/800] train_loss_con: -3.653
[GPU1] epochs: [510/800] train_loss_con: -3.655
[GPU1] epochs: [511/800] train_loss_con: -3.657
[GPU1] epochs: [512/800] train_loss_con: -3.654
[GPU1] epochs: [513/800] train_loss_con: -3.656
[GPU1] epochs: [514/800] train_loss_con: -3.657
[GPU1] epochs: [515/800] train_loss_con: -3.661
[GPU1] epochs: [516/800] train_loss_con: -3.660
[GPU1] epochs: [517/800] train_loss_con: -3.659
[GPU1] epochs: [518/800] train_loss_con: -3.660
[GPU1] epochs: [519/800] train_loss_con: -3.662
[GPU1] epochs: [520/800] train_loss_con: -3.664
[GPU1] epochs: [521/800] train_loss_con: -3.659
[GPU1] epochs: [522/800] train_loss_con: -3.655
[GPU1] epochs: [523/800] train_loss_con: -3.666
[GPU1] epochs: [524/800] train_loss_con: -3.659
[GPU1] epochs: [525/800] train_loss_con: -3.652
[GPU1] epochs: [526/800] train_loss_con: -3.649
[GPU1] epochs: [527/800] train_loss_con: -3.661
[GPU1] epochs: [528/800] train_loss_con: -3.658
[GPU1] epochs: [529/800] train_loss_con: -3.659
[GPU1] epochs: [530/800] train_loss_con: -3.661
[GPU1] epochs: [531/800] train_loss_con: -3.663
[GPU1] epochs: [532/800] train_loss_con: -3.664
[GPU1] epochs: [533/800] train_loss_con: -3.663
[GPU1] epochs: [534/800] train_loss_con: -3.661
[GPU1] epochs: [535/800] train_loss_con: -3.652
[GPU1] epochs: [536/800] train_loss_con: -3.660
[GPU1] epochs: [537/800] train_loss_con: -3.665
[GPU1] epochs: [538/800] train_loss_con: -3.663
[GPU1] epochs: [539/800] train_loss_con: -3.659
[GPU1] epochs: [540/800] train_loss_con: -3.660
[GPU1] epochs: [541/800] train_loss_con: -3.667
[GPU1] epochs: [542/800] train_loss_con: -3.667
[GPU1] epochs: [543/800] train_loss_con: -3.670
[GPU1] epochs: [544/800] train_loss_con: -3.665
[GPU1] epochs: [545/800] train_loss_con: -3.670
[GPU1] epochs: [546/800] train_loss_con: -3.669
[GPU1] epochs: [547/800] train_loss_con: -3.667
[GPU1] epochs: [548/800] train_loss_con: -3.667
[GPU1] epochs: [549/800] train_loss_con: -3.671
[GPU1] epochs: [550/800] train_loss_con: -3.669
[GPU1] epochs: [551/800] train_loss_con: -3.674
[GPU1] epochs: [552/800] train_loss_con: -3.669
[GPU1] epochs: [553/800] train_loss_con: -3.670
[GPU1] epochs: [554/800] train_loss_con: -3.673
[GPU1] epochs: [555/800] train_loss_con: -3.676
[GPU1] epochs: [556/800] train_loss_con: -3.667
[GPU1] epochs: [557/800] train_loss_con: -3.669
[GPU1] epochs: [558/800] train_loss_con: -3.672
[GPU1] epochs: [559/800] train_loss_con: -3.674
[GPU1] epochs: [560/800] train_loss_con: -3.675
[GPU1] epochs: [561/800] train_loss_con: -3.672
[GPU1] epochs: [562/800] train_loss_con: -3.672
[GPU1] epochs: [563/800] train_loss_con: -3.674
[GPU1] epochs: [564/800] train_loss_con: -3.676
[GPU1] epochs: [565/800] train_loss_con: -3.676
[GPU1] epochs: [566/800] train_loss_con: -3.672
[GPU1] epochs: [567/800] train_loss_con: -3.682
[GPU1] epochs: [568/800] train_loss_con: -3.672
[GPU1] epochs: [569/800] train_loss_con: -3.680
[GPU1] epochs: [570/800] train_loss_con: -3.674
[GPU1] epochs: [571/800] train_loss_con: -3.681
[GPU1] epochs: [572/800] train_loss_con: -3.677
[GPU1] epochs: [573/800] train_loss_con: -3.680
[GPU1] epochs: [574/800] train_loss_con: -3.672
[GPU1] epochs: [575/800] train_loss_con: -3.681
[GPU1] epochs: [576/800] train_loss_con: -3.678
[GPU1] epochs: [577/800] train_loss_con: -3.677
[GPU1] epochs: [578/800] train_loss_con: -3.678
[GPU1] epochs: [579/800] train_loss_con: -3.681
[GPU1] epochs: [580/800] train_loss_con: -3.676
[GPU1] epochs: [581/800] train_loss_con: -3.678
[GPU1] epochs: [582/800] train_loss_con: -3.680
[GPU1] epochs: [583/800] train_loss_con: -3.677
[GPU1] epochs: [584/800] train_loss_con: -3.679
[GPU1] epochs: [585/800] train_loss_con: -3.683
[GPU1] epochs: [586/800] train_loss_con: -3.685
[GPU1] epochs: [587/800] train_loss_con: -3.681
[GPU1] epochs: [588/800] train_loss_con: -3.678
[GPU1] epochs: [589/800] train_loss_con: -3.681
[GPU1] epochs: [590/800] train_loss_con: -3.682
[GPU1] epochs: [591/800] train_loss_con: -3.681
[GPU1] epochs: [592/800] train_loss_con: -3.685
[GPU1] epochs: [593/800] train_loss_con: -3.682
[GPU1] epochs: [594/800] train_loss_con: -3.686
[GPU1] epochs: [595/800] train_loss_con: -3.684
[GPU1] epochs: [596/800] train_loss_con: -3.687
[GPU1] epochs: [597/800] train_loss_con: -3.686
[GPU1] epochs: [598/800] train_loss_con: -3.685
[GPU1] epochs: [599/800] train_loss_con: -3.683
[GPU1] epochs: [600/800] train_loss_con: -3.683
[GPU1] epochs: [601/800] train_loss_con: -3.686
[GPU1] epochs: [602/800] train_loss_con: -3.685
[GPU1] epochs: [603/800] train_loss_con: -3.685
[GPU1] epochs: [604/800] train_loss_con: -3.686
[GPU1] epochs: [605/800] train_loss_con: -3.681
[GPU1] epochs: [606/800] train_loss_con: -3.683
[GPU1] epochs: [607/800] train_loss_con: -3.684
[GPU1] epochs: [608/800] train_loss_con: -3.683
[GPU1] epochs: [609/800] train_loss_con: -3.684
[GPU1] epochs: [610/800] train_loss_con: -3.685
[GPU1] epochs: [611/800] train_loss_con: -3.689
[GPU1] epochs: [612/800] train_loss_con: -3.690
[GPU1] epochs: [613/800] train_loss_con: -3.676
[GPU1] epochs: [614/800] train_loss_con: -3.681
[GPU1] epochs: [615/800] train_loss_con: -3.681
[GPU1] epochs: [616/800] train_loss_con: -3.682
[GPU1] epochs: [617/800] train_loss_con: -3.684
[GPU1] epochs: [618/800] train_loss_con: -3.684
[GPU1] epochs: [619/800] train_loss_con: -3.692
[GPU1] epochs: [620/800] train_loss_con: -3.687
[GPU1] epochs: [621/800] train_loss_con: -3.685
[GPU1] epochs: [622/800] train_loss_con: -3.683
[GPU1] epochs: [623/800] train_loss_con: -3.690
[GPU1] epochs: [624/800] train_loss_con: -3.691
[GPU1] epochs: [625/800] train_loss_con: -3.688
[GPU1] epochs: [626/800] train_loss_con: -3.686
[GPU1] epochs: [627/800] train_loss_con: -3.686
[GPU1] epochs: [628/800] train_loss_con: -3.685
[GPU1] epochs: [629/800] train_loss_con: -3.690
[GPU1] epochs: [630/800] train_loss_con: -3.688
[GPU1] epochs: [631/800] train_loss_con: -3.688
[GPU1] epochs: [632/800] train_loss_con: -3.685
[GPU1] epochs: [633/800] train_loss_con: -3.690
[GPU1] epochs: [634/800] train_loss_con: -3.693
[GPU1] epochs: [635/800] train_loss_con: -3.689
[GPU1] epochs: [636/800] train_loss_con: -3.691
[GPU1] epochs: [637/800] train_loss_con: -3.659
[GPU1] epochs: [638/800] train_loss_con: -3.688
[GPU1] epochs: [639/800] train_loss_con: -3.686
[GPU1] epochs: [640/800] train_loss_con: -3.682
