environment: 
YAML: --config
==> SEED: 42
==> num_classes: 10
==> data_name: cifar10
==> data_params: {'algo': 'byol', 'data_dir': 'datasets/cifar10', 'batch_size': 512, 'num_workers': 3, 'image_size': 32}
==> return_logs: False
==> eval_every: 10
==> n_epochs: 350
==> n_epochs_mlp: 100
==> gpu_id: 3
==> opt: SGD
==> opt_params: {'lr': 0.4, 'momentum': 0.9, 'weight_decay': 1e-06}
==> schedular_params: {'T_max': 350, 'eta_min': 0.001}
==> mlp_opt: SGD
==> mlp_opt_params: {'lr': 0.01, 'momentum': 0.9}
==> model_params: {'model_name': 'resnet50', 'pretrained': False, 'proj_dim': 256, 'algo_type': 'byol', 'byol_hidden': 4096}
==> byol_pred_params: {'in_features': 256, 'hidden_dim': 4096, 'out_features': 256}
==> ema_tau: 0.996
==> mlp_type: hidden
==> loss: byol
==> distributed: False
==> train_algo: byol
==> model_save_path: saved_models/byol.c10.r50.e350.pth
==> config: configs/byol.c10.yaml
--------------------------------------------------
===> using hiddin mlp
using optimizer: SGD
using optimizer: SGD
loss function: byol
# of Training Images: 50000
# of Testing Images: 10000
### byol Training begins
[GPU3] epochs: [1/350] train_loss_con: -2.491
[GPU3] epochs: [2/350] train_loss_con: -3.219
[GPU3] epochs: [3/350] train_loss_con: -3.942
[GPU3] epochs: [4/350] train_loss_con: -3.936
[GPU3] epochs: [5/350] train_loss_con: -3.922
[GPU3] epochs: [6/350] train_loss_con: -3.913
[GPU3] epochs: [7/350] train_loss_con: -3.762
[GPU3] epochs: [8/350] train_loss_con: -3.672
[GPU3] epochs: [9/350] train_loss_con: -3.656
[GPU3] epochs: [10/350] train_loss_con: -3.735
[GPU3] epochs: [11/350] train_loss_con: -3.632
[GPU3] epochs: [12/350] train_loss_con: -3.661
[GPU3] epochs: [13/350] train_loss_con: -3.676
[GPU3] epochs: [14/350] train_loss_con: -3.683
[GPU3] epochs: [15/350] train_loss_con: -3.565
[GPU3] epochs: [16/350] train_loss_con: -3.641
[GPU3] epochs: [17/350] train_loss_con: -3.660
[GPU3] epochs: [18/350] train_loss_con: -3.616
[GPU3] epochs: [19/350] train_loss_con: -3.706
[GPU3] epochs: [20/350] train_loss_con: -3.681
[GPU3] epochs: [21/350] train_loss_con: -3.725
[GPU3] epochs: [22/350] train_loss_con: -3.687
[GPU3] epochs: [23/350] train_loss_con: -3.680
[GPU3] epochs: [24/350] train_loss_con: -3.701
[GPU3] epochs: [25/350] train_loss_con: -3.659
[GPU3] epochs: [26/350] train_loss_con: -3.745
[GPU3] epochs: [27/350] train_loss_con: -3.719
[GPU3] epochs: [28/350] train_loss_con: -3.708
[GPU3] epochs: [29/350] train_loss_con: -3.750
[GPU3] epochs: [30/350] train_loss_con: -3.699
[GPU3] epochs: [31/350] train_loss_con: -3.693
[GPU3] epochs: [32/350] train_loss_con: -3.641
[GPU3] epochs: [33/350] train_loss_con: -3.587
[GPU3] epochs: [34/350] train_loss_con: -3.595
[GPU3] epochs: [35/350] train_loss_con: -3.618
[GPU3] epochs: [36/350] train_loss_con: -3.626
[GPU3] epochs: [37/350] train_loss_con: -3.619
[GPU3] epochs: [38/350] train_loss_con: -3.620
[GPU3] epochs: [39/350] train_loss_con: -3.624
[GPU3] epochs: [40/350] train_loss_con: -3.634
[GPU3] epochs: [41/350] train_loss_con: -3.628
[GPU3] epochs: [42/350] train_loss_con: -3.627
[GPU3] epochs: [43/350] train_loss_con: -3.631
[GPU3] epochs: [44/350] train_loss_con: -3.643
[GPU3] epochs: [45/350] train_loss_con: -3.639
[GPU3] epochs: [46/350] train_loss_con: -3.652
[GPU3] epochs: [47/350] train_loss_con: -3.661
[GPU3] epochs: [48/350] train_loss_con: -3.670
[GPU3] epochs: [49/350] train_loss_con: -3.648
[GPU3] epochs: [50/350] train_loss_con: -3.663
[GPU3] epochs: [51/350] train_loss_con: -3.674
[GPU3] epochs: [52/350] train_loss_con: -3.682
[GPU3] epochs: [53/350] train_loss_con: -3.670
[GPU3] epochs: [54/350] train_loss_con: -3.688
[GPU3] epochs: [55/350] train_loss_con: -3.697
[GPU3] epochs: [56/350] train_loss_con: -3.705
[GPU3] epochs: [57/350] train_loss_con: -3.694
[GPU3] epochs: [58/350] train_loss_con: -3.689
[GPU3] epochs: [59/350] train_loss_con: -3.698
[GPU3] epochs: [60/350] train_loss_con: -3.719
[GPU3] epochs: [61/350] train_loss_con: -3.709
[GPU3] epochs: [62/350] train_loss_con: -3.694
[GPU3] epochs: [63/350] train_loss_con: -3.699
[GPU3] epochs: [64/350] train_loss_con: -3.729
[GPU3] epochs: [65/350] train_loss_con: -3.704
[GPU3] epochs: [66/350] train_loss_con: -3.706
[GPU3] epochs: [67/350] train_loss_con: -3.719
[GPU3] epochs: [68/350] train_loss_con: -3.723
[GPU3] epochs: [69/350] train_loss_con: -3.709
[GPU3] epochs: [70/350] train_loss_con: -3.709
[GPU3] epochs: [71/350] train_loss_con: -3.692
[GPU3] epochs: [72/350] train_loss_con: -3.693
[GPU3] epochs: [73/350] train_loss_con: -3.687
[GPU3] epochs: [74/350] train_loss_con: -3.673
[GPU3] epochs: [75/350] train_loss_con: -3.689
[GPU3] epochs: [76/350] train_loss_con: -3.700
[GPU3] epochs: [77/350] train_loss_con: -3.696
[GPU3] epochs: [78/350] train_loss_con: -3.696
[GPU3] epochs: [79/350] train_loss_con: -3.690
[GPU3] epochs: [80/350] train_loss_con: -3.698
[GPU3] epochs: [81/350] train_loss_con: -3.694
[GPU3] epochs: [82/350] train_loss_con: -3.706
[GPU3] epochs: [83/350] train_loss_con: -3.712
[GPU3] epochs: [84/350] train_loss_con: -3.693
[GPU3] epochs: [85/350] train_loss_con: -3.696
[GPU3] epochs: [86/350] train_loss_con: -3.690
[GPU3] epochs: [87/350] train_loss_con: -3.680
[GPU3] epochs: [88/350] train_loss_con: -3.719
[GPU3] epochs: [89/350] train_loss_con: -3.732
[GPU3] epochs: [90/350] train_loss_con: -3.713
[GPU3] epochs: [91/350] train_loss_con: -3.713
[GPU3] epochs: [92/350] train_loss_con: -3.711
[GPU3] epochs: [93/350] train_loss_con: -3.673
[GPU3] epochs: [94/350] train_loss_con: -3.695
[GPU3] epochs: [95/350] train_loss_con: -3.705
[GPU3] epochs: [96/350] train_loss_con: -3.703
[GPU3] epochs: [97/350] train_loss_con: -3.690
[GPU3] epochs: [98/350] train_loss_con: -3.713
[GPU3] epochs: [99/350] train_loss_con: -3.718
[GPU3] epochs: [100/350] train_loss_con: -3.726
[GPU3] epochs: [101/350] train_loss_con: -3.718
[GPU3] epochs: [102/350] train_loss_con: -3.718
[GPU3] epochs: [103/350] train_loss_con: -3.720
[GPU3] epochs: [104/350] train_loss_con: -3.715
[GPU3] epochs: [105/350] train_loss_con: -3.706
[GPU3] epochs: [106/350] train_loss_con: -3.713
[GPU3] epochs: [107/350] train_loss_con: -3.716
[GPU3] epochs: [108/350] train_loss_con: -3.722
[GPU3] epochs: [109/350] train_loss_con: -3.721
[GPU3] epochs: [110/350] train_loss_con: -3.709
[GPU3] epochs: [111/350] train_loss_con: -3.709
[GPU3] epochs: [112/350] train_loss_con: -3.697
[GPU3] epochs: [113/350] train_loss_con: -3.715
[GPU3] epochs: [114/350] train_loss_con: -3.722
[GPU3] epochs: [115/350] train_loss_con: -3.733
[GPU3] epochs: [116/350] train_loss_con: -3.734
[GPU3] epochs: [117/350] train_loss_con: -3.718
[GPU3] epochs: [118/350] train_loss_con: -3.704
[GPU3] epochs: [119/350] train_loss_con: -3.706
[GPU3] epochs: [120/350] train_loss_con: -3.704
[GPU3] epochs: [121/350] train_loss_con: -3.703
[GPU3] epochs: [122/350] train_loss_con: -3.726
[GPU3] epochs: [123/350] train_loss_con: -3.712
[GPU3] epochs: [124/350] train_loss_con: -3.712
[GPU3] epochs: [125/350] train_loss_con: -3.714
[GPU3] epochs: [126/350] train_loss_con: -3.711
[GPU3] epochs: [127/350] train_loss_con: -3.714
[GPU3] epochs: [128/350] train_loss_con: -3.717
[GPU3] epochs: [129/350] train_loss_con: -3.725
[GPU3] epochs: [130/350] train_loss_con: -3.725
[GPU3] epochs: [131/350] train_loss_con: -3.722
[GPU3] epochs: [132/350] train_loss_con: -3.717
[GPU3] epochs: [133/350] train_loss_con: -3.720
[GPU3] epochs: [134/350] train_loss_con: -3.718
[GPU3] epochs: [135/350] train_loss_con: -3.720
[GPU3] epochs: [136/350] train_loss_con: -3.732
[GPU3] epochs: [137/350] train_loss_con: -3.737
[GPU3] epochs: [138/350] train_loss_con: -3.732
[GPU3] epochs: [139/350] train_loss_con: -3.724
[GPU3] epochs: [140/350] train_loss_con: -3.721
[GPU3] epochs: [141/350] train_loss_con: -3.722
[GPU3] epochs: [142/350] train_loss_con: -3.723
[GPU3] epochs: [143/350] train_loss_con: -3.724
[GPU3] epochs: [144/350] train_loss_con: -3.719
[GPU3] epochs: [145/350] train_loss_con: -3.712
[GPU3] epochs: [146/350] train_loss_con: -3.700
[GPU3] epochs: [147/350] train_loss_con: -3.709
[GPU3] epochs: [148/350] train_loss_con: -3.706
[GPU3] epochs: [149/350] train_loss_con: -3.714
[GPU3] epochs: [150/350] train_loss_con: -3.710
[GPU3] epochs: [151/350] train_loss_con: -3.702
[GPU3] epochs: [152/350] train_loss_con: -3.706
[GPU3] epochs: [153/350] train_loss_con: -3.710
[GPU3] epochs: [154/350] train_loss_con: -3.705
[GPU3] epochs: [155/350] train_loss_con: -3.691
[GPU3] epochs: [156/350] train_loss_con: -3.691
[GPU3] epochs: [157/350] train_loss_con: -3.694
[GPU3] epochs: [158/350] train_loss_con: -3.705
[GPU3] epochs: [159/350] train_loss_con: -3.704
[GPU3] epochs: [160/350] train_loss_con: -3.700
[GPU3] epochs: [161/350] train_loss_con: -3.706
[GPU3] epochs: [162/350] train_loss_con: -3.700
[GPU3] epochs: [163/350] train_loss_con: -3.698
[GPU3] epochs: [164/350] train_loss_con: -3.701
[GPU3] epochs: [165/350] train_loss_con: -3.703
[GPU3] epochs: [166/350] train_loss_con: -3.708
[GPU3] epochs: [167/350] train_loss_con: -3.697
[GPU3] epochs: [168/350] train_loss_con: -3.692
[GPU3] epochs: [169/350] train_loss_con: -3.679
[GPU3] epochs: [170/350] train_loss_con: -3.680
[GPU3] epochs: [171/350] train_loss_con: -3.673
[GPU3] epochs: [172/350] train_loss_con: -3.691
[GPU3] epochs: [173/350] train_loss_con: -3.686
[GPU3] epochs: [174/350] train_loss_con: -3.685
[GPU3] epochs: [175/350] train_loss_con: -3.679
[GPU3] epochs: [176/350] train_loss_con: -3.677
[GPU3] epochs: [177/350] train_loss_con: -3.689
[GPU3] epochs: [178/350] train_loss_con: -3.692
[GPU3] epochs: [179/350] train_loss_con: -3.696
[GPU3] epochs: [180/350] train_loss_con: -3.698
[GPU3] epochs: [181/350] train_loss_con: -3.697
[GPU3] epochs: [182/350] train_loss_con: -3.702
[GPU3] epochs: [183/350] train_loss_con: -3.702
[GPU3] epochs: [184/350] train_loss_con: -3.705
[GPU3] epochs: [185/350] train_loss_con: -3.716
[GPU3] epochs: [186/350] train_loss_con: -3.718
[GPU3] epochs: [187/350] train_loss_con: -3.723
[GPU3] epochs: [188/350] train_loss_con: -3.719
[GPU3] epochs: [189/350] train_loss_con: -3.718
[GPU3] epochs: [190/350] train_loss_con: -3.737
[GPU3] epochs: [191/350] train_loss_con: -3.732
[GPU3] epochs: [192/350] train_loss_con: -3.734
[GPU3] epochs: [193/350] train_loss_con: -3.727
[GPU3] epochs: [194/350] train_loss_con: -3.738
[GPU3] epochs: [195/350] train_loss_con: -3.738
[GPU3] epochs: [196/350] train_loss_con: -3.742
[GPU3] epochs: [197/350] train_loss_con: -3.745
[GPU3] epochs: [198/350] train_loss_con: -3.746
[GPU3] epochs: [199/350] train_loss_con: -3.754
[GPU3] epochs: [200/350] train_loss_con: -3.752
[GPU3] epochs: [201/350] train_loss_con: -3.749
[GPU3] epochs: [202/350] train_loss_con: -3.749
[GPU3] epochs: [203/350] train_loss_con: -3.757
[GPU3] epochs: [204/350] train_loss_con: -3.760
[GPU3] epochs: [205/350] train_loss_con: -3.759
[GPU3] epochs: [206/350] train_loss_con: -3.763
[GPU3] epochs: [207/350] train_loss_con: -3.759
[GPU3] epochs: [208/350] train_loss_con: -3.757
[GPU3] epochs: [209/350] train_loss_con: -3.763
[GPU3] epochs: [210/350] train_loss_con: -3.764
[GPU3] epochs: [211/350] train_loss_con: -3.762
[GPU3] epochs: [212/350] train_loss_con: -3.760
[GPU3] epochs: [213/350] train_loss_con: -3.762
[GPU3] epochs: [214/350] train_loss_con: -3.767
[GPU3] epochs: [215/350] train_loss_con: -3.772
[GPU3] epochs: [216/350] train_loss_con: -3.769
[GPU3] epochs: [217/350] train_loss_con: -3.769
[GPU3] epochs: [218/350] train_loss_con: -3.750
[GPU3] epochs: [219/350] train_loss_con: -3.633
[GPU3] epochs: [220/350] train_loss_con: -3.681
[GPU3] epochs: [221/350] train_loss_con: -3.690
[GPU3] epochs: [222/350] train_loss_con: -3.694
[GPU3] epochs: [223/350] train_loss_con: -3.718
[GPU3] epochs: [224/350] train_loss_con: -3.723
[GPU3] epochs: [225/350] train_loss_con: -3.720
[GPU3] epochs: [226/350] train_loss_con: -3.719
[GPU3] epochs: [227/350] train_loss_con: -3.684
[GPU3] epochs: [228/350] train_loss_con: -3.698
[GPU3] epochs: [229/350] train_loss_con: -3.703
[GPU3] epochs: [230/350] train_loss_con: -3.717
[GPU3] epochs: [231/350] train_loss_con: -3.715
[GPU3] epochs: [232/350] train_loss_con: -3.719
[GPU3] epochs: [233/350] train_loss_con: -3.729
[GPU3] epochs: [234/350] train_loss_con: -3.737
[GPU3] epochs: [235/350] train_loss_con: -3.720
[GPU3] epochs: [236/350] train_loss_con: -3.719
[GPU3] epochs: [237/350] train_loss_con: -3.731
[GPU3] epochs: [238/350] train_loss_con: -3.744
[GPU3] epochs: [239/350] train_loss_con: -3.734
[GPU3] epochs: [240/350] train_loss_con: -3.718
[GPU3] epochs: [241/350] train_loss_con: -3.737
[GPU3] epochs: [242/350] train_loss_con: -3.746
[GPU3] epochs: [243/350] train_loss_con: -3.752
[GPU3] epochs: [244/350] train_loss_con: -3.751
[GPU3] epochs: [245/350] train_loss_con: -3.755
[GPU3] epochs: [246/350] train_loss_con: -3.756
[GPU3] epochs: [247/350] train_loss_con: -3.751
[GPU3] epochs: [248/350] train_loss_con: -3.752
[GPU3] epochs: [249/350] train_loss_con: -3.758
[GPU3] epochs: [250/350] train_loss_con: -3.759
[GPU3] epochs: [251/350] train_loss_con: -3.761
[GPU3] epochs: [252/350] train_loss_con: -3.764
[GPU3] epochs: [253/350] train_loss_con: -3.767
[GPU3] epochs: [254/350] train_loss_con: -3.728
[GPU3] epochs: [255/350] train_loss_con: -3.741
[GPU3] epochs: [256/350] train_loss_con: -3.749
[GPU3] epochs: [257/350] train_loss_con: -3.754
[GPU3] epochs: [258/350] train_loss_con: -3.749
[GPU3] epochs: [259/350] train_loss_con: -3.742
[GPU3] epochs: [260/350] train_loss_con: -3.736
[GPU3] epochs: [261/350] train_loss_con: -3.751
[GPU3] epochs: [262/350] train_loss_con: -3.744
[GPU3] epochs: [263/350] train_loss_con: -3.736
[GPU3] epochs: [264/350] train_loss_con: -3.727
[GPU3] epochs: [265/350] train_loss_con: -3.744
[GPU3] epochs: [266/350] train_loss_con: -3.739
[GPU3] epochs: [267/350] train_loss_con: -3.740
[GPU3] epochs: [268/350] train_loss_con: -3.730
[GPU3] epochs: [269/350] train_loss_con: -3.716
[GPU3] epochs: [270/350] train_loss_con: -3.734
[GPU3] epochs: [271/350] train_loss_con: -3.746
[GPU3] epochs: [272/350] train_loss_con: -3.735
[GPU3] epochs: [273/350] train_loss_con: -3.741
[GPU3] epochs: [274/350] train_loss_con: -3.748
[GPU3] epochs: [275/350] train_loss_con: -3.746
[GPU3] epochs: [276/350] train_loss_con: -3.749
[GPU3] epochs: [277/350] train_loss_con: -3.751
[GPU3] epochs: [278/350] train_loss_con: -3.755
[GPU3] epochs: [279/350] train_loss_con: -3.755
[GPU3] epochs: [280/350] train_loss_con: -3.736
[GPU3] epochs: [281/350] train_loss_con: -3.761
[GPU3] epochs: [282/350] train_loss_con: -3.756
[GPU3] epochs: [283/350] train_loss_con: -3.767
[GPU3] epochs: [284/350] train_loss_con: -3.772
[GPU3] epochs: [285/350] train_loss_con: -3.775
[GPU3] epochs: [286/350] train_loss_con: -3.778
[GPU3] epochs: [287/350] train_loss_con: -3.777
[GPU3] epochs: [288/350] train_loss_con: -3.775
[GPU3] epochs: [289/350] train_loss_con: -3.776
[GPU3] epochs: [290/350] train_loss_con: -3.775
[GPU3] epochs: [291/350] train_loss_con: -3.763
[GPU3] epochs: [292/350] train_loss_con: -3.770
[GPU3] epochs: [293/350] train_loss_con: -3.770
[GPU3] epochs: [294/350] train_loss_con: -3.776
[GPU3] epochs: [295/350] train_loss_con: -3.765
[GPU3] epochs: [296/350] train_loss_con: -3.769
[GPU3] epochs: [297/350] train_loss_con: -3.777
[GPU3] epochs: [298/350] train_loss_con: -3.776
[GPU3] epochs: [299/350] train_loss_con: -3.782
[GPU3] epochs: [300/350] train_loss_con: -3.781
[GPU3] epochs: [301/350] train_loss_con: -3.781
[GPU3] epochs: [302/350] train_loss_con: -3.784
[GPU3] epochs: [303/350] train_loss_con: -3.786
[GPU3] epochs: [304/350] train_loss_con: -3.786
[GPU3] epochs: [305/350] train_loss_con: -3.788
[GPU3] epochs: [306/350] train_loss_con: -3.787
[GPU3] epochs: [307/350] train_loss_con: -3.787
[GPU3] epochs: [308/350] train_loss_con: -3.786
[GPU3] epochs: [309/350] train_loss_con: -3.785
[GPU3] epochs: [310/350] train_loss_con: -3.786
[GPU3] epochs: [311/350] train_loss_con: -3.788
[GPU3] epochs: [312/350] train_loss_con: -3.789
[GPU3] epochs: [313/350] train_loss_con: -3.786
[GPU3] epochs: [314/350] train_loss_con: -3.791
[GPU3] epochs: [315/350] train_loss_con: -3.789
[GPU3] epochs: [316/350] train_loss_con: -3.791
[GPU3] epochs: [317/350] train_loss_con: -3.789
[GPU3] epochs: [318/350] train_loss_con: -3.790
[GPU3] epochs: [319/350] train_loss_con: -3.788
[GPU3] epochs: [320/350] train_loss_con: -3.792
[GPU3] epochs: [321/350] train_loss_con: -3.790
[GPU3] epochs: [322/350] train_loss_con: -3.793
[GPU3] epochs: [323/350] train_loss_con: -3.791
[GPU3] epochs: [324/350] train_loss_con: -3.791
[GPU3] epochs: [325/350] train_loss_con: -3.791
[GPU3] epochs: [326/350] train_loss_con: -3.790
[GPU3] epochs: [327/350] train_loss_con: -3.792
[GPU3] epochs: [328/350] train_loss_con: -3.790
[GPU3] epochs: [329/350] train_loss_con: -3.791
[GPU3] epochs: [330/350] train_loss_con: -3.791
[GPU3] epochs: [331/350] train_loss_con: -3.788
[GPU3] epochs: [332/350] train_loss_con: -3.790
[GPU3] epochs: [333/350] train_loss_con: -3.791
[GPU3] epochs: [334/350] train_loss_con: -3.788
[GPU3] epochs: [335/350] train_loss_con: -3.788
[GPU3] epochs: [336/350] train_loss_con: -3.788
[GPU3] epochs: [337/350] train_loss_con: -3.788
[GPU3] epochs: [338/350] train_loss_con: -3.788
[GPU3] epochs: [339/350] train_loss_con: -3.789
[GPU3] epochs: [340/350] train_loss_con: -3.789
[GPU3] epochs: [341/350] train_loss_con: -3.789
[GPU3] epochs: [342/350] train_loss_con: -3.788
[GPU3] epochs: [343/350] train_loss_con: -3.789
[GPU3] epochs: [344/350] train_loss_con: -3.787
[GPU3] epochs: [345/350] train_loss_con: -3.785
[GPU3] epochs: [346/350] train_loss_con: -3.788
[GPU3] epochs: [347/350] train_loss_con: -3.787
[GPU3] epochs: [348/350] train_loss_con: -3.787
[GPU3] epochs: [349/350] train_loss_con: -3.788
[GPU3] epochs: [350/350] train_loss_con: -3.789
### TSNE starts
### MLP training begins
[GPU3] Test Accuracy at epoch: 0: 0.586
[GPU3] epochs: [1/100] train_acc: 0.428 train_loss_sup: 13.522
[GPU3] epochs: [2/100] train_acc: 0.614 train_loss_sup: 1.113
[GPU3] epochs: [3/100] train_acc: 0.636 train_loss_sup: 1.082
[GPU3] epochs: [4/100] train_acc: 0.642 train_loss_sup: 0.995
[GPU3] epochs: [5/100] train_acc: 0.648 train_loss_sup: 0.986
[GPU3] epochs: [6/100] train_acc: 0.655 train_loss_sup: 0.963
[GPU3] epochs: [7/100] train_acc: 0.658 train_loss_sup: 0.948
[GPU3] epochs: [8/100] train_acc: 0.660 train_loss_sup: 0.954
[GPU3] epochs: [9/100] train_acc: 0.663 train_loss_sup: 0.938
[GPU3] epochs: [10/100] train_acc: 0.667 train_loss_sup: 0.925
[GPU3] Test Accuracy at epoch: 10: 0.714
[GPU3] epochs: [11/100] train_acc: 0.669 train_loss_sup: 0.924
[GPU3] epochs: [12/100] train_acc: 0.672 train_loss_sup: 0.913
[GPU3] epochs: [13/100] train_acc: 0.673 train_loss_sup: 0.915
[GPU3] epochs: [14/100] train_acc: 0.671 train_loss_sup: 0.916
[GPU3] epochs: [15/100] train_acc: 0.678 train_loss_sup: 0.903
[GPU3] epochs: [16/100] train_acc: 0.679 train_loss_sup: 0.898
[GPU3] epochs: [17/100] train_acc: 0.677 train_loss_sup: 0.901
[GPU3] epochs: [18/100] train_acc: 0.678 train_loss_sup: 0.894
[GPU3] epochs: [19/100] train_acc: 0.681 train_loss_sup: 0.890
[GPU3] epochs: [20/100] train_acc: 0.679 train_loss_sup: 0.897
[GPU3] Test Accuracy at epoch: 20: 0.721
[GPU3] epochs: [21/100] train_acc: 0.680 train_loss_sup: 0.896
[GPU3] epochs: [22/100] train_acc: 0.682 train_loss_sup: 0.889
[GPU3] epochs: [23/100] train_acc: 0.687 train_loss_sup: 0.880
[GPU3] epochs: [24/100] train_acc: 0.685 train_loss_sup: 0.883
[GPU3] epochs: [25/100] train_acc: 0.687 train_loss_sup: 0.877
[GPU3] epochs: [26/100] train_acc: 0.687 train_loss_sup: 0.872
[GPU3] epochs: [27/100] train_acc: 0.686 train_loss_sup: 0.876
[GPU3] epochs: [28/100] train_acc: 0.690 train_loss_sup: 0.868
[GPU3] epochs: [29/100] train_acc: 0.688 train_loss_sup: 0.869
[GPU3] epochs: [30/100] train_acc: 0.685 train_loss_sup: 0.873
[GPU3] Test Accuracy at epoch: 30: 0.736
[GPU3] epochs: [31/100] train_acc: 0.691 train_loss_sup: 0.866
[GPU3] epochs: [32/100] train_acc: 0.693 train_loss_sup: 0.861
[GPU3] epochs: [33/100] train_acc: 0.688 train_loss_sup: 0.867
[GPU3] epochs: [34/100] train_acc: 0.692 train_loss_sup: 0.863
[GPU3] epochs: [35/100] train_acc: 0.691 train_loss_sup: 0.883
[GPU3] epochs: [36/100] train_acc: 0.693 train_loss_sup: 0.863
[GPU3] epochs: [37/100] train_acc: 0.692 train_loss_sup: 0.859
[GPU3] epochs: [38/100] train_acc: 0.693 train_loss_sup: 0.861
[GPU3] epochs: [39/100] train_acc: 0.697 train_loss_sup: 0.853
[GPU3] epochs: [40/100] train_acc: 0.694 train_loss_sup: 0.870
[GPU3] Test Accuracy at epoch: 40: 0.735
[GPU3] epochs: [41/100] train_acc: 0.697 train_loss_sup: 0.849
[GPU3] epochs: [42/100] train_acc: 0.697 train_loss_sup: 0.856
[GPU3] epochs: [43/100] train_acc: 0.695 train_loss_sup: 0.850
[GPU3] epochs: [44/100] train_acc: 0.696 train_loss_sup: 0.850
[GPU3] epochs: [45/100] train_acc: 0.691 train_loss_sup: 0.851
[GPU3] epochs: [46/100] train_acc: 0.700 train_loss_sup: 0.855
[GPU3] epochs: [47/100] train_acc: 0.700 train_loss_sup: 0.844
[GPU3] epochs: [48/100] train_acc: 0.695 train_loss_sup: 0.852
[GPU3] epochs: [49/100] train_acc: 0.696 train_loss_sup: 0.851
[GPU3] epochs: [50/100] train_acc: 0.699 train_loss_sup: 0.841
[GPU3] Test Accuracy at epoch: 50: 0.749
[GPU3] epochs: [51/100] train_acc: 0.696 train_loss_sup: 0.846
[GPU3] epochs: [52/100] train_acc: 0.700 train_loss_sup: 0.843
[GPU3] epochs: [53/100] train_acc: 0.701 train_loss_sup: 0.835
[GPU3] epochs: [54/100] train_acc: 0.697 train_loss_sup: 0.848
[GPU3] epochs: [55/100] train_acc: 0.698 train_loss_sup: 0.842
[GPU3] epochs: [56/100] train_acc: 0.699 train_loss_sup: 0.842
[GPU3] epochs: [57/100] train_acc: 0.702 train_loss_sup: 0.836
[GPU3] epochs: [58/100] train_acc: 0.699 train_loss_sup: 0.844
[GPU3] epochs: [59/100] train_acc: 0.704 train_loss_sup: 0.833
[GPU3] epochs: [60/100] train_acc: 0.701 train_loss_sup: 0.836
[GPU3] Test Accuracy at epoch: 60: 0.757
[GPU3] epochs: [61/100] train_acc: 0.698 train_loss_sup: 0.839
[GPU3] epochs: [62/100] train_acc: 0.703 train_loss_sup: 0.834
[GPU3] epochs: [63/100] train_acc: 0.705 train_loss_sup: 0.826
[GPU3] epochs: [64/100] train_acc: 0.701 train_loss_sup: 0.835
[GPU3] epochs: [65/100] train_acc: 0.703 train_loss_sup: 0.832
[GPU3] epochs: [66/100] train_acc: 0.703 train_loss_sup: 0.835
[GPU3] epochs: [67/100] train_acc: 0.701 train_loss_sup: 0.835
[GPU3] epochs: [68/100] train_acc: 0.705 train_loss_sup: 0.826
[GPU3] epochs: [69/100] train_acc: 0.703 train_loss_sup: 0.833
[GPU3] epochs: [70/100] train_acc: 0.705 train_loss_sup: 0.829
[GPU3] Test Accuracy at epoch: 70: 0.747
[GPU3] epochs: [71/100] train_acc: 0.703 train_loss_sup: 0.832
[GPU3] epochs: [72/100] train_acc: 0.705 train_loss_sup: 0.829
[GPU3] epochs: [73/100] train_acc: 0.706 train_loss_sup: 0.824
[GPU3] epochs: [74/100] train_acc: 0.704 train_loss_sup: 0.828
[GPU3] epochs: [75/100] train_acc: 0.706 train_loss_sup: 0.822
[GPU3] epochs: [76/100] train_acc: 0.705 train_loss_sup: 0.823
[GPU3] epochs: [77/100] train_acc: 0.705 train_loss_sup: 0.839
[GPU3] epochs: [78/100] train_acc: 0.702 train_loss_sup: 0.832
[GPU3] epochs: [79/100] train_acc: 0.704 train_loss_sup: 0.833
[GPU3] epochs: [80/100] train_acc: 0.707 train_loss_sup: 0.826
[GPU3] Test Accuracy at epoch: 80: 0.739
[GPU3] epochs: [81/100] train_acc: 0.706 train_loss_sup: 0.824
[GPU3] epochs: [82/100] train_acc: 0.701 train_loss_sup: 0.836
[GPU3] epochs: [83/100] train_acc: 0.700 train_loss_sup: 0.837
[GPU3] epochs: [84/100] train_acc: 0.704 train_loss_sup: 0.828
[GPU3] epochs: [85/100] train_acc: 0.706 train_loss_sup: 0.824
[GPU3] epochs: [86/100] train_acc: 0.705 train_loss_sup: 0.825
[GPU3] epochs: [87/100] train_acc: 0.706 train_loss_sup: 0.825
[GPU3] epochs: [88/100] train_acc: 0.706 train_loss_sup: 0.821
[GPU3] epochs: [89/100] train_acc: 0.704 train_loss_sup: 0.829
[GPU3] epochs: [90/100] train_acc: 0.706 train_loss_sup: 0.818
[GPU3] Test Accuracy at epoch: 90: 0.752
[GPU3] epochs: [91/100] train_acc: 0.709 train_loss_sup: 0.819
[GPU3] epochs: [92/100] train_acc: 0.711 train_loss_sup: 0.809
[GPU3] epochs: [93/100] train_acc: 0.710 train_loss_sup: 0.816
[GPU3] epochs: [94/100] train_acc: 0.710 train_loss_sup: 0.814
[GPU3] epochs: [95/100] train_acc: 0.708 train_loss_sup: 0.814
[GPU3] epochs: [96/100] train_acc: 0.712 train_loss_sup: 0.805
[GPU3] epochs: [97/100] train_acc: 0.713 train_loss_sup: 0.811
[GPU3] epochs: [98/100] train_acc: 0.711 train_loss_sup: 0.809
[GPU3] epochs: [99/100] train_acc: 0.707 train_loss_sup: 0.818
[GPU3] epochs: [100/100] train_acc: 0.710 train_loss_sup: 0.812
[GPU3] Final Test Accuracy: 0.767
Model weights saved
