environment: 
YAML: --config
==> SEED: 42
==> num_classes: 10
==> data_name: cifar10
==> data_params: {'algo': 'byol', 'data_dir': 'datasets/cifar10', 'batch_size': 512, 'num_workers': 3, 'image_size': 32}
==> return_logs: False
==> eval_every: 10
==> n_epochs: 350
==> n_epochs_mlp: 100
==> gpu_id: 3
==> opt: SGD
==> opt_params: {'lr': 0.4, 'momentum': 0.9, 'weight_decay': 1e-06}
==> schedular_params: {'T_max': 350, 'eta_min': 0.001}
==> mlp_opt: SGD
==> mlp_opt_params: {'lr': 0.01, 'momentum': 0.9}
==> model_params: {'model_name': 'resnet18', 'pretrained': False, 'proj_dim': 256, 'algo_type': 'byol', 'byol_hidden': 4096}
==> byol_pred_params: {'in_features': 256, 'hidden_dim': 4096, 'out_features': 256}
==> ema_tau: 0.996
==> mlp_type: hidden
==> loss: byol
==> distributed: False
==> train_algo: byol
==> model_save_path: saved_models/byol.c10.r18.e350.pth
==> config: configs/byol.c10.yaml
--------------------------------------------------
===> using hiddin mlp
using optimizer: SGD
using optimizer: SGD
loss function: byol
# of Training Images: 50000
# of Testing Images: 10000
### byol Training begins
[GPU3] epochs: [1/350] train_loss_con: -2.363
[GPU3] epochs: [2/350] train_loss_con: -2.889
[GPU3] epochs: [3/350] train_loss_con: -3.679
[GPU3] epochs: [4/350] train_loss_con: -3.842
[GPU3] epochs: [5/350] train_loss_con: -3.924
[GPU3] epochs: [6/350] train_loss_con: -3.840
[GPU3] epochs: [7/350] train_loss_con: -3.656
[GPU3] epochs: [8/350] train_loss_con: -3.673
[GPU3] epochs: [9/350] train_loss_con: -3.584
[GPU3] epochs: [10/350] train_loss_con: -3.483
[GPU3] epochs: [11/350] train_loss_con: -3.356
[GPU3] epochs: [12/350] train_loss_con: -3.322
[GPU3] epochs: [13/350] train_loss_con: -3.349
[GPU3] epochs: [14/350] train_loss_con: -3.229
[GPU3] epochs: [15/350] train_loss_con: -3.266
[GPU3] epochs: [16/350] train_loss_con: -3.221
[GPU3] epochs: [17/350] train_loss_con: -3.222
[GPU3] epochs: [18/350] train_loss_con: -3.226
[GPU3] epochs: [19/350] train_loss_con: -3.274
[GPU3] epochs: [20/350] train_loss_con: -3.247
[GPU3] epochs: [21/350] train_loss_con: -3.243
[GPU3] epochs: [22/350] train_loss_con: -3.215
[GPU3] epochs: [23/350] train_loss_con: -3.199
[GPU3] epochs: [24/350] train_loss_con: -3.184
[GPU3] epochs: [25/350] train_loss_con: -3.175
[GPU3] epochs: [26/350] train_loss_con: -3.258
[GPU3] epochs: [27/350] train_loss_con: -3.261
[GPU3] epochs: [28/350] train_loss_con: -3.221
[GPU3] epochs: [29/350] train_loss_con: -3.207
[GPU3] epochs: [30/350] train_loss_con: -3.214
[GPU3] epochs: [31/350] train_loss_con: -3.209
[GPU3] epochs: [32/350] train_loss_con: -3.222
[GPU3] epochs: [33/350] train_loss_con: -3.240
[GPU3] epochs: [34/350] train_loss_con: -3.251
[GPU3] epochs: [35/350] train_loss_con: -3.287
[GPU3] epochs: [36/350] train_loss_con: -3.304
[GPU3] epochs: [37/350] train_loss_con: -3.293
[GPU3] epochs: [38/350] train_loss_con: -3.287
[GPU3] epochs: [39/350] train_loss_con: -3.305
[GPU3] epochs: [40/350] train_loss_con: -3.291
[GPU3] epochs: [41/350] train_loss_con: -3.202
[GPU3] epochs: [42/350] train_loss_con: -3.187
[GPU3] epochs: [43/350] train_loss_con: -3.227
[GPU3] epochs: [44/350] train_loss_con: -3.269
[GPU3] epochs: [45/350] train_loss_con: -3.270
[GPU3] epochs: [46/350] train_loss_con: -3.320
[GPU3] epochs: [47/350] train_loss_con: -3.326
[GPU3] epochs: [48/350] train_loss_con: -3.310
[GPU3] epochs: [49/350] train_loss_con: -3.332
[GPU3] epochs: [50/350] train_loss_con: -3.329
[GPU3] epochs: [51/350] train_loss_con: -3.334
[GPU3] epochs: [52/350] train_loss_con: -3.341
[GPU3] epochs: [53/350] train_loss_con: -3.354
[GPU3] epochs: [54/350] train_loss_con: -3.365
[GPU3] epochs: [55/350] train_loss_con: -3.357
[GPU3] epochs: [56/350] train_loss_con: -3.292
[GPU3] epochs: [57/350] train_loss_con: -3.338
[GPU3] epochs: [58/350] train_loss_con: -3.304
[GPU3] epochs: [59/350] train_loss_con: -3.325
[GPU3] epochs: [60/350] train_loss_con: -3.365
[GPU3] epochs: [61/350] train_loss_con: -3.370
[GPU3] epochs: [62/350] train_loss_con: -3.378
[GPU3] epochs: [63/350] train_loss_con: -3.397
[GPU3] epochs: [64/350] train_loss_con: -3.399
[GPU3] epochs: [65/350] train_loss_con: -3.408
[GPU3] epochs: [66/350] train_loss_con: -3.420
[GPU3] epochs: [67/350] train_loss_con: -3.418
[GPU3] epochs: [68/350] train_loss_con: -3.346
[GPU3] epochs: [69/350] train_loss_con: -3.348
[GPU3] epochs: [70/350] train_loss_con: -3.297
[GPU3] epochs: [71/350] train_loss_con: -3.344
[GPU3] epochs: [72/350] train_loss_con: -3.362
[GPU3] epochs: [73/350] train_loss_con: -3.384
[GPU3] epochs: [74/350] train_loss_con: -3.396
[GPU3] epochs: [75/350] train_loss_con: -3.402
[GPU3] epochs: [76/350] train_loss_con: -3.420
[GPU3] epochs: [77/350] train_loss_con: -3.415
[GPU3] epochs: [78/350] train_loss_con: -3.417
[GPU3] epochs: [79/350] train_loss_con: -3.443
[GPU3] epochs: [80/350] train_loss_con: -3.428
[GPU3] epochs: [81/350] train_loss_con: -3.420
[GPU3] epochs: [82/350] train_loss_con: -3.446
[GPU3] epochs: [83/350] train_loss_con: -3.434
[GPU3] epochs: [84/350] train_loss_con: -3.443
[GPU3] epochs: [85/350] train_loss_con: -3.438
[GPU3] epochs: [86/350] train_loss_con: -3.446
[GPU3] epochs: [87/350] train_loss_con: -3.437
[GPU3] epochs: [88/350] train_loss_con: -3.444
[GPU3] epochs: [89/350] train_loss_con: -3.437
[GPU3] epochs: [90/350] train_loss_con: -3.448
[GPU3] epochs: [91/350] train_loss_con: -3.447
[GPU3] epochs: [92/350] train_loss_con: -3.445
[GPU3] epochs: [93/350] train_loss_con: -3.440
[GPU3] epochs: [94/350] train_loss_con: -3.428
[GPU3] epochs: [95/350] train_loss_con: -3.442
[GPU3] epochs: [96/350] train_loss_con: -3.451
[GPU3] epochs: [97/350] train_loss_con: -3.439
[GPU3] epochs: [98/350] train_loss_con: -3.452
[GPU3] epochs: [99/350] train_loss_con: -3.438
[GPU3] epochs: [100/350] train_loss_con: -3.449
[GPU3] epochs: [101/350] train_loss_con: -3.449
[GPU3] epochs: [102/350] train_loss_con: -3.450
[GPU3] epochs: [103/350] train_loss_con: -3.450
[GPU3] epochs: [104/350] train_loss_con: -3.447
[GPU3] epochs: [105/350] train_loss_con: -3.459
[GPU3] epochs: [106/350] train_loss_con: -3.465
[GPU3] epochs: [107/350] train_loss_con: -3.470
[GPU3] epochs: [108/350] train_loss_con: -3.475
[GPU3] epochs: [109/350] train_loss_con: -3.476
[GPU3] epochs: [110/350] train_loss_con: -3.479
[GPU3] epochs: [111/350] train_loss_con: -3.494
[GPU3] epochs: [112/350] train_loss_con: -3.498
[GPU3] epochs: [113/350] train_loss_con: -3.496
[GPU3] epochs: [114/350] train_loss_con: -3.450
[GPU3] epochs: [115/350] train_loss_con: -3.327
[GPU3] epochs: [116/350] train_loss_con: -3.410
[GPU3] epochs: [117/350] train_loss_con: -3.430
[GPU3] epochs: [118/350] train_loss_con: -3.443
[GPU3] epochs: [119/350] train_loss_con: -3.451
[GPU3] epochs: [120/350] train_loss_con: -3.462
[GPU3] epochs: [121/350] train_loss_con: -3.480
[GPU3] epochs: [122/350] train_loss_con: -3.485
[GPU3] epochs: [123/350] train_loss_con: -3.485
[GPU3] epochs: [124/350] train_loss_con: -3.490
[GPU3] epochs: [125/350] train_loss_con: -3.493
[GPU3] epochs: [126/350] train_loss_con: -3.498
[GPU3] epochs: [127/350] train_loss_con: -3.498
[GPU3] epochs: [128/350] train_loss_con: -3.500
[GPU3] epochs: [129/350] train_loss_con: -3.496
[GPU3] epochs: [130/350] train_loss_con: -3.498
[GPU3] epochs: [131/350] train_loss_con: -3.503
[GPU3] epochs: [132/350] train_loss_con: -3.507
[GPU3] epochs: [133/350] train_loss_con: -3.506
[GPU3] epochs: [134/350] train_loss_con: -3.503
[GPU3] epochs: [135/350] train_loss_con: -3.503
[GPU3] epochs: [136/350] train_loss_con: -3.507
[GPU3] epochs: [137/350] train_loss_con: -3.504
[GPU3] epochs: [138/350] train_loss_con: -3.514
[GPU3] epochs: [139/350] train_loss_con: -3.513
[GPU3] epochs: [140/350] train_loss_con: -3.516
[GPU3] epochs: [141/350] train_loss_con: -3.525
[GPU3] epochs: [142/350] train_loss_con: -3.523
[GPU3] epochs: [143/350] train_loss_con: -3.524
[GPU3] epochs: [144/350] train_loss_con: -3.526
[GPU3] epochs: [145/350] train_loss_con: -3.521
[GPU3] epochs: [146/350] train_loss_con: -3.524
[GPU3] epochs: [147/350] train_loss_con: -3.519
[GPU3] epochs: [148/350] train_loss_con: -3.524
[GPU3] epochs: [149/350] train_loss_con: -3.530
[GPU3] epochs: [150/350] train_loss_con: -3.530
[GPU3] epochs: [151/350] train_loss_con: -3.535
[GPU3] epochs: [152/350] train_loss_con: -3.536
[GPU3] epochs: [153/350] train_loss_con: -3.528
[GPU3] epochs: [154/350] train_loss_con: -3.534
[GPU3] epochs: [155/350] train_loss_con: -3.537
[GPU3] epochs: [156/350] train_loss_con: -3.539
[GPU3] epochs: [157/350] train_loss_con: -3.541
[GPU3] epochs: [158/350] train_loss_con: -3.546
[GPU3] epochs: [159/350] train_loss_con: -3.547
[GPU3] epochs: [160/350] train_loss_con: -3.547
[GPU3] epochs: [161/350] train_loss_con: -3.547
[GPU3] epochs: [162/350] train_loss_con: -3.502
[GPU3] epochs: [163/350] train_loss_con: -3.526
[GPU3] epochs: [164/350] train_loss_con: -3.522
[GPU3] epochs: [165/350] train_loss_con: -3.528
[GPU3] epochs: [166/350] train_loss_con: -3.528
[GPU3] epochs: [167/350] train_loss_con: -3.534
[GPU3] epochs: [168/350] train_loss_con: -3.539
[GPU3] epochs: [169/350] train_loss_con: -3.542
[GPU3] epochs: [170/350] train_loss_con: -3.553
[GPU3] epochs: [171/350] train_loss_con: -3.552
[GPU3] epochs: [172/350] train_loss_con: -3.554
[GPU3] epochs: [173/350] train_loss_con: -3.557
[GPU3] epochs: [174/350] train_loss_con: -3.551
[GPU3] epochs: [175/350] train_loss_con: -3.553
[GPU3] epochs: [176/350] train_loss_con: -3.557
[GPU3] epochs: [177/350] train_loss_con: -3.558
[GPU3] epochs: [178/350] train_loss_con: -3.562
[GPU3] epochs: [179/350] train_loss_con: -3.558
[GPU3] epochs: [180/350] train_loss_con: -3.567
[GPU3] epochs: [181/350] train_loss_con: -3.569
[GPU3] epochs: [182/350] train_loss_con: -3.566
[GPU3] epochs: [183/350] train_loss_con: -3.567
[GPU3] epochs: [184/350] train_loss_con: -3.533
[GPU3] epochs: [185/350] train_loss_con: -3.516
[GPU3] epochs: [186/350] train_loss_con: -3.553
[GPU3] epochs: [187/350] train_loss_con: -3.550
[GPU3] epochs: [188/350] train_loss_con: -3.565
[GPU3] epochs: [189/350] train_loss_con: -3.555
[GPU3] epochs: [190/350] train_loss_con: -3.579
[GPU3] epochs: [191/350] train_loss_con: -3.547
[GPU3] epochs: [192/350] train_loss_con: -3.566
[GPU3] epochs: [193/350] train_loss_con: -3.549
[GPU3] epochs: [194/350] train_loss_con: -3.510
[GPU3] epochs: [195/350] train_loss_con: -3.532
[GPU3] epochs: [196/350] train_loss_con: -3.552
[GPU3] epochs: [197/350] train_loss_con: -3.557
[GPU3] epochs: [198/350] train_loss_con: -3.529
[GPU3] epochs: [199/350] train_loss_con: -3.548
[GPU3] epochs: [200/350] train_loss_con: -3.565
[GPU3] epochs: [201/350] train_loss_con: -3.570
[GPU3] epochs: [202/350] train_loss_con: -3.577
[GPU3] epochs: [203/350] train_loss_con: -3.578
[GPU3] epochs: [204/350] train_loss_con: -3.584
[GPU3] epochs: [205/350] train_loss_con: -3.543
[GPU3] epochs: [206/350] train_loss_con: -3.569
[GPU3] epochs: [207/350] train_loss_con: -3.582
[GPU3] epochs: [208/350] train_loss_con: -3.587
[GPU3] epochs: [209/350] train_loss_con: -3.595
[GPU3] epochs: [210/350] train_loss_con: -3.571
[GPU3] epochs: [211/350] train_loss_con: -3.581
[GPU3] epochs: [212/350] train_loss_con: -3.592
[GPU3] epochs: [213/350] train_loss_con: -3.602
[GPU3] epochs: [214/350] train_loss_con: -3.613
[GPU3] epochs: [215/350] train_loss_con: -3.605
[GPU3] epochs: [216/350] train_loss_con: -3.595
[GPU3] epochs: [217/350] train_loss_con: -3.596
[GPU3] epochs: [218/350] train_loss_con: -3.599
[GPU3] epochs: [219/350] train_loss_con: -3.598
[GPU3] epochs: [220/350] train_loss_con: -3.555
[GPU3] epochs: [221/350] train_loss_con: -3.587
[GPU3] epochs: [222/350] train_loss_con: -3.606
[GPU3] epochs: [223/350] train_loss_con: -3.619
[GPU3] epochs: [224/350] train_loss_con: -3.619
[GPU3] epochs: [225/350] train_loss_con: -3.592
[GPU3] epochs: [226/350] train_loss_con: -3.607
[GPU3] epochs: [227/350] train_loss_con: -3.617
[GPU3] epochs: [228/350] train_loss_con: -3.415
[GPU3] epochs: [229/350] train_loss_con: -3.490
[GPU3] epochs: [230/350] train_loss_con: -3.544
[GPU3] epochs: [231/350] train_loss_con: -3.565
[GPU3] epochs: [232/350] train_loss_con: -3.574
[GPU3] epochs: [233/350] train_loss_con: -3.563
[GPU3] epochs: [234/350] train_loss_con: -3.579
[GPU3] epochs: [235/350] train_loss_con: -3.583
[GPU3] epochs: [236/350] train_loss_con: -3.586
[GPU3] epochs: [237/350] train_loss_con: -3.591
[GPU3] epochs: [238/350] train_loss_con: -3.586
[GPU3] epochs: [239/350] train_loss_con: -3.602
[GPU3] epochs: [240/350] train_loss_con: -3.599
[GPU3] epochs: [241/350] train_loss_con: -3.601
[GPU3] epochs: [242/350] train_loss_con: -3.570
[GPU3] epochs: [243/350] train_loss_con: -3.581
[GPU3] epochs: [244/350] train_loss_con: -3.587
[GPU3] epochs: [245/350] train_loss_con: -3.571
[GPU3] epochs: [246/350] train_loss_con: -3.556
[GPU3] epochs: [247/350] train_loss_con: -3.560
[GPU3] epochs: [248/350] train_loss_con: -3.595
[GPU3] epochs: [249/350] train_loss_con: -3.545
[GPU3] epochs: [250/350] train_loss_con: -3.572
[GPU3] epochs: [251/350] train_loss_con: -3.597
[GPU3] epochs: [252/350] train_loss_con: -3.599
[GPU3] epochs: [253/350] train_loss_con: -3.603
[GPU3] epochs: [254/350] train_loss_con: -3.582
[GPU3] epochs: [255/350] train_loss_con: -3.578
[GPU3] epochs: [256/350] train_loss_con: -3.606
[GPU3] epochs: [257/350] train_loss_con: -3.612
[GPU3] epochs: [258/350] train_loss_con: -3.612
[GPU3] epochs: [259/350] train_loss_con: -3.615
[GPU3] epochs: [260/350] train_loss_con: -3.613
[GPU3] epochs: [261/350] train_loss_con: -3.620
[GPU3] epochs: [262/350] train_loss_con: -3.625
[GPU3] epochs: [263/350] train_loss_con: -3.624
[GPU3] epochs: [264/350] train_loss_con: -3.629
[GPU3] epochs: [265/350] train_loss_con: -3.627
[GPU3] epochs: [266/350] train_loss_con: -3.631
[GPU3] epochs: [267/350] train_loss_con: -3.624
[GPU3] epochs: [268/350] train_loss_con: -3.633
[GPU3] epochs: [269/350] train_loss_con: -3.628
[GPU3] epochs: [270/350] train_loss_con: -3.629
[GPU3] epochs: [271/350] train_loss_con: -3.618
[GPU3] epochs: [272/350] train_loss_con: -3.632
[GPU3] epochs: [273/350] train_loss_con: -3.632
[GPU3] epochs: [274/350] train_loss_con: -3.638
[GPU3] epochs: [275/350] train_loss_con: -3.639
[GPU3] epochs: [276/350] train_loss_con: -3.636
[GPU3] epochs: [277/350] train_loss_con: -3.636
[GPU3] epochs: [278/350] train_loss_con: -3.637
[GPU3] epochs: [279/350] train_loss_con: -3.640
[GPU3] epochs: [280/350] train_loss_con: -3.637
[GPU3] epochs: [281/350] train_loss_con: -3.641
[GPU3] epochs: [282/350] train_loss_con: -3.643
[GPU3] epochs: [283/350] train_loss_con: -3.644
[GPU3] epochs: [284/350] train_loss_con: -3.643
[GPU3] epochs: [285/350] train_loss_con: -3.645
[GPU3] epochs: [286/350] train_loss_con: -3.645
[GPU3] epochs: [287/350] train_loss_con: -3.644
[GPU3] epochs: [288/350] train_loss_con: -3.648
[GPU3] epochs: [289/350] train_loss_con: -3.647
[GPU3] epochs: [290/350] train_loss_con: -3.647
[GPU3] epochs: [291/350] train_loss_con: -3.650
[GPU3] epochs: [292/350] train_loss_con: -3.651
[GPU3] epochs: [293/350] train_loss_con: -3.650
[GPU3] epochs: [294/350] train_loss_con: -3.653
[GPU3] epochs: [295/350] train_loss_con: -3.650
[GPU3] epochs: [296/350] train_loss_con: -3.650
[GPU3] epochs: [297/350] train_loss_con: -3.651
[GPU3] epochs: [298/350] train_loss_con: -3.653
[GPU3] epochs: [299/350] train_loss_con: -3.651
[GPU3] epochs: [300/350] train_loss_con: -3.654
[GPU3] epochs: [301/350] train_loss_con: -3.652
[GPU3] epochs: [302/350] train_loss_con: -3.649
[GPU3] epochs: [303/350] train_loss_con: -3.654
[GPU3] epochs: [304/350] train_loss_con: -3.653
[GPU3] epochs: [305/350] train_loss_con: -3.655
[GPU3] epochs: [306/350] train_loss_con: -3.655
[GPU3] epochs: [307/350] train_loss_con: -3.653
[GPU3] epochs: [308/350] train_loss_con: -3.655
[GPU3] epochs: [309/350] train_loss_con: -3.651
[GPU3] epochs: [310/350] train_loss_con: -3.656
[GPU3] epochs: [311/350] train_loss_con: -3.656
[GPU3] epochs: [312/350] train_loss_con: -3.656
[GPU3] epochs: [313/350] train_loss_con: -3.659
[GPU3] epochs: [314/350] train_loss_con: -3.652
[GPU3] epochs: [315/350] train_loss_con: -3.657
