environment: 
YAML: configs/byol.c100.yaml
==> SEED: 42
==> num_classes: 100
==> data_name: cifar100
==> data_params: {'algo': 'byol', 'data_dir': 'datasets/cifar100', 'batch_size': 512, 'num_workers': 3, 'image_size': 32}
==> return_logs: False
==> eval_every: 10
==> n_epochs: 800
==> n_epochs_mlp: 100
==> gpu_id: 1
==> opt: SGD
==> opt_params: {'lr': 0.4, 'momentum': 0.9, 'weight_decay': 1e-06}
==> schedular_params: {'T_max': 800, 'eta_min': 0.001}
==> mlp_opt: SGD
==> mlp_opt_params: {'lr': 0.01, 'momentum': 0.9}
==> model_params: {'model_name': 'resnet18', 'pretrained': False, 'proj_dim': 256, 'algo_type': 'byol', 'byol_hidden': 4096}
==> byol_pred_params: {'in_features': 256, 'hidden_dim': 4096, 'out_features': 256}
==> ema_tau: 0.996
==> mlp_type: hidden
==> loss: byol
==> distributed: False
==> train_algo: byol
--------------------------------------------------
===> using hiddin mlp
using optimizer: SGD
using optimizer: SGD
loss function: byol
Files already downloaded and verified
Files already downloaded and verified
Files already downloaded and verified
# of Training Images: 50000
# of Testing Images: 10000
### byol Training begins
[GPU1] epochs: [1/800] train_loss_con: -2.356
[GPU1] epochs: [2/800] train_loss_con: -2.866
[GPU1] epochs: [3/800] train_loss_con: -3.859
[GPU1] epochs: [4/800] train_loss_con: -3.301
[GPU1] epochs: [5/800] train_loss_con: -3.447
[GPU1] epochs: [6/800] train_loss_con: -3.685
[GPU1] epochs: [7/800] train_loss_con: -3.675
[GPU1] epochs: [8/800] train_loss_con: -3.634
[GPU1] epochs: [9/800] train_loss_con: -3.597
[GPU1] epochs: [10/800] train_loss_con: -3.537
[GPU1] epochs: [11/800] train_loss_con: -3.454
[GPU1] epochs: [12/800] train_loss_con: -3.566
[GPU1] epochs: [13/800] train_loss_con: -3.570
[GPU1] epochs: [14/800] train_loss_con: -3.495
[GPU1] epochs: [15/800] train_loss_con: -3.467
[GPU1] epochs: [16/800] train_loss_con: -3.502
[GPU1] epochs: [17/800] train_loss_con: -3.498
[GPU1] epochs: [18/800] train_loss_con: -3.470
[GPU1] epochs: [19/800] train_loss_con: -3.506
[GPU1] epochs: [20/800] train_loss_con: -3.468
[GPU1] epochs: [21/800] train_loss_con: -3.438
[GPU1] epochs: [22/800] train_loss_con: -3.499
[GPU1] epochs: [23/800] train_loss_con: -3.508
[GPU1] epochs: [24/800] train_loss_con: -3.466
[GPU1] epochs: [25/800] train_loss_con: -3.408
[GPU1] epochs: [26/800] train_loss_con: -3.389
[GPU1] epochs: [27/800] train_loss_con: -3.369
[GPU1] epochs: [28/800] train_loss_con: -3.426
[GPU1] epochs: [29/800] train_loss_con: -3.434
[GPU1] epochs: [30/800] train_loss_con: -3.419
[GPU1] epochs: [31/800] train_loss_con: -3.428
[GPU1] epochs: [32/800] train_loss_con: -3.445
[GPU1] epochs: [33/800] train_loss_con: -3.412
[GPU1] epochs: [34/800] train_loss_con: -3.423
[GPU1] epochs: [35/800] train_loss_con: -3.396
[GPU1] epochs: [36/800] train_loss_con: -3.403
[GPU1] epochs: [37/800] train_loss_con: -3.392
[GPU1] epochs: [38/800] train_loss_con: -3.394
[GPU1] epochs: [39/800] train_loss_con: -3.363
[GPU1] epochs: [40/800] train_loss_con: -3.370
[GPU1] epochs: [41/800] train_loss_con: -3.387
[GPU1] epochs: [42/800] train_loss_con: -3.348
[GPU1] epochs: [43/800] train_loss_con: -3.377
[GPU1] epochs: [44/800] train_loss_con: -3.381
[GPU1] epochs: [45/800] train_loss_con: -3.381
[GPU1] epochs: [46/800] train_loss_con: -3.375
[GPU1] epochs: [47/800] train_loss_con: -3.384
[GPU1] epochs: [48/800] train_loss_con: -3.383
[GPU1] epochs: [49/800] train_loss_con: -3.395
[GPU1] epochs: [50/800] train_loss_con: -3.378
[GPU1] epochs: [51/800] train_loss_con: -3.381
[GPU1] epochs: [52/800] train_loss_con: -3.377
[GPU1] epochs: [53/800] train_loss_con: -3.389
[GPU1] epochs: [54/800] train_loss_con: -3.399
[GPU1] epochs: [55/800] train_loss_con: -3.385
[GPU1] epochs: [56/800] train_loss_con: -3.374
[GPU1] epochs: [57/800] train_loss_con: -3.382
[GPU1] epochs: [58/800] train_loss_con: -3.392
[GPU1] epochs: [59/800] train_loss_con: -3.371
[GPU1] epochs: [60/800] train_loss_con: -3.360
[GPU1] epochs: [61/800] train_loss_con: -3.287
[GPU1] epochs: [62/800] train_loss_con: -3.257
[GPU1] epochs: [63/800] train_loss_con: -3.271
[GPU1] epochs: [64/800] train_loss_con: -3.262
[GPU1] epochs: [65/800] train_loss_con: -3.279
[GPU1] epochs: [66/800] train_loss_con: -3.280
[GPU1] epochs: [67/800] train_loss_con: -3.254
[GPU1] epochs: [68/800] train_loss_con: -3.276
[GPU1] epochs: [69/800] train_loss_con: -3.288
[GPU1] epochs: [70/800] train_loss_con: -3.304
[GPU1] epochs: [71/800] train_loss_con: -3.306
[GPU1] epochs: [72/800] train_loss_con: -3.315
[GPU1] epochs: [73/800] train_loss_con: -3.332
[GPU1] epochs: [74/800] train_loss_con: -3.334
[GPU1] epochs: [75/800] train_loss_con: -3.331
[GPU1] epochs: [76/800] train_loss_con: -3.335
[GPU1] epochs: [77/800] train_loss_con: -3.350
[GPU1] epochs: [78/800] train_loss_con: -3.342
[GPU1] epochs: [79/800] train_loss_con: -3.361
[GPU1] epochs: [80/800] train_loss_con: -3.359
[GPU1] epochs: [81/800] train_loss_con: -3.349
[GPU1] epochs: [82/800] train_loss_con: -3.351
[GPU1] epochs: [83/800] train_loss_con: -3.331
[GPU1] epochs: [84/800] train_loss_con: -3.339
[GPU1] epochs: [85/800] train_loss_con: -3.330
[GPU1] epochs: [86/800] train_loss_con: -3.332
[GPU1] epochs: [87/800] train_loss_con: -3.337
[GPU1] epochs: [88/800] train_loss_con: -3.333
[GPU1] epochs: [89/800] train_loss_con: -3.349
[GPU1] epochs: [90/800] train_loss_con: -3.336
[GPU1] epochs: [91/800] train_loss_con: -3.346
[GPU1] epochs: [92/800] train_loss_con: -3.338
[GPU1] epochs: [93/800] train_loss_con: -3.338
[GPU1] epochs: [94/800] train_loss_con: -3.341
[GPU1] epochs: [95/800] train_loss_con: -3.357
[GPU1] epochs: [96/800] train_loss_con: -3.364
[GPU1] epochs: [97/800] train_loss_con: -3.373
[GPU1] epochs: [98/800] train_loss_con: -3.366
[GPU1] epochs: [99/800] train_loss_con: -3.351
[GPU1] epochs: [100/800] train_loss_con: -3.358
[GPU1] epochs: [101/800] train_loss_con: -3.362
[GPU1] epochs: [102/800] train_loss_con: -3.362
[GPU1] epochs: [103/800] train_loss_con: -3.366
[GPU1] epochs: [104/800] train_loss_con: -3.371
[GPU1] epochs: [105/800] train_loss_con: -3.360
[GPU1] epochs: [106/800] train_loss_con: -3.372
[GPU1] epochs: [107/800] train_loss_con: -3.374
[GPU1] epochs: [108/800] train_loss_con: -3.351
[GPU1] epochs: [109/800] train_loss_con: -3.369
[GPU1] epochs: [110/800] train_loss_con: -3.368
[GPU1] epochs: [111/800] train_loss_con: -3.370
[GPU1] epochs: [112/800] train_loss_con: -3.372
[GPU1] epochs: [113/800] train_loss_con: -3.375
[GPU1] epochs: [114/800] train_loss_con: -3.380
[GPU1] epochs: [115/800] train_loss_con: -3.384
[GPU1] epochs: [116/800] train_loss_con: -3.382
[GPU1] epochs: [117/800] train_loss_con: -3.387
[GPU1] epochs: [118/800] train_loss_con: -3.389
[GPU1] epochs: [119/800] train_loss_con: -3.393
