environment: 
YAML: configs/dare.c10.yaml
==> SEED: 42
==> num_classes: 10
==> data_name: cifar10
==> data_params: {'algo': 'dare', 'data_dir': 'datasets/cifar10', 'batch_size': 512, 'num_workers': 3, 'image_size': 32}
==> return_logs: False
==> eval_every: 10
==> n_epochs: 350
==> n_epochs_mlp: 100
==> gpu_id: 0
==> opt: SGD
==> opt_params: {'lr': 0.5, 'momentum': 0.9, 'nesterov': True}
==> schedular_params: {'T_max': 350, 'eta_min': 0.001}
==> mlp_opt: SGD
==> mlp_opt_params: {'lr': 0.01, 'momentum': 0.9, 'nesterov': True}
==> model_params: {'model_name': 'resnet50', 'pretrained': False, 'proj_dim': 128}
==> mlp_type: hidden
==> loss: dare
==> loss_params: {'sim': 'cosine', 'tau': 0.5, 'lambd': 0.9}
==> vae_linear_out: 256
==> distributed: False
==> train_algo: dare
--------------------------------------------------
===> using hiddin mlp
using optimizer: SGD
using optimizer: SGD
loss function: dare
Files already downloaded and verified
Files already downloaded and verified
Files already downloaded and verified
# of Training Images: 50000
# of Testing Images: 10000
### DARe Training begins
[GPU0] epochs: [1/350] train_loss_con: 122.129
[GPU0] epochs: [2/350] train_loss_con: 122.079
[GPU0] epochs: [3/350] train_loss_con: 121.815
[GPU0] epochs: [4/350] train_loss_con: 121.719
[GPU0] epochs: [5/350] train_loss_con: 121.635
[GPU0] epochs: [6/350] train_loss_con: 121.595
[GPU0] epochs: [7/350] train_loss_con: 121.557
[GPU0] epochs: [8/350] train_loss_con: 121.482
[GPU0] epochs: [9/350] train_loss_con: 121.314
[GPU0] epochs: [10/350] train_loss_con: 121.268
[GPU0] epochs: [11/350] train_loss_con: 121.239
[GPU0] epochs: [12/350] train_loss_con: 121.180
[GPU0] epochs: [13/350] train_loss_con: 121.082
[GPU0] epochs: [14/350] train_loss_con: 121.034
[GPU0] epochs: [15/350] train_loss_con: 120.983
[GPU0] epochs: [16/350] train_loss_con: 120.960
[GPU0] epochs: [17/350] train_loss_con: 120.936
[GPU0] epochs: [18/350] train_loss_con: 120.903
[GPU0] epochs: [19/350] train_loss_con: 120.887
[GPU0] epochs: [20/350] train_loss_con: 120.879
[GPU0] epochs: [21/350] train_loss_con: 120.866
[GPU0] epochs: [22/350] train_loss_con: 120.849
[GPU0] epochs: [23/350] train_loss_con: 120.832
[GPU0] epochs: [24/350] train_loss_con: 120.819
[GPU0] epochs: [25/350] train_loss_con: 120.810
[GPU0] epochs: [26/350] train_loss_con: 120.802
[GPU0] epochs: [27/350] train_loss_con: 120.790
[GPU0] epochs: [28/350] train_loss_con: 120.778
[GPU0] epochs: [29/350] train_loss_con: 120.767
[GPU0] epochs: [30/350] train_loss_con: 120.757
[GPU0] epochs: [31/350] train_loss_con: 120.745
[GPU0] epochs: [32/350] train_loss_con: 120.738
[GPU0] epochs: [33/350] train_loss_con: 120.733
[GPU0] epochs: [34/350] train_loss_con: 120.730
[GPU0] epochs: [35/350] train_loss_con: 120.727
[GPU0] epochs: [36/350] train_loss_con: 120.722
[GPU0] epochs: [37/350] train_loss_con: 120.718
[GPU0] epochs: [38/350] train_loss_con: 120.714
[GPU0] epochs: [39/350] train_loss_con: 120.708
[GPU0] epochs: [40/350] train_loss_con: 120.705
[GPU0] epochs: [41/350] train_loss_con: 120.701
[GPU0] epochs: [42/350] train_loss_con: 120.696
[GPU0] epochs: [43/350] train_loss_con: 120.692
[GPU0] epochs: [44/350] train_loss_con: 120.691
[GPU0] epochs: [45/350] train_loss_con: 120.688
[GPU0] epochs: [46/350] train_loss_con: 120.682
[GPU0] epochs: [47/350] train_loss_con: 120.682
[GPU0] epochs: [48/350] train_loss_con: 120.675
[GPU0] epochs: [49/350] train_loss_con: 120.674
[GPU0] epochs: [50/350] train_loss_con: 120.671
[GPU0] epochs: [51/350] train_loss_con: 120.666
[GPU0] epochs: [52/350] train_loss_con: 120.666
[GPU0] epochs: [53/350] train_loss_con: 120.665
[GPU0] epochs: [54/350] train_loss_con: 120.659
[GPU0] epochs: [55/350] train_loss_con: 120.659
[GPU0] epochs: [56/350] train_loss_con: 120.660
[GPU0] epochs: [57/350] train_loss_con: 120.655
[GPU0] epochs: [58/350] train_loss_con: 120.654
[GPU0] epochs: [59/350] train_loss_con: 120.650
[GPU0] epochs: [60/350] train_loss_con: 120.650
[GPU0] epochs: [61/350] train_loss_con: 120.648
[GPU0] epochs: [62/350] train_loss_con: 120.648
[GPU0] epochs: [63/350] train_loss_con: 120.642
[GPU0] epochs: [64/350] train_loss_con: 120.645
[GPU0] epochs: [65/350] train_loss_con: 120.643
[GPU0] epochs: [66/350] train_loss_con: 120.637
[GPU0] epochs: [67/350] train_loss_con: 120.634
[GPU0] epochs: [68/350] train_loss_con: 120.638
[GPU0] epochs: [69/350] train_loss_con: 120.633
[GPU0] epochs: [70/350] train_loss_con: 120.635
[GPU0] epochs: [71/350] train_loss_con: 120.629
[GPU0] epochs: [72/350] train_loss_con: 120.631
[GPU0] epochs: [73/350] train_loss_con: 120.630
[GPU0] epochs: [74/350] train_loss_con: 120.627
[GPU0] epochs: [75/350] train_loss_con: 120.627
[GPU0] epochs: [76/350] train_loss_con: 120.626
[GPU0] epochs: [77/350] train_loss_con: 120.622
[GPU0] epochs: [78/350] train_loss_con: 120.623
[GPU0] epochs: [79/350] train_loss_con: 120.622
[GPU0] epochs: [80/350] train_loss_con: 120.619
[GPU0] epochs: [81/350] train_loss_con: 120.618
[GPU0] epochs: [82/350] train_loss_con: 120.620
[GPU0] epochs: [83/350] train_loss_con: 120.618
[GPU0] epochs: [84/350] train_loss_con: 120.617
[GPU0] epochs: [85/350] train_loss_con: 120.614
[GPU0] epochs: [86/350] train_loss_con: 120.614
[GPU0] epochs: [87/350] train_loss_con: 120.613
[GPU0] epochs: [88/350] train_loss_con: 120.611
[GPU0] epochs: [89/350] train_loss_con: 120.611
[GPU0] epochs: [90/350] train_loss_con: 120.610
[GPU0] epochs: [91/350] train_loss_con: 120.609
[GPU0] epochs: [92/350] train_loss_con: 120.607
[GPU0] epochs: [93/350] train_loss_con: 120.604
[GPU0] epochs: [94/350] train_loss_con: 120.605
[GPU0] epochs: [95/350] train_loss_con: 120.603
[GPU0] epochs: [96/350] train_loss_con: 120.606
[GPU0] epochs: [97/350] train_loss_con: 120.600
[GPU0] epochs: [98/350] train_loss_con: 120.598
[GPU0] epochs: [99/350] train_loss_con: 120.600
[GPU0] epochs: [100/350] train_loss_con: 120.601
[GPU0] epochs: [101/350] train_loss_con: 120.599
[GPU0] epochs: [102/350] train_loss_con: 120.596
[GPU0] epochs: [103/350] train_loss_con: 120.601
[GPU0] epochs: [104/350] train_loss_con: 120.596
[GPU0] epochs: [105/350] train_loss_con: 120.597
[GPU0] epochs: [106/350] train_loss_con: 120.595
[GPU0] epochs: [107/350] train_loss_con: 120.593
[GPU0] epochs: [108/350] train_loss_con: 120.596
[GPU0] epochs: [109/350] train_loss_con: 120.592
[GPU0] epochs: [110/350] train_loss_con: 120.593
[GPU0] epochs: [111/350] train_loss_con: 120.591
[GPU0] epochs: [112/350] train_loss_con: 120.589
[GPU0] epochs: [113/350] train_loss_con: 120.588
[GPU0] epochs: [114/350] train_loss_con: 120.587
[GPU0] epochs: [115/350] train_loss_con: 120.587
[GPU0] epochs: [116/350] train_loss_con: 120.587
[GPU0] epochs: [117/350] train_loss_con: 120.588
[GPU0] epochs: [118/350] train_loss_con: 120.586
[GPU0] epochs: [119/350] train_loss_con: 120.583
[GPU0] epochs: [120/350] train_loss_con: 120.584
[GPU0] epochs: [121/350] train_loss_con: 120.581
[GPU0] epochs: [122/350] train_loss_con: 120.585
[GPU0] epochs: [123/350] train_loss_con: 120.583
[GPU0] epochs: [124/350] train_loss_con: 120.581
[GPU0] epochs: [125/350] train_loss_con: 120.577
[GPU0] epochs: [126/350] train_loss_con: 120.581
[GPU0] epochs: [127/350] train_loss_con: 120.581
[GPU0] epochs: [128/350] train_loss_con: 120.576
[GPU0] epochs: [129/350] train_loss_con: 120.576
[GPU0] epochs: [130/350] train_loss_con: 120.579
[GPU0] epochs: [131/350] train_loss_con: 120.579
[GPU0] epochs: [132/350] train_loss_con: 120.574
[GPU0] epochs: [133/350] train_loss_con: 120.575
[GPU0] epochs: [134/350] train_loss_con: 120.574
[GPU0] epochs: [135/350] train_loss_con: 120.573
[GPU0] epochs: [136/350] train_loss_con: 120.571
[GPU0] epochs: [137/350] train_loss_con: 120.575
[GPU0] epochs: [138/350] train_loss_con: 120.570
[GPU0] epochs: [139/350] train_loss_con: 120.571
[GPU0] epochs: [140/350] train_loss_con: 120.570
[GPU0] epochs: [141/350] train_loss_con: 120.571
[GPU0] epochs: [142/350] train_loss_con: 120.570
[GPU0] epochs: [143/350] train_loss_con: 120.568
[GPU0] epochs: [144/350] train_loss_con: 120.568
[GPU0] epochs: [145/350] train_loss_con: 120.572
[GPU0] epochs: [146/350] train_loss_con: 120.569
[GPU0] epochs: [147/350] train_loss_con: 120.565
[GPU0] epochs: [148/350] train_loss_con: 120.567
[GPU0] epochs: [149/350] train_loss_con: 120.565
[GPU0] epochs: [150/350] train_loss_con: 120.564
[GPU0] epochs: [151/350] train_loss_con: 120.567
[GPU0] epochs: [152/350] train_loss_con: 120.566
[GPU0] epochs: [153/350] train_loss_con: 120.562
[GPU0] epochs: [154/350] train_loss_con: 120.567
[GPU0] epochs: [155/350] train_loss_con: 120.562
[GPU0] epochs: [156/350] train_loss_con: 120.561
[GPU0] epochs: [157/350] train_loss_con: 120.562
[GPU0] epochs: [158/350] train_loss_con: 120.561
[GPU0] epochs: [159/350] train_loss_con: 120.559
[GPU0] epochs: [160/350] train_loss_con: 120.560
[GPU0] epochs: [161/350] train_loss_con: 120.558
[GPU0] epochs: [162/350] train_loss_con: 120.559
[GPU0] epochs: [163/350] train_loss_con: 120.559
[GPU0] epochs: [164/350] train_loss_con: 120.558
[GPU0] epochs: [165/350] train_loss_con: 120.555
[GPU0] epochs: [166/350] train_loss_con: 120.554
[GPU0] epochs: [167/350] train_loss_con: 120.554
[GPU0] epochs: [168/350] train_loss_con: 120.554
[GPU0] epochs: [169/350] train_loss_con: 120.557
[GPU0] epochs: [170/350] train_loss_con: 120.555
[GPU0] epochs: [171/350] train_loss_con: 120.555
[GPU0] epochs: [172/350] train_loss_con: 120.556
[GPU0] epochs: [173/350] train_loss_con: 120.555
[GPU0] epochs: [174/350] train_loss_con: 120.548
[GPU0] epochs: [175/350] train_loss_con: 120.551
[GPU0] epochs: [176/350] train_loss_con: 120.553
[GPU0] epochs: [177/350] train_loss_con: 120.554
[GPU0] epochs: [178/350] train_loss_con: 120.550
[GPU0] epochs: [179/350] train_loss_con: 120.548
[GPU0] epochs: [180/350] train_loss_con: 120.552
[GPU0] epochs: [181/350] train_loss_con: 120.551
[GPU0] epochs: [182/350] train_loss_con: 120.548
[GPU0] epochs: [183/350] train_loss_con: 120.548
[GPU0] epochs: [184/350] train_loss_con: 120.544
[GPU0] epochs: [185/350] train_loss_con: 120.547
[GPU0] epochs: [186/350] train_loss_con: 120.548
[GPU0] epochs: [187/350] train_loss_con: 120.543
[GPU0] epochs: [188/350] train_loss_con: 120.545
[GPU0] epochs: [189/350] train_loss_con: 120.544
[GPU0] epochs: [190/350] train_loss_con: 120.542
[GPU0] epochs: [191/350] train_loss_con: 120.543
[GPU0] epochs: [192/350] train_loss_con: 120.545
[GPU0] epochs: [193/350] train_loss_con: 120.544
[GPU0] epochs: [194/350] train_loss_con: 120.544
[GPU0] epochs: [195/350] train_loss_con: 120.542
[GPU0] epochs: [196/350] train_loss_con: 120.544
[GPU0] epochs: [197/350] train_loss_con: 120.538
[GPU0] epochs: [198/350] train_loss_con: 120.542
[GPU0] epochs: [199/350] train_loss_con: 120.541
[GPU0] epochs: [200/350] train_loss_con: 120.539
[GPU0] epochs: [201/350] train_loss_con: 120.539
[GPU0] epochs: [202/350] train_loss_con: 120.537
[GPU0] epochs: [203/350] train_loss_con: 120.538
[GPU0] epochs: [204/350] train_loss_con: 120.538
[GPU0] epochs: [205/350] train_loss_con: 120.536
[GPU0] epochs: [206/350] train_loss_con: 120.539
[GPU0] epochs: [207/350] train_loss_con: 120.537
[GPU0] epochs: [208/350] train_loss_con: 120.537
[GPU0] epochs: [209/350] train_loss_con: 120.539
[GPU0] epochs: [210/350] train_loss_con: 120.536
[GPU0] epochs: [211/350] train_loss_con: 120.537
[GPU0] epochs: [212/350] train_loss_con: 120.534
[GPU0] epochs: [213/350] train_loss_con: 120.532
[GPU0] epochs: [214/350] train_loss_con: 120.535
[GPU0] epochs: [215/350] train_loss_con: 120.535
[GPU0] epochs: [216/350] train_loss_con: 120.534
[GPU0] epochs: [217/350] train_loss_con: 120.531
[GPU0] epochs: [218/350] train_loss_con: 120.530
[GPU0] epochs: [219/350] train_loss_con: 120.534
[GPU0] epochs: [220/350] train_loss_con: 120.529
[GPU0] epochs: [221/350] train_loss_con: 120.531
[GPU0] epochs: [222/350] train_loss_con: 120.530
[GPU0] epochs: [223/350] train_loss_con: 120.532
[GPU0] epochs: [224/350] train_loss_con: 120.532
[GPU0] epochs: [225/350] train_loss_con: 120.528
[GPU0] epochs: [226/350] train_loss_con: 120.531
[GPU0] epochs: [227/350] train_loss_con: 120.532
[GPU0] epochs: [228/350] train_loss_con: 120.526
[GPU0] epochs: [229/350] train_loss_con: 120.530
[GPU0] epochs: [230/350] train_loss_con: 120.528
[GPU0] epochs: [231/350] train_loss_con: 120.530
[GPU0] epochs: [232/350] train_loss_con: 120.527
[GPU0] epochs: [233/350] train_loss_con: 120.526
[GPU0] epochs: [234/350] train_loss_con: 120.529
[GPU0] epochs: [235/350] train_loss_con: 120.527
[GPU0] epochs: [236/350] train_loss_con: 120.525
[GPU0] epochs: [237/350] train_loss_con: 120.528
[GPU0] epochs: [238/350] train_loss_con: 120.526
[GPU0] epochs: [239/350] train_loss_con: 120.523
[GPU0] epochs: [240/350] train_loss_con: 120.523
[GPU0] epochs: [241/350] train_loss_con: 120.523
[GPU0] epochs: [242/350] train_loss_con: 120.524
[GPU0] epochs: [243/350] train_loss_con: 120.526
[GPU0] epochs: [244/350] train_loss_con: 120.523
[GPU0] epochs: [245/350] train_loss_con: 120.523
[GPU0] epochs: [246/350] train_loss_con: 120.527
[GPU0] epochs: [247/350] train_loss_con: 120.523
[GPU0] epochs: [248/350] train_loss_con: 120.523
[GPU0] epochs: [249/350] train_loss_con: 120.522
[GPU0] epochs: [250/350] train_loss_con: 120.520
[GPU0] epochs: [251/350] train_loss_con: 120.519
[GPU0] epochs: [252/350] train_loss_con: 120.520
[GPU0] epochs: [253/350] train_loss_con: 120.520
[GPU0] epochs: [254/350] train_loss_con: 120.525
[GPU0] epochs: [255/350] train_loss_con: 120.519
[GPU0] epochs: [256/350] train_loss_con: 120.523
[GPU0] epochs: [257/350] train_loss_con: 120.519
[GPU0] epochs: [258/350] train_loss_con: 120.518
[GPU0] epochs: [259/350] train_loss_con: 120.516
[GPU0] epochs: [260/350] train_loss_con: 120.517
[GPU0] epochs: [261/350] train_loss_con: 120.520
[GPU0] epochs: [262/350] train_loss_con: 120.518
[GPU0] epochs: [263/350] train_loss_con: 120.520
[GPU0] epochs: [264/350] train_loss_con: 120.521
[GPU0] epochs: [265/350] train_loss_con: 120.514
[GPU0] epochs: [266/350] train_loss_con: 120.518
[GPU0] epochs: [267/350] train_loss_con: 120.515
[GPU0] epochs: [268/350] train_loss_con: 120.517
[GPU0] epochs: [269/350] train_loss_con: 120.515
[GPU0] epochs: [270/350] train_loss_con: 120.514
[GPU0] epochs: [271/350] train_loss_con: 120.513
[GPU0] epochs: [272/350] train_loss_con: 120.514
[GPU0] epochs: [273/350] train_loss_con: 120.514
[GPU0] epochs: [274/350] train_loss_con: 120.512
[GPU0] epochs: [275/350] train_loss_con: 120.513
[GPU0] epochs: [276/350] train_loss_con: 120.512
[GPU0] epochs: [277/350] train_loss_con: 120.513
[GPU0] epochs: [278/350] train_loss_con: 120.514
[GPU0] epochs: [279/350] train_loss_con: 120.514
[GPU0] epochs: [280/350] train_loss_con: 120.511
[GPU0] epochs: [281/350] train_loss_con: 120.511
[GPU0] epochs: [282/350] train_loss_con: 120.513
[GPU0] epochs: [283/350] train_loss_con: 120.513
[GPU0] epochs: [284/350] train_loss_con: 120.512
[GPU0] epochs: [285/350] train_loss_con: 120.514
[GPU0] epochs: [286/350] train_loss_con: 120.510
[GPU0] epochs: [287/350] train_loss_con: 120.511
[GPU0] epochs: [288/350] train_loss_con: 120.511
[GPU0] epochs: [289/350] train_loss_con: 120.510
[GPU0] epochs: [290/350] train_loss_con: 120.510
[GPU0] epochs: [291/350] train_loss_con: 120.508
[GPU0] epochs: [292/350] train_loss_con: 120.510
[GPU0] epochs: [293/350] train_loss_con: 120.510
[GPU0] epochs: [294/350] train_loss_con: 120.512
[GPU0] epochs: [295/350] train_loss_con: 120.508
[GPU0] epochs: [296/350] train_loss_con: 120.507
[GPU0] epochs: [297/350] train_loss_con: 120.508
[GPU0] epochs: [298/350] train_loss_con: 120.511
[GPU0] epochs: [299/350] train_loss_con: 120.509
[GPU0] epochs: [300/350] train_loss_con: 120.509
[GPU0] epochs: [301/350] train_loss_con: 120.505
[GPU0] epochs: [302/350] train_loss_con: 120.511
[GPU0] epochs: [303/350] train_loss_con: 120.506
[GPU0] epochs: [304/350] train_loss_con: 120.510
[GPU0] epochs: [305/350] train_loss_con: 120.509
[GPU0] epochs: [306/350] train_loss_con: 120.508
[GPU0] epochs: [307/350] train_loss_con: 120.508
[GPU0] epochs: [308/350] train_loss_con: 120.506
[GPU0] epochs: [309/350] train_loss_con: 120.505
[GPU0] epochs: [310/350] train_loss_con: 120.504
[GPU0] epochs: [311/350] train_loss_con: 120.509
[GPU0] epochs: [312/350] train_loss_con: 120.506
[GPU0] epochs: [313/350] train_loss_con: 120.505
[GPU0] epochs: [314/350] train_loss_con: 120.507
[GPU0] epochs: [315/350] train_loss_con: 120.507
[GPU0] epochs: [316/350] train_loss_con: 120.506
[GPU0] epochs: [317/350] train_loss_con: 120.504
[GPU0] epochs: [318/350] train_loss_con: 120.505
[GPU0] epochs: [319/350] train_loss_con: 120.506
[GPU0] epochs: [320/350] train_loss_con: 120.507
[GPU0] epochs: [321/350] train_loss_con: 120.506
[GPU0] epochs: [322/350] train_loss_con: 120.506
[GPU0] epochs: [323/350] train_loss_con: 120.506
[GPU0] epochs: [324/350] train_loss_con: 120.504
[GPU0] epochs: [325/350] train_loss_con: 120.502
[GPU0] epochs: [326/350] train_loss_con: 120.506
[GPU0] epochs: [327/350] train_loss_con: 120.504
[GPU0] epochs: [328/350] train_loss_con: 120.504
[GPU0] epochs: [329/350] train_loss_con: 120.506
[GPU0] epochs: [330/350] train_loss_con: 120.505
[GPU0] epochs: [331/350] train_loss_con: 120.505
[GPU0] epochs: [332/350] train_loss_con: 120.503
[GPU0] epochs: [333/350] train_loss_con: 120.505
[GPU0] epochs: [334/350] train_loss_con: 120.505
[GPU0] epochs: [335/350] train_loss_con: 120.505
[GPU0] epochs: [336/350] train_loss_con: 120.505
[GPU0] epochs: [337/350] train_loss_con: 120.504
[GPU0] epochs: [338/350] train_loss_con: 120.504
[GPU0] epochs: [339/350] train_loss_con: 120.506
[GPU0] epochs: [340/350] train_loss_con: 120.503
[GPU0] epochs: [341/350] train_loss_con: 120.502
[GPU0] epochs: [342/350] train_loss_con: 120.506
[GPU0] epochs: [343/350] train_loss_con: 120.504
[GPU0] epochs: [344/350] train_loss_con: 120.502
[GPU0] epochs: [345/350] train_loss_con: 120.505
[GPU0] epochs: [346/350] train_loss_con: 120.504
[GPU0] epochs: [347/350] train_loss_con: 120.505
[GPU0] epochs: [348/350] train_loss_con: 120.505
[GPU0] epochs: [349/350] train_loss_con: 120.503
[GPU0] epochs: [350/350] train_loss_con: 120.504
### TSNE starts
### MLP training begins
[GPU0] Test Accuracy at epoch: 0: 0.829
[GPU0] epochs: [1/100] train_acc: 0.783 train_loss_sup: 0.648
[GPU0] epochs: [2/100] train_acc: 0.808 train_loss_sup: 0.550
[GPU0] epochs: [3/100] train_acc: 0.816 train_loss_sup: 0.533
[GPU0] epochs: [4/100] train_acc: 0.816 train_loss_sup: 0.526
[GPU0] epochs: [5/100] train_acc: 0.820 train_loss_sup: 0.516
[GPU0] epochs: [6/100] train_acc: 0.823 train_loss_sup: 0.507
[GPU0] epochs: [7/100] train_acc: 0.825 train_loss_sup: 0.503
[GPU0] epochs: [8/100] train_acc: 0.825 train_loss_sup: 0.500
[GPU0] epochs: [9/100] train_acc: 0.828 train_loss_sup: 0.495
[GPU0] epochs: [10/100] train_acc: 0.827 train_loss_sup: 0.495
[GPU0] Test Accuracy at epoch: 10: 0.857
[GPU0] epochs: [11/100] train_acc: 0.829 train_loss_sup: 0.491
[GPU0] epochs: [12/100] train_acc: 0.830 train_loss_sup: 0.484
[GPU0] epochs: [13/100] train_acc: 0.830 train_loss_sup: 0.482
[GPU0] epochs: [14/100] train_acc: 0.830 train_loss_sup: 0.483
[GPU0] epochs: [15/100] train_acc: 0.832 train_loss_sup: 0.480
[GPU0] epochs: [16/100] train_acc: 0.831 train_loss_sup: 0.477
[GPU0] epochs: [17/100] train_acc: 0.833 train_loss_sup: 0.477
[GPU0] epochs: [18/100] train_acc: 0.835 train_loss_sup: 0.469
[GPU0] epochs: [19/100] train_acc: 0.836 train_loss_sup: 0.471
[GPU0] epochs: [20/100] train_acc: 0.836 train_loss_sup: 0.467
[GPU0] Test Accuracy at epoch: 20: 0.863
[GPU0] epochs: [21/100] train_acc: 0.838 train_loss_sup: 0.463
[GPU0] epochs: [22/100] train_acc: 0.835 train_loss_sup: 0.466
[GPU0] epochs: [23/100] train_acc: 0.836 train_loss_sup: 0.459
[GPU0] epochs: [24/100] train_acc: 0.836 train_loss_sup: 0.460
[GPU0] epochs: [25/100] train_acc: 0.838 train_loss_sup: 0.455
[GPU0] epochs: [26/100] train_acc: 0.840 train_loss_sup: 0.454
[GPU0] epochs: [27/100] train_acc: 0.842 train_loss_sup: 0.446
[GPU0] epochs: [28/100] train_acc: 0.839 train_loss_sup: 0.453
[GPU0] epochs: [29/100] train_acc: 0.840 train_loss_sup: 0.451
[GPU0] epochs: [30/100] train_acc: 0.842 train_loss_sup: 0.450
[GPU0] Test Accuracy at epoch: 30: 0.862
[GPU0] epochs: [31/100] train_acc: 0.840 train_loss_sup: 0.449
[GPU0] epochs: [32/100] train_acc: 0.841 train_loss_sup: 0.449
[GPU0] epochs: [33/100] train_acc: 0.843 train_loss_sup: 0.444
[GPU0] epochs: [34/100] train_acc: 0.843 train_loss_sup: 0.442
[GPU0] epochs: [35/100] train_acc: 0.845 train_loss_sup: 0.440
[GPU0] epochs: [36/100] train_acc: 0.842 train_loss_sup: 0.441
[GPU0] epochs: [37/100] train_acc: 0.845 train_loss_sup: 0.438
[GPU0] epochs: [38/100] train_acc: 0.844 train_loss_sup: 0.439
[GPU0] epochs: [39/100] train_acc: 0.843 train_loss_sup: 0.440
[GPU0] epochs: [40/100] train_acc: 0.845 train_loss_sup: 0.436
[GPU0] Test Accuracy at epoch: 40: 0.87
[GPU0] epochs: [41/100] train_acc: 0.846 train_loss_sup: 0.435
[GPU0] epochs: [42/100] train_acc: 0.847 train_loss_sup: 0.434
[GPU0] epochs: [43/100] train_acc: 0.847 train_loss_sup: 0.430
[GPU0] epochs: [44/100] train_acc: 0.846 train_loss_sup: 0.433
[GPU0] epochs: [45/100] train_acc: 0.848 train_loss_sup: 0.428
[GPU0] epochs: [46/100] train_acc: 0.847 train_loss_sup: 0.428
[GPU0] epochs: [47/100] train_acc: 0.846 train_loss_sup: 0.431
[GPU0] epochs: [48/100] train_acc: 0.847 train_loss_sup: 0.430
[GPU0] epochs: [49/100] train_acc: 0.849 train_loss_sup: 0.422
[GPU0] epochs: [50/100] train_acc: 0.850 train_loss_sup: 0.423
[GPU0] Test Accuracy at epoch: 50: 0.869
[GPU0] epochs: [51/100] train_acc: 0.849 train_loss_sup: 0.424
[GPU0] epochs: [52/100] train_acc: 0.848 train_loss_sup: 0.424
[GPU0] epochs: [53/100] train_acc: 0.850 train_loss_sup: 0.423
[GPU0] epochs: [54/100] train_acc: 0.850 train_loss_sup: 0.419
[GPU0] epochs: [55/100] train_acc: 0.851 train_loss_sup: 0.417
[GPU0] epochs: [56/100] train_acc: 0.853 train_loss_sup: 0.417
[GPU0] epochs: [57/100] train_acc: 0.849 train_loss_sup: 0.418
[GPU0] epochs: [58/100] train_acc: 0.852 train_loss_sup: 0.415
[GPU0] epochs: [59/100] train_acc: 0.853 train_loss_sup: 0.413
[GPU0] epochs: [60/100] train_acc: 0.853 train_loss_sup: 0.413
[GPU0] Test Accuracy at epoch: 60: 0.87
[GPU0] epochs: [61/100] train_acc: 0.852 train_loss_sup: 0.416
[GPU0] epochs: [62/100] train_acc: 0.854 train_loss_sup: 0.409
[GPU0] epochs: [63/100] train_acc: 0.855 train_loss_sup: 0.407
[GPU0] epochs: [64/100] train_acc: 0.853 train_loss_sup: 0.416
[GPU0] epochs: [65/100] train_acc: 0.853 train_loss_sup: 0.413
[GPU0] epochs: [66/100] train_acc: 0.857 train_loss_sup: 0.404
[GPU0] epochs: [67/100] train_acc: 0.854 train_loss_sup: 0.408
[GPU0] epochs: [68/100] train_acc: 0.856 train_loss_sup: 0.403
[GPU0] epochs: [69/100] train_acc: 0.855 train_loss_sup: 0.408
[GPU0] epochs: [70/100] train_acc: 0.854 train_loss_sup: 0.408
[GPU0] Test Accuracy at epoch: 70: 0.869
[GPU0] epochs: [71/100] train_acc: 0.857 train_loss_sup: 0.406
[GPU0] epochs: [72/100] train_acc: 0.857 train_loss_sup: 0.400
[GPU0] epochs: [73/100] train_acc: 0.857 train_loss_sup: 0.403
[GPU0] epochs: [74/100] train_acc: 0.858 train_loss_sup: 0.397
[GPU0] epochs: [75/100] train_acc: 0.855 train_loss_sup: 0.405
[GPU0] epochs: [76/100] train_acc: 0.858 train_loss_sup: 0.399
[GPU0] epochs: [77/100] train_acc: 0.859 train_loss_sup: 0.396
[GPU0] epochs: [78/100] train_acc: 0.859 train_loss_sup: 0.397
[GPU0] epochs: [79/100] train_acc: 0.858 train_loss_sup: 0.399
[GPU0] epochs: [80/100] train_acc: 0.860 train_loss_sup: 0.393
[GPU0] Test Accuracy at epoch: 80: 0.877
[GPU0] epochs: [81/100] train_acc: 0.859 train_loss_sup: 0.396
[GPU0] epochs: [82/100] train_acc: 0.860 train_loss_sup: 0.394
[GPU0] epochs: [83/100] train_acc: 0.861 train_loss_sup: 0.392
[GPU0] epochs: [84/100] train_acc: 0.859 train_loss_sup: 0.392
[GPU0] epochs: [85/100] train_acc: 0.859 train_loss_sup: 0.391
[GPU0] epochs: [86/100] train_acc: 0.861 train_loss_sup: 0.389
[GPU0] epochs: [87/100] train_acc: 0.860 train_loss_sup: 0.391
[GPU0] epochs: [88/100] train_acc: 0.861 train_loss_sup: 0.386
[GPU0] epochs: [89/100] train_acc: 0.865 train_loss_sup: 0.386
[GPU0] epochs: [90/100] train_acc: 0.863 train_loss_sup: 0.385
[GPU0] Test Accuracy at epoch: 90: 0.875
[GPU0] epochs: [91/100] train_acc: 0.861 train_loss_sup: 0.390
[GPU0] epochs: [92/100] train_acc: 0.864 train_loss_sup: 0.384
[GPU0] epochs: [93/100] train_acc: 0.862 train_loss_sup: 0.387
[GPU0] epochs: [94/100] train_acc: 0.864 train_loss_sup: 0.386
[GPU0] epochs: [95/100] train_acc: 0.864 train_loss_sup: 0.383
[GPU0] epochs: [96/100] train_acc: 0.863 train_loss_sup: 0.381
[GPU0] epochs: [97/100] train_acc: 0.864 train_loss_sup: 0.385
[GPU0] epochs: [98/100] train_acc: 0.864 train_loss_sup: 0.381
[GPU0] epochs: [99/100] train_acc: 0.866 train_loss_sup: 0.381
[GPU0] epochs: [100/100] train_acc: 0.863 train_loss_sup: 0.384
[GPU0] Final Test Accuracy: 0.867
