environment: 
YAML: configs/dare.c100.yaml
==> SEED: 42
==> num_classes: 10
==> data_name: cifar100
==> data_params: {'algo': 'dare', 'data_dir': 'datasets/cifar100', 'batch_size': 512, 'num_workers': 3, 'image_size': 32}
==> return_logs: False
==> eval_every: 10
==> n_epochs: 500
==> n_epochs_mlp: 100
==> gpu_id: 7
==> opt: SGD
==> opt_params: {'lr': 0.5, 'momentum': 0.9, 'nesterov': True}
==> schedular_params: {'T_max': 500, 'eta_min': 0.001}
==> mlp_opt: SGD
==> mlp_opt_params: {'lr': 0.01, 'momentum': 0.9, 'nesterov': True}
==> model_params: {'model_name': 'resnet50', 'pretrained': False, 'proj_dim': 128}
==> mlp_type: hidden
==> loss: dare
==> loss_params: {'sim': 'cosine', 'tau': 0.1, 'lambd': 0.9}
==> vae_linear_out: 256
==> distributed: False
==> train_algo: dare
--------------------------------------------------
===> using hiddin mlp
using optimizer: SGD
using optimizer: SGD
loss function: dare
Files already downloaded and verified
Files already downloaded and verified
Files already downloaded and verified
# of Training Images: 50000
# of Testing Images: 10000
### DARe Training begins
[GPU7] epochs: [1/500] train_loss_con: 7.192
[GPU7] epochs: [2/500] train_loss_con: 7.028
[GPU7] epochs: [3/500] train_loss_con: 7.008
[GPU7] epochs: [4/500] train_loss_con: 6.999
[GPU7] epochs: [5/500] train_loss_con: 6.992
[GPU7] epochs: [6/500] train_loss_con: 6.990
[GPU7] epochs: [7/500] train_loss_con: 6.982
[GPU7] epochs: [8/500] train_loss_con: 6.976
[GPU7] epochs: [9/500] train_loss_con: 6.973
[GPU7] epochs: [10/500] train_loss_con: 6.967
[GPU7] epochs: [11/500] train_loss_con: 6.963
[GPU7] epochs: [12/500] train_loss_con: 6.957
[GPU7] epochs: [13/500] train_loss_con: 6.961
[GPU7] epochs: [14/500] train_loss_con: 6.961
[GPU7] epochs: [15/500] train_loss_con: 6.955
[GPU7] epochs: [16/500] train_loss_con: 6.952
[GPU7] epochs: [17/500] train_loss_con: 6.953
[GPU7] epochs: [18/500] train_loss_con: 6.949
[GPU7] epochs: [19/500] train_loss_con: 6.945
[GPU7] epochs: [20/500] train_loss_con: 6.942
[GPU7] epochs: [21/500] train_loss_con: 6.935
[GPU7] epochs: [22/500] train_loss_con: 6.940
[GPU7] epochs: [23/500] train_loss_con: 6.935
[GPU7] epochs: [24/500] train_loss_con: 6.933
[GPU7] epochs: [25/500] train_loss_con: 6.928
[GPU7] epochs: [26/500] train_loss_con: 6.926
[GPU7] epochs: [27/500] train_loss_con: 6.926
[GPU7] epochs: [28/500] train_loss_con: 6.926
[GPU7] epochs: [29/500] train_loss_con: 6.922
[GPU7] epochs: [30/500] train_loss_con: 6.927
[GPU7] epochs: [31/500] train_loss_con: 6.916
[GPU7] epochs: [32/500] train_loss_con: 6.924
[GPU7] epochs: [33/500] train_loss_con: 6.917
[GPU7] epochs: [34/500] train_loss_con: 6.921
[GPU7] epochs: [35/500] train_loss_con: 6.921
[GPU7] epochs: [36/500] train_loss_con: 6.915
[GPU7] epochs: [37/500] train_loss_con: 6.926
[GPU7] epochs: [38/500] train_loss_con: 6.925
[GPU7] epochs: [39/500] train_loss_con: 6.920
[GPU7] epochs: [40/500] train_loss_con: 6.919
[GPU7] epochs: [41/500] train_loss_con: 6.912
[GPU7] epochs: [42/500] train_loss_con: 6.907
[GPU7] epochs: [43/500] train_loss_con: 6.915
[GPU7] epochs: [44/500] train_loss_con: 6.909
[GPU7] epochs: [45/500] train_loss_con: 6.908
[GPU7] epochs: [46/500] train_loss_con: 6.900
[GPU7] epochs: [47/500] train_loss_con: 6.894
[GPU7] epochs: [48/500] train_loss_con: 6.892
[GPU7] epochs: [49/500] train_loss_con: 6.891
[GPU7] epochs: [50/500] train_loss_con: 6.890
[GPU7] epochs: [51/500] train_loss_con: 6.884
[GPU7] epochs: [52/500] train_loss_con: 6.885
[GPU7] epochs: [53/500] train_loss_con: 6.881
[GPU7] epochs: [54/500] train_loss_con: 6.884
[GPU7] epochs: [55/500] train_loss_con: 6.880
[GPU7] epochs: [56/500] train_loss_con: 6.875
[GPU7] epochs: [57/500] train_loss_con: 6.864
[GPU7] epochs: [58/500] train_loss_con: 6.871
[GPU7] epochs: [59/500] train_loss_con: 6.857
[GPU7] epochs: [60/500] train_loss_con: 6.851
[GPU7] epochs: [61/500] train_loss_con: 6.849
[GPU7] epochs: [62/500] train_loss_con: 6.844
[GPU7] epochs: [63/500] train_loss_con: 6.843
[GPU7] epochs: [64/500] train_loss_con: 6.843
[GPU7] epochs: [65/500] train_loss_con: 6.837
[GPU7] epochs: [66/500] train_loss_con: 6.825
[GPU7] epochs: [67/500] train_loss_con: 6.833
[GPU7] epochs: [68/500] train_loss_con: 6.831
[GPU7] epochs: [69/500] train_loss_con: 6.821
[GPU7] epochs: [70/500] train_loss_con: 6.817
[GPU7] epochs: [71/500] train_loss_con: 6.813
[GPU7] epochs: [72/500] train_loss_con: 6.810
[GPU7] epochs: [73/500] train_loss_con: 6.809
[GPU7] epochs: [74/500] train_loss_con: 6.813
[GPU7] epochs: [75/500] train_loss_con: 6.797
[GPU7] epochs: [76/500] train_loss_con: 6.802
[GPU7] epochs: [77/500] train_loss_con: 6.797
[GPU7] epochs: [78/500] train_loss_con: 6.794
[GPU7] epochs: [79/500] train_loss_con: 6.792
[GPU7] epochs: [80/500] train_loss_con: 6.795
[GPU7] epochs: [81/500] train_loss_con: 6.787
[GPU7] epochs: [82/500] train_loss_con: 6.784
[GPU7] epochs: [83/500] train_loss_con: 6.786
[GPU7] epochs: [84/500] train_loss_con: 6.780
[GPU7] epochs: [85/500] train_loss_con: 6.776
[GPU7] epochs: [86/500] train_loss_con: 6.784
[GPU7] epochs: [87/500] train_loss_con: 6.777
[GPU7] epochs: [88/500] train_loss_con: 6.778
[GPU7] epochs: [89/500] train_loss_con: 6.776
[GPU7] epochs: [90/500] train_loss_con: 6.771
[GPU7] epochs: [91/500] train_loss_con: 6.769
[GPU7] epochs: [92/500] train_loss_con: 6.770
[GPU7] epochs: [93/500] train_loss_con: 6.769
[GPU7] epochs: [94/500] train_loss_con: 6.767
[GPU7] epochs: [95/500] train_loss_con: 6.769
[GPU7] epochs: [96/500] train_loss_con: 6.768
[GPU7] epochs: [97/500] train_loss_con: 6.767
[GPU7] epochs: [98/500] train_loss_con: 6.767
[GPU7] epochs: [99/500] train_loss_con: 6.766
[GPU7] epochs: [100/500] train_loss_con: 6.770
[GPU7] epochs: [101/500] train_loss_con: 6.768
[GPU7] epochs: [102/500] train_loss_con: 6.768
[GPU7] epochs: [103/500] train_loss_con: 6.764
[GPU7] epochs: [104/500] train_loss_con: 6.763
[GPU7] epochs: [105/500] train_loss_con: 6.763
[GPU7] epochs: [106/500] train_loss_con: 6.768
[GPU7] epochs: [107/500] train_loss_con: 6.758
[GPU7] epochs: [108/500] train_loss_con: 6.761
[GPU7] epochs: [109/500] train_loss_con: 6.755
[GPU7] epochs: [110/500] train_loss_con: 6.756
[GPU7] epochs: [111/500] train_loss_con: 6.752
[GPU7] epochs: [112/500] train_loss_con: 6.757
[GPU7] epochs: [113/500] train_loss_con: 6.754
[GPU7] epochs: [114/500] train_loss_con: 6.752
[GPU7] epochs: [115/500] train_loss_con: 6.743
[GPU7] epochs: [116/500] train_loss_con: 6.744
[GPU7] epochs: [117/500] train_loss_con: 6.737
[GPU7] epochs: [118/500] train_loss_con: 6.736
[GPU7] epochs: [119/500] train_loss_con: 6.736
[GPU7] epochs: [120/500] train_loss_con: 6.739
[GPU7] epochs: [121/500] train_loss_con: 6.734
[GPU7] epochs: [122/500] train_loss_con: 6.729
[GPU7] epochs: [123/500] train_loss_con: 6.732
[GPU7] epochs: [124/500] train_loss_con: 6.722
[GPU7] epochs: [125/500] train_loss_con: 6.723
[GPU7] epochs: [126/500] train_loss_con: 6.724
[GPU7] epochs: [127/500] train_loss_con: 6.719
[GPU7] epochs: [128/500] train_loss_con: 6.716
[GPU7] epochs: [129/500] train_loss_con: 6.715
[GPU7] epochs: [130/500] train_loss_con: 6.710
[GPU7] epochs: [131/500] train_loss_con: 6.709
[GPU7] epochs: [132/500] train_loss_con: 6.708
[GPU7] epochs: [133/500] train_loss_con: 6.711
[GPU7] epochs: [134/500] train_loss_con: 6.712
[GPU7] epochs: [135/500] train_loss_con: 6.710
[GPU7] epochs: [136/500] train_loss_con: 6.707
[GPU7] epochs: [137/500] train_loss_con: 6.711
[GPU7] epochs: [138/500] train_loss_con: 6.710
[GPU7] epochs: [139/500] train_loss_con: 6.706
[GPU7] epochs: [140/500] train_loss_con: 6.708
[GPU7] epochs: [141/500] train_loss_con: 6.709
[GPU7] epochs: [142/500] train_loss_con: 6.708
[GPU7] epochs: [143/500] train_loss_con: 6.707
[GPU7] epochs: [144/500] train_loss_con: 6.706
[GPU7] epochs: [145/500] train_loss_con: 6.711
[GPU7] epochs: [146/500] train_loss_con: 6.706
[GPU7] epochs: [147/500] train_loss_con: 6.707
[GPU7] epochs: [148/500] train_loss_con: 6.704
[GPU7] epochs: [149/500] train_loss_con: 6.706
[GPU7] epochs: [150/500] train_loss_con: 6.704
[GPU7] epochs: [151/500] train_loss_con: 6.707
[GPU7] epochs: [152/500] train_loss_con: 6.707
[GPU7] epochs: [153/500] train_loss_con: 6.706
[GPU7] epochs: [154/500] train_loss_con: 6.706
[GPU7] epochs: [155/500] train_loss_con: 6.707
[GPU7] epochs: [156/500] train_loss_con: 6.707
[GPU7] epochs: [157/500] train_loss_con: 6.701
[GPU7] epochs: [158/500] train_loss_con: 6.706
[GPU7] epochs: [159/500] train_loss_con: 6.707
[GPU7] epochs: [160/500] train_loss_con: 6.707
[GPU7] epochs: [161/500] train_loss_con: 6.704
[GPU7] epochs: [162/500] train_loss_con: 6.697
[GPU7] epochs: [163/500] train_loss_con: 6.703
[GPU7] epochs: [164/500] train_loss_con: 6.707
[GPU7] epochs: [165/500] train_loss_con: 6.701
[GPU7] epochs: [166/500] train_loss_con: 6.700
[GPU7] epochs: [167/500] train_loss_con: 6.709
[GPU7] epochs: [168/500] train_loss_con: 6.703
[GPU7] epochs: [169/500] train_loss_con: 6.706
[GPU7] epochs: [170/500] train_loss_con: 6.703
[GPU7] epochs: [171/500] train_loss_con: 6.705
[GPU7] epochs: [172/500] train_loss_con: 6.703
[GPU7] epochs: [173/500] train_loss_con: 6.701
[GPU7] epochs: [174/500] train_loss_con: 6.707
[GPU7] epochs: [175/500] train_loss_con: 6.707
[GPU7] epochs: [176/500] train_loss_con: 6.703
[GPU7] epochs: [177/500] train_loss_con: 6.702
[GPU7] epochs: [178/500] train_loss_con: 6.700
[GPU7] epochs: [179/500] train_loss_con: 6.706
[GPU7] epochs: [180/500] train_loss_con: 6.703
[GPU7] epochs: [181/500] train_loss_con: 6.701
[GPU7] epochs: [182/500] train_loss_con: 6.701
[GPU7] epochs: [183/500] train_loss_con: 6.704
[GPU7] epochs: [184/500] train_loss_con: 6.703
[GPU7] epochs: [185/500] train_loss_con: 6.691
[GPU7] epochs: [186/500] train_loss_con: 6.707
[GPU7] epochs: [187/500] train_loss_con: 6.700
[GPU7] epochs: [188/500] train_loss_con: 6.702
[GPU7] epochs: [189/500] train_loss_con: 6.699
[GPU7] epochs: [190/500] train_loss_con: 6.701
[GPU7] epochs: [191/500] train_loss_con: 6.699
[GPU7] epochs: [192/500] train_loss_con: 6.702
[GPU7] epochs: [193/500] train_loss_con: 6.706
[GPU7] epochs: [194/500] train_loss_con: 6.698
[GPU7] epochs: [195/500] train_loss_con: 6.702
[GPU7] epochs: [196/500] train_loss_con: 6.698
[GPU7] epochs: [197/500] train_loss_con: 6.701
[GPU7] epochs: [198/500] train_loss_con: 6.700
[GPU7] epochs: [199/500] train_loss_con: 6.704
[GPU7] epochs: [200/500] train_loss_con: 6.702
[GPU7] epochs: [201/500] train_loss_con: 6.700
[GPU7] epochs: [202/500] train_loss_con: 6.702
[GPU7] epochs: [203/500] train_loss_con: 6.695
[GPU7] epochs: [204/500] train_loss_con: 6.700
[GPU7] epochs: [205/500] train_loss_con: 6.706
[GPU7] epochs: [206/500] train_loss_con: 6.702
[GPU7] epochs: [207/500] train_loss_con: 6.700
[GPU7] epochs: [208/500] train_loss_con: 6.700
[GPU7] epochs: [209/500] train_loss_con: 6.700
[GPU7] epochs: [210/500] train_loss_con: 6.700
[GPU7] epochs: [211/500] train_loss_con: 6.699
[GPU7] epochs: [212/500] train_loss_con: 6.700
[GPU7] epochs: [213/500] train_loss_con: 6.701
[GPU7] epochs: [214/500] train_loss_con: 6.706
[GPU7] epochs: [215/500] train_loss_con: 6.701
[GPU7] epochs: [216/500] train_loss_con: 6.695
[GPU7] epochs: [217/500] train_loss_con: 6.699
[GPU7] epochs: [218/500] train_loss_con: 6.702
[GPU7] epochs: [219/500] train_loss_con: 6.698
[GPU7] epochs: [220/500] train_loss_con: 6.695
[GPU7] epochs: [221/500] train_loss_con: 6.693
[GPU7] epochs: [222/500] train_loss_con: 6.696
[GPU7] epochs: [223/500] train_loss_con: 6.699
[GPU7] epochs: [224/500] train_loss_con: 6.698
[GPU7] epochs: [225/500] train_loss_con: 6.700
[GPU7] epochs: [226/500] train_loss_con: 6.698
[GPU7] epochs: [227/500] train_loss_con: 6.700
[GPU7] epochs: [228/500] train_loss_con: 6.696
[GPU7] epochs: [229/500] train_loss_con: 6.698
[GPU7] epochs: [230/500] train_loss_con: 6.697
[GPU7] epochs: [231/500] train_loss_con: 6.700
[GPU7] epochs: [232/500] train_loss_con: 6.697
[GPU7] epochs: [233/500] train_loss_con: 6.698
[GPU7] epochs: [234/500] train_loss_con: 6.699
[GPU7] epochs: [235/500] train_loss_con: 6.701
[GPU7] epochs: [236/500] train_loss_con: 6.694
[GPU7] epochs: [237/500] train_loss_con: 6.696
[GPU7] epochs: [238/500] train_loss_con: 6.697
[GPU7] epochs: [239/500] train_loss_con: 6.703
[GPU7] epochs: [240/500] train_loss_con: 6.700
[GPU7] epochs: [241/500] train_loss_con: 6.699
[GPU7] epochs: [242/500] train_loss_con: 6.695
[GPU7] epochs: [243/500] train_loss_con: 6.697
[GPU7] epochs: [244/500] train_loss_con: 6.701
[GPU7] epochs: [245/500] train_loss_con: 6.696
[GPU7] epochs: [246/500] train_loss_con: 6.699
[GPU7] epochs: [247/500] train_loss_con: 6.699
[GPU7] epochs: [248/500] train_loss_con: 6.697
[GPU7] epochs: [249/500] train_loss_con: 6.696
[GPU7] epochs: [250/500] train_loss_con: 6.692
[GPU7] epochs: [251/500] train_loss_con: 6.700
[GPU7] epochs: [252/500] train_loss_con: 6.693
[GPU7] epochs: [253/500] train_loss_con: 6.692
[GPU7] epochs: [254/500] train_loss_con: 6.694
[GPU7] epochs: [255/500] train_loss_con: 6.694
[GPU7] epochs: [256/500] train_loss_con: 6.693
[GPU7] epochs: [257/500] train_loss_con: 6.700
[GPU7] epochs: [258/500] train_loss_con: 6.700
[GPU7] epochs: [259/500] train_loss_con: 6.693
[GPU7] epochs: [260/500] train_loss_con: 6.689
[GPU7] epochs: [261/500] train_loss_con: 6.695
[GPU7] epochs: [262/500] train_loss_con: 6.695
[GPU7] epochs: [263/500] train_loss_con: 6.695
[GPU7] epochs: [264/500] train_loss_con: 6.694
[GPU7] epochs: [265/500] train_loss_con: 6.695
[GPU7] epochs: [266/500] train_loss_con: 6.693
[GPU7] epochs: [267/500] train_loss_con: 6.700
[GPU7] epochs: [268/500] train_loss_con: 6.695
[GPU7] epochs: [269/500] train_loss_con: 6.696
[GPU7] epochs: [270/500] train_loss_con: 6.692
[GPU7] epochs: [271/500] train_loss_con: 6.695
[GPU7] epochs: [272/500] train_loss_con: 6.693
[GPU7] epochs: [273/500] train_loss_con: 6.692
[GPU7] epochs: [274/500] train_loss_con: 6.696
[GPU7] epochs: [275/500] train_loss_con: 6.692
[GPU7] epochs: [276/500] train_loss_con: 6.697
[GPU7] epochs: [277/500] train_loss_con: 6.693
[GPU7] epochs: [278/500] train_loss_con: 6.692
[GPU7] epochs: [279/500] train_loss_con: 6.690
[GPU7] epochs: [280/500] train_loss_con: 6.691
[GPU7] epochs: [281/500] train_loss_con: 6.687
[GPU7] epochs: [282/500] train_loss_con: 6.690
[GPU7] epochs: [283/500] train_loss_con: 6.689
[GPU7] epochs: [284/500] train_loss_con: 6.696
[GPU7] epochs: [285/500] train_loss_con: 6.693
[GPU7] epochs: [286/500] train_loss_con: 6.689
[GPU7] epochs: [287/500] train_loss_con: 6.690
[GPU7] epochs: [288/500] train_loss_con: 6.689
[GPU7] epochs: [289/500] train_loss_con: 6.690
[GPU7] epochs: [290/500] train_loss_con: 6.692
[GPU7] epochs: [291/500] train_loss_con: 6.689
[GPU7] epochs: [292/500] train_loss_con: 6.693
[GPU7] epochs: [293/500] train_loss_con: 6.691
[GPU7] epochs: [294/500] train_loss_con: 6.686
[GPU7] epochs: [295/500] train_loss_con: 6.687
[GPU7] epochs: [296/500] train_loss_con: 6.687
[GPU7] epochs: [297/500] train_loss_con: 6.689
[GPU7] epochs: [298/500] train_loss_con: 6.687
[GPU7] epochs: [299/500] train_loss_con: 6.698
[GPU7] epochs: [300/500] train_loss_con: 6.689
[GPU7] epochs: [301/500] train_loss_con: 6.694
[GPU7] epochs: [302/500] train_loss_con: 6.688
[GPU7] epochs: [303/500] train_loss_con: 6.689
[GPU7] epochs: [304/500] train_loss_con: 6.692
[GPU7] epochs: [305/500] train_loss_con: 6.688
[GPU7] epochs: [306/500] train_loss_con: 6.687
[GPU7] epochs: [307/500] train_loss_con: 6.689
[GPU7] epochs: [308/500] train_loss_con: 6.690
[GPU7] epochs: [309/500] train_loss_con: 6.687
[GPU7] epochs: [310/500] train_loss_con: 6.688
[GPU7] epochs: [311/500] train_loss_con: 6.691
[GPU7] epochs: [312/500] train_loss_con: 6.689
[GPU7] epochs: [313/500] train_loss_con: 6.695
[GPU7] epochs: [314/500] train_loss_con: 6.690
[GPU7] epochs: [315/500] train_loss_con: 6.693
[GPU7] epochs: [316/500] train_loss_con: 6.690
[GPU7] epochs: [317/500] train_loss_con: 6.694
[GPU7] epochs: [318/500] train_loss_con: 6.690
[GPU7] epochs: [319/500] train_loss_con: 6.695
[GPU7] epochs: [320/500] train_loss_con: 6.690
[GPU7] epochs: [321/500] train_loss_con: 6.685
[GPU7] epochs: [322/500] train_loss_con: 6.688
[GPU7] epochs: [323/500] train_loss_con: 6.693
[GPU7] epochs: [324/500] train_loss_con: 6.688
[GPU7] epochs: [325/500] train_loss_con: 6.694
[GPU7] epochs: [326/500] train_loss_con: 6.690
[GPU7] epochs: [327/500] train_loss_con: 6.693
[GPU7] epochs: [328/500] train_loss_con: 6.690
[GPU7] epochs: [329/500] train_loss_con: 6.687
[GPU7] epochs: [330/500] train_loss_con: 6.694
[GPU7] epochs: [331/500] train_loss_con: 6.685
[GPU7] epochs: [332/500] train_loss_con: 6.687
[GPU7] epochs: [333/500] train_loss_con: 6.691
[GPU7] epochs: [334/500] train_loss_con: 6.685
[GPU7] epochs: [335/500] train_loss_con: 6.689
[GPU7] epochs: [336/500] train_loss_con: 6.689
[GPU7] epochs: [337/500] train_loss_con: 6.689
[GPU7] epochs: [338/500] train_loss_con: 6.686
[GPU7] epochs: [339/500] train_loss_con: 6.694
[GPU7] epochs: [340/500] train_loss_con: 6.689
[GPU7] epochs: [341/500] train_loss_con: 6.690
[GPU7] epochs: [342/500] train_loss_con: 6.688
[GPU7] epochs: [343/500] train_loss_con: 6.694
[GPU7] epochs: [344/500] train_loss_con: 6.694
[GPU7] epochs: [345/500] train_loss_con: 6.694
[GPU7] epochs: [346/500] train_loss_con: 6.682
[GPU7] epochs: [347/500] train_loss_con: 6.688
[GPU7] epochs: [348/500] train_loss_con: 6.695
[GPU7] epochs: [349/500] train_loss_con: 6.688
[GPU7] epochs: [350/500] train_loss_con: 6.689
[GPU7] epochs: [351/500] train_loss_con: 6.690
[GPU7] epochs: [352/500] train_loss_con: 6.682
[GPU7] epochs: [353/500] train_loss_con: 6.686
[GPU7] epochs: [354/500] train_loss_con: 6.685
[GPU7] epochs: [355/500] train_loss_con: 6.695
[GPU7] epochs: [356/500] train_loss_con: 6.691
[GPU7] epochs: [357/500] train_loss_con: 6.691
[GPU7] epochs: [358/500] train_loss_con: 6.689
[GPU7] epochs: [359/500] train_loss_con: 6.689
[GPU7] epochs: [360/500] train_loss_con: 6.687
[GPU7] epochs: [361/500] train_loss_con: 6.690
[GPU7] epochs: [362/500] train_loss_con: 6.692
[GPU7] epochs: [363/500] train_loss_con: 6.688
[GPU7] epochs: [364/500] train_loss_con: 6.690
[GPU7] epochs: [365/500] train_loss_con: 6.692
[GPU7] epochs: [366/500] train_loss_con: 6.687
[GPU7] epochs: [367/500] train_loss_con: 6.690
