environment: 
YAML: configs/simclr.c100.yaml
==> SEED: 42
==> num_classes: 100
==> data_name: cifar100
==> data_params: {'algo': 'simclr', 'data_dir': 'datasets/cifar100', 'batch_size': 512, 'num_workers': 3, 'image_size': 32}
==> return_logs: False
==> eval_every: 10
==> n_epochs: 350
==> n_epochs_mlp: 100
==> gpu_id: 1
==> opt: SGD
==> opt_params: {'lr': 0.5, 'momentum': 0.9, 'nesterov': True}
==> schedular_params: {'T_max': 350, 'eta_min': 0.001}
==> mlp_opt: SGD
==> mlp_opt_params: {'lr': 0.01, 'momentum': 0.9, 'nesterov': True}
==> model_params: {'model_name': 'resnet18', 'pretrained': False, 'proj_dim': 128}
==> mlp_type: hidden
==> loss: simclr
==> loss_params: {'sim': 'cosine', 'tau': 0.5}
==> distributed: False
==> train_algo: simclr
--------------------------------------------------
===> using hiddin mlp
using optimizer: SGD
using optimizer: SGD
loss function: simclr
Files already downloaded and verified
Files already downloaded and verified
Files already downloaded and verified
# of Training Images: 50000
# of Testing Images: 10000
### simclr Training begins
[GPU1] epochs: [1/350] train_loss_con: 6.198
[GPU1] epochs: [2/350] train_loss_con: 5.913
[GPU1] epochs: [3/350] train_loss_con: 5.824
[GPU1] epochs: [4/350] train_loss_con: 5.761
[GPU1] epochs: [5/350] train_loss_con: 5.709
[GPU1] epochs: [6/350] train_loss_con: 5.670
[GPU1] epochs: [7/350] train_loss_con: 5.648
[GPU1] epochs: [8/350] train_loss_con: 5.625
[GPU1] epochs: [9/350] train_loss_con: 5.612
[GPU1] epochs: [10/350] train_loss_con: 5.596
[GPU1] epochs: [11/350] train_loss_con: 5.588
[GPU1] epochs: [12/350] train_loss_con: 5.579
[GPU1] epochs: [13/350] train_loss_con: 5.570
[GPU1] epochs: [14/350] train_loss_con: 5.559
[GPU1] epochs: [15/350] train_loss_con: 5.556
[GPU1] epochs: [16/350] train_loss_con: 5.546
[GPU1] epochs: [17/350] train_loss_con: 5.546
[GPU1] epochs: [18/350] train_loss_con: 5.541
[GPU1] epochs: [19/350] train_loss_con: 5.534
[GPU1] epochs: [20/350] train_loss_con: 5.530
[GPU1] epochs: [21/350] train_loss_con: 5.525
[GPU1] epochs: [22/350] train_loss_con: 5.524
[GPU1] epochs: [23/350] train_loss_con: 5.515
[GPU1] epochs: [24/350] train_loss_con: 5.514
[GPU1] epochs: [25/350] train_loss_con: 5.512
[GPU1] epochs: [26/350] train_loss_con: 5.510
[GPU1] epochs: [27/350] train_loss_con: 5.508
[GPU1] epochs: [28/350] train_loss_con: 5.501
[GPU1] epochs: [29/350] train_loss_con: 5.502
[GPU1] epochs: [30/350] train_loss_con: 5.502
[GPU1] epochs: [31/350] train_loss_con: 5.496
[GPU1] epochs: [32/350] train_loss_con: 5.495
[GPU1] epochs: [33/350] train_loss_con: 5.491
[GPU1] epochs: [34/350] train_loss_con: 5.489
[GPU1] epochs: [35/350] train_loss_con: 5.489
[GPU1] epochs: [36/350] train_loss_con: 5.485
[GPU1] epochs: [37/350] train_loss_con: 5.482
[GPU1] epochs: [38/350] train_loss_con: 5.480
[GPU1] epochs: [39/350] train_loss_con: 5.480
[GPU1] epochs: [40/350] train_loss_con: 5.477
[GPU1] epochs: [41/350] train_loss_con: 5.477
[GPU1] epochs: [42/350] train_loss_con: 5.473
[GPU1] epochs: [43/350] train_loss_con: 5.473
[GPU1] epochs: [44/350] train_loss_con: 5.470
[GPU1] epochs: [45/350] train_loss_con: 5.469
[GPU1] epochs: [46/350] train_loss_con: 5.465
[GPU1] epochs: [47/350] train_loss_con: 5.466
[GPU1] epochs: [48/350] train_loss_con: 5.468
[GPU1] epochs: [49/350] train_loss_con: 5.462
[GPU1] epochs: [50/350] train_loss_con: 5.464
[GPU1] epochs: [51/350] train_loss_con: 5.460
[GPU1] epochs: [52/350] train_loss_con: 5.457
[GPU1] epochs: [53/350] train_loss_con: 5.459
[GPU1] epochs: [54/350] train_loss_con: 5.455
[GPU1] epochs: [55/350] train_loss_con: 5.456
[GPU1] epochs: [56/350] train_loss_con: 5.452
[GPU1] epochs: [57/350] train_loss_con: 5.452
[GPU1] epochs: [58/350] train_loss_con: 5.450
[GPU1] epochs: [59/350] train_loss_con: 5.449
[GPU1] epochs: [60/350] train_loss_con: 5.450
[GPU1] epochs: [61/350] train_loss_con: 5.444
[GPU1] epochs: [62/350] train_loss_con: 5.446
[GPU1] epochs: [63/350] train_loss_con: 5.445
[GPU1] epochs: [64/350] train_loss_con: 5.445
[GPU1] epochs: [65/350] train_loss_con: 5.440
[GPU1] epochs: [66/350] train_loss_con: 5.436
[GPU1] epochs: [67/350] train_loss_con: 5.438
[GPU1] epochs: [68/350] train_loss_con: 5.441
[GPU1] epochs: [69/350] train_loss_con: 5.438
[GPU1] epochs: [70/350] train_loss_con: 5.438
[GPU1] epochs: [71/350] train_loss_con: 5.435
[GPU1] epochs: [72/350] train_loss_con: 5.433
[GPU1] epochs: [73/350] train_loss_con: 5.434
[GPU1] epochs: [74/350] train_loss_con: 5.432
[GPU1] epochs: [75/350] train_loss_con: 5.429
[GPU1] epochs: [76/350] train_loss_con: 5.429
[GPU1] epochs: [77/350] train_loss_con: 5.428
[GPU1] epochs: [78/350] train_loss_con: 5.427
[GPU1] epochs: [79/350] train_loss_con: 5.426
[GPU1] epochs: [80/350] train_loss_con: 5.427
[GPU1] epochs: [81/350] train_loss_con: 5.425
[GPU1] epochs: [82/350] train_loss_con: 5.427
[GPU1] epochs: [83/350] train_loss_con: 5.419
[GPU1] epochs: [84/350] train_loss_con: 5.420
[GPU1] epochs: [85/350] train_loss_con: 5.421
[GPU1] epochs: [86/350] train_loss_con: 5.422
[GPU1] epochs: [87/350] train_loss_con: 5.419
[GPU1] epochs: [88/350] train_loss_con: 5.422
[GPU1] epochs: [89/350] train_loss_con: 5.420
[GPU1] epochs: [90/350] train_loss_con: 5.415
[GPU1] epochs: [91/350] train_loss_con: 5.419
[GPU1] epochs: [92/350] train_loss_con: 5.414
[GPU1] epochs: [93/350] train_loss_con: 5.415
[GPU1] epochs: [94/350] train_loss_con: 5.415
[GPU1] epochs: [95/350] train_loss_con: 5.412
[GPU1] epochs: [96/350] train_loss_con: 5.409
[GPU1] epochs: [97/350] train_loss_con: 5.410
[GPU1] epochs: [98/350] train_loss_con: 5.410
[GPU1] epochs: [99/350] train_loss_con: 5.409
[GPU1] epochs: [100/350] train_loss_con: 5.410
[GPU1] epochs: [101/350] train_loss_con: 5.410
[GPU1] epochs: [102/350] train_loss_con: 5.406
[GPU1] epochs: [103/350] train_loss_con: 5.408
[GPU1] epochs: [104/350] train_loss_con: 5.408
[GPU1] epochs: [105/350] train_loss_con: 5.403
[GPU1] epochs: [106/350] train_loss_con: 5.404
[GPU1] epochs: [107/350] train_loss_con: 5.403
[GPU1] epochs: [108/350] train_loss_con: 5.402
[GPU1] epochs: [109/350] train_loss_con: 5.401
[GPU1] epochs: [110/350] train_loss_con: 5.399
[GPU1] epochs: [111/350] train_loss_con: 5.401
[GPU1] epochs: [112/350] train_loss_con: 5.402
[GPU1] epochs: [113/350] train_loss_con: 5.402
[GPU1] epochs: [114/350] train_loss_con: 5.397
[GPU1] epochs: [115/350] train_loss_con: 5.400
[GPU1] epochs: [116/350] train_loss_con: 5.399
