environment: 
YAML: --config
==> SEED: 42
==> num_classes: 100
==> data_name: cifar100
==> data_params: {'algo': 'simclr', 'data_dir': 'datasets/cifar100', 'batch_size': 512, 'num_workers': 3, 'image_size': 32}
==> return_logs: False
==> eval_every: 10
==> n_epochs: 800
==> n_epochs_mlp: 100
==> gpu_id: 1
==> opt: SGD
==> opt_params: {'lr': 0.5, 'momentum': 0.9, 'nesterov': True}
==> schedular_params: {'T_max': 800, 'eta_min': 0.001}
==> mlp_opt: SGD
==> mlp_opt_params: {'lr': 0.1, 'momentum': 0.9, 'nesterov': True}
==> model_params: {'model_name': 'resnet50', 'pretrained': False, 'proj_dim': 128}
==> mlp_type: linear
==> loss: simclr
==> loss_params: {'sim': 'cosine', 'tau': 0.5}
==> distributed: False
==> train_algo: simclr
==> config: configs/simclr.c100.yaml
==> model_save_path: saved_models/simclr.c100.r50.e800.pth
--------------------------------------------------
===> using linear mlp
using optimizer: SGD
using optimizer: SGD
loss function: simclr
# of Training Images: 50000
# of Testing Images: 10000
### simclr Training begins
[GPU1] epochs: [1/800] train_loss_con: 6.926
[GPU1] epochs: [2/800] train_loss_con: 6.924
[GPU1] epochs: [3/800] train_loss_con: 6.708
[GPU1] epochs: [4/800] train_loss_con: 6.596
[GPU1] epochs: [5/800] train_loss_con: 6.574
[GPU1] epochs: [6/800] train_loss_con: 6.357
[GPU1] epochs: [7/800] train_loss_con: 6.240
[GPU1] epochs: [8/800] train_loss_con: 6.018
[GPU1] epochs: [9/800] train_loss_con: 5.899
[GPU1] epochs: [10/800] train_loss_con: 5.819
[GPU1] epochs: [11/800] train_loss_con: 5.777
[GPU1] epochs: [12/800] train_loss_con: 5.739
[GPU1] epochs: [13/800] train_loss_con: 5.710
[GPU1] epochs: [14/800] train_loss_con: 5.689
[GPU1] epochs: [15/800] train_loss_con: 5.670
[GPU1] epochs: [16/800] train_loss_con: 5.649
[GPU1] epochs: [17/800] train_loss_con: 5.636
[GPU1] epochs: [18/800] train_loss_con: 5.621
[GPU1] epochs: [19/800] train_loss_con: 5.613
[GPU1] epochs: [20/800] train_loss_con: 5.604
[GPU1] epochs: [21/800] train_loss_con: 5.597
[GPU1] epochs: [22/800] train_loss_con: 5.587
[GPU1] epochs: [23/800] train_loss_con: 5.584
[GPU1] epochs: [24/800] train_loss_con: 5.574
[GPU1] epochs: [25/800] train_loss_con: 5.568
[GPU1] epochs: [26/800] train_loss_con: 5.562
[GPU1] epochs: [27/800] train_loss_con: 5.552
[GPU1] epochs: [28/800] train_loss_con: 5.547
[GPU1] epochs: [29/800] train_loss_con: 5.543
[GPU1] epochs: [30/800] train_loss_con: 5.540
[GPU1] epochs: [31/800] train_loss_con: 5.536
[GPU1] epochs: [32/800] train_loss_con: 5.529
[GPU1] epochs: [33/800] train_loss_con: 5.527
[GPU1] epochs: [34/800] train_loss_con: 5.520
[GPU1] epochs: [35/800] train_loss_con: 5.523
[GPU1] epochs: [36/800] train_loss_con: 5.516
[GPU1] epochs: [37/800] train_loss_con: 5.510
[GPU1] epochs: [38/800] train_loss_con: 5.510
[GPU1] epochs: [39/800] train_loss_con: 5.507
[GPU1] epochs: [40/800] train_loss_con: 5.503
[GPU1] epochs: [41/800] train_loss_con: 5.502
[GPU1] epochs: [42/800] train_loss_con: 5.499
[GPU1] epochs: [43/800] train_loss_con: 5.497
[GPU1] epochs: [44/800] train_loss_con: 5.494
[GPU1] epochs: [45/800] train_loss_con: 5.492
[GPU1] epochs: [46/800] train_loss_con: 5.488
[GPU1] epochs: [47/800] train_loss_con: 5.489
[GPU1] epochs: [48/800] train_loss_con: 5.487
[GPU1] epochs: [49/800] train_loss_con: 5.482
[GPU1] epochs: [50/800] train_loss_con: 5.480
[GPU1] epochs: [51/800] train_loss_con: 5.481
[GPU1] epochs: [52/800] train_loss_con: 5.475
[GPU1] epochs: [53/800] train_loss_con: 5.475
[GPU1] epochs: [54/800] train_loss_con: 5.473
[GPU1] epochs: [55/800] train_loss_con: 5.475
[GPU1] epochs: [56/800] train_loss_con: 5.472
[GPU1] epochs: [57/800] train_loss_con: 5.469
[GPU1] epochs: [58/800] train_loss_con: 5.467
[GPU1] epochs: [59/800] train_loss_con: 5.466
[GPU1] epochs: [60/800] train_loss_con: 5.464
[GPU1] epochs: [61/800] train_loss_con: 5.463
[GPU1] epochs: [62/800] train_loss_con: 5.462
[GPU1] epochs: [63/800] train_loss_con: 5.458
[GPU1] epochs: [64/800] train_loss_con: 5.458
[GPU1] epochs: [65/800] train_loss_con: 5.459
[GPU1] epochs: [66/800] train_loss_con: 5.453
[GPU1] epochs: [67/800] train_loss_con: 5.453
[GPU1] epochs: [68/800] train_loss_con: 5.450
[GPU1] epochs: [69/800] train_loss_con: 5.451
[GPU1] epochs: [70/800] train_loss_con: 5.449
[GPU1] epochs: [71/800] train_loss_con: 5.448
[GPU1] epochs: [72/800] train_loss_con: 5.448
[GPU1] epochs: [73/800] train_loss_con: 5.446
[GPU1] epochs: [74/800] train_loss_con: 5.444
[GPU1] epochs: [75/800] train_loss_con: 5.443
[GPU1] epochs: [76/800] train_loss_con: 5.441
[GPU1] epochs: [77/800] train_loss_con: 5.440
[GPU1] epochs: [78/800] train_loss_con: 5.442
[GPU1] epochs: [79/800] train_loss_con: 5.439
[GPU1] epochs: [80/800] train_loss_con: 5.438
[GPU1] epochs: [81/800] train_loss_con: 5.433
[GPU1] epochs: [82/800] train_loss_con: 5.435
[GPU1] epochs: [83/800] train_loss_con: 5.436
[GPU1] epochs: [84/800] train_loss_con: 5.431
[GPU1] epochs: [85/800] train_loss_con: 5.432
[GPU1] epochs: [86/800] train_loss_con: 5.429
[GPU1] epochs: [87/800] train_loss_con: 5.427
[GPU1] epochs: [88/800] train_loss_con: 5.428
[GPU1] epochs: [89/800] train_loss_con: 5.427
[GPU1] epochs: [90/800] train_loss_con: 5.427
[GPU1] epochs: [91/800] train_loss_con: 5.426
[GPU1] epochs: [92/800] train_loss_con: 5.424
[GPU1] epochs: [93/800] train_loss_con: 5.422
[GPU1] epochs: [94/800] train_loss_con: 5.423
[GPU1] epochs: [95/800] train_loss_con: 5.420
[GPU1] epochs: [96/800] train_loss_con: 5.423
[GPU1] epochs: [97/800] train_loss_con: 5.421
[GPU1] epochs: [98/800] train_loss_con: 5.419
[GPU1] epochs: [99/800] train_loss_con: 5.418
[GPU1] epochs: [100/800] train_loss_con: 5.415
[GPU1] epochs: [101/800] train_loss_con: 5.413
[GPU1] epochs: [102/800] train_loss_con: 5.411
[GPU1] epochs: [103/800] train_loss_con: 5.414
[GPU1] epochs: [104/800] train_loss_con: 5.416
[GPU1] epochs: [105/800] train_loss_con: 5.411
[GPU1] epochs: [106/800] train_loss_con: 5.410
[GPU1] epochs: [107/800] train_loss_con: 5.412
[GPU1] epochs: [108/800] train_loss_con: 5.410
[GPU1] epochs: [109/800] train_loss_con: 5.410
[GPU1] epochs: [110/800] train_loss_con: 5.407
[GPU1] epochs: [111/800] train_loss_con: 5.406
[GPU1] epochs: [112/800] train_loss_con: 5.405
[GPU1] epochs: [113/800] train_loss_con: 5.406
[GPU1] epochs: [114/800] train_loss_con: 5.402
[GPU1] epochs: [115/800] train_loss_con: 5.402
[GPU1] epochs: [116/800] train_loss_con: 5.403
[GPU1] epochs: [117/800] train_loss_con: 5.401
[GPU1] epochs: [118/800] train_loss_con: 5.405
[GPU1] epochs: [119/800] train_loss_con: 5.401
[GPU1] epochs: [120/800] train_loss_con: 5.400
[GPU1] epochs: [121/800] train_loss_con: 5.400
[GPU1] epochs: [122/800] train_loss_con: 5.401
[GPU1] epochs: [123/800] train_loss_con: 5.401
[GPU1] epochs: [124/800] train_loss_con: 5.398
[GPU1] epochs: [125/800] train_loss_con: 5.397
[GPU1] epochs: [126/800] train_loss_con: 5.392
[GPU1] epochs: [127/800] train_loss_con: 5.397
[GPU1] epochs: [128/800] train_loss_con: 5.396
[GPU1] epochs: [129/800] train_loss_con: 5.395
[GPU1] epochs: [130/800] train_loss_con: 5.393
[GPU1] epochs: [131/800] train_loss_con: 5.394
[GPU1] epochs: [132/800] train_loss_con: 5.393
[GPU1] epochs: [133/800] train_loss_con: 5.394
[GPU1] epochs: [134/800] train_loss_con: 5.392
[GPU1] epochs: [135/800] train_loss_con: 5.388
[GPU1] epochs: [136/800] train_loss_con: 5.390
[GPU1] epochs: [137/800] train_loss_con: 5.391
[GPU1] epochs: [138/800] train_loss_con: 5.390
[GPU1] epochs: [139/800] train_loss_con: 5.388
[GPU1] epochs: [140/800] train_loss_con: 5.386
[GPU1] epochs: [141/800] train_loss_con: 5.387
[GPU1] epochs: [142/800] train_loss_con: 5.387
[GPU1] epochs: [143/800] train_loss_con: 5.385
[GPU1] epochs: [144/800] train_loss_con: 5.385
[GPU1] epochs: [145/800] train_loss_con: 5.382
[GPU1] epochs: [146/800] train_loss_con: 5.384
[GPU1] epochs: [147/800] train_loss_con: 5.383
[GPU1] epochs: [148/800] train_loss_con: 5.382
[GPU1] epochs: [149/800] train_loss_con: 5.382
[GPU1] epochs: [150/800] train_loss_con: 5.383
[GPU1] epochs: [151/800] train_loss_con: 5.380
[GPU1] epochs: [152/800] train_loss_con: 5.380
[GPU1] epochs: [153/800] train_loss_con: 5.379
[GPU1] epochs: [154/800] train_loss_con: 5.383
[GPU1] epochs: [155/800] train_loss_con: 5.376
[GPU1] epochs: [156/800] train_loss_con: 5.378
[GPU1] epochs: [157/800] train_loss_con: 5.378
[GPU1] epochs: [158/800] train_loss_con: 5.379
[GPU1] epochs: [159/800] train_loss_con: 5.378
[GPU1] epochs: [160/800] train_loss_con: 5.375
[GPU1] epochs: [161/800] train_loss_con: 5.379
[GPU1] epochs: [162/800] train_loss_con: 5.377
[GPU1] epochs: [163/800] train_loss_con: 5.374
[GPU1] epochs: [164/800] train_loss_con: 5.376
[GPU1] epochs: [165/800] train_loss_con: 5.372
[GPU1] epochs: [166/800] train_loss_con: 5.372
[GPU1] epochs: [167/800] train_loss_con: 5.371
[GPU1] epochs: [168/800] train_loss_con: 5.369
[GPU1] epochs: [169/800] train_loss_con: 5.372
[GPU1] epochs: [170/800] train_loss_con: 5.371
[GPU1] epochs: [171/800] train_loss_con: 5.370
[GPU1] epochs: [172/800] train_loss_con: 5.369
[GPU1] epochs: [173/800] train_loss_con: 5.369
[GPU1] epochs: [174/800] train_loss_con: 5.368
[GPU1] epochs: [175/800] train_loss_con: 5.370
[GPU1] epochs: [176/800] train_loss_con: 5.369
[GPU1] epochs: [177/800] train_loss_con: 5.370
[GPU1] epochs: [178/800] train_loss_con: 5.366
[GPU1] epochs: [179/800] train_loss_con: 5.366
[GPU1] epochs: [180/800] train_loss_con: 5.367
[GPU1] epochs: [181/800] train_loss_con: 5.364
[GPU1] epochs: [182/800] train_loss_con: 5.364
[GPU1] epochs: [183/800] train_loss_con: 5.367
[GPU1] epochs: [184/800] train_loss_con: 5.364
[GPU1] epochs: [185/800] train_loss_con: 5.361
[GPU1] epochs: [186/800] train_loss_con: 5.366
[GPU1] epochs: [187/800] train_loss_con: 5.362
[GPU1] epochs: [188/800] train_loss_con: 5.362
[GPU1] epochs: [189/800] train_loss_con: 5.360
[GPU1] epochs: [190/800] train_loss_con: 5.364
[GPU1] epochs: [191/800] train_loss_con: 5.362
[GPU1] epochs: [192/800] train_loss_con: 5.360
[GPU1] epochs: [193/800] train_loss_con: 5.359
[GPU1] epochs: [194/800] train_loss_con: 5.360
[GPU1] epochs: [195/800] train_loss_con: 5.358
[GPU1] epochs: [196/800] train_loss_con: 5.361
[GPU1] epochs: [197/800] train_loss_con: 5.357
[GPU1] epochs: [198/800] train_loss_con: 5.357
[GPU1] epochs: [199/800] train_loss_con: 5.357
[GPU1] epochs: [200/800] train_loss_con: 5.355
[GPU1] epochs: [201/800] train_loss_con: 5.353
[GPU1] epochs: [202/800] train_loss_con: 5.354
[GPU1] epochs: [203/800] train_loss_con: 5.355
[GPU1] epochs: [204/800] train_loss_con: 5.356
[GPU1] epochs: [205/800] train_loss_con: 5.355
[GPU1] epochs: [206/800] train_loss_con: 5.353
[GPU1] epochs: [207/800] train_loss_con: 5.356
[GPU1] epochs: [208/800] train_loss_con: 5.352
[GPU1] epochs: [209/800] train_loss_con: 5.352
[GPU1] epochs: [210/800] train_loss_con: 5.354
[GPU1] epochs: [211/800] train_loss_con: 5.351
[GPU1] epochs: [212/800] train_loss_con: 5.350
[GPU1] epochs: [213/800] train_loss_con: 5.353
[GPU1] epochs: [214/800] train_loss_con: 5.351
[GPU1] epochs: [215/800] train_loss_con: 5.352
[GPU1] epochs: [216/800] train_loss_con: 5.348
[GPU1] epochs: [217/800] train_loss_con: 5.345
[GPU1] epochs: [218/800] train_loss_con: 5.348
[GPU1] epochs: [219/800] train_loss_con: 5.348
[GPU1] epochs: [220/800] train_loss_con: 5.347
[GPU1] epochs: [221/800] train_loss_con: 5.349
[GPU1] epochs: [222/800] train_loss_con: 5.347
[GPU1] epochs: [223/800] train_loss_con: 5.345
[GPU1] epochs: [224/800] train_loss_con: 5.345
[GPU1] epochs: [225/800] train_loss_con: 5.344
[GPU1] epochs: [226/800] train_loss_con: 5.348
[GPU1] epochs: [227/800] train_loss_con: 5.347
[GPU1] epochs: [228/800] train_loss_con: 5.342
[GPU1] epochs: [229/800] train_loss_con: 5.344
[GPU1] epochs: [230/800] train_loss_con: 5.344
[GPU1] epochs: [231/800] train_loss_con: 5.344
[GPU1] epochs: [232/800] train_loss_con: 5.341
[GPU1] epochs: [233/800] train_loss_con: 5.341
[GPU1] epochs: [234/800] train_loss_con: 5.346
[GPU1] epochs: [235/800] train_loss_con: 5.342
[GPU1] epochs: [236/800] train_loss_con: 5.339
[GPU1] epochs: [237/800] train_loss_con: 5.342
[GPU1] epochs: [238/800] train_loss_con: 5.341
[GPU1] epochs: [239/800] train_loss_con: 5.340
[GPU1] epochs: [240/800] train_loss_con: 5.341
[GPU1] epochs: [241/800] train_loss_con: 5.339
[GPU1] epochs: [242/800] train_loss_con: 5.340
[GPU1] epochs: [243/800] train_loss_con: 5.342
[GPU1] epochs: [244/800] train_loss_con: 5.337
[GPU1] epochs: [245/800] train_loss_con: 5.339
[GPU1] epochs: [246/800] train_loss_con: 5.340
[GPU1] epochs: [247/800] train_loss_con: 5.336
[GPU1] epochs: [248/800] train_loss_con: 5.338
[GPU1] epochs: [249/800] train_loss_con: 5.339
[GPU1] epochs: [250/800] train_loss_con: 5.337
[GPU1] epochs: [251/800] train_loss_con: 5.338
[GPU1] epochs: [252/800] train_loss_con: 5.337
[GPU1] epochs: [253/800] train_loss_con: 5.334
[GPU1] epochs: [254/800] train_loss_con: 5.337
[GPU1] epochs: [255/800] train_loss_con: 5.336
[GPU1] epochs: [256/800] train_loss_con: 5.334
[GPU1] epochs: [257/800] train_loss_con: 5.335
[GPU1] epochs: [258/800] train_loss_con: 5.337
[GPU1] epochs: [259/800] train_loss_con: 5.337
[GPU1] epochs: [260/800] train_loss_con: 5.330
[GPU1] epochs: [261/800] train_loss_con: 5.332
[GPU1] epochs: [262/800] train_loss_con: 5.335
[GPU1] epochs: [263/800] train_loss_con: 5.333
[GPU1] epochs: [264/800] train_loss_con: 5.334
[GPU1] epochs: [265/800] train_loss_con: 5.332
[GPU1] epochs: [266/800] train_loss_con: 5.332
[GPU1] epochs: [267/800] train_loss_con: 5.331
[GPU1] epochs: [268/800] train_loss_con: 5.334
[GPU1] epochs: [269/800] train_loss_con: 5.330
[GPU1] epochs: [270/800] train_loss_con: 5.331
[GPU1] epochs: [271/800] train_loss_con: 5.330
[GPU1] epochs: [272/800] train_loss_con: 5.328
[GPU1] epochs: [273/800] train_loss_con: 5.329
[GPU1] epochs: [274/800] train_loss_con: 5.328
[GPU1] epochs: [275/800] train_loss_con: 5.331
[GPU1] epochs: [276/800] train_loss_con: 5.328
[GPU1] epochs: [277/800] train_loss_con: 5.326
[GPU1] epochs: [278/800] train_loss_con: 5.328
[GPU1] epochs: [279/800] train_loss_con: 5.329
[GPU1] epochs: [280/800] train_loss_con: 5.326
[GPU1] epochs: [281/800] train_loss_con: 5.328
[GPU1] epochs: [282/800] train_loss_con: 5.328
[GPU1] epochs: [283/800] train_loss_con: 5.328
[GPU1] epochs: [284/800] train_loss_con: 5.325
[GPU1] epochs: [285/800] train_loss_con: 5.325
[GPU1] epochs: [286/800] train_loss_con: 5.326
[GPU1] epochs: [287/800] train_loss_con: 5.326
[GPU1] epochs: [288/800] train_loss_con: 5.325
[GPU1] epochs: [289/800] train_loss_con: 5.323
[GPU1] epochs: [290/800] train_loss_con: 5.326
[GPU1] epochs: [291/800] train_loss_con: 5.322
[GPU1] epochs: [292/800] train_loss_con: 5.323
[GPU1] epochs: [293/800] train_loss_con: 5.325
[GPU1] epochs: [294/800] train_loss_con: 5.322
[GPU1] epochs: [295/800] train_loss_con: 5.323
[GPU1] epochs: [296/800] train_loss_con: 5.324
[GPU1] epochs: [297/800] train_loss_con: 5.320
[GPU1] epochs: [298/800] train_loss_con: 5.322
[GPU1] epochs: [299/800] train_loss_con: 5.323
[GPU1] epochs: [300/800] train_loss_con: 5.322
[GPU1] epochs: [301/800] train_loss_con: 5.321
[GPU1] epochs: [302/800] train_loss_con: 5.322
[GPU1] epochs: [303/800] train_loss_con: 5.321
[GPU1] epochs: [304/800] train_loss_con: 5.321
[GPU1] epochs: [305/800] train_loss_con: 5.322
[GPU1] epochs: [306/800] train_loss_con: 5.320
[GPU1] epochs: [307/800] train_loss_con: 5.321
[GPU1] epochs: [308/800] train_loss_con: 5.320
[GPU1] epochs: [309/800] train_loss_con: 5.318
[GPU1] epochs: [310/800] train_loss_con: 5.319
[GPU1] epochs: [311/800] train_loss_con: 5.318
[GPU1] epochs: [312/800] train_loss_con: 5.320
[GPU1] epochs: [313/800] train_loss_con: 5.317
[GPU1] epochs: [314/800] train_loss_con: 5.320
[GPU1] epochs: [315/800] train_loss_con: 5.317
[GPU1] epochs: [316/800] train_loss_con: 5.318
[GPU1] epochs: [317/800] train_loss_con: 5.318
[GPU1] epochs: [318/800] train_loss_con: 5.317
[GPU1] epochs: [319/800] train_loss_con: 5.315
[GPU1] epochs: [320/800] train_loss_con: 5.316
[GPU1] epochs: [321/800] train_loss_con: 5.315
[GPU1] epochs: [322/800] train_loss_con: 5.314
[GPU1] epochs: [323/800] train_loss_con: 5.314
[GPU1] epochs: [324/800] train_loss_con: 5.314
[GPU1] epochs: [325/800] train_loss_con: 5.314
[GPU1] epochs: [326/800] train_loss_con: 5.313
[GPU1] epochs: [327/800] train_loss_con: 5.313
[GPU1] epochs: [328/800] train_loss_con: 5.314
[GPU1] epochs: [329/800] train_loss_con: 5.313
[GPU1] epochs: [330/800] train_loss_con: 5.312
[GPU1] epochs: [331/800] train_loss_con: 5.314
[GPU1] epochs: [332/800] train_loss_con: 5.311
[GPU1] epochs: [333/800] train_loss_con: 5.311
[GPU1] epochs: [334/800] train_loss_con: 5.314
[GPU1] epochs: [335/800] train_loss_con: 5.310
[GPU1] epochs: [336/800] train_loss_con: 5.312
[GPU1] epochs: [337/800] train_loss_con: 5.312
[GPU1] epochs: [338/800] train_loss_con: 5.311
[GPU1] epochs: [339/800] train_loss_con: 5.311
[GPU1] epochs: [340/800] train_loss_con: 5.309
[GPU1] epochs: [341/800] train_loss_con: 5.310
[GPU1] epochs: [342/800] train_loss_con: 5.308
[GPU1] epochs: [343/800] train_loss_con: 5.310
[GPU1] epochs: [344/800] train_loss_con: 5.311
[GPU1] epochs: [345/800] train_loss_con: 5.311
[GPU1] epochs: [346/800] train_loss_con: 5.307
[GPU1] epochs: [347/800] train_loss_con: 5.307
[GPU1] epochs: [348/800] train_loss_con: 5.309
[GPU1] epochs: [349/800] train_loss_con: 5.310
[GPU1] epochs: [350/800] train_loss_con: 5.309
[GPU1] epochs: [351/800] train_loss_con: 5.308
[GPU1] epochs: [352/800] train_loss_con: 5.306
[GPU1] epochs: [353/800] train_loss_con: 5.306
[GPU1] epochs: [354/800] train_loss_con: 5.308
[GPU1] epochs: [355/800] train_loss_con: 5.307
[GPU1] epochs: [356/800] train_loss_con: 5.305
[GPU1] epochs: [357/800] train_loss_con: 5.307
[GPU1] epochs: [358/800] train_loss_con: 5.307
[GPU1] epochs: [359/800] train_loss_con: 5.306
[GPU1] epochs: [360/800] train_loss_con: 5.301
[GPU1] epochs: [361/800] train_loss_con: 5.307
[GPU1] epochs: [362/800] train_loss_con: 5.305
[GPU1] epochs: [363/800] train_loss_con: 5.306
[GPU1] epochs: [364/800] train_loss_con: 5.303
[GPU1] epochs: [365/800] train_loss_con: 5.304
[GPU1] epochs: [366/800] train_loss_con: 5.305
[GPU1] epochs: [367/800] train_loss_con: 5.303
[GPU1] epochs: [368/800] train_loss_con: 5.305
[GPU1] epochs: [369/800] train_loss_con: 5.302
[GPU1] epochs: [370/800] train_loss_con: 5.302
[GPU1] epochs: [371/800] train_loss_con: 5.301
[GPU1] epochs: [372/800] train_loss_con: 5.302
[GPU1] epochs: [373/800] train_loss_con: 5.299
[GPU1] epochs: [374/800] train_loss_con: 5.302
[GPU1] epochs: [375/800] train_loss_con: 5.301
[GPU1] epochs: [376/800] train_loss_con: 5.301
[GPU1] epochs: [377/800] train_loss_con: 5.302
[GPU1] epochs: [378/800] train_loss_con: 5.301
[GPU1] epochs: [379/800] train_loss_con: 5.303
[GPU1] epochs: [380/800] train_loss_con: 5.301
[GPU1] epochs: [381/800] train_loss_con: 5.301
[GPU1] epochs: [382/800] train_loss_con: 5.300
[GPU1] epochs: [383/800] train_loss_con: 5.300
[GPU1] epochs: [384/800] train_loss_con: 5.300
[GPU1] epochs: [385/800] train_loss_con: 5.297
[GPU1] epochs: [386/800] train_loss_con: 5.298
[GPU1] epochs: [387/800] train_loss_con: 5.298
[GPU1] epochs: [388/800] train_loss_con: 5.296
[GPU1] epochs: [389/800] train_loss_con: 5.297
[GPU1] epochs: [390/800] train_loss_con: 5.297
[GPU1] epochs: [391/800] train_loss_con: 5.297
[GPU1] epochs: [392/800] train_loss_con: 5.298
[GPU1] epochs: [393/800] train_loss_con: 5.296
[GPU1] epochs: [394/800] train_loss_con: 5.298
[GPU1] epochs: [395/800] train_loss_con: 5.298
[GPU1] epochs: [396/800] train_loss_con: 5.295
[GPU1] epochs: [397/800] train_loss_con: 5.297
[GPU1] epochs: [398/800] train_loss_con: 5.296
[GPU1] epochs: [399/800] train_loss_con: 5.293
[GPU1] epochs: [400/800] train_loss_con: 5.292
[GPU1] epochs: [401/800] train_loss_con: 5.297
[GPU1] epochs: [402/800] train_loss_con: 5.294
[GPU1] epochs: [403/800] train_loss_con: 5.295
[GPU1] epochs: [404/800] train_loss_con: 5.294
[GPU1] epochs: [405/800] train_loss_con: 5.295
[GPU1] epochs: [406/800] train_loss_con: 5.295
[GPU1] epochs: [407/800] train_loss_con: 5.297
[GPU1] epochs: [408/800] train_loss_con: 5.297
[GPU1] epochs: [409/800] train_loss_con: 5.294
[GPU1] epochs: [410/800] train_loss_con: 5.293
[GPU1] epochs: [411/800] train_loss_con: 5.295
[GPU1] epochs: [412/800] train_loss_con: 5.294
[GPU1] epochs: [413/800] train_loss_con: 5.290
[GPU1] epochs: [414/800] train_loss_con: 5.291
[GPU1] epochs: [415/800] train_loss_con: 5.291
[GPU1] epochs: [416/800] train_loss_con: 5.292
[GPU1] epochs: [417/800] train_loss_con: 5.294
[GPU1] epochs: [418/800] train_loss_con: 5.289
[GPU1] epochs: [419/800] train_loss_con: 5.293
[GPU1] epochs: [420/800] train_loss_con: 5.291
[GPU1] epochs: [421/800] train_loss_con: 5.290
[GPU1] epochs: [422/800] train_loss_con: 5.290
[GPU1] epochs: [423/800] train_loss_con: 5.289
[GPU1] epochs: [424/800] train_loss_con: 5.289
[GPU1] epochs: [425/800] train_loss_con: 5.292
[GPU1] epochs: [426/800] train_loss_con: 5.288
[GPU1] epochs: [427/800] train_loss_con: 5.290
[GPU1] epochs: [428/800] train_loss_con: 5.289
[GPU1] epochs: [429/800] train_loss_con: 5.289
[GPU1] epochs: [430/800] train_loss_con: 5.289
[GPU1] epochs: [431/800] train_loss_con: 5.289
[GPU1] epochs: [432/800] train_loss_con: 5.287
[GPU1] epochs: [433/800] train_loss_con: 5.288
[GPU1] epochs: [434/800] train_loss_con: 5.288
[GPU1] epochs: [435/800] train_loss_con: 5.290
[GPU1] epochs: [436/800] train_loss_con: 5.288
[GPU1] epochs: [437/800] train_loss_con: 5.285
[GPU1] epochs: [438/800] train_loss_con: 5.289
[GPU1] epochs: [439/800] train_loss_con: 5.288
[GPU1] epochs: [440/800] train_loss_con: 5.287
[GPU1] epochs: [441/800] train_loss_con: 5.286
[GPU1] epochs: [442/800] train_loss_con: 5.287
[GPU1] epochs: [443/800] train_loss_con: 5.285
[GPU1] epochs: [444/800] train_loss_con: 5.283
[GPU1] epochs: [445/800] train_loss_con: 5.286
[GPU1] epochs: [446/800] train_loss_con: 5.285
[GPU1] epochs: [447/800] train_loss_con: 5.286
[GPU1] epochs: [448/800] train_loss_con: 5.285
[GPU1] epochs: [449/800] train_loss_con: 5.282
[GPU1] epochs: [450/800] train_loss_con: 5.285
[GPU1] epochs: [451/800] train_loss_con: 5.285
[GPU1] epochs: [452/800] train_loss_con: 5.284
[GPU1] epochs: [453/800] train_loss_con: 5.284
[GPU1] epochs: [454/800] train_loss_con: 5.281
[GPU1] epochs: [455/800] train_loss_con: 5.281
[GPU1] epochs: [456/800] train_loss_con: 5.281
[GPU1] epochs: [457/800] train_loss_con: 5.284
[GPU1] epochs: [458/800] train_loss_con: 5.282
[GPU1] epochs: [459/800] train_loss_con: 5.280
[GPU1] epochs: [460/800] train_loss_con: 5.285
[GPU1] epochs: [461/800] train_loss_con: 5.282
[GPU1] epochs: [462/800] train_loss_con: 5.281
[GPU1] epochs: [463/800] train_loss_con: 5.279
[GPU1] epochs: [464/800] train_loss_con: 5.280
[GPU1] epochs: [465/800] train_loss_con: 5.282
[GPU1] epochs: [466/800] train_loss_con: 5.279
[GPU1] epochs: [467/800] train_loss_con: 5.280
[GPU1] epochs: [468/800] train_loss_con: 5.282
[GPU1] epochs: [469/800] train_loss_con: 5.280
[GPU1] epochs: [470/800] train_loss_con: 5.278
[GPU1] epochs: [471/800] train_loss_con: 5.278
[GPU1] epochs: [472/800] train_loss_con: 5.278
[GPU1] epochs: [473/800] train_loss_con: 5.279
[GPU1] epochs: [474/800] train_loss_con: 5.277
[GPU1] epochs: [475/800] train_loss_con: 5.279
[GPU1] epochs: [476/800] train_loss_con: 5.279
[GPU1] epochs: [477/800] train_loss_con: 5.279
[GPU1] epochs: [478/800] train_loss_con: 5.278
[GPU1] epochs: [479/800] train_loss_con: 5.276
[GPU1] epochs: [480/800] train_loss_con: 5.277
[GPU1] epochs: [481/800] train_loss_con: 5.279
[GPU1] epochs: [482/800] train_loss_con: 5.277
[GPU1] epochs: [483/800] train_loss_con: 5.276
[GPU1] epochs: [484/800] train_loss_con: 5.281
[GPU1] epochs: [485/800] train_loss_con: 5.275
[GPU1] epochs: [486/800] train_loss_con: 5.275
[GPU1] epochs: [487/800] train_loss_con: 5.276
[GPU1] epochs: [488/800] train_loss_con: 5.278
[GPU1] epochs: [489/800] train_loss_con: 5.276
[GPU1] epochs: [490/800] train_loss_con: 5.277
[GPU1] epochs: [491/800] train_loss_con: 5.276
[GPU1] epochs: [492/800] train_loss_con: 5.276
[GPU1] epochs: [493/800] train_loss_con: 5.274
[GPU1] epochs: [494/800] train_loss_con: 5.275
[GPU1] epochs: [495/800] train_loss_con: 5.275
[GPU1] epochs: [496/800] train_loss_con: 5.276
[GPU1] epochs: [497/800] train_loss_con: 5.274
[GPU1] epochs: [498/800] train_loss_con: 5.274
[GPU1] epochs: [499/800] train_loss_con: 5.273
[GPU1] epochs: [500/800] train_loss_con: 5.274
[GPU1] epochs: [501/800] train_loss_con: 5.275
[GPU1] epochs: [502/800] train_loss_con: 5.273
[GPU1] epochs: [503/800] train_loss_con: 5.273
[GPU1] epochs: [504/800] train_loss_con: 5.274
[GPU1] epochs: [505/800] train_loss_con: 5.272
[GPU1] epochs: [506/800] train_loss_con: 5.273
[GPU1] epochs: [507/800] train_loss_con: 5.275
[GPU1] epochs: [508/800] train_loss_con: 5.272
[GPU1] epochs: [509/800] train_loss_con: 5.272
[GPU1] epochs: [510/800] train_loss_con: 5.272
[GPU1] epochs: [511/800] train_loss_con: 5.271
[GPU1] epochs: [512/800] train_loss_con: 5.273
[GPU1] epochs: [513/800] train_loss_con: 5.272
[GPU1] epochs: [514/800] train_loss_con: 5.273
[GPU1] epochs: [515/800] train_loss_con: 5.269
[GPU1] epochs: [516/800] train_loss_con: 5.271
[GPU1] epochs: [517/800] train_loss_con: 5.272
[GPU1] epochs: [518/800] train_loss_con: 5.271
[GPU1] epochs: [519/800] train_loss_con: 5.274
[GPU1] epochs: [520/800] train_loss_con: 5.269
[GPU1] epochs: [521/800] train_loss_con: 5.271
[GPU1] epochs: [522/800] train_loss_con: 5.269
[GPU1] epochs: [523/800] train_loss_con: 5.272
[GPU1] epochs: [524/800] train_loss_con: 5.270
[GPU1] epochs: [525/800] train_loss_con: 5.270
[GPU1] epochs: [526/800] train_loss_con: 5.268
[GPU1] epochs: [527/800] train_loss_con: 5.266
[GPU1] epochs: [528/800] train_loss_con: 5.271
[GPU1] epochs: [529/800] train_loss_con: 5.269
[GPU1] epochs: [530/800] train_loss_con: 5.268
[GPU1] epochs: [531/800] train_loss_con: 5.270
[GPU1] epochs: [532/800] train_loss_con: 5.267
[GPU1] epochs: [533/800] train_loss_con: 5.269
[GPU1] epochs: [534/800] train_loss_con: 5.265
[GPU1] epochs: [535/800] train_loss_con: 5.266
[GPU1] epochs: [536/800] train_loss_con: 5.268
[GPU1] epochs: [537/800] train_loss_con: 5.266
[GPU1] epochs: [538/800] train_loss_con: 5.270
[GPU1] epochs: [539/800] train_loss_con: 5.265
[GPU1] epochs: [540/800] train_loss_con: 5.267
[GPU1] epochs: [541/800] train_loss_con: 5.268
[GPU1] epochs: [542/800] train_loss_con: 5.266
[GPU1] epochs: [543/800] train_loss_con: 5.268
[GPU1] epochs: [544/800] train_loss_con: 5.267
[GPU1] epochs: [545/800] train_loss_con: 5.266
[GPU1] epochs: [546/800] train_loss_con: 5.268
[GPU1] epochs: [547/800] train_loss_con: 5.265
[GPU1] epochs: [548/800] train_loss_con: 5.263
[GPU1] epochs: [549/800] train_loss_con: 5.266
[GPU1] epochs: [550/800] train_loss_con: 5.268
[GPU1] epochs: [551/800] train_loss_con: 5.268
[GPU1] epochs: [552/800] train_loss_con: 5.262
[GPU1] epochs: [553/800] train_loss_con: 5.264
[GPU1] epochs: [554/800] train_loss_con: 5.265
[GPU1] epochs: [555/800] train_loss_con: 5.267
[GPU1] epochs: [556/800] train_loss_con: 5.263
[GPU1] epochs: [557/800] train_loss_con: 5.264
[GPU1] epochs: [558/800] train_loss_con: 5.264
[GPU1] epochs: [559/800] train_loss_con: 5.262
[GPU1] epochs: [560/800] train_loss_con: 5.262
[GPU1] epochs: [561/800] train_loss_con: 5.261
[GPU1] epochs: [562/800] train_loss_con: 5.263
[GPU1] epochs: [563/800] train_loss_con: 5.263
[GPU1] epochs: [564/800] train_loss_con: 5.262
[GPU1] epochs: [565/800] train_loss_con: 5.261
[GPU1] epochs: [566/800] train_loss_con: 5.261
[GPU1] epochs: [567/800] train_loss_con: 5.261
[GPU1] epochs: [568/800] train_loss_con: 5.261
[GPU1] epochs: [569/800] train_loss_con: 5.263
[GPU1] epochs: [570/800] train_loss_con: 5.262
[GPU1] epochs: [571/800] train_loss_con: 5.260
[GPU1] epochs: [572/800] train_loss_con: 5.261
[GPU1] epochs: [573/800] train_loss_con: 5.259
[GPU1] epochs: [574/800] train_loss_con: 5.261
[GPU1] epochs: [575/800] train_loss_con: 5.262
[GPU1] epochs: [576/800] train_loss_con: 5.262
[GPU1] epochs: [577/800] train_loss_con: 5.262
[GPU1] epochs: [578/800] train_loss_con: 5.262
[GPU1] epochs: [579/800] train_loss_con: 5.263
[GPU1] epochs: [580/800] train_loss_con: 5.261
[GPU1] epochs: [581/800] train_loss_con: 5.262
[GPU1] epochs: [582/800] train_loss_con: 5.257
[GPU1] epochs: [583/800] train_loss_con: 5.259
[GPU1] epochs: [584/800] train_loss_con: 5.260
[GPU1] epochs: [585/800] train_loss_con: 5.259
[GPU1] epochs: [586/800] train_loss_con: 5.258
[GPU1] epochs: [587/800] train_loss_con: 5.261
[GPU1] epochs: [588/800] train_loss_con: 5.258
[GPU1] epochs: [589/800] train_loss_con: 5.259
[GPU1] epochs: [590/800] train_loss_con: 5.256
[GPU1] epochs: [591/800] train_loss_con: 5.260
[GPU1] epochs: [592/800] train_loss_con: 5.260
[GPU1] epochs: [593/800] train_loss_con: 5.260
[GPU1] epochs: [594/800] train_loss_con: 5.256
[GPU1] epochs: [595/800] train_loss_con: 5.259
[GPU1] epochs: [596/800] train_loss_con: 5.256
[GPU1] epochs: [597/800] train_loss_con: 5.260
[GPU1] epochs: [598/800] train_loss_con: 5.257
[GPU1] epochs: [599/800] train_loss_con: 5.255
[GPU1] epochs: [600/800] train_loss_con: 5.258
[GPU1] epochs: [601/800] train_loss_con: 5.257
[GPU1] epochs: [602/800] train_loss_con: 5.257
[GPU1] epochs: [603/800] train_loss_con: 5.256
[GPU1] epochs: [604/800] train_loss_con: 5.258
[GPU1] epochs: [605/800] train_loss_con: 5.254
[GPU1] epochs: [606/800] train_loss_con: 5.258
[GPU1] epochs: [607/800] train_loss_con: 5.256
