environment: 
YAML: configs/simclr.c10.yaml
==> SEED: 42
==> num_classes: 10
==> data_name: cifar10
==> data_params: {'algo': 'simclr', 'data_dir': 'datasets/cifar10', 'batch_size': 512, 'num_workers': 3, 'image_size': 32}
==> return_logs: False
==> eval_every: 10
==> n_epochs: 350
==> n_epochs_mlp: 100
==> gpu_id: 1
==> opt: SGD
==> opt_params: {'lr': 0.5, 'momentum': 0.9, 'nesterov': True}
==> schedular_params: {'T_max': 350, 'eta_min': 0.001}
==> mlp_opt: SGD
==> mlp_opt_params: {'lr': 0.01, 'momentum': 0.9, 'nesterov': True}
==> model_params: {'model_name': 'resnet50', 'pretrained': False, 'proj_dim': 128}
==> mlp_type: hidden
==> loss: simclr
==> loss_params: {'sim': 'cosine', 'tau': 0.5}
==> distributed: False
==> train_algo: simclr
--------------------------------------------------
===> using hiddin mlp
using optimizer: SGD
using optimizer: SGD
loss function: simclr
Files already downloaded and verified
Files already downloaded and verified
Files already downloaded and verified
# of Training Images: 50000
# of Testing Images: 10000
### simclr Training begins
[GPU1] epochs: [1/350] train_loss_con: 6.928
[GPU1] epochs: [2/350] train_loss_con: 6.922
[GPU1] epochs: [3/350] train_loss_con: 6.780
[GPU1] epochs: [4/350] train_loss_con: 6.562
[GPU1] epochs: [5/350] train_loss_con: 6.487
[GPU1] epochs: [6/350] train_loss_con: 6.443
[GPU1] epochs: [7/350] train_loss_con: 6.420
[GPU1] epochs: [8/350] train_loss_con: 6.434
[GPU1] epochs: [9/350] train_loss_con: 6.370
[GPU1] epochs: [10/350] train_loss_con: 6.314
[GPU1] epochs: [11/350] train_loss_con: 6.160
[GPU1] epochs: [12/350] train_loss_con: 6.082
[GPU1] epochs: [13/350] train_loss_con: 6.049
[GPU1] epochs: [14/350] train_loss_con: 6.004
[GPU1] epochs: [15/350] train_loss_con: 5.890
[GPU1] epochs: [16/350] train_loss_con: 5.859
[GPU1] epochs: [17/350] train_loss_con: 5.844
[GPU1] epochs: [18/350] train_loss_con: 5.821
[GPU1] epochs: [19/350] train_loss_con: 5.772
[GPU1] epochs: [20/350] train_loss_con: 5.744
[GPU1] epochs: [21/350] train_loss_con: 5.713
[GPU1] epochs: [22/350] train_loss_con: 5.689
[GPU1] epochs: [23/350] train_loss_con: 5.664
[GPU1] epochs: [24/350] train_loss_con: 5.649
[GPU1] epochs: [25/350] train_loss_con: 5.634
[GPU1] epochs: [26/350] train_loss_con: 5.621
[GPU1] epochs: [27/350] train_loss_con: 5.606
[GPU1] epochs: [28/350] train_loss_con: 5.596
[GPU1] epochs: [29/350] train_loss_con: 5.587
[GPU1] epochs: [30/350] train_loss_con: 5.577
[GPU1] epochs: [31/350] train_loss_con: 5.571
[GPU1] epochs: [32/350] train_loss_con: 5.564
[GPU1] epochs: [33/350] train_loss_con: 5.560
[GPU1] epochs: [34/350] train_loss_con: 5.551
[GPU1] epochs: [35/350] train_loss_con: 5.545
[GPU1] epochs: [36/350] train_loss_con: 5.539
[GPU1] epochs: [37/350] train_loss_con: 5.534
[GPU1] epochs: [38/350] train_loss_con: 5.529
[GPU1] epochs: [39/350] train_loss_con: 5.522
[GPU1] epochs: [40/350] train_loss_con: 5.520
[GPU1] epochs: [41/350] train_loss_con: 5.514
[GPU1] epochs: [42/350] train_loss_con: 5.510
[GPU1] epochs: [43/350] train_loss_con: 5.504
[GPU1] epochs: [44/350] train_loss_con: 5.498
[GPU1] epochs: [45/350] train_loss_con: 5.498
[GPU1] epochs: [46/350] train_loss_con: 5.491
[GPU1] epochs: [47/350] train_loss_con: 5.490
[GPU1] epochs: [48/350] train_loss_con: 5.483
[GPU1] epochs: [49/350] train_loss_con: 5.484
[GPU1] epochs: [50/350] train_loss_con: 5.479
[GPU1] epochs: [51/350] train_loss_con: 5.482
[GPU1] epochs: [52/350] train_loss_con: 5.474
[GPU1] epochs: [53/350] train_loss_con: 5.470
[GPU1] epochs: [54/350] train_loss_con: 5.474
[GPU1] epochs: [55/350] train_loss_con: 5.469
[GPU1] epochs: [56/350] train_loss_con: 5.466
[GPU1] epochs: [57/350] train_loss_con: 5.463
[GPU1] epochs: [58/350] train_loss_con: 5.459
[GPU1] epochs: [59/350] train_loss_con: 5.461
[GPU1] epochs: [60/350] train_loss_con: 5.457
[GPU1] epochs: [61/350] train_loss_con: 5.457
[GPU1] epochs: [62/350] train_loss_con: 5.454
[GPU1] epochs: [63/350] train_loss_con: 5.455
[GPU1] epochs: [64/350] train_loss_con: 5.448
[GPU1] epochs: [65/350] train_loss_con: 5.448
[GPU1] epochs: [66/350] train_loss_con: 5.444
[GPU1] epochs: [67/350] train_loss_con: 5.443
[GPU1] epochs: [68/350] train_loss_con: 5.442
[GPU1] epochs: [69/350] train_loss_con: 5.442
[GPU1] epochs: [70/350] train_loss_con: 5.440
[GPU1] epochs: [71/350] train_loss_con: 5.439
[GPU1] epochs: [72/350] train_loss_con: 5.436
[GPU1] epochs: [73/350] train_loss_con: 5.439
[GPU1] epochs: [74/350] train_loss_con: 5.436
[GPU1] epochs: [75/350] train_loss_con: 5.435
[GPU1] epochs: [76/350] train_loss_con: 5.431
[GPU1] epochs: [77/350] train_loss_con: 5.432
[GPU1] epochs: [78/350] train_loss_con: 5.430
[GPU1] epochs: [79/350] train_loss_con: 5.425
[GPU1] epochs: [80/350] train_loss_con: 5.428
[GPU1] epochs: [81/350] train_loss_con: 5.424
[GPU1] epochs: [82/350] train_loss_con: 5.426
[GPU1] epochs: [83/350] train_loss_con: 5.419
[GPU1] epochs: [84/350] train_loss_con: 5.420
[GPU1] epochs: [85/350] train_loss_con: 5.419
[GPU1] epochs: [86/350] train_loss_con: 5.419
[GPU1] epochs: [87/350] train_loss_con: 5.418
[GPU1] epochs: [88/350] train_loss_con: 5.416
[GPU1] epochs: [89/350] train_loss_con: 5.416
[GPU1] epochs: [90/350] train_loss_con: 5.414
[GPU1] epochs: [91/350] train_loss_con: 5.416
[GPU1] epochs: [92/350] train_loss_con: 5.413
[GPU1] epochs: [93/350] train_loss_con: 5.409
[GPU1] epochs: [94/350] train_loss_con: 5.412
[GPU1] epochs: [95/350] train_loss_con: 5.411
[GPU1] epochs: [96/350] train_loss_con: 5.410
[GPU1] epochs: [97/350] train_loss_con: 5.409
[GPU1] epochs: [98/350] train_loss_con: 5.411
[GPU1] epochs: [99/350] train_loss_con: 5.407
[GPU1] epochs: [100/350] train_loss_con: 5.405
[GPU1] epochs: [101/350] train_loss_con: 5.403
[GPU1] epochs: [102/350] train_loss_con: 5.405
[GPU1] epochs: [103/350] train_loss_con: 5.401
[GPU1] epochs: [104/350] train_loss_con: 5.401
[GPU1] epochs: [105/350] train_loss_con: 5.402
[GPU1] epochs: [106/350] train_loss_con: 5.400
[GPU1] epochs: [107/350] train_loss_con: 5.396
[GPU1] epochs: [108/350] train_loss_con: 5.397
[GPU1] epochs: [109/350] train_loss_con: 5.397
[GPU1] epochs: [110/350] train_loss_con: 5.398
[GPU1] epochs: [111/350] train_loss_con: 5.394
[GPU1] epochs: [112/350] train_loss_con: 5.395
[GPU1] epochs: [113/350] train_loss_con: 5.393
[GPU1] epochs: [114/350] train_loss_con: 5.394
[GPU1] epochs: [115/350] train_loss_con: 5.391
[GPU1] epochs: [116/350] train_loss_con: 5.389
[GPU1] epochs: [117/350] train_loss_con: 5.390
[GPU1] epochs: [118/350] train_loss_con: 5.390
[GPU1] epochs: [119/350] train_loss_con: 5.387
[GPU1] epochs: [120/350] train_loss_con: 5.387
[GPU1] epochs: [121/350] train_loss_con: 5.384
[GPU1] epochs: [122/350] train_loss_con: 5.388
[GPU1] epochs: [123/350] train_loss_con: 5.385
[GPU1] epochs: [124/350] train_loss_con: 5.385
[GPU1] epochs: [125/350] train_loss_con: 5.381
[GPU1] epochs: [126/350] train_loss_con: 5.382
[GPU1] epochs: [127/350] train_loss_con: 5.380
[GPU1] epochs: [128/350] train_loss_con: 5.382
[GPU1] epochs: [129/350] train_loss_con: 5.382
[GPU1] epochs: [130/350] train_loss_con: 5.379
[GPU1] epochs: [131/350] train_loss_con: 5.380
[GPU1] epochs: [132/350] train_loss_con: 5.377
[GPU1] epochs: [133/350] train_loss_con: 5.380
[GPU1] epochs: [134/350] train_loss_con: 5.378
[GPU1] epochs: [135/350] train_loss_con: 5.377
[GPU1] epochs: [136/350] train_loss_con: 5.376
[GPU1] epochs: [137/350] train_loss_con: 5.379
[GPU1] epochs: [138/350] train_loss_con: 5.373
[GPU1] epochs: [139/350] train_loss_con: 5.377
[GPU1] epochs: [140/350] train_loss_con: 5.374
[GPU1] epochs: [141/350] train_loss_con: 5.373
[GPU1] epochs: [142/350] train_loss_con: 5.371
[GPU1] epochs: [143/350] train_loss_con: 5.371
[GPU1] epochs: [144/350] train_loss_con: 5.368
[GPU1] epochs: [145/350] train_loss_con: 5.367
[GPU1] epochs: [146/350] train_loss_con: 5.370
[GPU1] epochs: [147/350] train_loss_con: 5.370
[GPU1] epochs: [148/350] train_loss_con: 5.368
[GPU1] epochs: [149/350] train_loss_con: 5.367
[GPU1] epochs: [150/350] train_loss_con: 5.369
[GPU1] epochs: [151/350] train_loss_con: 5.366
[GPU1] epochs: [152/350] train_loss_con: 5.367
[GPU1] epochs: [153/350] train_loss_con: 5.365
[GPU1] epochs: [154/350] train_loss_con: 5.365
[GPU1] epochs: [155/350] train_loss_con: 5.365
[GPU1] epochs: [156/350] train_loss_con: 5.365
[GPU1] epochs: [157/350] train_loss_con: 5.361
[GPU1] epochs: [158/350] train_loss_con: 5.363
[GPU1] epochs: [159/350] train_loss_con: 5.363
