environment: 
YAML: configs/simclr.c10.yaml
==> SEED: 42
==> num_classes: 10
==> data_name: cifar10
==> data_params: {'algo': 'simclr', 'data_dir': 'datasets/cifar10', 'batch_size': 512, 'num_workers': 3, 'image_size': 32}
==> return_logs: False
==> eval_every: 10
==> n_epochs: 350
==> n_epochs_mlp: 100
==> gpu_id: 0
==> opt: SGD
==> opt_params: {'lr': 0.5, 'momentum': 0.9, 'nesterov': True}
==> schedular_params: {'T_max': 350, 'eta_min': 0.001}
==> mlp_opt: SGD
==> mlp_opt_params: {'lr': 0.01, 'momentum': 0.9, 'nesterov': True}
==> model_params: {'model_name': 'resnet18', 'pretrained': False, 'proj_dim': 128}
==> mlp_type: hidden
==> loss: simclr
==> loss_params: {'sim': 'cosine', 'tau': 0.5}
==> distributed: False
==> train_algo: simclr
--------------------------------------------------
===> using hiddin mlp
using optimizer: SGD
using optimizer: SGD
loss function: simclr
Files already downloaded and verified
Files already downloaded and verified
Files already downloaded and verified
# of Training Images: 50000
# of Testing Images: 10000
### simclr Training begins
[GPU0] epochs: [1/350] train_loss_con: 6.237
[GPU0] epochs: [2/350] train_loss_con: 5.945
[GPU0] epochs: [3/350] train_loss_con: 5.827
[GPU0] epochs: [4/350] train_loss_con: 5.749
[GPU0] epochs: [5/350] train_loss_con: 5.699
[GPU0] epochs: [6/350] train_loss_con: 5.665
[GPU0] epochs: [7/350] train_loss_con: 5.639
[GPU0] epochs: [8/350] train_loss_con: 5.618
[GPU0] epochs: [9/350] train_loss_con: 5.603
[GPU0] epochs: [10/350] train_loss_con: 5.590
[GPU0] epochs: [11/350] train_loss_con: 5.578
[GPU0] epochs: [12/350] train_loss_con: 5.566
[GPU0] epochs: [13/350] train_loss_con: 5.560
[GPU0] epochs: [14/350] train_loss_con: 5.549
[GPU0] epochs: [15/350] train_loss_con: 5.543
[GPU0] epochs: [16/350] train_loss_con: 5.533
[GPU0] epochs: [17/350] train_loss_con: 5.530
[GPU0] epochs: [18/350] train_loss_con: 5.518
[GPU0] epochs: [19/350] train_loss_con: 5.519
[GPU0] epochs: [20/350] train_loss_con: 5.514
[GPU0] epochs: [21/350] train_loss_con: 5.507
[GPU0] epochs: [22/350] train_loss_con: 5.502
[GPU0] epochs: [23/350] train_loss_con: 5.500
[GPU0] epochs: [24/350] train_loss_con: 5.496
[GPU0] epochs: [25/350] train_loss_con: 5.495
[GPU0] epochs: [26/350] train_loss_con: 5.486
[GPU0] epochs: [27/350] train_loss_con: 5.486
[GPU0] epochs: [28/350] train_loss_con: 5.485
[GPU0] epochs: [29/350] train_loss_con: 5.478
[GPU0] epochs: [30/350] train_loss_con: 5.479
[GPU0] epochs: [31/350] train_loss_con: 5.473
[GPU0] epochs: [32/350] train_loss_con: 5.469
[GPU0] epochs: [33/350] train_loss_con: 5.470
[GPU0] epochs: [34/350] train_loss_con: 5.466
[GPU0] epochs: [35/350] train_loss_con: 5.466
[GPU0] epochs: [36/350] train_loss_con: 5.464
[GPU0] epochs: [37/350] train_loss_con: 5.461
[GPU0] epochs: [38/350] train_loss_con: 5.457
[GPU0] epochs: [39/350] train_loss_con: 5.460
[GPU0] epochs: [40/350] train_loss_con: 5.455
[GPU0] epochs: [41/350] train_loss_con: 5.454
[GPU0] epochs: [42/350] train_loss_con: 5.452
[GPU0] epochs: [43/350] train_loss_con: 5.451
[GPU0] epochs: [44/350] train_loss_con: 5.448
[GPU0] epochs: [45/350] train_loss_con: 5.442
[GPU0] epochs: [46/350] train_loss_con: 5.447
[GPU0] epochs: [47/350] train_loss_con: 5.441
[GPU0] epochs: [48/350] train_loss_con: 5.439
[GPU0] epochs: [49/350] train_loss_con: 5.442
[GPU0] epochs: [50/350] train_loss_con: 5.437
[GPU0] epochs: [51/350] train_loss_con: 5.437
[GPU0] epochs: [52/350] train_loss_con: 5.433
[GPU0] epochs: [53/350] train_loss_con: 5.434
[GPU0] epochs: [54/350] train_loss_con: 5.433
[GPU0] epochs: [55/350] train_loss_con: 5.432
[GPU0] epochs: [56/350] train_loss_con: 5.429
[GPU0] epochs: [57/350] train_loss_con: 5.430
[GPU0] epochs: [58/350] train_loss_con: 5.428
[GPU0] epochs: [59/350] train_loss_con: 5.427
[GPU0] epochs: [60/350] train_loss_con: 5.428
[GPU0] epochs: [61/350] train_loss_con: 5.421
[GPU0] epochs: [62/350] train_loss_con: 5.422
[GPU0] epochs: [63/350] train_loss_con: 5.418
[GPU0] epochs: [64/350] train_loss_con: 5.417
[GPU0] epochs: [65/350] train_loss_con: 5.417
[GPU0] epochs: [66/350] train_loss_con: 5.416
[GPU0] epochs: [67/350] train_loss_con: 5.413
[GPU0] epochs: [68/350] train_loss_con: 5.415
[GPU0] epochs: [69/350] train_loss_con: 5.413
[GPU0] epochs: [70/350] train_loss_con: 5.412
[GPU0] epochs: [71/350] train_loss_con: 5.411
[GPU0] epochs: [72/350] train_loss_con: 5.407
[GPU0] epochs: [73/350] train_loss_con: 5.412
[GPU0] epochs: [74/350] train_loss_con: 5.408
[GPU0] epochs: [75/350] train_loss_con: 5.404
[GPU0] epochs: [76/350] train_loss_con: 5.405
[GPU0] epochs: [77/350] train_loss_con: 5.406
[GPU0] epochs: [78/350] train_loss_con: 5.404
[GPU0] epochs: [79/350] train_loss_con: 5.401
[GPU0] epochs: [80/350] train_loss_con: 5.401
[GPU0] epochs: [81/350] train_loss_con: 5.401
[GPU0] epochs: [82/350] train_loss_con: 5.400
[GPU0] epochs: [83/350] train_loss_con: 5.401
[GPU0] epochs: [84/350] train_loss_con: 5.400
[GPU0] epochs: [85/350] train_loss_con: 5.400
[GPU0] epochs: [86/350] train_loss_con: 5.397
[GPU0] epochs: [87/350] train_loss_con: 5.399
[GPU0] epochs: [88/350] train_loss_con: 5.394
[GPU0] epochs: [89/350] train_loss_con: 5.395
[GPU0] epochs: [90/350] train_loss_con: 5.393
[GPU0] epochs: [91/350] train_loss_con: 5.394
[GPU0] epochs: [92/350] train_loss_con: 5.393
[GPU0] epochs: [93/350] train_loss_con: 5.392
[GPU0] epochs: [94/350] train_loss_con: 5.391
[GPU0] epochs: [95/350] train_loss_con: 5.391
[GPU0] epochs: [96/350] train_loss_con: 5.390
[GPU0] epochs: [97/350] train_loss_con: 5.389
[GPU0] epochs: [98/350] train_loss_con: 5.388
[GPU0] epochs: [99/350] train_loss_con: 5.388
[GPU0] epochs: [100/350] train_loss_con: 5.384
[GPU0] epochs: [101/350] train_loss_con: 5.384
[GPU0] epochs: [102/350] train_loss_con: 5.384
[GPU0] epochs: [103/350] train_loss_con: 5.383
[GPU0] epochs: [104/350] train_loss_con: 5.385
[GPU0] epochs: [105/350] train_loss_con: 5.382
[GPU0] epochs: [106/350] train_loss_con: 5.379
[GPU0] epochs: [107/350] train_loss_con: 5.383
[GPU0] epochs: [108/350] train_loss_con: 5.378
[GPU0] epochs: [109/350] train_loss_con: 5.379
[GPU0] epochs: [110/350] train_loss_con: 5.375
[GPU0] epochs: [111/350] train_loss_con: 5.375
[GPU0] epochs: [112/350] train_loss_con: 5.378
[GPU0] epochs: [113/350] train_loss_con: 5.376
[GPU0] epochs: [114/350] train_loss_con: 5.373
[GPU0] epochs: [115/350] train_loss_con: 5.375
[GPU0] epochs: [116/350] train_loss_con: 5.376
[GPU0] epochs: [117/350] train_loss_con: 5.374
[GPU0] epochs: [118/350] train_loss_con: 5.371
[GPU0] epochs: [119/350] train_loss_con: 5.373
[GPU0] epochs: [120/350] train_loss_con: 5.371
[GPU0] epochs: [121/350] train_loss_con: 5.372
[GPU0] epochs: [122/350] train_loss_con: 5.369
[GPU0] epochs: [123/350] train_loss_con: 5.372
[GPU0] epochs: [124/350] train_loss_con: 5.367
[GPU0] epochs: [125/350] train_loss_con: 5.372
[GPU0] epochs: [126/350] train_loss_con: 5.368
[GPU0] epochs: [127/350] train_loss_con: 5.365
[GPU0] epochs: [128/350] train_loss_con: 5.366
[GPU0] epochs: [129/350] train_loss_con: 5.364
[GPU0] epochs: [130/350] train_loss_con: 5.369
[GPU0] epochs: [131/350] train_loss_con: 5.363
[GPU0] epochs: [132/350] train_loss_con: 5.367
[GPU0] epochs: [133/350] train_loss_con: 5.367
[GPU0] epochs: [134/350] train_loss_con: 5.365
[GPU0] epochs: [135/350] train_loss_con: 5.366
[GPU0] epochs: [136/350] train_loss_con: 5.363
[GPU0] epochs: [137/350] train_loss_con: 5.361
[GPU0] epochs: [138/350] train_loss_con: 5.361
[GPU0] epochs: [139/350] train_loss_con: 5.365
[GPU0] epochs: [140/350] train_loss_con: 5.362
[GPU0] epochs: [141/350] train_loss_con: 5.361
[GPU0] epochs: [142/350] train_loss_con: 5.361
[GPU0] epochs: [143/350] train_loss_con: 5.355
[GPU0] epochs: [144/350] train_loss_con: 5.358
[GPU0] epochs: [145/350] train_loss_con: 5.356
[GPU0] epochs: [146/350] train_loss_con: 5.360
[GPU0] epochs: [147/350] train_loss_con: 5.356
[GPU0] epochs: [148/350] train_loss_con: 5.353
[GPU0] epochs: [149/350] train_loss_con: 5.357
[GPU0] epochs: [150/350] train_loss_con: 5.353
[GPU0] epochs: [151/350] train_loss_con: 5.354
[GPU0] epochs: [152/350] train_loss_con: 5.354
[GPU0] epochs: [153/350] train_loss_con: 5.356
[GPU0] epochs: [154/350] train_loss_con: 5.356
[GPU0] epochs: [155/350] train_loss_con: 5.353
[GPU0] epochs: [156/350] train_loss_con: 5.353
[GPU0] epochs: [157/350] train_loss_con: 5.350
[GPU0] epochs: [158/350] train_loss_con: 5.352
[GPU0] epochs: [159/350] train_loss_con: 5.350
[GPU0] epochs: [160/350] train_loss_con: 5.353
[GPU0] epochs: [161/350] train_loss_con: 5.351
[GPU0] epochs: [162/350] train_loss_con: 5.349
[GPU0] epochs: [163/350] train_loss_con: 5.352
[GPU0] epochs: [164/350] train_loss_con: 5.348
[GPU0] epochs: [165/350] train_loss_con: 5.349
[GPU0] epochs: [166/350] train_loss_con: 5.347
[GPU0] epochs: [167/350] train_loss_con: 5.348
[GPU0] epochs: [168/350] train_loss_con: 5.348
[GPU0] epochs: [169/350] train_loss_con: 5.346
[GPU0] epochs: [170/350] train_loss_con: 5.346
[GPU0] epochs: [171/350] train_loss_con: 5.348
[GPU0] epochs: [172/350] train_loss_con: 5.350
[GPU0] epochs: [173/350] train_loss_con: 5.346
[GPU0] epochs: [174/350] train_loss_con: 5.342
[GPU0] epochs: [175/350] train_loss_con: 5.343
[GPU0] epochs: [176/350] train_loss_con: 5.345
[GPU0] epochs: [177/350] train_loss_con: 5.343
[GPU0] epochs: [178/350] train_loss_con: 5.346
[GPU0] epochs: [179/350] train_loss_con: 5.342
[GPU0] epochs: [180/350] train_loss_con: 5.340
[GPU0] epochs: [181/350] train_loss_con: 5.341
[GPU0] epochs: [182/350] train_loss_con: 5.341
[GPU0] epochs: [183/350] train_loss_con: 5.341
[GPU0] epochs: [184/350] train_loss_con: 5.339
[GPU0] epochs: [185/350] train_loss_con: 5.340
[GPU0] epochs: [186/350] train_loss_con: 5.340
[GPU0] epochs: [187/350] train_loss_con: 5.339
[GPU0] epochs: [188/350] train_loss_con: 5.337
[GPU0] epochs: [189/350] train_loss_con: 5.339
[GPU0] epochs: [190/350] train_loss_con: 5.340
[GPU0] epochs: [191/350] train_loss_con: 5.334
[GPU0] epochs: [192/350] train_loss_con: 5.337
[GPU0] epochs: [193/350] train_loss_con: 5.337
[GPU0] epochs: [194/350] train_loss_con: 5.337
[GPU0] epochs: [195/350] train_loss_con: 5.336
[GPU0] epochs: [196/350] train_loss_con: 5.335
[GPU0] epochs: [197/350] train_loss_con: 5.335
[GPU0] epochs: [198/350] train_loss_con: 5.331
[GPU0] epochs: [199/350] train_loss_con: 5.334
[GPU0] epochs: [200/350] train_loss_con: 5.332
[GPU0] epochs: [201/350] train_loss_con: 5.332
[GPU0] epochs: [202/350] train_loss_con: 5.333
[GPU0] epochs: [203/350] train_loss_con: 5.333
[GPU0] epochs: [204/350] train_loss_con: 5.329
[GPU0] epochs: [205/350] train_loss_con: 5.330
[GPU0] epochs: [206/350] train_loss_con: 5.333
[GPU0] epochs: [207/350] train_loss_con: 5.331
[GPU0] epochs: [208/350] train_loss_con: 5.336
[GPU0] epochs: [209/350] train_loss_con: 5.331
[GPU0] epochs: [210/350] train_loss_con: 5.331
[GPU0] epochs: [211/350] train_loss_con: 5.330
[GPU0] epochs: [212/350] train_loss_con: 5.331
[GPU0] epochs: [213/350] train_loss_con: 5.329
[GPU0] epochs: [214/350] train_loss_con: 5.329
[GPU0] epochs: [215/350] train_loss_con: 5.327
[GPU0] epochs: [216/350] train_loss_con: 5.330
[GPU0] epochs: [217/350] train_loss_con: 5.331
[GPU0] epochs: [218/350] train_loss_con: 5.328
[GPU0] epochs: [219/350] train_loss_con: 5.326
[GPU0] epochs: [220/350] train_loss_con: 5.328
[GPU0] epochs: [221/350] train_loss_con: 5.329
[GPU0] epochs: [222/350] train_loss_con: 5.328
[GPU0] epochs: [223/350] train_loss_con: 5.326
[GPU0] epochs: [224/350] train_loss_con: 5.329
[GPU0] epochs: [225/350] train_loss_con: 5.325
[GPU0] epochs: [226/350] train_loss_con: 5.326
[GPU0] epochs: [227/350] train_loss_con: 5.324
[GPU0] epochs: [228/350] train_loss_con: 5.323
[GPU0] epochs: [229/350] train_loss_con: 5.326
[GPU0] epochs: [230/350] train_loss_con: 5.323
[GPU0] epochs: [231/350] train_loss_con: 5.324
[GPU0] epochs: [232/350] train_loss_con: 5.323
[GPU0] epochs: [233/350] train_loss_con: 5.322
[GPU0] epochs: [234/350] train_loss_con: 5.325
[GPU0] epochs: [235/350] train_loss_con: 5.322
[GPU0] epochs: [236/350] train_loss_con: 5.324
[GPU0] epochs: [237/350] train_loss_con: 5.324
[GPU0] epochs: [238/350] train_loss_con: 5.319
[GPU0] epochs: [239/350] train_loss_con: 5.322
[GPU0] epochs: [240/350] train_loss_con: 5.319
[GPU0] epochs: [241/350] train_loss_con: 5.322
[GPU0] epochs: [242/350] train_loss_con: 5.320
[GPU0] epochs: [243/350] train_loss_con: 5.321
[GPU0] epochs: [244/350] train_loss_con: 5.319
[GPU0] epochs: [245/350] train_loss_con: 5.318
[GPU0] epochs: [246/350] train_loss_con: 5.320
[GPU0] epochs: [247/350] train_loss_con: 5.320
[GPU0] epochs: [248/350] train_loss_con: 5.321
[GPU0] epochs: [249/350] train_loss_con: 5.318
[GPU0] epochs: [250/350] train_loss_con: 5.319
[GPU0] epochs: [251/350] train_loss_con: 5.318
[GPU0] epochs: [252/350] train_loss_con: 5.316
[GPU0] epochs: [253/350] train_loss_con: 5.320
[GPU0] epochs: [254/350] train_loss_con: 5.318
[GPU0] epochs: [255/350] train_loss_con: 5.319
[GPU0] epochs: [256/350] train_loss_con: 5.315
[GPU0] epochs: [257/350] train_loss_con: 5.313
[GPU0] epochs: [258/350] train_loss_con: 5.316
[GPU0] epochs: [259/350] train_loss_con: 5.315
[GPU0] epochs: [260/350] train_loss_con: 5.315
[GPU0] epochs: [261/350] train_loss_con: 5.316
[GPU0] epochs: [262/350] train_loss_con: 5.314
[GPU0] epochs: [263/350] train_loss_con: 5.318
[GPU0] epochs: [264/350] train_loss_con: 5.314
[GPU0] epochs: [265/350] train_loss_con: 5.317
[GPU0] epochs: [266/350] train_loss_con: 5.311
[GPU0] epochs: [267/350] train_loss_con: 5.314
[GPU0] epochs: [268/350] train_loss_con: 5.313
[GPU0] epochs: [269/350] train_loss_con: 5.315
[GPU0] epochs: [270/350] train_loss_con: 5.315
[GPU0] epochs: [271/350] train_loss_con: 5.313
[GPU0] epochs: [272/350] train_loss_con: 5.310
[GPU0] epochs: [273/350] train_loss_con: 5.313
[GPU0] epochs: [274/350] train_loss_con: 5.310
[GPU0] epochs: [275/350] train_loss_con: 5.312
[GPU0] epochs: [276/350] train_loss_con: 5.314
[GPU0] epochs: [277/350] train_loss_con: 5.313
[GPU0] epochs: [278/350] train_loss_con: 5.313
[GPU0] epochs: [279/350] train_loss_con: 5.312
[GPU0] epochs: [280/350] train_loss_con: 5.314
[GPU0] epochs: [281/350] train_loss_con: 5.311
[GPU0] epochs: [282/350] train_loss_con: 5.315
[GPU0] epochs: [283/350] train_loss_con: 5.310
[GPU0] epochs: [284/350] train_loss_con: 5.309
[GPU0] epochs: [285/350] train_loss_con: 5.310
[GPU0] epochs: [286/350] train_loss_con: 5.312
[GPU0] epochs: [287/350] train_loss_con: 5.311
[GPU0] epochs: [288/350] train_loss_con: 5.310
[GPU0] epochs: [289/350] train_loss_con: 5.310
[GPU0] epochs: [290/350] train_loss_con: 5.308
[GPU0] epochs: [291/350] train_loss_con: 5.312
[GPU0] epochs: [292/350] train_loss_con: 5.307
[GPU0] epochs: [293/350] train_loss_con: 5.307
[GPU0] epochs: [294/350] train_loss_con: 5.306
[GPU0] epochs: [295/350] train_loss_con: 5.310
[GPU0] epochs: [296/350] train_loss_con: 5.307
[GPU0] epochs: [297/350] train_loss_con: 5.310
[GPU0] epochs: [298/350] train_loss_con: 5.309
[GPU0] epochs: [299/350] train_loss_con: 5.307
[GPU0] epochs: [300/350] train_loss_con: 5.306
[GPU0] epochs: [301/350] train_loss_con: 5.306
[GPU0] epochs: [302/350] train_loss_con: 5.307
[GPU0] epochs: [303/350] train_loss_con: 5.310
[GPU0] epochs: [304/350] train_loss_con: 5.309
[GPU0] epochs: [305/350] train_loss_con: 5.305
[GPU0] epochs: [306/350] train_loss_con: 5.307
[GPU0] epochs: [307/350] train_loss_con: 5.309
[GPU0] epochs: [308/350] train_loss_con: 5.307
[GPU0] epochs: [309/350] train_loss_con: 5.305
[GPU0] epochs: [310/350] train_loss_con: 5.305
[GPU0] epochs: [311/350] train_loss_con: 5.305
[GPU0] epochs: [312/350] train_loss_con: 5.310
[GPU0] epochs: [313/350] train_loss_con: 5.308
[GPU0] epochs: [314/350] train_loss_con: 5.306
[GPU0] epochs: [315/350] train_loss_con: 5.305
[GPU0] epochs: [316/350] train_loss_con: 5.305
[GPU0] epochs: [317/350] train_loss_con: 5.305
[GPU0] epochs: [318/350] train_loss_con: 5.303
[GPU0] epochs: [319/350] train_loss_con: 5.305
[GPU0] epochs: [320/350] train_loss_con: 5.305
[GPU0] epochs: [321/350] train_loss_con: 5.308
[GPU0] epochs: [322/350] train_loss_con: 5.305
[GPU0] epochs: [323/350] train_loss_con: 5.305
[GPU0] epochs: [324/350] train_loss_con: 5.305
[GPU0] epochs: [325/350] train_loss_con: 5.306
[GPU0] epochs: [326/350] train_loss_con: 5.303
[GPU0] epochs: [327/350] train_loss_con: 5.303
[GPU0] epochs: [328/350] train_loss_con: 5.306
[GPU0] epochs: [329/350] train_loss_con: 5.305
[GPU0] epochs: [330/350] train_loss_con: 5.304
[GPU0] epochs: [331/350] train_loss_con: 5.303
[GPU0] epochs: [332/350] train_loss_con: 5.305
[GPU0] epochs: [333/350] train_loss_con: 5.307
[GPU0] epochs: [334/350] train_loss_con: 5.305
[GPU0] epochs: [335/350] train_loss_con: 5.305
[GPU0] epochs: [336/350] train_loss_con: 5.306
[GPU0] epochs: [337/350] train_loss_con: 5.304
[GPU0] epochs: [338/350] train_loss_con: 5.303
[GPU0] epochs: [339/350] train_loss_con: 5.308
[GPU0] epochs: [340/350] train_loss_con: 5.308
[GPU0] epochs: [341/350] train_loss_con: 5.304
[GPU0] epochs: [342/350] train_loss_con: 5.301
[GPU0] epochs: [343/350] train_loss_con: 5.307
[GPU0] epochs: [344/350] train_loss_con: 5.303
[GPU0] epochs: [345/350] train_loss_con: 5.305
[GPU0] epochs: [346/350] train_loss_con: 5.304
[GPU0] epochs: [347/350] train_loss_con: 5.304
[GPU0] epochs: [348/350] train_loss_con: 5.308
[GPU0] epochs: [349/350] train_loss_con: 5.304
[GPU0] epochs: [350/350] train_loss_con: 5.305
### TSNE starts
### MLP training begins
[GPU0] Test Accuracy at epoch: 0: 0.819
[GPU0] epochs: [1/100] train_acc: 0.734 train_loss_sup: 0.912
[GPU0] epochs: [2/100] train_acc: 0.800 train_loss_sup: 0.596
[GPU0] epochs: [3/100] train_acc: 0.805 train_loss_sup: 0.578
[GPU0] epochs: [4/100] train_acc: 0.810 train_loss_sup: 0.561
[GPU0] epochs: [5/100] train_acc: 0.810 train_loss_sup: 0.555
[GPU0] epochs: [6/100] train_acc: 0.813 train_loss_sup: 0.548
[GPU0] epochs: [7/100] train_acc: 0.815 train_loss_sup: 0.542
[GPU0] epochs: [8/100] train_acc: 0.814 train_loss_sup: 0.542
[GPU0] epochs: [9/100] train_acc: 0.816 train_loss_sup: 0.536
[GPU0] epochs: [10/100] train_acc: 0.817 train_loss_sup: 0.538
[GPU0] Test Accuracy at epoch: 10: 0.844
[GPU0] epochs: [11/100] train_acc: 0.815 train_loss_sup: 0.535
[GPU0] epochs: [12/100] train_acc: 0.820 train_loss_sup: 0.530
[GPU0] epochs: [13/100] train_acc: 0.821 train_loss_sup: 0.529
[GPU0] epochs: [14/100] train_acc: 0.821 train_loss_sup: 0.525
[GPU0] epochs: [15/100] train_acc: 0.820 train_loss_sup: 0.525
[GPU0] epochs: [16/100] train_acc: 0.821 train_loss_sup: 0.524
[GPU0] epochs: [17/100] train_acc: 0.820 train_loss_sup: 0.521
[GPU0] epochs: [18/100] train_acc: 0.823 train_loss_sup: 0.515
[GPU0] epochs: [19/100] train_acc: 0.821 train_loss_sup: 0.523
[GPU0] epochs: [20/100] train_acc: 0.825 train_loss_sup: 0.510
[GPU0] Test Accuracy at epoch: 20: 0.848
[GPU0] epochs: [21/100] train_acc: 0.822 train_loss_sup: 0.517
[GPU0] epochs: [22/100] train_acc: 0.823 train_loss_sup: 0.516
[GPU0] epochs: [23/100] train_acc: 0.823 train_loss_sup: 0.515
[GPU0] epochs: [24/100] train_acc: 0.825 train_loss_sup: 0.507
[GPU0] epochs: [25/100] train_acc: 0.826 train_loss_sup: 0.506
[GPU0] epochs: [26/100] train_acc: 0.826 train_loss_sup: 0.506
[GPU0] epochs: [27/100] train_acc: 0.828 train_loss_sup: 0.499
[GPU0] epochs: [28/100] train_acc: 0.825 train_loss_sup: 0.503
[GPU0] epochs: [29/100] train_acc: 0.828 train_loss_sup: 0.497
[GPU0] epochs: [30/100] train_acc: 0.828 train_loss_sup: 0.502
[GPU0] Test Accuracy at epoch: 30: 0.845
[GPU0] epochs: [31/100] train_acc: 0.827 train_loss_sup: 0.504
[GPU0] epochs: [32/100] train_acc: 0.826 train_loss_sup: 0.504
[GPU0] epochs: [33/100] train_acc: 0.827 train_loss_sup: 0.498
[GPU0] epochs: [34/100] train_acc: 0.826 train_loss_sup: 0.506
[GPU0] epochs: [35/100] train_acc: 0.828 train_loss_sup: 0.498
[GPU0] epochs: [36/100] train_acc: 0.831 train_loss_sup: 0.493
[GPU0] epochs: [37/100] train_acc: 0.830 train_loss_sup: 0.495
[GPU0] epochs: [38/100] train_acc: 0.829 train_loss_sup: 0.495
[GPU0] epochs: [39/100] train_acc: 0.829 train_loss_sup: 0.493
[GPU0] epochs: [40/100] train_acc: 0.831 train_loss_sup: 0.489
[GPU0] Test Accuracy at epoch: 40: 0.852
[GPU0] epochs: [41/100] train_acc: 0.830 train_loss_sup: 0.487
[GPU0] epochs: [42/100] train_acc: 0.832 train_loss_sup: 0.489
[GPU0] epochs: [43/100] train_acc: 0.829 train_loss_sup: 0.490
[GPU0] epochs: [44/100] train_acc: 0.830 train_loss_sup: 0.488
[GPU0] epochs: [45/100] train_acc: 0.832 train_loss_sup: 0.486
[GPU0] epochs: [46/100] train_acc: 0.832 train_loss_sup: 0.485
[GPU0] epochs: [47/100] train_acc: 0.833 train_loss_sup: 0.484
[GPU0] epochs: [48/100] train_acc: 0.832 train_loss_sup: 0.487
[GPU0] epochs: [49/100] train_acc: 0.833 train_loss_sup: 0.486
[GPU0] epochs: [50/100] train_acc: 0.835 train_loss_sup: 0.479
[GPU0] Test Accuracy at epoch: 50: 0.854
[GPU0] epochs: [51/100] train_acc: 0.832 train_loss_sup: 0.483
[GPU0] epochs: [52/100] train_acc: 0.833 train_loss_sup: 0.478
[GPU0] epochs: [53/100] train_acc: 0.830 train_loss_sup: 0.483
[GPU0] epochs: [54/100] train_acc: 0.831 train_loss_sup: 0.482
[GPU0] epochs: [55/100] train_acc: 0.832 train_loss_sup: 0.482
[GPU0] epochs: [56/100] train_acc: 0.832 train_loss_sup: 0.481
[GPU0] epochs: [57/100] train_acc: 0.834 train_loss_sup: 0.476
[GPU0] epochs: [58/100] train_acc: 0.834 train_loss_sup: 0.477
[GPU0] epochs: [59/100] train_acc: 0.836 train_loss_sup: 0.474
[GPU0] epochs: [60/100] train_acc: 0.832 train_loss_sup: 0.474
[GPU0] Test Accuracy at epoch: 60: 0.858
[GPU0] epochs: [61/100] train_acc: 0.835 train_loss_sup: 0.474
[GPU0] epochs: [62/100] train_acc: 0.833 train_loss_sup: 0.476
[GPU0] epochs: [63/100] train_acc: 0.835 train_loss_sup: 0.474
[GPU0] epochs: [64/100] train_acc: 0.835 train_loss_sup: 0.472
[GPU0] epochs: [65/100] train_acc: 0.833 train_loss_sup: 0.474
[GPU0] epochs: [66/100] train_acc: 0.835 train_loss_sup: 0.473
[GPU0] epochs: [67/100] train_acc: 0.836 train_loss_sup: 0.470
[GPU0] epochs: [68/100] train_acc: 0.836 train_loss_sup: 0.469
[GPU0] epochs: [69/100] train_acc: 0.834 train_loss_sup: 0.473
[GPU0] epochs: [70/100] train_acc: 0.835 train_loss_sup: 0.473
[GPU0] Test Accuracy at epoch: 70: 0.857
[GPU0] epochs: [71/100] train_acc: 0.835 train_loss_sup: 0.471
[GPU0] epochs: [72/100] train_acc: 0.835 train_loss_sup: 0.472
[GPU0] epochs: [73/100] train_acc: 0.834 train_loss_sup: 0.474
[GPU0] epochs: [74/100] train_acc: 0.836 train_loss_sup: 0.470
[GPU0] epochs: [75/100] train_acc: 0.836 train_loss_sup: 0.468
[GPU0] epochs: [76/100] train_acc: 0.837 train_loss_sup: 0.466
[GPU0] epochs: [77/100] train_acc: 0.837 train_loss_sup: 0.467
[GPU0] epochs: [78/100] train_acc: 0.837 train_loss_sup: 0.468
[GPU0] epochs: [79/100] train_acc: 0.838 train_loss_sup: 0.460
[GPU0] epochs: [80/100] train_acc: 0.838 train_loss_sup: 0.465
[GPU0] Test Accuracy at epoch: 80: 0.856
[GPU0] epochs: [81/100] train_acc: 0.838 train_loss_sup: 0.466
[GPU0] epochs: [82/100] train_acc: 0.836 train_loss_sup: 0.467
[GPU0] epochs: [83/100] train_acc: 0.839 train_loss_sup: 0.463
[GPU0] epochs: [84/100] train_acc: 0.840 train_loss_sup: 0.459
[GPU0] epochs: [85/100] train_acc: 0.838 train_loss_sup: 0.461
[GPU0] epochs: [86/100] train_acc: 0.838 train_loss_sup: 0.463
[GPU0] epochs: [87/100] train_acc: 0.838 train_loss_sup: 0.461
[GPU0] epochs: [88/100] train_acc: 0.839 train_loss_sup: 0.461
[GPU0] epochs: [89/100] train_acc: 0.837 train_loss_sup: 0.465
[GPU0] epochs: [90/100] train_acc: 0.839 train_loss_sup: 0.457
[GPU0] Test Accuracy at epoch: 90: 0.86
[GPU0] epochs: [91/100] train_acc: 0.839 train_loss_sup: 0.458
[GPU0] epochs: [92/100] train_acc: 0.843 train_loss_sup: 0.452
[GPU0] epochs: [93/100] train_acc: 0.840 train_loss_sup: 0.458
[GPU0] epochs: [94/100] train_acc: 0.839 train_loss_sup: 0.458
[GPU0] epochs: [95/100] train_acc: 0.841 train_loss_sup: 0.457
[GPU0] epochs: [96/100] train_acc: 0.839 train_loss_sup: 0.457
[GPU0] epochs: [97/100] train_acc: 0.841 train_loss_sup: 0.455
[GPU0] epochs: [98/100] train_acc: 0.841 train_loss_sup: 0.452
[GPU0] epochs: [99/100] train_acc: 0.842 train_loss_sup: 0.453
[GPU0] epochs: [100/100] train_acc: 0.842 train_loss_sup: 0.453
[GPU0] Final Test Accuracy: 0.86
