environment: 
YAML: --config
==> SEED: 42
==> num_classes: 10
==> data_name: cifar10
==> data_params: {'algo': 'simclr', 'data_dir': 'datasets/cifar10', 'batch_size': 512, 'num_workers': 3, 'image_size': 32}
==> return_logs: False
==> eval_every: 10
==> n_epochs: 800
==> n_epochs_mlp: 100
==> gpu_id: 0
==> opt: SGD
==> opt_params: {'lr': 0.5, 'momentum': 0.9, 'nesterov': True}
==> schedular_params: {'T_max': 800, 'eta_min': 0.001}
==> mlp_opt: SGD
==> mlp_opt_params: {'lr': 0.1, 'momentum': 0.9, 'nesterov': True}
==> model_params: {'model_name': 'resnet50', 'pretrained': False, 'proj_dim': 128}
==> mlp_type: linear
==> loss: simclr
==> loss_params: {'sim': 'cosine', 'tau': 0.5}
==> distributed: False
==> train_algo: simclr
==> config: configs/simclr.c10.yaml
==> model_save_path: saved_models/simclr.c10.r50.e800.pth
--------------------------------------------------
===> using linear mlp
using optimizer: SGD
using optimizer: SGD
loss function: simclr
# of Training Images: 50000
# of Testing Images: 10000
### simclr Training begins
[GPU0] epochs: [1/800] train_loss_con: 6.929
[GPU0] epochs: [2/800] train_loss_con: 6.838
[GPU0] epochs: [3/800] train_loss_con: 6.585
[GPU0] epochs: [4/800] train_loss_con: 6.498
[GPU0] epochs: [5/800] train_loss_con: 6.448
[GPU0] epochs: [6/800] train_loss_con: 6.446
[GPU0] epochs: [7/800] train_loss_con: 6.376
[GPU0] epochs: [8/800] train_loss_con: 6.202
[GPU0] epochs: [9/800] train_loss_con: 6.122
[GPU0] epochs: [10/800] train_loss_con: 6.087
[GPU0] epochs: [11/800] train_loss_con: 6.056
[GPU0] epochs: [12/800] train_loss_con: 5.952
[GPU0] epochs: [13/800] train_loss_con: 5.874
[GPU0] epochs: [14/800] train_loss_con: 5.814
[GPU0] epochs: [15/800] train_loss_con: 5.781
[GPU0] epochs: [16/800] train_loss_con: 5.762
[GPU0] epochs: [17/800] train_loss_con: 5.751
[GPU0] epochs: [18/800] train_loss_con: 5.740
[GPU0] epochs: [19/800] train_loss_con: 5.725
[GPU0] epochs: [20/800] train_loss_con: 5.702
[GPU0] epochs: [21/800] train_loss_con: 5.671
[GPU0] epochs: [22/800] train_loss_con: 5.648
[GPU0] epochs: [23/800] train_loss_con: 5.629
[GPU0] epochs: [24/800] train_loss_con: 5.611
[GPU0] epochs: [25/800] train_loss_con: 5.598
[GPU0] epochs: [26/800] train_loss_con: 5.585
[GPU0] epochs: [27/800] train_loss_con: 5.582
[GPU0] epochs: [28/800] train_loss_con: 5.568
[GPU0] epochs: [29/800] train_loss_con: 5.561
[GPU0] epochs: [30/800] train_loss_con: 5.558
[GPU0] epochs: [31/800] train_loss_con: 5.545
[GPU0] epochs: [32/800] train_loss_con: 5.544
[GPU0] epochs: [33/800] train_loss_con: 5.533
[GPU0] epochs: [34/800] train_loss_con: 5.526
[GPU0] epochs: [35/800] train_loss_con: 5.522
[GPU0] epochs: [36/800] train_loss_con: 5.520
[GPU0] epochs: [37/800] train_loss_con: 5.517
[GPU0] epochs: [38/800] train_loss_con: 5.511
[GPU0] epochs: [39/800] train_loss_con: 5.506
[GPU0] epochs: [40/800] train_loss_con: 5.502
[GPU0] epochs: [41/800] train_loss_con: 5.500
[GPU0] epochs: [42/800] train_loss_con: 5.497
[GPU0] epochs: [43/800] train_loss_con: 5.492
[GPU0] epochs: [44/800] train_loss_con: 5.489
[GPU0] epochs: [45/800] train_loss_con: 5.489
[GPU0] epochs: [46/800] train_loss_con: 5.484
[GPU0] epochs: [47/800] train_loss_con: 5.482
[GPU0] epochs: [48/800] train_loss_con: 5.478
[GPU0] epochs: [49/800] train_loss_con: 5.476
[GPU0] epochs: [50/800] train_loss_con: 5.472
[GPU0] epochs: [51/800] train_loss_con: 5.470
[GPU0] epochs: [52/800] train_loss_con: 5.466
[GPU0] epochs: [53/800] train_loss_con: 5.463
[GPU0] epochs: [54/800] train_loss_con: 5.464
[GPU0] epochs: [55/800] train_loss_con: 5.462
[GPU0] epochs: [56/800] train_loss_con: 5.456
[GPU0] epochs: [57/800] train_loss_con: 5.453
[GPU0] epochs: [58/800] train_loss_con: 5.455
[GPU0] epochs: [59/800] train_loss_con: 5.452
[GPU0] epochs: [60/800] train_loss_con: 5.449
[GPU0] epochs: [61/800] train_loss_con: 5.451
[GPU0] epochs: [62/800] train_loss_con: 5.447
[GPU0] epochs: [63/800] train_loss_con: 5.446
[GPU0] epochs: [64/800] train_loss_con: 5.443
[GPU0] epochs: [65/800] train_loss_con: 5.440
[GPU0] epochs: [66/800] train_loss_con: 5.441
[GPU0] epochs: [67/800] train_loss_con: 5.439
[GPU0] epochs: [68/800] train_loss_con: 5.438
[GPU0] epochs: [69/800] train_loss_con: 5.436
[GPU0] epochs: [70/800] train_loss_con: 5.433
[GPU0] epochs: [71/800] train_loss_con: 5.433
[GPU0] epochs: [72/800] train_loss_con: 5.433
[GPU0] epochs: [73/800] train_loss_con: 5.432
[GPU0] epochs: [74/800] train_loss_con: 5.431
[GPU0] epochs: [75/800] train_loss_con: 5.427
[GPU0] epochs: [76/800] train_loss_con: 5.425
[GPU0] epochs: [77/800] train_loss_con: 5.428
[GPU0] epochs: [78/800] train_loss_con: 5.428
[GPU0] epochs: [79/800] train_loss_con: 5.424
[GPU0] epochs: [80/800] train_loss_con: 5.425
[GPU0] epochs: [81/800] train_loss_con: 5.424
[GPU0] epochs: [82/800] train_loss_con: 5.418
[GPU0] epochs: [83/800] train_loss_con: 5.419
[GPU0] epochs: [84/800] train_loss_con: 5.417
[GPU0] epochs: [85/800] train_loss_con: 5.418
[GPU0] epochs: [86/800] train_loss_con: 5.413
[GPU0] epochs: [87/800] train_loss_con: 5.413
[GPU0] epochs: [88/800] train_loss_con: 5.413
[GPU0] epochs: [89/800] train_loss_con: 5.412
[GPU0] epochs: [90/800] train_loss_con: 5.409
[GPU0] epochs: [91/800] train_loss_con: 5.409
[GPU0] epochs: [92/800] train_loss_con: 5.410
[GPU0] epochs: [93/800] train_loss_con: 5.411
[GPU0] epochs: [94/800] train_loss_con: 5.409
[GPU0] epochs: [95/800] train_loss_con: 5.405
[GPU0] epochs: [96/800] train_loss_con: 5.403
[GPU0] epochs: [97/800] train_loss_con: 5.408
[GPU0] epochs: [98/800] train_loss_con: 5.398
[GPU0] epochs: [99/800] train_loss_con: 5.400
[GPU0] epochs: [100/800] train_loss_con: 5.397
[GPU0] epochs: [101/800] train_loss_con: 5.400
[GPU0] epochs: [102/800] train_loss_con: 5.399
[GPU0] epochs: [103/800] train_loss_con: 5.402
[GPU0] epochs: [104/800] train_loss_con: 5.401
[GPU0] epochs: [105/800] train_loss_con: 5.398
[GPU0] epochs: [106/800] train_loss_con: 5.397
[GPU0] epochs: [107/800] train_loss_con: 5.396
[GPU0] epochs: [108/800] train_loss_con: 5.393
[GPU0] epochs: [109/800] train_loss_con: 5.394
[GPU0] epochs: [110/800] train_loss_con: 5.393
[GPU0] epochs: [111/800] train_loss_con: 5.391
[GPU0] epochs: [112/800] train_loss_con: 5.393
[GPU0] epochs: [113/800] train_loss_con: 5.392
[GPU0] epochs: [114/800] train_loss_con: 5.386
[GPU0] epochs: [115/800] train_loss_con: 5.389
[GPU0] epochs: [116/800] train_loss_con: 5.385
[GPU0] epochs: [117/800] train_loss_con: 5.391
[GPU0] epochs: [118/800] train_loss_con: 5.387
[GPU0] epochs: [119/800] train_loss_con: 5.386
[GPU0] epochs: [120/800] train_loss_con: 5.384
[GPU0] epochs: [121/800] train_loss_con: 5.383
[GPU0] epochs: [122/800] train_loss_con: 5.382
[GPU0] epochs: [123/800] train_loss_con: 5.383
[GPU0] epochs: [124/800] train_loss_con: 5.381
[GPU0] epochs: [125/800] train_loss_con: 5.382
[GPU0] epochs: [126/800] train_loss_con: 5.380
[GPU0] epochs: [127/800] train_loss_con: 5.381
[GPU0] epochs: [128/800] train_loss_con: 5.380
[GPU0] epochs: [129/800] train_loss_con: 5.377
[GPU0] epochs: [130/800] train_loss_con: 5.379
[GPU0] epochs: [131/800] train_loss_con: 5.376
[GPU0] epochs: [132/800] train_loss_con: 5.377
[GPU0] epochs: [133/800] train_loss_con: 5.377
[GPU0] epochs: [134/800] train_loss_con: 5.375
[GPU0] epochs: [135/800] train_loss_con: 5.372
[GPU0] epochs: [136/800] train_loss_con: 5.373
[GPU0] epochs: [137/800] train_loss_con: 5.375
[GPU0] epochs: [138/800] train_loss_con: 5.373
[GPU0] epochs: [139/800] train_loss_con: 5.372
[GPU0] epochs: [140/800] train_loss_con: 5.374
[GPU0] epochs: [141/800] train_loss_con: 5.372
[GPU0] epochs: [142/800] train_loss_con: 5.373
[GPU0] epochs: [143/800] train_loss_con: 5.370
[GPU0] epochs: [144/800] train_loss_con: 5.369
[GPU0] epochs: [145/800] train_loss_con: 5.368
[GPU0] epochs: [146/800] train_loss_con: 5.369
[GPU0] epochs: [147/800] train_loss_con: 5.370
[GPU0] epochs: [148/800] train_loss_con: 5.368
[GPU0] epochs: [149/800] train_loss_con: 5.366
[GPU0] epochs: [150/800] train_loss_con: 5.367
[GPU0] epochs: [151/800] train_loss_con: 5.367
[GPU0] epochs: [152/800] train_loss_con: 5.363
[GPU0] epochs: [153/800] train_loss_con: 5.368
[GPU0] epochs: [154/800] train_loss_con: 5.366
[GPU0] epochs: [155/800] train_loss_con: 5.363
[GPU0] epochs: [156/800] train_loss_con: 5.364
[GPU0] epochs: [157/800] train_loss_con: 5.360
[GPU0] epochs: [158/800] train_loss_con: 5.361
[GPU0] epochs: [159/800] train_loss_con: 5.362
[GPU0] epochs: [160/800] train_loss_con: 5.359
[GPU0] epochs: [161/800] train_loss_con: 5.360
[GPU0] epochs: [162/800] train_loss_con: 5.357
[GPU0] epochs: [163/800] train_loss_con: 5.359
[GPU0] epochs: [164/800] train_loss_con: 5.360
[GPU0] epochs: [165/800] train_loss_con: 5.361
[GPU0] epochs: [166/800] train_loss_con: 5.358
[GPU0] epochs: [167/800] train_loss_con: 5.358
[GPU0] epochs: [168/800] train_loss_con: 5.356
[GPU0] epochs: [169/800] train_loss_con: 5.356
[GPU0] epochs: [170/800] train_loss_con: 5.356
[GPU0] epochs: [171/800] train_loss_con: 5.358
[GPU0] epochs: [172/800] train_loss_con: 5.354
[GPU0] epochs: [173/800] train_loss_con: 5.357
[GPU0] epochs: [174/800] train_loss_con: 5.353
[GPU0] epochs: [175/800] train_loss_con: 5.353
[GPU0] epochs: [176/800] train_loss_con: 5.354
[GPU0] epochs: [177/800] train_loss_con: 5.354
[GPU0] epochs: [178/800] train_loss_con: 5.352
[GPU0] epochs: [179/800] train_loss_con: 5.353
[GPU0] epochs: [180/800] train_loss_con: 5.351
[GPU0] epochs: [181/800] train_loss_con: 5.352
[GPU0] epochs: [182/800] train_loss_con: 5.353
[GPU0] epochs: [183/800] train_loss_con: 5.352
[GPU0] epochs: [184/800] train_loss_con: 5.353
[GPU0] epochs: [185/800] train_loss_con: 5.350
[GPU0] epochs: [186/800] train_loss_con: 5.350
[GPU0] epochs: [187/800] train_loss_con: 5.349
[GPU0] epochs: [188/800] train_loss_con: 5.351
[GPU0] epochs: [189/800] train_loss_con: 5.349
[GPU0] epochs: [190/800] train_loss_con: 5.348
[GPU0] epochs: [191/800] train_loss_con: 5.345
[GPU0] epochs: [192/800] train_loss_con: 5.349
[GPU0] epochs: [193/800] train_loss_con: 5.347
[GPU0] epochs: [194/800] train_loss_con: 5.343
[GPU0] epochs: [195/800] train_loss_con: 5.347
[GPU0] epochs: [196/800] train_loss_con: 5.345
[GPU0] epochs: [197/800] train_loss_con: 5.345
[GPU0] epochs: [198/800] train_loss_con: 5.344
[GPU0] epochs: [199/800] train_loss_con: 5.345
[GPU0] epochs: [200/800] train_loss_con: 5.345
[GPU0] epochs: [201/800] train_loss_con: 5.342
[GPU0] epochs: [202/800] train_loss_con: 5.341
[GPU0] epochs: [203/800] train_loss_con: 5.341
[GPU0] epochs: [204/800] train_loss_con: 5.343
[GPU0] epochs: [205/800] train_loss_con: 5.342
[GPU0] epochs: [206/800] train_loss_con: 5.341
[GPU0] epochs: [207/800] train_loss_con: 5.342
[GPU0] epochs: [208/800] train_loss_con: 5.338
[GPU0] epochs: [209/800] train_loss_con: 5.339
[GPU0] epochs: [210/800] train_loss_con: 5.337
[GPU0] epochs: [211/800] train_loss_con: 5.340
[GPU0] epochs: [212/800] train_loss_con: 5.339
[GPU0] epochs: [213/800] train_loss_con: 5.341
[GPU0] epochs: [214/800] train_loss_con: 5.339
[GPU0] epochs: [215/800] train_loss_con: 5.337
[GPU0] epochs: [216/800] train_loss_con: 5.338
[GPU0] epochs: [217/800] train_loss_con: 5.338
[GPU0] epochs: [218/800] train_loss_con: 5.336
[GPU0] epochs: [219/800] train_loss_con: 5.335
[GPU0] epochs: [220/800] train_loss_con: 5.337
[GPU0] epochs: [221/800] train_loss_con: 5.332
[GPU0] epochs: [222/800] train_loss_con: 5.338
[GPU0] epochs: [223/800] train_loss_con: 5.333
[GPU0] epochs: [224/800] train_loss_con: 5.335
[GPU0] epochs: [225/800] train_loss_con: 5.332
[GPU0] epochs: [226/800] train_loss_con: 5.335
[GPU0] epochs: [227/800] train_loss_con: 5.332
[GPU0] epochs: [228/800] train_loss_con: 5.330
[GPU0] epochs: [229/800] train_loss_con: 5.330
[GPU0] epochs: [230/800] train_loss_con: 5.330
[GPU0] epochs: [231/800] train_loss_con: 5.333
[GPU0] epochs: [232/800] train_loss_con: 5.333
[GPU0] epochs: [233/800] train_loss_con: 5.335
[GPU0] epochs: [234/800] train_loss_con: 5.327
[GPU0] epochs: [235/800] train_loss_con: 5.328
[GPU0] epochs: [236/800] train_loss_con: 5.331
[GPU0] epochs: [237/800] train_loss_con: 5.330
[GPU0] epochs: [238/800] train_loss_con: 5.330
[GPU0] epochs: [239/800] train_loss_con: 5.332
[GPU0] epochs: [240/800] train_loss_con: 5.328
[GPU0] epochs: [241/800] train_loss_con: 5.330
[GPU0] epochs: [242/800] train_loss_con: 5.328
[GPU0] epochs: [243/800] train_loss_con: 5.330
[GPU0] epochs: [244/800] train_loss_con: 5.328
[GPU0] epochs: [245/800] train_loss_con: 5.327
[GPU0] epochs: [246/800] train_loss_con: 5.327
[GPU0] epochs: [247/800] train_loss_con: 5.325
[GPU0] epochs: [248/800] train_loss_con: 5.328
[GPU0] epochs: [249/800] train_loss_con: 5.324
[GPU0] epochs: [250/800] train_loss_con: 5.327
[GPU0] epochs: [251/800] train_loss_con: 5.324
[GPU0] epochs: [252/800] train_loss_con: 5.326
[GPU0] epochs: [253/800] train_loss_con: 5.323
[GPU0] epochs: [254/800] train_loss_con: 5.323
[GPU0] epochs: [255/800] train_loss_con: 5.325
[GPU0] epochs: [256/800] train_loss_con: 5.320
[GPU0] epochs: [257/800] train_loss_con: 5.325
[GPU0] epochs: [258/800] train_loss_con: 5.323
[GPU0] epochs: [259/800] train_loss_con: 5.321
[GPU0] epochs: [260/800] train_loss_con: 5.322
[GPU0] epochs: [261/800] train_loss_con: 5.326
[GPU0] epochs: [262/800] train_loss_con: 5.321
[GPU0] epochs: [263/800] train_loss_con: 5.320
[GPU0] epochs: [264/800] train_loss_con: 5.320
[GPU0] epochs: [265/800] train_loss_con: 5.323
[GPU0] epochs: [266/800] train_loss_con: 5.319
[GPU0] epochs: [267/800] train_loss_con: 5.322
[GPU0] epochs: [268/800] train_loss_con: 5.322
[GPU0] epochs: [269/800] train_loss_con: 5.317
[GPU0] epochs: [270/800] train_loss_con: 5.322
[GPU0] epochs: [271/800] train_loss_con: 5.319
[GPU0] epochs: [272/800] train_loss_con: 5.320
[GPU0] epochs: [273/800] train_loss_con: 5.313
[GPU0] epochs: [274/800] train_loss_con: 5.318
[GPU0] epochs: [275/800] train_loss_con: 5.319
[GPU0] epochs: [276/800] train_loss_con: 5.314
[GPU0] epochs: [277/800] train_loss_con: 5.316
[GPU0] epochs: [278/800] train_loss_con: 5.315
[GPU0] epochs: [279/800] train_loss_con: 5.317
[GPU0] epochs: [280/800] train_loss_con: 5.314
[GPU0] epochs: [281/800] train_loss_con: 5.318
[GPU0] epochs: [282/800] train_loss_con: 5.318
[GPU0] epochs: [283/800] train_loss_con: 5.314
[GPU0] epochs: [284/800] train_loss_con: 5.317
[GPU0] epochs: [285/800] train_loss_con: 5.316
[GPU0] epochs: [286/800] train_loss_con: 5.316
[GPU0] epochs: [287/800] train_loss_con: 5.316
[GPU0] epochs: [288/800] train_loss_con: 5.314
[GPU0] epochs: [289/800] train_loss_con: 5.309
[GPU0] epochs: [290/800] train_loss_con: 5.315
[GPU0] epochs: [291/800] train_loss_con: 5.313
[GPU0] epochs: [292/800] train_loss_con: 5.313
[GPU0] epochs: [293/800] train_loss_con: 5.314
[GPU0] epochs: [294/800] train_loss_con: 5.312
[GPU0] epochs: [295/800] train_loss_con: 5.312
[GPU0] epochs: [296/800] train_loss_con: 5.312
[GPU0] epochs: [297/800] train_loss_con: 5.312
[GPU0] epochs: [298/800] train_loss_con: 5.314
[GPU0] epochs: [299/800] train_loss_con: 5.312
[GPU0] epochs: [300/800] train_loss_con: 5.312
[GPU0] epochs: [301/800] train_loss_con: 5.310
[GPU0] epochs: [302/800] train_loss_con: 5.312
[GPU0] epochs: [303/800] train_loss_con: 5.309
[GPU0] epochs: [304/800] train_loss_con: 5.312
[GPU0] epochs: [305/800] train_loss_con: 5.307
[GPU0] epochs: [306/800] train_loss_con: 5.306
[GPU0] epochs: [307/800] train_loss_con: 5.310
[GPU0] epochs: [308/800] train_loss_con: 5.309
[GPU0] epochs: [309/800] train_loss_con: 5.309
[GPU0] epochs: [310/800] train_loss_con: 5.308
[GPU0] epochs: [311/800] train_loss_con: 5.309
[GPU0] epochs: [312/800] train_loss_con: 5.306
[GPU0] epochs: [313/800] train_loss_con: 5.307
[GPU0] epochs: [314/800] train_loss_con: 5.307
[GPU0] epochs: [315/800] train_loss_con: 5.303
[GPU0] epochs: [316/800] train_loss_con: 5.306
[GPU0] epochs: [317/800] train_loss_con: 5.306
[GPU0] epochs: [318/800] train_loss_con: 5.307
[GPU0] epochs: [319/800] train_loss_con: 5.306
[GPU0] epochs: [320/800] train_loss_con: 5.306
[GPU0] epochs: [321/800] train_loss_con: 5.303
[GPU0] epochs: [322/800] train_loss_con: 5.307
[GPU0] epochs: [323/800] train_loss_con: 5.305
[GPU0] epochs: [324/800] train_loss_con: 5.307
[GPU0] epochs: [325/800] train_loss_con: 5.304
[GPU0] epochs: [326/800] train_loss_con: 5.301
[GPU0] epochs: [327/800] train_loss_con: 5.303
[GPU0] epochs: [328/800] train_loss_con: 5.303
[GPU0] epochs: [329/800] train_loss_con: 5.304
[GPU0] epochs: [330/800] train_loss_con: 5.302
[GPU0] epochs: [331/800] train_loss_con: 5.303
[GPU0] epochs: [332/800] train_loss_con: 5.302
[GPU0] epochs: [333/800] train_loss_con: 5.300
[GPU0] epochs: [334/800] train_loss_con: 5.301
[GPU0] epochs: [335/800] train_loss_con: 5.304
[GPU0] epochs: [336/800] train_loss_con: 5.300
[GPU0] epochs: [337/800] train_loss_con: 5.300
[GPU0] epochs: [338/800] train_loss_con: 5.302
[GPU0] epochs: [339/800] train_loss_con: 5.299
[GPU0] epochs: [340/800] train_loss_con: 5.299
[GPU0] epochs: [341/800] train_loss_con: 5.301
[GPU0] epochs: [342/800] train_loss_con: 5.300
[GPU0] epochs: [343/800] train_loss_con: 5.298
[GPU0] epochs: [344/800] train_loss_con: 5.301
[GPU0] epochs: [345/800] train_loss_con: 5.300
[GPU0] epochs: [346/800] train_loss_con: 5.302
[GPU0] epochs: [347/800] train_loss_con: 5.298
[GPU0] epochs: [348/800] train_loss_con: 5.297
[GPU0] epochs: [349/800] train_loss_con: 5.298
[GPU0] epochs: [350/800] train_loss_con: 5.297
[GPU0] epochs: [351/800] train_loss_con: 5.299
[GPU0] epochs: [352/800] train_loss_con: 5.296
[GPU0] epochs: [353/800] train_loss_con: 5.298
[GPU0] epochs: [354/800] train_loss_con: 5.296
[GPU0] epochs: [355/800] train_loss_con: 5.296
[GPU0] epochs: [356/800] train_loss_con: 5.294
[GPU0] epochs: [357/800] train_loss_con: 5.295
[GPU0] epochs: [358/800] train_loss_con: 5.296
[GPU0] epochs: [359/800] train_loss_con: 5.298
[GPU0] epochs: [360/800] train_loss_con: 5.295
[GPU0] epochs: [361/800] train_loss_con: 5.293
[GPU0] epochs: [362/800] train_loss_con: 5.294
[GPU0] epochs: [363/800] train_loss_con: 5.293
[GPU0] epochs: [364/800] train_loss_con: 5.297
[GPU0] epochs: [365/800] train_loss_con: 5.294
[GPU0] epochs: [366/800] train_loss_con: 5.291
[GPU0] epochs: [367/800] train_loss_con: 5.295
[GPU0] epochs: [368/800] train_loss_con: 5.293
[GPU0] epochs: [369/800] train_loss_con: 5.293
[GPU0] epochs: [370/800] train_loss_con: 5.292
[GPU0] epochs: [371/800] train_loss_con: 5.291
[GPU0] epochs: [372/800] train_loss_con: 5.290
[GPU0] epochs: [373/800] train_loss_con: 5.291
[GPU0] epochs: [374/800] train_loss_con: 5.293
[GPU0] epochs: [375/800] train_loss_con: 5.289
[GPU0] epochs: [376/800] train_loss_con: 5.291
[GPU0] epochs: [377/800] train_loss_con: 5.290
[GPU0] epochs: [378/800] train_loss_con: 5.290
[GPU0] epochs: [379/800] train_loss_con: 5.290
[GPU0] epochs: [380/800] train_loss_con: 5.292
[GPU0] epochs: [381/800] train_loss_con: 5.286
[GPU0] epochs: [382/800] train_loss_con: 5.290
[GPU0] epochs: [383/800] train_loss_con: 5.290
[GPU0] epochs: [384/800] train_loss_con: 5.290
[GPU0] epochs: [385/800] train_loss_con: 5.290
[GPU0] epochs: [386/800] train_loss_con: 5.291
[GPU0] epochs: [387/800] train_loss_con: 5.288
[GPU0] epochs: [388/800] train_loss_con: 5.289
[GPU0] epochs: [389/800] train_loss_con: 5.288
[GPU0] epochs: [390/800] train_loss_con: 5.291
[GPU0] epochs: [391/800] train_loss_con: 5.290
[GPU0] epochs: [392/800] train_loss_con: 5.288
[GPU0] epochs: [393/800] train_loss_con: 5.287
[GPU0] epochs: [394/800] train_loss_con: 5.290
[GPU0] epochs: [395/800] train_loss_con: 5.286
[GPU0] epochs: [396/800] train_loss_con: 5.287
[GPU0] epochs: [397/800] train_loss_con: 5.287
[GPU0] epochs: [398/800] train_loss_con: 5.287
[GPU0] epochs: [399/800] train_loss_con: 5.289
[GPU0] epochs: [400/800] train_loss_con: 5.282
[GPU0] epochs: [401/800] train_loss_con: 5.288
[GPU0] epochs: [402/800] train_loss_con: 5.288
[GPU0] epochs: [403/800] train_loss_con: 5.283
[GPU0] epochs: [404/800] train_loss_con: 5.284
[GPU0] epochs: [405/800] train_loss_con: 5.283
[GPU0] epochs: [406/800] train_loss_con: 5.284
[GPU0] epochs: [407/800] train_loss_con: 5.286
[GPU0] epochs: [408/800] train_loss_con: 5.284
[GPU0] epochs: [409/800] train_loss_con: 5.287
[GPU0] epochs: [410/800] train_loss_con: 5.285
[GPU0] epochs: [411/800] train_loss_con: 5.285
[GPU0] epochs: [412/800] train_loss_con: 5.281
[GPU0] epochs: [413/800] train_loss_con: 5.283
[GPU0] epochs: [414/800] train_loss_con: 5.282
[GPU0] epochs: [415/800] train_loss_con: 5.280
[GPU0] epochs: [416/800] train_loss_con: 5.285
[GPU0] epochs: [417/800] train_loss_con: 5.286
[GPU0] epochs: [418/800] train_loss_con: 5.281
[GPU0] epochs: [419/800] train_loss_con: 5.281
[GPU0] epochs: [420/800] train_loss_con: 5.282
[GPU0] epochs: [421/800] train_loss_con: 5.281
[GPU0] epochs: [422/800] train_loss_con: 5.285
[GPU0] epochs: [423/800] train_loss_con: 5.281
[GPU0] epochs: [424/800] train_loss_con: 5.280
[GPU0] epochs: [425/800] train_loss_con: 5.282
[GPU0] epochs: [426/800] train_loss_con: 5.281
[GPU0] epochs: [427/800] train_loss_con: 5.280
[GPU0] epochs: [428/800] train_loss_con: 5.281
[GPU0] epochs: [429/800] train_loss_con: 5.278
[GPU0] epochs: [430/800] train_loss_con: 5.279
[GPU0] epochs: [431/800] train_loss_con: 5.280
[GPU0] epochs: [432/800] train_loss_con: 5.279
[GPU0] epochs: [433/800] train_loss_con: 5.283
[GPU0] epochs: [434/800] train_loss_con: 5.278
[GPU0] epochs: [435/800] train_loss_con: 5.281
[GPU0] epochs: [436/800] train_loss_con: 5.280
[GPU0] epochs: [437/800] train_loss_con: 5.278
[GPU0] epochs: [438/800] train_loss_con: 5.277
[GPU0] epochs: [439/800] train_loss_con: 5.278
[GPU0] epochs: [440/800] train_loss_con: 5.281
[GPU0] epochs: [441/800] train_loss_con: 5.280
[GPU0] epochs: [442/800] train_loss_con: 5.277
[GPU0] epochs: [443/800] train_loss_con: 5.277
[GPU0] epochs: [444/800] train_loss_con: 5.278
[GPU0] epochs: [445/800] train_loss_con: 5.276
[GPU0] epochs: [446/800] train_loss_con: 5.275
[GPU0] epochs: [447/800] train_loss_con: 5.276
[GPU0] epochs: [448/800] train_loss_con: 5.275
[GPU0] epochs: [449/800] train_loss_con: 5.274
[GPU0] epochs: [450/800] train_loss_con: 5.275
[GPU0] epochs: [451/800] train_loss_con: 5.276
[GPU0] epochs: [452/800] train_loss_con: 5.274
[GPU0] epochs: [453/800] train_loss_con: 5.275
[GPU0] epochs: [454/800] train_loss_con: 5.274
[GPU0] epochs: [455/800] train_loss_con: 5.273
[GPU0] epochs: [456/800] train_loss_con: 5.274
[GPU0] epochs: [457/800] train_loss_con: 5.275
[GPU0] epochs: [458/800] train_loss_con: 5.275
[GPU0] epochs: [459/800] train_loss_con: 5.273
[GPU0] epochs: [460/800] train_loss_con: 5.274
[GPU0] epochs: [461/800] train_loss_con: 5.275
[GPU0] epochs: [462/800] train_loss_con: 5.274
[GPU0] epochs: [463/800] train_loss_con: 5.275
[GPU0] epochs: [464/800] train_loss_con: 5.274
[GPU0] epochs: [465/800] train_loss_con: 5.273
[GPU0] epochs: [466/800] train_loss_con: 5.275
[GPU0] epochs: [467/800] train_loss_con: 5.274
[GPU0] epochs: [468/800] train_loss_con: 5.273
[GPU0] epochs: [469/800] train_loss_con: 5.273
[GPU0] epochs: [470/800] train_loss_con: 5.269
[GPU0] epochs: [471/800] train_loss_con: 5.271
[GPU0] epochs: [472/800] train_loss_con: 5.270
[GPU0] epochs: [473/800] train_loss_con: 5.269
[GPU0] epochs: [474/800] train_loss_con: 5.270
[GPU0] epochs: [475/800] train_loss_con: 5.271
[GPU0] epochs: [476/800] train_loss_con: 5.270
[GPU0] epochs: [477/800] train_loss_con: 5.271
[GPU0] epochs: [478/800] train_loss_con: 5.270
[GPU0] epochs: [479/800] train_loss_con: 5.269
[GPU0] epochs: [480/800] train_loss_con: 5.271
[GPU0] epochs: [481/800] train_loss_con: 5.268
[GPU0] epochs: [482/800] train_loss_con: 5.271
[GPU0] epochs: [483/800] train_loss_con: 5.267
[GPU0] epochs: [484/800] train_loss_con: 5.266
[GPU0] epochs: [485/800] train_loss_con: 5.266
[GPU0] epochs: [486/800] train_loss_con: 5.268
[GPU0] epochs: [487/800] train_loss_con: 5.267
[GPU0] epochs: [488/800] train_loss_con: 5.269
[GPU0] epochs: [489/800] train_loss_con: 5.268
[GPU0] epochs: [490/800] train_loss_con: 5.268
[GPU0] epochs: [491/800] train_loss_con: 5.266
[GPU0] epochs: [492/800] train_loss_con: 5.266
[GPU0] epochs: [493/800] train_loss_con: 5.268
[GPU0] epochs: [494/800] train_loss_con: 5.267
[GPU0] epochs: [495/800] train_loss_con: 5.267
[GPU0] epochs: [496/800] train_loss_con: 5.264
[GPU0] epochs: [497/800] train_loss_con: 5.265
[GPU0] epochs: [498/800] train_loss_con: 5.264
[GPU0] epochs: [499/800] train_loss_con: 5.264
[GPU0] epochs: [500/800] train_loss_con: 5.265
[GPU0] epochs: [501/800] train_loss_con: 5.264
[GPU0] epochs: [502/800] train_loss_con: 5.265
[GPU0] epochs: [503/800] train_loss_con: 5.264
[GPU0] epochs: [504/800] train_loss_con: 5.265
[GPU0] epochs: [505/800] train_loss_con: 5.265
[GPU0] epochs: [506/800] train_loss_con: 5.265
[GPU0] epochs: [507/800] train_loss_con: 5.263
[GPU0] epochs: [508/800] train_loss_con: 5.266
[GPU0] epochs: [509/800] train_loss_con: 5.263
[GPU0] epochs: [510/800] train_loss_con: 5.261
[GPU0] epochs: [511/800] train_loss_con: 5.263
[GPU0] epochs: [512/800] train_loss_con: 5.261
[GPU0] epochs: [513/800] train_loss_con: 5.260
[GPU0] epochs: [514/800] train_loss_con: 5.261
[GPU0] epochs: [515/800] train_loss_con: 5.260
[GPU0] epochs: [516/800] train_loss_con: 5.260
[GPU0] epochs: [517/800] train_loss_con: 5.262
[GPU0] epochs: [518/800] train_loss_con: 5.263
[GPU0] epochs: [519/800] train_loss_con: 5.259
[GPU0] epochs: [520/800] train_loss_con: 5.261
[GPU0] epochs: [521/800] train_loss_con: 5.267
[GPU0] epochs: [522/800] train_loss_con: 5.264
[GPU0] epochs: [523/800] train_loss_con: 5.263
[GPU0] epochs: [524/800] train_loss_con: 5.261
[GPU0] epochs: [525/800] train_loss_con: 5.263
[GPU0] epochs: [526/800] train_loss_con: 5.263
[GPU0] epochs: [527/800] train_loss_con: 5.261
[GPU0] epochs: [528/800] train_loss_con: 5.259
[GPU0] epochs: [529/800] train_loss_con: 5.263
[GPU0] epochs: [530/800] train_loss_con: 5.260
[GPU0] epochs: [531/800] train_loss_con: 5.260
[GPU0] epochs: [532/800] train_loss_con: 5.262
[GPU0] epochs: [533/800] train_loss_con: 5.259
[GPU0] epochs: [534/800] train_loss_con: 5.259
[GPU0] epochs: [535/800] train_loss_con: 5.262
[GPU0] epochs: [536/800] train_loss_con: 5.259
[GPU0] epochs: [537/800] train_loss_con: 5.259
[GPU0] epochs: [538/800] train_loss_con: 5.257
[GPU0] epochs: [539/800] train_loss_con: 5.259
[GPU0] epochs: [540/800] train_loss_con: 5.259
[GPU0] epochs: [541/800] train_loss_con: 5.258
[GPU0] epochs: [542/800] train_loss_con: 5.258
[GPU0] epochs: [543/800] train_loss_con: 5.259
[GPU0] epochs: [544/800] train_loss_con: 5.257
[GPU0] epochs: [545/800] train_loss_con: 5.258
[GPU0] epochs: [546/800] train_loss_con: 5.260
[GPU0] epochs: [547/800] train_loss_con: 5.255
[GPU0] epochs: [548/800] train_loss_con: 5.257
[GPU0] epochs: [549/800] train_loss_con: 5.256
[GPU0] epochs: [550/800] train_loss_con: 5.258
[GPU0] epochs: [551/800] train_loss_con: 5.256
[GPU0] epochs: [552/800] train_loss_con: 5.255
[GPU0] epochs: [553/800] train_loss_con: 5.255
[GPU0] epochs: [554/800] train_loss_con: 5.255
[GPU0] epochs: [555/800] train_loss_con: 5.256
[GPU0] epochs: [556/800] train_loss_con: 5.256
[GPU0] epochs: [557/800] train_loss_con: 5.254
[GPU0] epochs: [558/800] train_loss_con: 5.256
[GPU0] epochs: [559/800] train_loss_con: 5.256
[GPU0] epochs: [560/800] train_loss_con: 5.254
[GPU0] epochs: [561/800] train_loss_con: 5.255
[GPU0] epochs: [562/800] train_loss_con: 5.255
[GPU0] epochs: [563/800] train_loss_con: 5.256
[GPU0] epochs: [564/800] train_loss_con: 5.254
[GPU0] epochs: [565/800] train_loss_con: 5.258
[GPU0] epochs: [566/800] train_loss_con: 5.256
[GPU0] epochs: [567/800] train_loss_con: 5.253
[GPU0] epochs: [568/800] train_loss_con: 5.253
[GPU0] epochs: [569/800] train_loss_con: 5.251
[GPU0] epochs: [570/800] train_loss_con: 5.252
[GPU0] epochs: [571/800] train_loss_con: 5.255
[GPU0] epochs: [572/800] train_loss_con: 5.253
[GPU0] epochs: [573/800] train_loss_con: 5.251
[GPU0] epochs: [574/800] train_loss_con: 5.251
[GPU0] epochs: [575/800] train_loss_con: 5.252
[GPU0] epochs: [576/800] train_loss_con: 5.252
[GPU0] epochs: [577/800] train_loss_con: 5.251
[GPU0] epochs: [578/800] train_loss_con: 5.251
[GPU0] epochs: [579/800] train_loss_con: 5.251
[GPU0] epochs: [580/800] train_loss_con: 5.255
[GPU0] epochs: [581/800] train_loss_con: 5.252
[GPU0] epochs: [582/800] train_loss_con: 5.253
[GPU0] epochs: [583/800] train_loss_con: 5.251
[GPU0] epochs: [584/800] train_loss_con: 5.253
[GPU0] epochs: [585/800] train_loss_con: 5.251
[GPU0] epochs: [586/800] train_loss_con: 5.252
[GPU0] epochs: [587/800] train_loss_con: 5.249
[GPU0] epochs: [588/800] train_loss_con: 5.253
[GPU0] epochs: [589/800] train_loss_con: 5.248
[GPU0] epochs: [590/800] train_loss_con: 5.251
[GPU0] epochs: [591/800] train_loss_con: 5.250
[GPU0] epochs: [592/800] train_loss_con: 5.251
[GPU0] epochs: [593/800] train_loss_con: 5.251
[GPU0] epochs: [594/800] train_loss_con: 5.247
[GPU0] epochs: [595/800] train_loss_con: 5.251
[GPU0] epochs: [596/800] train_loss_con: 5.249
[GPU0] epochs: [597/800] train_loss_con: 5.251
[GPU0] epochs: [598/800] train_loss_con: 5.247
[GPU0] epochs: [599/800] train_loss_con: 5.252
[GPU0] epochs: [600/800] train_loss_con: 5.248
[GPU0] epochs: [601/800] train_loss_con: 5.249
[GPU0] epochs: [602/800] train_loss_con: 5.249
[GPU0] epochs: [603/800] train_loss_con: 5.248
[GPU0] epochs: [604/800] train_loss_con: 5.249
[GPU0] epochs: [605/800] train_loss_con: 5.248
[GPU0] epochs: [606/800] train_loss_con: 5.245
[GPU0] epochs: [607/800] train_loss_con: 5.248
[GPU0] epochs: [608/800] train_loss_con: 5.248
[GPU0] epochs: [609/800] train_loss_con: 5.247
[GPU0] epochs: [610/800] train_loss_con: 5.248
[GPU0] epochs: [611/800] train_loss_con: 5.245
[GPU0] epochs: [612/800] train_loss_con: 5.246
[GPU0] epochs: [613/800] train_loss_con: 5.246
[GPU0] epochs: [614/800] train_loss_con: 5.246
[GPU0] epochs: [615/800] train_loss_con: 5.246
[GPU0] epochs: [616/800] train_loss_con: 5.246
[GPU0] epochs: [617/800] train_loss_con: 5.248
[GPU0] epochs: [618/800] train_loss_con: 5.246
[GPU0] epochs: [619/800] train_loss_con: 5.247
[GPU0] epochs: [620/800] train_loss_con: 5.245
[GPU0] epochs: [621/800] train_loss_con: 5.246
[GPU0] epochs: [622/800] train_loss_con: 5.246
[GPU0] epochs: [623/800] train_loss_con: 5.245
[GPU0] epochs: [624/800] train_loss_con: 5.247
[GPU0] epochs: [625/800] train_loss_con: 5.246
[GPU0] epochs: [626/800] train_loss_con: 5.245
[GPU0] epochs: [627/800] train_loss_con: 5.246
[GPU0] epochs: [628/800] train_loss_con: 5.244
[GPU0] epochs: [629/800] train_loss_con: 5.246
[GPU0] epochs: [630/800] train_loss_con: 5.245
[GPU0] epochs: [631/800] train_loss_con: 5.245
[GPU0] epochs: [632/800] train_loss_con: 5.246
[GPU0] epochs: [633/800] train_loss_con: 5.243
[GPU0] epochs: [634/800] train_loss_con: 5.246
[GPU0] epochs: [635/800] train_loss_con: 5.243
[GPU0] epochs: [636/800] train_loss_con: 5.245
[GPU0] epochs: [637/800] train_loss_con: 5.243
[GPU0] epochs: [638/800] train_loss_con: 5.244
[GPU0] epochs: [639/800] train_loss_con: 5.247
[GPU0] epochs: [640/800] train_loss_con: 5.243
[GPU0] epochs: [641/800] train_loss_con: 5.244
[GPU0] epochs: [642/800] train_loss_con: 5.244
[GPU0] epochs: [643/800] train_loss_con: 5.243
[GPU0] epochs: [644/800] train_loss_con: 5.246
[GPU0] epochs: [645/800] train_loss_con: 5.241
[GPU0] epochs: [646/800] train_loss_con: 5.244
[GPU0] epochs: [647/800] train_loss_con: 5.242
[GPU0] epochs: [648/800] train_loss_con: 5.242
[GPU0] epochs: [649/800] train_loss_con: 5.244
[GPU0] epochs: [650/800] train_loss_con: 5.244
[GPU0] epochs: [651/800] train_loss_con: 5.242
[GPU0] epochs: [652/800] train_loss_con: 5.242
[GPU0] epochs: [653/800] train_loss_con: 5.243
[GPU0] epochs: [654/800] train_loss_con: 5.242
[GPU0] epochs: [655/800] train_loss_con: 5.240
[GPU0] epochs: [656/800] train_loss_con: 5.239
[GPU0] epochs: [657/800] train_loss_con: 5.241
[GPU0] epochs: [658/800] train_loss_con: 5.244
[GPU0] epochs: [659/800] train_loss_con: 5.243
[GPU0] epochs: [660/800] train_loss_con: 5.243
[GPU0] epochs: [661/800] train_loss_con: 5.240
[GPU0] epochs: [662/800] train_loss_con: 5.243
[GPU0] epochs: [663/800] train_loss_con: 5.241
[GPU0] epochs: [664/800] train_loss_con: 5.242
[GPU0] epochs: [665/800] train_loss_con: 5.240
[GPU0] epochs: [666/800] train_loss_con: 5.240
[GPU0] epochs: [667/800] train_loss_con: 5.239
[GPU0] epochs: [668/800] train_loss_con: 5.239
[GPU0] epochs: [669/800] train_loss_con: 5.241
[GPU0] epochs: [670/800] train_loss_con: 5.243
[GPU0] epochs: [671/800] train_loss_con: 5.239
[GPU0] epochs: [672/800] train_loss_con: 5.243
[GPU0] epochs: [673/800] train_loss_con: 5.240
[GPU0] epochs: [674/800] train_loss_con: 5.242
[GPU0] epochs: [675/800] train_loss_con: 5.240
[GPU0] epochs: [676/800] train_loss_con: 5.241
[GPU0] epochs: [677/800] train_loss_con: 5.241
[GPU0] epochs: [678/800] train_loss_con: 5.243
[GPU0] epochs: [679/800] train_loss_con: 5.241
[GPU0] epochs: [680/800] train_loss_con: 5.238
[GPU0] epochs: [681/800] train_loss_con: 5.239
[GPU0] epochs: [682/800] train_loss_con: 5.241
[GPU0] epochs: [683/800] train_loss_con: 5.240
[GPU0] epochs: [684/800] train_loss_con: 5.239
[GPU0] epochs: [685/800] train_loss_con: 5.242
[GPU0] epochs: [686/800] train_loss_con: 5.238
[GPU0] epochs: [687/800] train_loss_con: 5.241
[GPU0] epochs: [688/800] train_loss_con: 5.241
[GPU0] epochs: [689/800] train_loss_con: 5.240
[GPU0] epochs: [690/800] train_loss_con: 5.239
[GPU0] epochs: [691/800] train_loss_con: 5.238
[GPU0] epochs: [692/800] train_loss_con: 5.238
[GPU0] epochs: [693/800] train_loss_con: 5.240
[GPU0] epochs: [694/800] train_loss_con: 5.240
[GPU0] epochs: [695/800] train_loss_con: 5.239
[GPU0] epochs: [696/800] train_loss_con: 5.238
[GPU0] epochs: [697/800] train_loss_con: 5.235
[GPU0] epochs: [698/800] train_loss_con: 5.238
[GPU0] epochs: [699/800] train_loss_con: 5.238
[GPU0] epochs: [700/800] train_loss_con: 5.237
[GPU0] epochs: [701/800] train_loss_con: 5.239
[GPU0] epochs: [702/800] train_loss_con: 5.238
[GPU0] epochs: [703/800] train_loss_con: 5.237
[GPU0] epochs: [704/800] train_loss_con: 5.238
[GPU0] epochs: [705/800] train_loss_con: 5.237
[GPU0] epochs: [706/800] train_loss_con: 5.235
[GPU0] epochs: [707/800] train_loss_con: 5.238
[GPU0] epochs: [708/800] train_loss_con: 5.237
[GPU0] epochs: [709/800] train_loss_con: 5.239
[GPU0] epochs: [710/800] train_loss_con: 5.238
[GPU0] epochs: [711/800] train_loss_con: 5.238
[GPU0] epochs: [712/800] train_loss_con: 5.237
[GPU0] epochs: [713/800] train_loss_con: 5.238
[GPU0] epochs: [714/800] train_loss_con: 5.239
[GPU0] epochs: [715/800] train_loss_con: 5.239
[GPU0] epochs: [716/800] train_loss_con: 5.238
[GPU0] epochs: [717/800] train_loss_con: 5.238
[GPU0] epochs: [718/800] train_loss_con: 5.236
[GPU0] epochs: [719/800] train_loss_con: 5.237
[GPU0] epochs: [720/800] train_loss_con: 5.240
[GPU0] epochs: [721/800] train_loss_con: 5.234
[GPU0] epochs: [722/800] train_loss_con: 5.238
[GPU0] epochs: [723/800] train_loss_con: 5.236
[GPU0] epochs: [724/800] train_loss_con: 5.235
[GPU0] epochs: [725/800] train_loss_con: 5.235
[GPU0] epochs: [726/800] train_loss_con: 5.236
[GPU0] epochs: [727/800] train_loss_con: 5.234
[GPU0] epochs: [728/800] train_loss_con: 5.238
[GPU0] epochs: [729/800] train_loss_con: 5.238
[GPU0] epochs: [730/800] train_loss_con: 5.236
[GPU0] epochs: [731/800] train_loss_con: 5.235
[GPU0] epochs: [732/800] train_loss_con: 5.235
[GPU0] epochs: [733/800] train_loss_con: 5.234
[GPU0] epochs: [734/800] train_loss_con: 5.235
[GPU0] epochs: [735/800] train_loss_con: 5.237
[GPU0] epochs: [736/800] train_loss_con: 5.235
[GPU0] epochs: [737/800] train_loss_con: 5.234
[GPU0] epochs: [738/800] train_loss_con: 5.238
[GPU0] epochs: [739/800] train_loss_con: 5.237
[GPU0] epochs: [740/800] train_loss_con: 5.234
[GPU0] epochs: [741/800] train_loss_con: 5.236
[GPU0] epochs: [742/800] train_loss_con: 5.238
[GPU0] epochs: [743/800] train_loss_con: 5.239
[GPU0] epochs: [744/800] train_loss_con: 5.233
[GPU0] epochs: [745/800] train_loss_con: 5.235
[GPU0] epochs: [746/800] train_loss_con: 5.236
[GPU0] epochs: [747/800] train_loss_con: 5.237
[GPU0] epochs: [748/800] train_loss_con: 5.235
[GPU0] epochs: [749/800] train_loss_con: 5.235
[GPU0] epochs: [750/800] train_loss_con: 5.236
[GPU0] epochs: [751/800] train_loss_con: 5.235
[GPU0] epochs: [752/800] train_loss_con: 5.235
[GPU0] epochs: [753/800] train_loss_con: 5.235
[GPU0] epochs: [754/800] train_loss_con: 5.238
[GPU0] epochs: [755/800] train_loss_con: 5.234
[GPU0] epochs: [756/800] train_loss_con: 5.237
[GPU0] epochs: [757/800] train_loss_con: 5.236
[GPU0] epochs: [758/800] train_loss_con: 5.233
[GPU0] epochs: [759/800] train_loss_con: 5.237
[GPU0] epochs: [760/800] train_loss_con: 5.237
[GPU0] epochs: [761/800] train_loss_con: 5.239
[GPU0] epochs: [762/800] train_loss_con: 5.237
[GPU0] epochs: [763/800] train_loss_con: 5.238
[GPU0] epochs: [764/800] train_loss_con: 5.236
[GPU0] epochs: [765/800] train_loss_con: 5.235
[GPU0] epochs: [766/800] train_loss_con: 5.238
[GPU0] epochs: [767/800] train_loss_con: 5.231
[GPU0] epochs: [768/800] train_loss_con: 5.238
[GPU0] epochs: [769/800] train_loss_con: 5.235
[GPU0] epochs: [770/800] train_loss_con: 5.236
[GPU0] epochs: [771/800] train_loss_con: 5.236
[GPU0] epochs: [772/800] train_loss_con: 5.235
[GPU0] epochs: [773/800] train_loss_con: 5.237
[GPU0] epochs: [774/800] train_loss_con: 5.237
[GPU0] epochs: [775/800] train_loss_con: 5.236
[GPU0] epochs: [776/800] train_loss_con: 5.232
[GPU0] epochs: [777/800] train_loss_con: 5.235
[GPU0] epochs: [778/800] train_loss_con: 5.234
[GPU0] epochs: [779/800] train_loss_con: 5.236
[GPU0] epochs: [780/800] train_loss_con: 5.237
[GPU0] epochs: [781/800] train_loss_con: 5.236
[GPU0] epochs: [782/800] train_loss_con: 5.236
[GPU0] epochs: [783/800] train_loss_con: 5.235
[GPU0] epochs: [784/800] train_loss_con: 5.235
[GPU0] epochs: [785/800] train_loss_con: 5.235
[GPU0] epochs: [786/800] train_loss_con: 5.235
[GPU0] epochs: [787/800] train_loss_con: 5.235
[GPU0] epochs: [788/800] train_loss_con: 5.234
[GPU0] epochs: [789/800] train_loss_con: 5.234
[GPU0] epochs: [790/800] train_loss_con: 5.233
[GPU0] epochs: [791/800] train_loss_con: 5.236
[GPU0] epochs: [792/800] train_loss_con: 5.237
[GPU0] epochs: [793/800] train_loss_con: 5.236
[GPU0] epochs: [794/800] train_loss_con: 5.234
[GPU0] epochs: [795/800] train_loss_con: 5.237
[GPU0] epochs: [796/800] train_loss_con: 5.236
[GPU0] epochs: [797/800] train_loss_con: 5.235
[GPU0] epochs: [798/800] train_loss_con: 5.233
[GPU0] epochs: [799/800] train_loss_con: 5.234
[GPU0] epochs: [800/800] train_loss_con: 5.233
### TSNE starts
### MLP training begins
[GPU0] Test Accuracy at epoch: 0: 0.825
[GPU0] epochs: [1/100] train_acc: 0.812 train_loss_sup: 3.095
[GPU0] epochs: [2/100] train_acc: 0.833 train_loss_sup: 1.302
[GPU0] epochs: [3/100] train_acc: 0.834 train_loss_sup: 1.238
[GPU0] epochs: [4/100] train_acc: 0.838 train_loss_sup: 1.049
[GPU0] epochs: [5/100] train_acc: 0.840 train_loss_sup: 1.002
[GPU0] epochs: [6/100] train_acc: 0.826 train_loss_sup: 1.795
[GPU0] epochs: [7/100] train_acc: 0.845 train_loss_sup: 1.951
[GPU0] epochs: [8/100] train_acc: 0.842 train_loss_sup: 1.333
[GPU0] epochs: [9/100] train_acc: 0.832 train_loss_sup: 2.028
[GPU0] epochs: [10/100] train_acc: 0.849 train_loss_sup: 1.198
[GPU0] Test Accuracy at epoch: 10: 0.827
[GPU0] epochs: [11/100] train_acc: 0.843 train_loss_sup: 0.928
[GPU0] epochs: [12/100] train_acc: 0.845 train_loss_sup: 0.906
[GPU0] epochs: [13/100] train_acc: 0.843 train_loss_sup: 0.939
[GPU0] epochs: [14/100] train_acc: 0.848 train_loss_sup: 0.881
[GPU0] epochs: [15/100] train_acc: 0.847 train_loss_sup: 0.882
[GPU0] epochs: [16/100] train_acc: 0.846 train_loss_sup: 1.015
[GPU0] epochs: [17/100] train_acc: 0.845 train_loss_sup: 1.133
[GPU0] epochs: [18/100] train_acc: 0.850 train_loss_sup: 0.927
[GPU0] epochs: [19/100] train_acc: 0.851 train_loss_sup: 0.860
[GPU0] epochs: [20/100] train_acc: 0.845 train_loss_sup: 1.193
[GPU0] Test Accuracy at epoch: 20: 0.835
[GPU0] epochs: [21/100] train_acc: 0.853 train_loss_sup: 0.943
[GPU0] epochs: [22/100] train_acc: 0.850 train_loss_sup: 0.915
[GPU0] epochs: [23/100] train_acc: 0.850 train_loss_sup: 0.894
[GPU0] epochs: [24/100] train_acc: 0.851 train_loss_sup: 0.899
[GPU0] epochs: [25/100] train_acc: 0.851 train_loss_sup: 0.829
[GPU0] epochs: [26/100] train_acc: 0.853 train_loss_sup: 0.806
[GPU0] epochs: [27/100] train_acc: 0.851 train_loss_sup: 0.806
[GPU0] epochs: [28/100] train_acc: 0.854 train_loss_sup: 0.836
[GPU0] epochs: [29/100] train_acc: 0.849 train_loss_sup: 0.909
[GPU0] epochs: [30/100] train_acc: 0.854 train_loss_sup: 0.844
[GPU0] Test Accuracy at epoch: 30: 0.848
[GPU0] epochs: [31/100] train_acc: 0.852 train_loss_sup: 0.828
[GPU0] epochs: [32/100] train_acc: 0.854 train_loss_sup: 0.787
[GPU0] epochs: [33/100] train_acc: 0.854 train_loss_sup: 0.864
[GPU0] epochs: [34/100] train_acc: 0.853 train_loss_sup: 0.871
[GPU0] epochs: [35/100] train_acc: 0.856 train_loss_sup: 0.768
[GPU0] epochs: [36/100] train_acc: 0.854 train_loss_sup: 0.819
[GPU0] epochs: [37/100] train_acc: 0.855 train_loss_sup: 0.772
[GPU0] epochs: [38/100] train_acc: 0.850 train_loss_sup: 0.897
[GPU0] epochs: [39/100] train_acc: 0.853 train_loss_sup: 0.800
[GPU0] epochs: [40/100] train_acc: 0.853 train_loss_sup: 1.139
[GPU0] Test Accuracy at epoch: 40: 0.854
[GPU0] epochs: [41/100] train_acc: 0.853 train_loss_sup: 0.899
[GPU0] epochs: [42/100] train_acc: 0.855 train_loss_sup: 0.808
[GPU0] epochs: [43/100] train_acc: 0.856 train_loss_sup: 0.842
[GPU0] epochs: [44/100] train_acc: 0.857 train_loss_sup: 0.794
[GPU0] epochs: [45/100] train_acc: 0.851 train_loss_sup: 0.897
[GPU0] epochs: [46/100] train_acc: 0.861 train_loss_sup: 0.728
[GPU0] epochs: [47/100] train_acc: 0.857 train_loss_sup: 0.774
[GPU0] epochs: [48/100] train_acc: 0.855 train_loss_sup: 0.838
[GPU0] epochs: [49/100] train_acc: 0.854 train_loss_sup: 0.838
[GPU0] epochs: [50/100] train_acc: 0.855 train_loss_sup: 0.824
[GPU0] Test Accuracy at epoch: 50: 0.853
[GPU0] epochs: [51/100] train_acc: 0.857 train_loss_sup: 0.771
[GPU0] epochs: [52/100] train_acc: 0.857 train_loss_sup: 0.769
[GPU0] epochs: [53/100] train_acc: 0.857 train_loss_sup: 0.738
[GPU0] epochs: [54/100] train_acc: 0.854 train_loss_sup: 0.778
[GPU0] epochs: [55/100] train_acc: 0.851 train_loss_sup: 0.831
[GPU0] epochs: [56/100] train_acc: 0.852 train_loss_sup: 0.904
[GPU0] epochs: [57/100] train_acc: 0.856 train_loss_sup: 0.762
[GPU0] epochs: [58/100] train_acc: 0.857 train_loss_sup: 0.806
[GPU0] epochs: [59/100] train_acc: 0.860 train_loss_sup: 0.841
[GPU0] epochs: [60/100] train_acc: 0.857 train_loss_sup: 0.807
[GPU0] Test Accuracy at epoch: 60: 0.879
[GPU0] epochs: [61/100] train_acc: 0.845 train_loss_sup: 1.138
[GPU0] epochs: [62/100] train_acc: 0.857 train_loss_sup: 1.272
[GPU0] epochs: [63/100] train_acc: 0.857 train_loss_sup: 0.882
[GPU0] epochs: [64/100] train_acc: 0.858 train_loss_sup: 0.830
[GPU0] epochs: [65/100] train_acc: 0.858 train_loss_sup: 0.816
[GPU0] epochs: [66/100] train_acc: 0.855 train_loss_sup: 0.800
[GPU0] epochs: [67/100] train_acc: 0.858 train_loss_sup: 0.798
[GPU0] epochs: [68/100] train_acc: 0.860 train_loss_sup: 0.714
[GPU0] epochs: [69/100] train_acc: 0.855 train_loss_sup: 0.837
[GPU0] epochs: [70/100] train_acc: 0.858 train_loss_sup: 0.742
[GPU0] Test Accuracy at epoch: 70: 0.868
[GPU0] epochs: [71/100] train_acc: 0.859 train_loss_sup: 0.740
[GPU0] epochs: [72/100] train_acc: 0.855 train_loss_sup: 0.860
[GPU0] epochs: [73/100] train_acc: 0.858 train_loss_sup: 0.828
[GPU0] epochs: [74/100] train_acc: 0.863 train_loss_sup: 0.703
[GPU0] epochs: [75/100] train_acc: 0.856 train_loss_sup: 0.816
[GPU0] epochs: [76/100] train_acc: 0.861 train_loss_sup: 0.798
[GPU0] epochs: [77/100] train_acc: 0.854 train_loss_sup: 0.797
[GPU0] epochs: [78/100] train_acc: 0.857 train_loss_sup: 0.801
[GPU0] epochs: [79/100] train_acc: 0.861 train_loss_sup: 0.777
[GPU0] epochs: [80/100] train_acc: 0.859 train_loss_sup: 0.742
[GPU0] Test Accuracy at epoch: 80: 0.867
[GPU0] epochs: [81/100] train_acc: 0.858 train_loss_sup: 0.766
[GPU0] epochs: [82/100] train_acc: 0.860 train_loss_sup: 0.759
[GPU0] epochs: [83/100] train_acc: 0.857 train_loss_sup: 0.761
[GPU0] epochs: [84/100] train_acc: 0.857 train_loss_sup: 0.777
[GPU0] epochs: [85/100] train_acc: 0.859 train_loss_sup: 0.876
[GPU0] epochs: [86/100] train_acc: 0.860 train_loss_sup: 0.742
[GPU0] epochs: [87/100] train_acc: 0.861 train_loss_sup: 0.752
[GPU0] epochs: [88/100] train_acc: 0.861 train_loss_sup: 0.717
[GPU0] epochs: [89/100] train_acc: 0.857 train_loss_sup: 0.767
[GPU0] epochs: [90/100] train_acc: 0.855 train_loss_sup: 0.819
[GPU0] Test Accuracy at epoch: 90: 0.864
[GPU0] epochs: [91/100] train_acc: 0.858 train_loss_sup: 0.820
[GPU0] epochs: [92/100] train_acc: 0.858 train_loss_sup: 0.755
[GPU0] epochs: [93/100] train_acc: 0.865 train_loss_sup: 0.694
[GPU0] epochs: [94/100] train_acc: 0.860 train_loss_sup: 0.750
[GPU0] epochs: [95/100] train_acc: 0.858 train_loss_sup: 0.826
[GPU0] epochs: [96/100] train_acc: 0.862 train_loss_sup: 0.721
[GPU0] epochs: [97/100] train_acc: 0.863 train_loss_sup: 0.684
[GPU0] epochs: [98/100] train_acc: 0.862 train_loss_sup: 0.755
[GPU0] epochs: [99/100] train_acc: 0.860 train_loss_sup: 0.739
[GPU0] epochs: [100/100] train_acc: 0.862 train_loss_sup: 0.722
[GPU0] Final Test Accuracy: 0.837
Model weights saved
<All keys matched successfully>
/home/nirbhays/envs/mlenv/lib/python3.10/site-packages/sklearn/linear_model/_logistic.py:473: ConvergenceWarning: lbfgs failed to converge after 100 iteration(s) (status=1):
STOP: TOTAL NO. OF ITERATIONS REACHED LIMIT

Increase the number of iterations to improve the convergence (max_iter=100).
You might also want to scale the data as shown in:
    https://scikit-learn.org/stable/modules/preprocessing.html
Please also refer to the documentation for alternative solver options:
    https://scikit-learn.org/stable/modules/linear_model.html#logistic-regression
  n_iter_i = _check_optimize_result(
knn evalution
logistic regression evalution
knn_acc: 0.868, log_reg_acc: 0.887
