environment: 
YAML: --config
==> SEED: 42
==> num_classes: 100
==> data_name: cifar100
==> data_params: {'algo': 'simclr', 'data_dir': 'datasets/cifar100', 'batch_size': 512, 'num_workers': 3, 'image_size': 32}
==> return_logs: False
==> eval_every: 10
==> n_epochs: 350
==> n_epochs_mlp: 100
==> gpu_id: 2
==> opt: SGD
==> opt_params: {'lr': 0.5, 'momentum': 0.9, 'nesterov': True}
==> schedular_params: {'T_max': 350, 'eta_min': 0.001}
==> mlp_opt: SGD
==> mlp_opt_params: {'lr': 0.01, 'momentum': 0.9, 'nesterov': True}
==> model_params: {'model_name': 'resnet18', 'pretrained': False, 'proj_dim': 128}
==> mlp_type: linear
==> loss: simclr
==> loss_params: {'sim': 'cosine', 'tau': 0.5}
==> distributed: False
==> train_algo: simclr
==> config: configs/simclr.c100.yaml
==> model_save_path: saved_models/simclr.c100.r18.e350.pth
--------------------------------------------------
===> using linear mlp
using optimizer: SGD
using optimizer: SGD
loss function: simclr
# of Training Images: 50000
# of Testing Images: 10000
### simclr Training begins
[GPU2] epochs: [1/350] train_loss_con: 6.230
[GPU2] epochs: [2/350] train_loss_con: 5.942
[GPU2] epochs: [3/350] train_loss_con: 5.848
[GPU2] epochs: [4/350] train_loss_con: 5.784
[GPU2] epochs: [5/350] train_loss_con: 5.729
[GPU2] epochs: [6/350] train_loss_con: 5.687
[GPU2] epochs: [7/350] train_loss_con: 5.650
[GPU2] epochs: [8/350] train_loss_con: 5.629
[GPU2] epochs: [9/350] train_loss_con: 5.612
[GPU2] epochs: [10/350] train_loss_con: 5.602
[GPU2] epochs: [11/350] train_loss_con: 5.591
[GPU2] epochs: [12/350] train_loss_con: 5.582
[GPU2] epochs: [13/350] train_loss_con: 5.573
[GPU2] epochs: [14/350] train_loss_con: 5.566
[GPU2] epochs: [15/350] train_loss_con: 5.559
[GPU2] epochs: [16/350] train_loss_con: 5.549
[GPU2] epochs: [17/350] train_loss_con: 5.545
[GPU2] epochs: [18/350] train_loss_con: 5.544
[GPU2] epochs: [19/350] train_loss_con: 5.535
[GPU2] epochs: [20/350] train_loss_con: 5.531
[GPU2] epochs: [21/350] train_loss_con: 5.530
[GPU2] epochs: [22/350] train_loss_con: 5.525
[GPU2] epochs: [23/350] train_loss_con: 5.519
[GPU2] epochs: [24/350] train_loss_con: 5.515
[GPU2] epochs: [25/350] train_loss_con: 5.517
[GPU2] epochs: [26/350] train_loss_con: 5.510
[GPU2] epochs: [27/350] train_loss_con: 5.505
[GPU2] epochs: [28/350] train_loss_con: 5.506
[GPU2] epochs: [29/350] train_loss_con: 5.502
[GPU2] epochs: [30/350] train_loss_con: 5.502
[GPU2] epochs: [31/350] train_loss_con: 5.496
[GPU2] epochs: [32/350] train_loss_con: 5.495
[GPU2] epochs: [33/350] train_loss_con: 5.494
[GPU2] epochs: [34/350] train_loss_con: 5.491
[GPU2] epochs: [35/350] train_loss_con: 5.486
[GPU2] epochs: [36/350] train_loss_con: 5.488
[GPU2] epochs: [37/350] train_loss_con: 5.486
[GPU2] epochs: [38/350] train_loss_con: 5.483
[GPU2] epochs: [39/350] train_loss_con: 5.481
[GPU2] epochs: [40/350] train_loss_con: 5.481
[GPU2] epochs: [41/350] train_loss_con: 5.477
[GPU2] epochs: [42/350] train_loss_con: 5.475
[GPU2] epochs: [43/350] train_loss_con: 5.474
[GPU2] epochs: [44/350] train_loss_con: 5.472
[GPU2] epochs: [45/350] train_loss_con: 5.471
[GPU2] epochs: [46/350] train_loss_con: 5.467
[GPU2] epochs: [47/350] train_loss_con: 5.468
[GPU2] epochs: [48/350] train_loss_con: 5.465
[GPU2] epochs: [49/350] train_loss_con: 5.462
[GPU2] epochs: [50/350] train_loss_con: 5.462
[GPU2] epochs: [51/350] train_loss_con: 5.462
[GPU2] epochs: [52/350] train_loss_con: 5.458
[GPU2] epochs: [53/350] train_loss_con: 5.454
[GPU2] epochs: [54/350] train_loss_con: 5.457
[GPU2] epochs: [55/350] train_loss_con: 5.453
[GPU2] epochs: [56/350] train_loss_con: 5.453
[GPU2] epochs: [57/350] train_loss_con: 5.451
[GPU2] epochs: [58/350] train_loss_con: 5.449
[GPU2] epochs: [59/350] train_loss_con: 5.449
[GPU2] epochs: [60/350] train_loss_con: 5.450
[GPU2] epochs: [61/350] train_loss_con: 5.448
[GPU2] epochs: [62/350] train_loss_con: 5.446
[GPU2] epochs: [63/350] train_loss_con: 5.438
[GPU2] epochs: [64/350] train_loss_con: 5.438
[GPU2] epochs: [65/350] train_loss_con: 5.440
[GPU2] epochs: [66/350] train_loss_con: 5.440
[GPU2] epochs: [67/350] train_loss_con: 5.437
[GPU2] epochs: [68/350] train_loss_con: 5.437
[GPU2] epochs: [69/350] train_loss_con: 5.438
[GPU2] epochs: [70/350] train_loss_con: 5.435
[GPU2] epochs: [71/350] train_loss_con: 5.434
[GPU2] epochs: [72/350] train_loss_con: 5.432
[GPU2] epochs: [73/350] train_loss_con: 5.431
[GPU2] epochs: [74/350] train_loss_con: 5.428
[GPU2] epochs: [75/350] train_loss_con: 5.428
[GPU2] epochs: [76/350] train_loss_con: 5.428
[GPU2] epochs: [77/350] train_loss_con: 5.429
[GPU2] epochs: [78/350] train_loss_con: 5.424
[GPU2] epochs: [79/350] train_loss_con: 5.424
[GPU2] epochs: [80/350] train_loss_con: 5.425
[GPU2] epochs: [81/350] train_loss_con: 5.423
[GPU2] epochs: [82/350] train_loss_con: 5.422
[GPU2] epochs: [83/350] train_loss_con: 5.423
[GPU2] epochs: [84/350] train_loss_con: 5.423
[GPU2] epochs: [85/350] train_loss_con: 5.418
[GPU2] epochs: [86/350] train_loss_con: 5.416
[GPU2] epochs: [87/350] train_loss_con: 5.418
[GPU2] epochs: [88/350] train_loss_con: 5.419
[GPU2] epochs: [89/350] train_loss_con: 5.416
[GPU2] epochs: [90/350] train_loss_con: 5.416
[GPU2] epochs: [91/350] train_loss_con: 5.415
[GPU2] epochs: [92/350] train_loss_con: 5.415
[GPU2] epochs: [93/350] train_loss_con: 5.413
[GPU2] epochs: [94/350] train_loss_con: 5.413
[GPU2] epochs: [95/350] train_loss_con: 5.411
[GPU2] epochs: [96/350] train_loss_con: 5.412
[GPU2] epochs: [97/350] train_loss_con: 5.411
[GPU2] epochs: [98/350] train_loss_con: 5.411
[GPU2] epochs: [99/350] train_loss_con: 5.409
[GPU2] epochs: [100/350] train_loss_con: 5.408
[GPU2] epochs: [101/350] train_loss_con: 5.407
[GPU2] epochs: [102/350] train_loss_con: 5.409
[GPU2] epochs: [103/350] train_loss_con: 5.402
[GPU2] epochs: [104/350] train_loss_con: 5.406
[GPU2] epochs: [105/350] train_loss_con: 5.402
[GPU2] epochs: [106/350] train_loss_con: 5.403
[GPU2] epochs: [107/350] train_loss_con: 5.405
[GPU2] epochs: [108/350] train_loss_con: 5.402
[GPU2] epochs: [109/350] train_loss_con: 5.404
[GPU2] epochs: [110/350] train_loss_con: 5.401
[GPU2] epochs: [111/350] train_loss_con: 5.400
[GPU2] epochs: [112/350] train_loss_con: 5.401
[GPU2] epochs: [113/350] train_loss_con: 5.395
[GPU2] epochs: [114/350] train_loss_con: 5.398
[GPU2] epochs: [115/350] train_loss_con: 5.397
[GPU2] epochs: [116/350] train_loss_con: 5.396
[GPU2] epochs: [117/350] train_loss_con: 5.396
[GPU2] epochs: [118/350] train_loss_con: 5.398
[GPU2] epochs: [119/350] train_loss_con: 5.395
[GPU2] epochs: [120/350] train_loss_con: 5.395
[GPU2] epochs: [121/350] train_loss_con: 5.395
[GPU2] epochs: [122/350] train_loss_con: 5.396
[GPU2] epochs: [123/350] train_loss_con: 5.393
[GPU2] epochs: [124/350] train_loss_con: 5.394
[GPU2] epochs: [125/350] train_loss_con: 5.390
[GPU2] epochs: [126/350] train_loss_con: 5.392
[GPU2] epochs: [127/350] train_loss_con: 5.391
[GPU2] epochs: [128/350] train_loss_con: 5.394
[GPU2] epochs: [129/350] train_loss_con: 5.391
[GPU2] epochs: [130/350] train_loss_con: 5.389
[GPU2] epochs: [131/350] train_loss_con: 5.387
[GPU2] epochs: [132/350] train_loss_con: 5.388
[GPU2] epochs: [133/350] train_loss_con: 5.389
[GPU2] epochs: [134/350] train_loss_con: 5.390
[GPU2] epochs: [135/350] train_loss_con: 5.387
[GPU2] epochs: [136/350] train_loss_con: 5.387
[GPU2] epochs: [137/350] train_loss_con: 5.386
[GPU2] epochs: [138/350] train_loss_con: 5.385
[GPU2] epochs: [139/350] train_loss_con: 5.384
[GPU2] epochs: [140/350] train_loss_con: 5.384
[GPU2] epochs: [141/350] train_loss_con: 5.383
[GPU2] epochs: [142/350] train_loss_con: 5.382
[GPU2] epochs: [143/350] train_loss_con: 5.381
[GPU2] epochs: [144/350] train_loss_con: 5.380
[GPU2] epochs: [145/350] train_loss_con: 5.382
[GPU2] epochs: [146/350] train_loss_con: 5.381
[GPU2] epochs: [147/350] train_loss_con: 5.379
[GPU2] epochs: [148/350] train_loss_con: 5.379
[GPU2] epochs: [149/350] train_loss_con: 5.380
[GPU2] epochs: [150/350] train_loss_con: 5.376
[GPU2] epochs: [151/350] train_loss_con: 5.377
[GPU2] epochs: [152/350] train_loss_con: 5.377
[GPU2] epochs: [153/350] train_loss_con: 5.374
[GPU2] epochs: [154/350] train_loss_con: 5.373
[GPU2] epochs: [155/350] train_loss_con: 5.374
[GPU2] epochs: [156/350] train_loss_con: 5.376
[GPU2] epochs: [157/350] train_loss_con: 5.373
[GPU2] epochs: [158/350] train_loss_con: 5.376
[GPU2] epochs: [159/350] train_loss_con: 5.375
[GPU2] epochs: [160/350] train_loss_con: 5.371
[GPU2] epochs: [161/350] train_loss_con: 5.371
[GPU2] epochs: [162/350] train_loss_con: 5.372
[GPU2] epochs: [163/350] train_loss_con: 5.372
[GPU2] epochs: [164/350] train_loss_con: 5.372
[GPU2] epochs: [165/350] train_loss_con: 5.371
[GPU2] epochs: [166/350] train_loss_con: 5.369
[GPU2] epochs: [167/350] train_loss_con: 5.372
[GPU2] epochs: [168/350] train_loss_con: 5.371
[GPU2] epochs: [169/350] train_loss_con: 5.369
[GPU2] epochs: [170/350] train_loss_con: 5.366
[GPU2] epochs: [171/350] train_loss_con: 5.371
