environment: 
YAML: configs/simsiam.c10.yaml
==> SEED: 42
==> num_classes: 10
==> data_name: cifar10
==> data_params: {'algo': 'simsiam', 'data_dir': 'datasets/cifar10', 'batch_size': 512, 'num_workers': 3, 'image_size': 32}
==> return_logs: False
==> eval_every: 10
==> n_epochs: 350
==> n_epochs_mlp: 100
==> gpu_id: 2
==> opt: SGD
==> opt_params: {'lr': 0.5, 'momentum': 0.9}
==> schedular_params: {'T_max': 350, 'eta_min': 0.001}
==> mlp_opt: SGD
==> mlp_opt_params: {'lr': 0.01, 'momentum': 0.9}
==> model_params: {'model_name': 'resnet50', 'pretrained': True, 'proj_dim': 128, 'algo_type': 'simsiam', 'pred_dim': 512}
==> mlp_type: hidden
==> loss: simsiam
==> distributed: False
==> train_algo: simsiam
--------------------------------------------------
===> using hiddin mlp
using optimizer: SGD
using optimizer: SGD
loss function: simsiam
Files already downloaded and verified
Files already downloaded and verified
Files already downloaded and verified
# of Training Images: 50000
# of Testing Images: 10000
### simsiam Training begins
[GPU2] epochs: [1/350] train_loss_con: -0.782
[GPU2] epochs: [2/350] train_loss_con: -0.984
[GPU2] epochs: [3/350] train_loss_con: -0.984
[GPU2] epochs: [4/350] train_loss_con: -0.978
[GPU2] epochs: [5/350] train_loss_con: -0.965
[GPU2] epochs: [6/350] train_loss_con: -0.962
[GPU2] epochs: [7/350] train_loss_con: -0.952
[GPU2] epochs: [8/350] train_loss_con: -0.957
[GPU2] epochs: [9/350] train_loss_con: -0.933
[GPU2] epochs: [10/350] train_loss_con: -0.880
[GPU2] epochs: [11/350] train_loss_con: -0.792
[GPU2] epochs: [12/350] train_loss_con: -0.785
[GPU2] epochs: [13/350] train_loss_con: -0.975
[GPU2] epochs: [14/350] train_loss_con: -0.747
[GPU2] epochs: [15/350] train_loss_con: -0.984
[GPU2] epochs: [16/350] train_loss_con: -0.991
[GPU2] epochs: [17/350] train_loss_con: -0.989
[GPU2] epochs: [18/350] train_loss_con: -0.988
[GPU2] epochs: [19/350] train_loss_con: -0.987
[GPU2] epochs: [20/350] train_loss_con: -0.991
[GPU2] epochs: [21/350] train_loss_con: -0.992
[GPU2] epochs: [22/350] train_loss_con: -0.992
[GPU2] epochs: [23/350] train_loss_con: -0.992
[GPU2] epochs: [24/350] train_loss_con: -0.992
[GPU2] epochs: [25/350] train_loss_con: -0.991
[GPU2] epochs: [26/350] train_loss_con: -0.990
[GPU2] epochs: [27/350] train_loss_con: -0.991
[GPU2] epochs: [28/350] train_loss_con: -0.988
[GPU2] epochs: [29/350] train_loss_con: -0.990
[GPU2] epochs: [30/350] train_loss_con: -0.988
[GPU2] epochs: [31/350] train_loss_con: -0.985
[GPU2] epochs: [32/350] train_loss_con: -0.966
[GPU2] epochs: [33/350] train_loss_con: -0.725
[GPU2] epochs: [34/350] train_loss_con: -0.743
[GPU2] epochs: [35/350] train_loss_con: -0.731
[GPU2] epochs: [36/350] train_loss_con: -0.850
[GPU2] epochs: [37/350] train_loss_con: -0.987
[GPU2] epochs: [38/350] train_loss_con: -0.987
[GPU2] epochs: [39/350] train_loss_con: -0.987
[GPU2] epochs: [40/350] train_loss_con: -0.985
[GPU2] epochs: [41/350] train_loss_con: -0.952
[GPU2] epochs: [42/350] train_loss_con: -0.748
[GPU2] epochs: [43/350] train_loss_con: -0.817
[GPU2] epochs: [44/350] train_loss_con: -0.762
[GPU2] epochs: [45/350] train_loss_con: -0.760
[GPU2] epochs: [46/350] train_loss_con: -0.813
[GPU2] epochs: [47/350] train_loss_con: -0.884
[GPU2] epochs: [48/350] train_loss_con: -0.887
[GPU2] epochs: [49/350] train_loss_con: -0.820
[GPU2] epochs: [50/350] train_loss_con: -0.774
[GPU2] epochs: [51/350] train_loss_con: -0.779
[GPU2] epochs: [52/350] train_loss_con: -0.950
[GPU2] epochs: [53/350] train_loss_con: -0.805
[GPU2] epochs: [54/350] train_loss_con: -0.791
[GPU2] epochs: [55/350] train_loss_con: -0.824
[GPU2] epochs: [56/350] train_loss_con: -0.779
[GPU2] epochs: [57/350] train_loss_con: -0.797
[GPU2] epochs: [58/350] train_loss_con: -0.818
[GPU2] epochs: [59/350] train_loss_con: -0.832
[GPU2] epochs: [60/350] train_loss_con: -0.839
[GPU2] epochs: [61/350] train_loss_con: -0.824
[GPU2] epochs: [62/350] train_loss_con: -0.812
[GPU2] epochs: [63/350] train_loss_con: -0.897
[GPU2] epochs: [64/350] train_loss_con: -0.855
[GPU2] epochs: [65/350] train_loss_con: -0.862
[GPU2] epochs: [66/350] train_loss_con: -0.813
[GPU2] epochs: [67/350] train_loss_con: -0.893
[GPU2] epochs: [68/350] train_loss_con: -0.866
[GPU2] epochs: [69/350] train_loss_con: -0.864
[GPU2] epochs: [70/350] train_loss_con: -0.865
[GPU2] epochs: [71/350] train_loss_con: -0.830
[GPU2] epochs: [72/350] train_loss_con: -0.837
[GPU2] epochs: [73/350] train_loss_con: -0.830
[GPU2] epochs: [74/350] train_loss_con: -0.827
[GPU2] epochs: [75/350] train_loss_con: -0.852
[GPU2] epochs: [76/350] train_loss_con: -0.865
[GPU2] epochs: [77/350] train_loss_con: -0.827
[GPU2] epochs: [78/350] train_loss_con: -0.808
[GPU2] epochs: [79/350] train_loss_con: -0.832
[GPU2] epochs: [80/350] train_loss_con: -0.826
[GPU2] epochs: [81/350] train_loss_con: -0.839
[GPU2] epochs: [82/350] train_loss_con: -0.839
[GPU2] epochs: [83/350] train_loss_con: -0.802
[GPU2] epochs: [84/350] train_loss_con: -0.840
[GPU2] epochs: [85/350] train_loss_con: -0.865
[GPU2] epochs: [86/350] train_loss_con: -0.867
[GPU2] epochs: [87/350] train_loss_con: -0.861
[GPU2] epochs: [88/350] train_loss_con: -0.853
[GPU2] epochs: [89/350] train_loss_con: -0.813
[GPU2] epochs: [90/350] train_loss_con: -0.846
[GPU2] epochs: [91/350] train_loss_con: -0.858
[GPU2] epochs: [92/350] train_loss_con: -0.873
[GPU2] epochs: [93/350] train_loss_con: -0.862
[GPU2] epochs: [94/350] train_loss_con: -0.849
[GPU2] epochs: [95/350] train_loss_con: -0.836
[GPU2] epochs: [96/350] train_loss_con: -0.828
[GPU2] epochs: [97/350] train_loss_con: -0.866
[GPU2] epochs: [98/350] train_loss_con: -0.817
[GPU2] epochs: [99/350] train_loss_con: -0.842
[GPU2] epochs: [100/350] train_loss_con: -0.844
[GPU2] epochs: [101/350] train_loss_con: -0.861
[GPU2] epochs: [102/350] train_loss_con: -0.814
[GPU2] epochs: [103/350] train_loss_con: -0.848
[GPU2] epochs: [104/350] train_loss_con: -0.822
[GPU2] epochs: [105/350] train_loss_con: -0.841
[GPU2] epochs: [106/350] train_loss_con: -0.835
[GPU2] epochs: [107/350] train_loss_con: -0.819
[GPU2] epochs: [108/350] train_loss_con: -0.839
[GPU2] epochs: [109/350] train_loss_con: -0.858
[GPU2] epochs: [110/350] train_loss_con: -0.860
[GPU2] epochs: [111/350] train_loss_con: -0.855
[GPU2] epochs: [112/350] train_loss_con: -0.784
[GPU2] epochs: [113/350] train_loss_con: -0.881
[GPU2] epochs: [114/350] train_loss_con: -0.861
[GPU2] epochs: [115/350] train_loss_con: -0.860
[GPU2] epochs: [116/350] train_loss_con: -0.844
[GPU2] epochs: [117/350] train_loss_con: -0.873
[GPU2] epochs: [118/350] train_loss_con: -0.889
[GPU2] epochs: [119/350] train_loss_con: -0.877
[GPU2] epochs: [120/350] train_loss_con: -0.863
[GPU2] epochs: [121/350] train_loss_con: -0.898
[GPU2] epochs: [122/350] train_loss_con: -0.870
[GPU2] epochs: [123/350] train_loss_con: -0.874
[GPU2] epochs: [124/350] train_loss_con: -0.859
[GPU2] epochs: [125/350] train_loss_con: -0.893
[GPU2] epochs: [126/350] train_loss_con: -0.825
[GPU2] epochs: [127/350] train_loss_con: -0.867
[GPU2] epochs: [128/350] train_loss_con: -0.861
[GPU2] epochs: [129/350] train_loss_con: -0.858
[GPU2] epochs: [130/350] train_loss_con: -0.837
[GPU2] epochs: [131/350] train_loss_con: -0.877
[GPU2] epochs: [132/350] train_loss_con: -0.845
[GPU2] epochs: [133/350] train_loss_con: -0.838
[GPU2] epochs: [134/350] train_loss_con: -0.856
[GPU2] epochs: [135/350] train_loss_con: -0.863
[GPU2] epochs: [136/350] train_loss_con: -0.868
[GPU2] epochs: [137/350] train_loss_con: -0.876
[GPU2] epochs: [138/350] train_loss_con: -0.864
[GPU2] epochs: [139/350] train_loss_con: -0.830
[GPU2] epochs: [140/350] train_loss_con: -0.864
[GPU2] epochs: [141/350] train_loss_con: -0.883
[GPU2] epochs: [142/350] train_loss_con: -0.849
[GPU2] epochs: [143/350] train_loss_con: -0.867
[GPU2] epochs: [144/350] train_loss_con: -0.879
[GPU2] epochs: [145/350] train_loss_con: -0.869
[GPU2] epochs: [146/350] train_loss_con: -0.861
[GPU2] epochs: [147/350] train_loss_con: -0.865
[GPU2] epochs: [148/350] train_loss_con: -0.839
[GPU2] epochs: [149/350] train_loss_con: -0.831
[GPU2] epochs: [150/350] train_loss_con: -0.806
[GPU2] epochs: [151/350] train_loss_con: -0.847
[GPU2] epochs: [152/350] train_loss_con: -0.855
[GPU2] epochs: [153/350] train_loss_con: -0.864
[GPU2] epochs: [154/350] train_loss_con: -0.843
[GPU2] epochs: [155/350] train_loss_con: -0.816
[GPU2] epochs: [156/350] train_loss_con: -0.863
[GPU2] epochs: [157/350] train_loss_con: -0.873
[GPU2] epochs: [158/350] train_loss_con: -0.860
[GPU2] epochs: [159/350] train_loss_con: -0.878
[GPU2] epochs: [160/350] train_loss_con: -0.872
[GPU2] epochs: [161/350] train_loss_con: -0.846
[GPU2] epochs: [162/350] train_loss_con: -0.839
[GPU2] epochs: [163/350] train_loss_con: -0.867
[GPU2] epochs: [164/350] train_loss_con: -0.870
[GPU2] epochs: [165/350] train_loss_con: -0.859
[GPU2] epochs: [166/350] train_loss_con: -0.835
[GPU2] epochs: [167/350] train_loss_con: -0.867
[GPU2] epochs: [168/350] train_loss_con: -0.867
[GPU2] epochs: [169/350] train_loss_con: -0.887
[GPU2] epochs: [170/350] train_loss_con: -0.871
[GPU2] epochs: [171/350] train_loss_con: -0.849
[GPU2] epochs: [172/350] train_loss_con: -0.842
[GPU2] epochs: [173/350] train_loss_con: -0.844
[GPU2] epochs: [174/350] train_loss_con: -0.850
[GPU2] epochs: [175/350] train_loss_con: -0.856
[GPU2] epochs: [176/350] train_loss_con: -0.843
[GPU2] epochs: [177/350] train_loss_con: -0.857
[GPU2] epochs: [178/350] train_loss_con: -0.844
[GPU2] epochs: [179/350] train_loss_con: -0.880
[GPU2] epochs: [180/350] train_loss_con: -0.883
[GPU2] epochs: [181/350] train_loss_con: -0.870
[GPU2] epochs: [182/350] train_loss_con: -0.876
[GPU2] epochs: [183/350] train_loss_con: -0.845
[GPU2] epochs: [184/350] train_loss_con: -0.852
[GPU2] epochs: [185/350] train_loss_con: -0.851
[GPU2] epochs: [186/350] train_loss_con: -0.864
[GPU2] epochs: [187/350] train_loss_con: -0.877
[GPU2] epochs: [188/350] train_loss_con: -0.867
[GPU2] epochs: [189/350] train_loss_con: -0.862
[GPU2] epochs: [190/350] train_loss_con: -0.848
[GPU2] epochs: [191/350] train_loss_con: -0.887
[GPU2] epochs: [192/350] train_loss_con: -0.859
[GPU2] epochs: [193/350] train_loss_con: -0.889
[GPU2] epochs: [194/350] train_loss_con: -0.886
[GPU2] epochs: [195/350] train_loss_con: -0.891
[GPU2] epochs: [196/350] train_loss_con: -0.875
[GPU2] epochs: [197/350] train_loss_con: -0.879
[GPU2] epochs: [198/350] train_loss_con: -0.897
[GPU2] epochs: [199/350] train_loss_con: -0.875
[GPU2] epochs: [200/350] train_loss_con: -0.890
[GPU2] epochs: [201/350] train_loss_con: -0.894
[GPU2] epochs: [202/350] train_loss_con: -0.895
[GPU2] epochs: [203/350] train_loss_con: -0.876
[GPU2] epochs: [204/350] train_loss_con: -0.890
[GPU2] epochs: [205/350] train_loss_con: -0.892
[GPU2] epochs: [206/350] train_loss_con: -0.881
[GPU2] epochs: [207/350] train_loss_con: -0.865
[GPU2] epochs: [208/350] train_loss_con: -0.821
[GPU2] epochs: [209/350] train_loss_con: -0.827
[GPU2] epochs: [210/350] train_loss_con: -0.826
[GPU2] epochs: [211/350] train_loss_con: -0.891
[GPU2] epochs: [212/350] train_loss_con: -0.903
[GPU2] epochs: [213/350] train_loss_con: -0.901
[GPU2] epochs: [214/350] train_loss_con: -0.858
[GPU2] epochs: [215/350] train_loss_con: -0.885
[GPU2] epochs: [216/350] train_loss_con: -0.904
[GPU2] epochs: [217/350] train_loss_con: -0.979
[GPU2] epochs: [218/350] train_loss_con: -0.978
[GPU2] epochs: [219/350] train_loss_con: -0.925
[GPU2] epochs: [220/350] train_loss_con: -0.829
[GPU2] epochs: [221/350] train_loss_con: -0.846
[GPU2] epochs: [222/350] train_loss_con: -0.845
[GPU2] epochs: [223/350] train_loss_con: -0.839
[GPU2] epochs: [224/350] train_loss_con: -0.871
[GPU2] epochs: [225/350] train_loss_con: -0.898
[GPU2] epochs: [226/350] train_loss_con: -0.879
[GPU2] epochs: [227/350] train_loss_con: -0.850
[GPU2] epochs: [228/350] train_loss_con: -0.842
[GPU2] epochs: [229/350] train_loss_con: -0.874
[GPU2] epochs: [230/350] train_loss_con: -0.880
[GPU2] epochs: [231/350] train_loss_con: -0.872
[GPU2] epochs: [232/350] train_loss_con: -0.874
[GPU2] epochs: [233/350] train_loss_con: -0.821
[GPU2] epochs: [234/350] train_loss_con: -0.873
[GPU2] epochs: [235/350] train_loss_con: -0.896
[GPU2] epochs: [236/350] train_loss_con: -0.889
[GPU2] epochs: [237/350] train_loss_con: -0.946
[GPU2] epochs: [238/350] train_loss_con: -0.909
[GPU2] epochs: [239/350] train_loss_con: -0.926
[GPU2] epochs: [240/350] train_loss_con: -0.881
[GPU2] epochs: [241/350] train_loss_con: -0.861
[GPU2] epochs: [242/350] train_loss_con: -0.865
[GPU2] epochs: [243/350] train_loss_con: -0.874
[GPU2] epochs: [244/350] train_loss_con: -0.866
[GPU2] epochs: [245/350] train_loss_con: -0.895
[GPU2] epochs: [246/350] train_loss_con: -0.883
[GPU2] epochs: [247/350] train_loss_con: -0.894
[GPU2] epochs: [248/350] train_loss_con: -0.936
[GPU2] epochs: [249/350] train_loss_con: -0.897
[GPU2] epochs: [250/350] train_loss_con: -0.906
[GPU2] epochs: [251/350] train_loss_con: -0.904
[GPU2] epochs: [252/350] train_loss_con: -0.893
[GPU2] epochs: [253/350] train_loss_con: -0.882
[GPU2] epochs: [254/350] train_loss_con: -0.842
[GPU2] epochs: [255/350] train_loss_con: -0.882
[GPU2] epochs: [256/350] train_loss_con: -0.886
[GPU2] epochs: [257/350] train_loss_con: -0.881
[GPU2] epochs: [258/350] train_loss_con: -0.879
[GPU2] epochs: [259/350] train_loss_con: -0.891
[GPU2] epochs: [260/350] train_loss_con: -0.890
[GPU2] epochs: [261/350] train_loss_con: -0.889
[GPU2] epochs: [262/350] train_loss_con: -0.895
[GPU2] epochs: [263/350] train_loss_con: -0.888
[GPU2] epochs: [264/350] train_loss_con: -0.887
[GPU2] epochs: [265/350] train_loss_con: -0.895
[GPU2] epochs: [266/350] train_loss_con: -0.895
[GPU2] epochs: [267/350] train_loss_con: -0.882
[GPU2] epochs: [268/350] train_loss_con: -0.875
[GPU2] epochs: [269/350] train_loss_con: -0.878
[GPU2] epochs: [270/350] train_loss_con: -0.857
[GPU2] epochs: [271/350] train_loss_con: -0.819
[GPU2] epochs: [272/350] train_loss_con: -0.856
[GPU2] epochs: [273/350] train_loss_con: -0.880
[GPU2] epochs: [274/350] train_loss_con: -0.916
[GPU2] epochs: [275/350] train_loss_con: -0.984
[GPU2] epochs: [276/350] train_loss_con: -0.983
[GPU2] epochs: [277/350] train_loss_con: -0.980
[GPU2] epochs: [278/350] train_loss_con: -0.931
[GPU2] epochs: [279/350] train_loss_con: -0.863
[GPU2] epochs: [280/350] train_loss_con: -0.919
[GPU2] epochs: [281/350] train_loss_con: -0.965
[GPU2] epochs: [282/350] train_loss_con: -0.933
[GPU2] epochs: [283/350] train_loss_con: -0.913
[GPU2] epochs: [284/350] train_loss_con: -0.816
[GPU2] epochs: [285/350] train_loss_con: -0.889
[GPU2] epochs: [286/350] train_loss_con: -0.901
[GPU2] epochs: [287/350] train_loss_con: -0.900
[GPU2] epochs: [288/350] train_loss_con: -0.986
[GPU2] epochs: [289/350] train_loss_con: -0.978
[GPU2] epochs: [290/350] train_loss_con: -0.896
[GPU2] epochs: [291/350] train_loss_con: -0.875
[GPU2] epochs: [292/350] train_loss_con: -0.896
[GPU2] epochs: [293/350] train_loss_con: -0.917
[GPU2] epochs: [294/350] train_loss_con: -0.908
[GPU2] epochs: [295/350] train_loss_con: -0.916
[GPU2] epochs: [296/350] train_loss_con: -0.921
[GPU2] epochs: [297/350] train_loss_con: -0.923
[GPU2] epochs: [298/350] train_loss_con: -0.918
[GPU2] epochs: [299/350] train_loss_con: -0.919
[GPU2] epochs: [300/350] train_loss_con: -0.904
[GPU2] epochs: [301/350] train_loss_con: -0.906
[GPU2] epochs: [302/350] train_loss_con: -0.908
[GPU2] epochs: [303/350] train_loss_con: -0.908
[GPU2] epochs: [304/350] train_loss_con: -0.911
[GPU2] epochs: [305/350] train_loss_con: -0.914
[GPU2] epochs: [306/350] train_loss_con: -0.914
[GPU2] epochs: [307/350] train_loss_con: -0.915
[GPU2] epochs: [308/350] train_loss_con: -0.913
[GPU2] epochs: [309/350] train_loss_con: -0.911
[GPU2] epochs: [310/350] train_loss_con: -0.910
[GPU2] epochs: [311/350] train_loss_con: -0.906
[GPU2] epochs: [312/350] train_loss_con: -0.893
[GPU2] epochs: [313/350] train_loss_con: -0.879
[GPU2] epochs: [314/350] train_loss_con: -0.865
[GPU2] epochs: [315/350] train_loss_con: -0.883
[GPU2] epochs: [316/350] train_loss_con: -0.883
[GPU2] epochs: [317/350] train_loss_con: -0.880
[GPU2] epochs: [318/350] train_loss_con: -0.873
[GPU2] epochs: [319/350] train_loss_con: -0.865
[GPU2] epochs: [320/350] train_loss_con: -0.859
[GPU2] epochs: [321/350] train_loss_con: -0.833
[GPU2] epochs: [322/350] train_loss_con: -0.857
[GPU2] epochs: [323/350] train_loss_con: -0.880
[GPU2] epochs: [324/350] train_loss_con: -0.956
[GPU2] epochs: [325/350] train_loss_con: -0.914
[GPU2] epochs: [326/350] train_loss_con: -0.906
[GPU2] epochs: [327/350] train_loss_con: -0.928
[GPU2] epochs: [328/350] train_loss_con: -0.883
[GPU2] epochs: [329/350] train_loss_con: -0.900
[GPU2] epochs: [330/350] train_loss_con: -0.911
[GPU2] epochs: [331/350] train_loss_con: -0.907
[GPU2] epochs: [332/350] train_loss_con: -0.912
[GPU2] epochs: [333/350] train_loss_con: -0.913
[GPU2] epochs: [334/350] train_loss_con: -0.913
[GPU2] epochs: [335/350] train_loss_con: -0.914
[GPU2] epochs: [336/350] train_loss_con: -0.920
[GPU2] epochs: [337/350] train_loss_con: -0.915
[GPU2] epochs: [338/350] train_loss_con: -0.911
[GPU2] epochs: [339/350] train_loss_con: -0.907
[GPU2] epochs: [340/350] train_loss_con: -0.901
[GPU2] epochs: [341/350] train_loss_con: -0.886
[GPU2] epochs: [342/350] train_loss_con: -0.864
[GPU2] epochs: [343/350] train_loss_con: -0.852
[GPU2] epochs: [344/350] train_loss_con: -0.842
[GPU2] epochs: [345/350] train_loss_con: -0.835
[GPU2] epochs: [346/350] train_loss_con: -0.838
[GPU2] epochs: [347/350] train_loss_con: -0.841
[GPU2] epochs: [348/350] train_loss_con: -0.845
[GPU2] epochs: [349/350] train_loss_con: -0.851
[GPU2] epochs: [350/350] train_loss_con: -0.855
### MLP training begins
[GPU2] Test Accuracy at epoch: 0: 0.243
[GPU2] epochs: [1/100] train_acc: 0.198 train_loss_sup: 2.115
[GPU2] epochs: [2/100] train_acc: 0.225 train_loss_sup: 1.993
[GPU2] epochs: [3/100] train_acc: 0.229 train_loss_sup: 1.984
[GPU2] epochs: [4/100] train_acc: 0.231 train_loss_sup: 1.984
[GPU2] epochs: [5/100] train_acc: 0.229 train_loss_sup: 1.982
[GPU2] epochs: [6/100] train_acc: 0.229 train_loss_sup: 1.985
[GPU2] epochs: [7/100] train_acc: 0.230 train_loss_sup: 1.981
[GPU2] epochs: [8/100] train_acc: 0.230 train_loss_sup: 1.982
[GPU2] epochs: [9/100] train_acc: 0.230 train_loss_sup: 1.985
[GPU2] epochs: [10/100] train_acc: 0.230 train_loss_sup: 1.981
[GPU2] Test Accuracy at epoch: 10: 0.262
[GPU2] epochs: [11/100] train_acc: 0.229 train_loss_sup: 1.982
[GPU2] epochs: [12/100] train_acc: 0.231 train_loss_sup: 1.981
[GPU2] epochs: [13/100] train_acc: 0.229 train_loss_sup: 1.984
[GPU2] epochs: [14/100] train_acc: 0.230 train_loss_sup: 1.980
[GPU2] epochs: [15/100] train_acc: 0.229 train_loss_sup: 1.979
[GPU2] epochs: [16/100] train_acc: 0.230 train_loss_sup: 1.981
[GPU2] epochs: [17/100] train_acc: 0.231 train_loss_sup: 1.983
[GPU2] epochs: [18/100] train_acc: 0.229 train_loss_sup: 1.981
[GPU2] epochs: [19/100] train_acc: 0.230 train_loss_sup: 1.978
[GPU2] epochs: [20/100] train_acc: 0.232 train_loss_sup: 1.978
[GPU2] Test Accuracy at epoch: 20: 0.263
[GPU2] epochs: [21/100] train_acc: 0.231 train_loss_sup: 1.980
[GPU2] epochs: [22/100] train_acc: 0.230 train_loss_sup: 1.982
[GPU2] epochs: [23/100] train_acc: 0.231 train_loss_sup: 1.979
[GPU2] epochs: [24/100] train_acc: 0.231 train_loss_sup: 1.977
[GPU2] epochs: [25/100] train_acc: 0.230 train_loss_sup: 1.980
[GPU2] epochs: [26/100] train_acc: 0.232 train_loss_sup: 1.978
[GPU2] epochs: [27/100] train_acc: 0.232 train_loss_sup: 1.981
[GPU2] epochs: [28/100] train_acc: 0.230 train_loss_sup: 1.980
[GPU2] epochs: [29/100] train_acc: 0.231 train_loss_sup: 1.978
[GPU2] epochs: [30/100] train_acc: 0.229 train_loss_sup: 1.980
[GPU2] Test Accuracy at epoch: 30: 0.259
[GPU2] epochs: [31/100] train_acc: 0.231 train_loss_sup: 1.979
[GPU2] epochs: [32/100] train_acc: 0.234 train_loss_sup: 1.975
[GPU2] epochs: [33/100] train_acc: 0.233 train_loss_sup: 1.976
[GPU2] epochs: [34/100] train_acc: 0.233 train_loss_sup: 1.977
[GPU2] epochs: [35/100] train_acc: 0.233 train_loss_sup: 1.977
[GPU2] epochs: [36/100] train_acc: 0.233 train_loss_sup: 1.977
[GPU2] epochs: [37/100] train_acc: 0.233 train_loss_sup: 1.972
[GPU2] epochs: [38/100] train_acc: 0.235 train_loss_sup: 1.973
[GPU2] epochs: [39/100] train_acc: 0.232 train_loss_sup: 1.975
[GPU2] epochs: [40/100] train_acc: 0.235 train_loss_sup: 1.973
[GPU2] Test Accuracy at epoch: 40: 0.26
[GPU2] epochs: [41/100] train_acc: 0.235 train_loss_sup: 1.971
[GPU2] epochs: [42/100] train_acc: 0.235 train_loss_sup: 1.971
[GPU2] epochs: [43/100] train_acc: 0.235 train_loss_sup: 1.973
[GPU2] epochs: [44/100] train_acc: 0.236 train_loss_sup: 1.970
[GPU2] epochs: [45/100] train_acc: 0.237 train_loss_sup: 1.968
[GPU2] epochs: [46/100] train_acc: 0.236 train_loss_sup: 1.969
[GPU2] epochs: [47/100] train_acc: 0.238 train_loss_sup: 1.968
[GPU2] epochs: [48/100] train_acc: 0.236 train_loss_sup: 1.967
[GPU2] epochs: [49/100] train_acc: 0.235 train_loss_sup: 1.964
[GPU2] epochs: [50/100] train_acc: 0.237 train_loss_sup: 1.965
[GPU2] Test Accuracy at epoch: 50: 0.277
[GPU2] epochs: [51/100] train_acc: 0.240 train_loss_sup: 1.963
[GPU2] epochs: [52/100] train_acc: 0.242 train_loss_sup: 1.963
[GPU2] epochs: [53/100] train_acc: 0.238 train_loss_sup: 1.964
[GPU2] epochs: [54/100] train_acc: 0.240 train_loss_sup: 1.963
[GPU2] epochs: [55/100] train_acc: 0.239 train_loss_sup: 1.963
[GPU2] epochs: [56/100] train_acc: 0.242 train_loss_sup: 1.962
[GPU2] epochs: [57/100] train_acc: 0.241 train_loss_sup: 1.957
[GPU2] epochs: [58/100] train_acc: 0.246 train_loss_sup: 1.958
[GPU2] epochs: [59/100] train_acc: 0.246 train_loss_sup: 1.958
[GPU2] epochs: [60/100] train_acc: 0.245 train_loss_sup: 1.953
[GPU2] Test Accuracy at epoch: 60: 0.288
[GPU2] epochs: [61/100] train_acc: 0.245 train_loss_sup: 1.955
[GPU2] epochs: [62/100] train_acc: 0.246 train_loss_sup: 1.953
[GPU2] epochs: [63/100] train_acc: 0.247 train_loss_sup: 1.954
[GPU2] epochs: [64/100] train_acc: 0.247 train_loss_sup: 1.952
[GPU2] epochs: [65/100] train_acc: 0.248 train_loss_sup: 1.949
[GPU2] epochs: [66/100] train_acc: 0.251 train_loss_sup: 1.948
[GPU2] epochs: [67/100] train_acc: 0.249 train_loss_sup: 1.948
[GPU2] epochs: [68/100] train_acc: 0.252 train_loss_sup: 1.945
[GPU2] epochs: [69/100] train_acc: 0.251 train_loss_sup: 1.943
[GPU2] epochs: [70/100] train_acc: 0.253 train_loss_sup: 1.939
[GPU2] Test Accuracy at epoch: 70: 0.29
[GPU2] epochs: [71/100] train_acc: 0.253 train_loss_sup: 1.942
[GPU2] epochs: [72/100] train_acc: 0.254 train_loss_sup: 1.938
[GPU2] epochs: [73/100] train_acc: 0.256 train_loss_sup: 1.939
[GPU2] epochs: [74/100] train_acc: 0.256 train_loss_sup: 1.935
[GPU2] epochs: [75/100] train_acc: 0.255 train_loss_sup: 1.938
[GPU2] epochs: [76/100] train_acc: 0.259 train_loss_sup: 1.934
[GPU2] epochs: [77/100] train_acc: 0.256 train_loss_sup: 1.932
[GPU2] epochs: [78/100] train_acc: 0.259 train_loss_sup: 1.936
[GPU2] epochs: [79/100] train_acc: 0.259 train_loss_sup: 1.929
[GPU2] epochs: [80/100] train_acc: 0.259 train_loss_sup: 1.931
[GPU2] Test Accuracy at epoch: 80: 0.294
[GPU2] epochs: [81/100] train_acc: 0.258 train_loss_sup: 1.930
[GPU2] epochs: [82/100] train_acc: 0.263 train_loss_sup: 1.925
[GPU2] epochs: [83/100] train_acc: 0.260 train_loss_sup: 1.927
[GPU2] epochs: [84/100] train_acc: 0.261 train_loss_sup: 1.927
[GPU2] epochs: [85/100] train_acc: 0.262 train_loss_sup: 1.923
[GPU2] epochs: [86/100] train_acc: 0.263 train_loss_sup: 1.923
[GPU2] epochs: [87/100] train_acc: 0.264 train_loss_sup: 1.924
[GPU2] epochs: [88/100] train_acc: 0.264 train_loss_sup: 1.922
[GPU2] epochs: [89/100] train_acc: 0.264 train_loss_sup: 1.923
[GPU2] epochs: [90/100] train_acc: 0.264 train_loss_sup: 1.918
[GPU2] Test Accuracy at epoch: 90: 0.291
[GPU2] epochs: [91/100] train_acc: 0.267 train_loss_sup: 1.916
[GPU2] epochs: [92/100] train_acc: 0.265 train_loss_sup: 1.919
[GPU2] epochs: [93/100] train_acc: 0.268 train_loss_sup: 1.917
[GPU2] epochs: [94/100] train_acc: 0.267 train_loss_sup: 1.912
[GPU2] epochs: [95/100] train_acc: 0.264 train_loss_sup: 1.913
[GPU2] epochs: [96/100] train_acc: 0.266 train_loss_sup: 1.915
[GPU2] epochs: [97/100] train_acc: 0.268 train_loss_sup: 1.913
[GPU2] epochs: [98/100] train_acc: 0.268 train_loss_sup: 1.910
[GPU2] epochs: [99/100] train_acc: 0.265 train_loss_sup: 1.912
[GPU2] epochs: [100/100] train_acc: 0.270 train_loss_sup: 1.910
[GPU2] Final Test Accuracy: 0.288
