environment: 
YAML: --config
==> SEED: 42
==> num_classes: 10
==> data_name: cifar10
==> data_params: {'algo': 'simsiam', 'data_dir': 'datasets/cifar10', 'batch_size': 512, 'num_workers': 3, 'image_size': 32}
==> return_logs: False
==> eval_every: 10
==> n_epochs: 350
==> n_epochs_mlp: 100
==> gpu_id: 7
==> opt: SGD
==> opt_params: {'lr': 0.06, 'momentum': 0.9, 'weight_decay': 0.0001}
==> schedular_params: {'T_max': 350, 'eta_min': 0.001}
==> mlp_opt: SGD
==> mlp_opt_params: {'lr': 0.01, 'momentum': 0.9}
==> model_params: {'model_name': 'resnet50', 'pretrained': False, 'proj_dim': 128, 'algo_type': 'simsiam', 'pred_dim': 512}
==> mlp_type: hidden
==> loss: simsiam
==> distributed: False
==> train_algo: simsiam
==> model_save_path: saved_models/simsiam.c10.r50.e350.pth
==> config: configs/simsiam.c10.yaml
--------------------------------------------------
===> using hiddin mlp
using optimizer: SGD
using optimizer: SGD
loss function: simsiam
# of Training Images: 50000
# of Testing Images: 10000
### simsiam Training begins
[GPU7] epochs: [1/350] train_loss_con: -0.615
[GPU7] epochs: [2/350] train_loss_con: -0.871
[GPU7] epochs: [3/350] train_loss_con: -0.780
[GPU7] epochs: [4/350] train_loss_con: -0.689
[GPU7] epochs: [5/350] train_loss_con: -0.721
[GPU7] epochs: [6/350] train_loss_con: -0.729
[GPU7] epochs: [7/350] train_loss_con: -0.725
[GPU7] epochs: [8/350] train_loss_con: -0.721
[GPU7] epochs: [9/350] train_loss_con: -0.726
[GPU7] epochs: [10/350] train_loss_con: -0.730
[GPU7] epochs: [11/350] train_loss_con: -0.733
[GPU7] epochs: [12/350] train_loss_con: -0.730
[GPU7] epochs: [13/350] train_loss_con: -0.723
[GPU7] epochs: [14/350] train_loss_con: -0.697
[GPU7] epochs: [15/350] train_loss_con: -0.729
[GPU7] epochs: [16/350] train_loss_con: -0.765
[GPU7] epochs: [17/350] train_loss_con: -0.758
[GPU7] epochs: [18/350] train_loss_con: -0.725
[GPU7] epochs: [19/350] train_loss_con: -0.727
[GPU7] epochs: [20/350] train_loss_con: -0.730
[GPU7] epochs: [21/350] train_loss_con: -0.740
[GPU7] epochs: [22/350] train_loss_con: -0.756
[GPU7] epochs: [23/350] train_loss_con: -0.752
[GPU7] epochs: [24/350] train_loss_con: -0.730
[GPU7] epochs: [25/350] train_loss_con: -0.713
[GPU7] epochs: [26/350] train_loss_con: -0.742
[GPU7] epochs: [27/350] train_loss_con: -0.771
[GPU7] epochs: [28/350] train_loss_con: -0.734
[GPU7] epochs: [29/350] train_loss_con: -0.753
[GPU7] epochs: [30/350] train_loss_con: -0.779
[GPU7] epochs: [31/350] train_loss_con: -0.733
[GPU7] epochs: [32/350] train_loss_con: -0.720
[GPU7] epochs: [33/350] train_loss_con: -0.747
[GPU7] epochs: [34/350] train_loss_con: -0.759
[GPU7] epochs: [35/350] train_loss_con: -0.774
[GPU7] epochs: [36/350] train_loss_con: -0.766
[GPU7] epochs: [37/350] train_loss_con: -0.775
[GPU7] epochs: [38/350] train_loss_con: -0.814
[GPU7] epochs: [39/350] train_loss_con: -0.771
[GPU7] epochs: [40/350] train_loss_con: -0.790
[GPU7] epochs: [41/350] train_loss_con: -0.740
[GPU7] epochs: [42/350] train_loss_con: -0.765
[GPU7] epochs: [43/350] train_loss_con: -0.793
[GPU7] epochs: [44/350] train_loss_con: -0.760
[GPU7] epochs: [45/350] train_loss_con: -0.752
[GPU7] epochs: [46/350] train_loss_con: -0.785
[GPU7] epochs: [47/350] train_loss_con: -0.760
[GPU7] epochs: [48/350] train_loss_con: -0.776
[GPU7] epochs: [49/350] train_loss_con: -0.740
[GPU7] epochs: [50/350] train_loss_con: -0.762
[GPU7] epochs: [51/350] train_loss_con: -0.734
[GPU7] epochs: [52/350] train_loss_con: -0.794
[GPU7] epochs: [53/350] train_loss_con: -0.742
[GPU7] epochs: [54/350] train_loss_con: -0.740
[GPU7] epochs: [55/350] train_loss_con: -0.769
[GPU7] epochs: [56/350] train_loss_con: -0.777
[GPU7] epochs: [57/350] train_loss_con: -0.725
[GPU7] epochs: [58/350] train_loss_con: -0.768
[GPU7] epochs: [59/350] train_loss_con: -0.775
[GPU7] epochs: [60/350] train_loss_con: -0.774
[GPU7] epochs: [61/350] train_loss_con: -0.795
[GPU7] epochs: [62/350] train_loss_con: -0.808
[GPU7] epochs: [63/350] train_loss_con: -0.795
[GPU7] epochs: [64/350] train_loss_con: -0.806
[GPU7] epochs: [65/350] train_loss_con: -0.742
[GPU7] epochs: [66/350] train_loss_con: -0.832
[GPU7] epochs: [67/350] train_loss_con: -0.823
[GPU7] epochs: [68/350] train_loss_con: -0.785
[GPU7] epochs: [69/350] train_loss_con: -0.766
[GPU7] epochs: [70/350] train_loss_con: -0.775
[GPU7] epochs: [71/350] train_loss_con: -0.750
[GPU7] epochs: [72/350] train_loss_con: -0.813
[GPU7] epochs: [73/350] train_loss_con: -0.833
[GPU7] epochs: [74/350] train_loss_con: -0.806
[GPU7] epochs: [75/350] train_loss_con: -0.819
[GPU7] epochs: [76/350] train_loss_con: -0.773
[GPU7] epochs: [77/350] train_loss_con: -0.777
[GPU7] epochs: [78/350] train_loss_con: -0.805
[GPU7] epochs: [79/350] train_loss_con: -0.790
[GPU7] epochs: [80/350] train_loss_con: -0.818
[GPU7] epochs: [81/350] train_loss_con: -0.810
[GPU7] epochs: [82/350] train_loss_con: -0.764
[GPU7] epochs: [83/350] train_loss_con: -0.781
[GPU7] epochs: [84/350] train_loss_con: -0.822
[GPU7] epochs: [85/350] train_loss_con: -0.801
[GPU7] epochs: [86/350] train_loss_con: -0.748
[GPU7] epochs: [87/350] train_loss_con: -0.743
[GPU7] epochs: [88/350] train_loss_con: -0.782
[GPU7] epochs: [89/350] train_loss_con: -0.792
[GPU7] epochs: [90/350] train_loss_con: -0.807
[GPU7] epochs: [91/350] train_loss_con: -0.798
[GPU7] epochs: [92/350] train_loss_con: -0.819
[GPU7] epochs: [93/350] train_loss_con: -0.800
[GPU7] epochs: [94/350] train_loss_con: -0.822
[GPU7] epochs: [95/350] train_loss_con: -0.796
[GPU7] epochs: [96/350] train_loss_con: -0.786
[GPU7] epochs: [97/350] train_loss_con: -0.791
[GPU7] epochs: [98/350] train_loss_con: -0.764
[GPU7] epochs: [99/350] train_loss_con: -0.794
[GPU7] epochs: [100/350] train_loss_con: -0.756
[GPU7] epochs: [101/350] train_loss_con: -0.777
[GPU7] epochs: [102/350] train_loss_con: -0.800
[GPU7] epochs: [103/350] train_loss_con: -0.767
[GPU7] epochs: [104/350] train_loss_con: -0.821
[GPU7] epochs: [105/350] train_loss_con: -0.796
[GPU7] epochs: [106/350] train_loss_con: -0.787
[GPU7] epochs: [107/350] train_loss_con: -0.798
[GPU7] epochs: [108/350] train_loss_con: -0.836
[GPU7] epochs: [109/350] train_loss_con: -0.795
[GPU7] epochs: [110/350] train_loss_con: -0.780
[GPU7] epochs: [111/350] train_loss_con: -0.721
[GPU7] epochs: [112/350] train_loss_con: -0.785
[GPU7] epochs: [113/350] train_loss_con: -0.776
[GPU7] epochs: [114/350] train_loss_con: -0.767
[GPU7] epochs: [115/350] train_loss_con: -0.788
[GPU7] epochs: [116/350] train_loss_con: -0.793
[GPU7] epochs: [117/350] train_loss_con: -0.799
[GPU7] epochs: [118/350] train_loss_con: -0.778
[GPU7] epochs: [119/350] train_loss_con: -0.794
[GPU7] epochs: [120/350] train_loss_con: -0.815
[GPU7] epochs: [121/350] train_loss_con: -0.792
[GPU7] epochs: [122/350] train_loss_con: -0.771
[GPU7] epochs: [123/350] train_loss_con: -0.799
[GPU7] epochs: [124/350] train_loss_con: -0.806
[GPU7] epochs: [125/350] train_loss_con: -0.808
[GPU7] epochs: [126/350] train_loss_con: -0.808
[GPU7] epochs: [127/350] train_loss_con: -0.812
[GPU7] epochs: [128/350] train_loss_con: -0.805
[GPU7] epochs: [129/350] train_loss_con: -0.789
[GPU7] epochs: [130/350] train_loss_con: -0.797
[GPU7] epochs: [131/350] train_loss_con: -0.784
[GPU7] epochs: [132/350] train_loss_con: -0.800
[GPU7] epochs: [133/350] train_loss_con: -0.771
[GPU7] epochs: [134/350] train_loss_con: -0.815
[GPU7] epochs: [135/350] train_loss_con: -0.814
[GPU7] epochs: [136/350] train_loss_con: -0.822
[GPU7] epochs: [137/350] train_loss_con: -0.833
[GPU7] epochs: [138/350] train_loss_con: -0.848
[GPU7] epochs: [139/350] train_loss_con: -0.842
[GPU7] epochs: [140/350] train_loss_con: -0.837
[GPU7] epochs: [141/350] train_loss_con: -0.836
[GPU7] epochs: [142/350] train_loss_con: -0.841
[GPU7] epochs: [143/350] train_loss_con: -0.821
[GPU7] epochs: [144/350] train_loss_con: -0.791
[GPU7] epochs: [145/350] train_loss_con: -0.816
[GPU7] epochs: [146/350] train_loss_con: -0.827
[GPU7] epochs: [147/350] train_loss_con: -0.823
[GPU7] epochs: [148/350] train_loss_con: -0.840
[GPU7] epochs: [149/350] train_loss_con: -0.813
[GPU7] epochs: [150/350] train_loss_con: -0.867
[GPU7] epochs: [151/350] train_loss_con: -0.867
[GPU7] epochs: [152/350] train_loss_con: -0.841
[GPU7] epochs: [153/350] train_loss_con: -0.868
[GPU7] epochs: [154/350] train_loss_con: -0.860
[GPU7] epochs: [155/350] train_loss_con: -0.841
[GPU7] epochs: [156/350] train_loss_con: -0.815
[GPU7] epochs: [157/350] train_loss_con: -0.778
[GPU7] epochs: [158/350] train_loss_con: -0.788
[GPU7] epochs: [159/350] train_loss_con: -0.824
[GPU7] epochs: [160/350] train_loss_con: -0.815
[GPU7] epochs: [161/350] train_loss_con: -0.821
[GPU7] epochs: [162/350] train_loss_con: -0.847
[GPU7] epochs: [163/350] train_loss_con: -0.829
[GPU7] epochs: [164/350] train_loss_con: -0.827
[GPU7] epochs: [165/350] train_loss_con: -0.862
[GPU7] epochs: [166/350] train_loss_con: -0.833
[GPU7] epochs: [167/350] train_loss_con: -0.853
[GPU7] epochs: [168/350] train_loss_con: -0.823
[GPU7] epochs: [169/350] train_loss_con: -0.828
[GPU7] epochs: [170/350] train_loss_con: -0.844
[GPU7] epochs: [171/350] train_loss_con: -0.843
[GPU7] epochs: [172/350] train_loss_con: -0.839
[GPU7] epochs: [173/350] train_loss_con: -0.827
[GPU7] epochs: [174/350] train_loss_con: -0.810
[GPU7] epochs: [175/350] train_loss_con: -0.828
[GPU7] epochs: [176/350] train_loss_con: -0.849
[GPU7] epochs: [177/350] train_loss_con: -0.850
[GPU7] epochs: [178/350] train_loss_con: -0.814
[GPU7] epochs: [179/350] train_loss_con: -0.815
[GPU7] epochs: [180/350] train_loss_con: -0.848
[GPU7] epochs: [181/350] train_loss_con: -0.846
[GPU7] epochs: [182/350] train_loss_con: -0.838
[GPU7] epochs: [183/350] train_loss_con: -0.868
[GPU7] epochs: [184/350] train_loss_con: -0.848
[GPU7] epochs: [185/350] train_loss_con: -0.824
[GPU7] epochs: [186/350] train_loss_con: -0.861
[GPU7] epochs: [187/350] train_loss_con: -0.842
[GPU7] epochs: [188/350] train_loss_con: -0.819
[GPU7] epochs: [189/350] train_loss_con: -0.868
[GPU7] epochs: [190/350] train_loss_con: -0.862
[GPU7] epochs: [191/350] train_loss_con: -0.851
[GPU7] epochs: [192/350] train_loss_con: -0.834
[GPU7] epochs: [193/350] train_loss_con: -0.848
[GPU7] epochs: [194/350] train_loss_con: -0.850
[GPU7] epochs: [195/350] train_loss_con: -0.840
[GPU7] epochs: [196/350] train_loss_con: -0.891
[GPU7] epochs: [197/350] train_loss_con: -0.847
[GPU7] epochs: [198/350] train_loss_con: -0.836
[GPU7] epochs: [199/350] train_loss_con: -0.849
[GPU7] epochs: [200/350] train_loss_con: -0.818
[GPU7] epochs: [201/350] train_loss_con: -0.826
[GPU7] epochs: [202/350] train_loss_con: -0.849
[GPU7] epochs: [203/350] train_loss_con: -0.845
[GPU7] epochs: [204/350] train_loss_con: -0.854
[GPU7] epochs: [205/350] train_loss_con: -0.853
[GPU7] epochs: [206/350] train_loss_con: -0.868
[GPU7] epochs: [207/350] train_loss_con: -0.875
[GPU7] epochs: [208/350] train_loss_con: -0.867
[GPU7] epochs: [209/350] train_loss_con: -0.850
[GPU7] epochs: [210/350] train_loss_con: -0.851
[GPU7] epochs: [211/350] train_loss_con: -0.840
[GPU7] epochs: [212/350] train_loss_con: -0.853
[GPU7] epochs: [213/350] train_loss_con: -0.843
[GPU7] epochs: [214/350] train_loss_con: -0.871
[GPU7] epochs: [215/350] train_loss_con: -0.871
[GPU7] epochs: [216/350] train_loss_con: -0.841
[GPU7] epochs: [217/350] train_loss_con: -0.810
[GPU7] epochs: [218/350] train_loss_con: -0.849
[GPU7] epochs: [219/350] train_loss_con: -0.843
[GPU7] epochs: [220/350] train_loss_con: -0.831
[GPU7] epochs: [221/350] train_loss_con: -0.839
[GPU7] epochs: [222/350] train_loss_con: -0.825
[GPU7] epochs: [223/350] train_loss_con: -0.801
[GPU7] epochs: [224/350] train_loss_con: -0.856
[GPU7] epochs: [225/350] train_loss_con: -0.849
[GPU7] epochs: [226/350] train_loss_con: -0.848
[GPU7] epochs: [227/350] train_loss_con: -0.851
[GPU7] epochs: [228/350] train_loss_con: -0.838
[GPU7] epochs: [229/350] train_loss_con: -0.798
[GPU7] epochs: [230/350] train_loss_con: -0.821
[GPU7] epochs: [231/350] train_loss_con: -0.800
