environment: 
YAML: configs/simsiam.c10.yaml
==> SEED: 42
==> num_classes: 10
==> data_name: cifar10
==> data_params: {'algo': 'simsiam', 'data_dir': 'datasets/cifar10', 'batch_size': 512, 'num_workers': 3, 'image_size': 32}
==> return_logs: False
==> eval_every: 10
==> n_epochs: 800
==> n_epochs_mlp: 100
==> gpu_id: 0
==> opt: SGD
==> opt_params: {'lr': 0.06, 'momentum': 0.9, 'weight_decay': 0.0001}
==> schedular_params: {'T_max': 800, 'eta_min': 0.001}
==> mlp_opt: SGD
==> mlp_opt_params: {'lr': 0.01, 'momentum': 0.9}
==> model_params: {'model_name': 'resnet18', 'pretrained': False, 'proj_dim': 128, 'algo_type': 'simsiam', 'pred_dim': 512}
==> mlp_type: hidden
==> loss: simsiam
==> distributed: False
==> train_algo: simsiam
--------------------------------------------------
===> using hiddin mlp
using optimizer: SGD
using optimizer: SGD
loss function: simsiam
Files already downloaded and verified
Files already downloaded and verified
Files already downloaded and verified
# of Training Images: 50000
# of Testing Images: 10000
### simsiam Training begins
[GPU0] epochs: [1/800] train_loss_con: -0.519
[GPU0] epochs: [2/800] train_loss_con: -0.644
[GPU0] epochs: [3/800] train_loss_con: -0.669
[GPU0] epochs: [4/800] train_loss_con: -0.661
[GPU0] epochs: [5/800] train_loss_con: -0.677
[GPU0] epochs: [6/800] train_loss_con: -0.707
[GPU0] epochs: [7/800] train_loss_con: -0.690
[GPU0] epochs: [8/800] train_loss_con: -0.691
[GPU0] epochs: [9/800] train_loss_con: -0.678
[GPU0] epochs: [10/800] train_loss_con: -0.669
[GPU0] epochs: [11/800] train_loss_con: -0.693
[GPU0] epochs: [12/800] train_loss_con: -0.699
[GPU0] epochs: [13/800] train_loss_con: -0.700
[GPU0] epochs: [14/800] train_loss_con: -0.708
[GPU0] epochs: [15/800] train_loss_con: -0.711
[GPU0] epochs: [16/800] train_loss_con: -0.713
[GPU0] epochs: [17/800] train_loss_con: -0.711
[GPU0] epochs: [18/800] train_loss_con: -0.711
[GPU0] epochs: [19/800] train_loss_con: -0.721
[GPU0] epochs: [20/800] train_loss_con: -0.724
[GPU0] epochs: [21/800] train_loss_con: -0.728
[GPU0] epochs: [22/800] train_loss_con: -0.732
[GPU0] epochs: [23/800] train_loss_con: -0.736
[GPU0] epochs: [24/800] train_loss_con: -0.734
[GPU0] epochs: [25/800] train_loss_con: -0.735
[GPU0] epochs: [26/800] train_loss_con: -0.734
[GPU0] epochs: [27/800] train_loss_con: -0.737
[GPU0] epochs: [28/800] train_loss_con: -0.734
[GPU0] epochs: [29/800] train_loss_con: -0.734
[GPU0] epochs: [30/800] train_loss_con: -0.731
[GPU0] epochs: [31/800] train_loss_con: -0.728
[GPU0] epochs: [32/800] train_loss_con: -0.741
[GPU0] epochs: [33/800] train_loss_con: -0.746
[GPU0] epochs: [34/800] train_loss_con: -0.741
[GPU0] epochs: [35/800] train_loss_con: -0.745
[GPU0] epochs: [36/800] train_loss_con: -0.748
[GPU0] epochs: [37/800] train_loss_con: -0.748
[GPU0] epochs: [38/800] train_loss_con: -0.747
[GPU0] epochs: [39/800] train_loss_con: -0.753
[GPU0] epochs: [40/800] train_loss_con: -0.754
[GPU0] epochs: [41/800] train_loss_con: -0.755
[GPU0] epochs: [42/800] train_loss_con: -0.753
[GPU0] epochs: [43/800] train_loss_con: -0.753
[GPU0] epochs: [44/800] train_loss_con: -0.755
[GPU0] epochs: [45/800] train_loss_con: -0.757
[GPU0] epochs: [46/800] train_loss_con: -0.756
[GPU0] epochs: [47/800] train_loss_con: -0.755
[GPU0] epochs: [48/800] train_loss_con: -0.757
[GPU0] epochs: [49/800] train_loss_con: -0.759
[GPU0] epochs: [50/800] train_loss_con: -0.757
[GPU0] epochs: [51/800] train_loss_con: -0.759
[GPU0] epochs: [52/800] train_loss_con: -0.760
[GPU0] epochs: [53/800] train_loss_con: -0.760
[GPU0] epochs: [54/800] train_loss_con: -0.760
[GPU0] epochs: [55/800] train_loss_con: -0.761
[GPU0] epochs: [56/800] train_loss_con: -0.760
[GPU0] epochs: [57/800] train_loss_con: -0.761
[GPU0] epochs: [58/800] train_loss_con: -0.759
[GPU0] epochs: [59/800] train_loss_con: -0.762
[GPU0] epochs: [60/800] train_loss_con: -0.760
[GPU0] epochs: [61/800] train_loss_con: -0.759
[GPU0] epochs: [62/800] train_loss_con: -0.760
[GPU0] epochs: [63/800] train_loss_con: -0.763
[GPU0] epochs: [64/800] train_loss_con: -0.763
[GPU0] epochs: [65/800] train_loss_con: -0.763
[GPU0] epochs: [66/800] train_loss_con: -0.763
[GPU0] epochs: [67/800] train_loss_con: -0.761
[GPU0] epochs: [68/800] train_loss_con: -0.761
[GPU0] epochs: [69/800] train_loss_con: -0.759
[GPU0] epochs: [70/800] train_loss_con: -0.762
[GPU0] epochs: [71/800] train_loss_con: -0.761
[GPU0] epochs: [72/800] train_loss_con: -0.762
[GPU0] epochs: [73/800] train_loss_con: -0.762
[GPU0] epochs: [74/800] train_loss_con: -0.760
[GPU0] epochs: [75/800] train_loss_con: -0.763
[GPU0] epochs: [76/800] train_loss_con: -0.761
[GPU0] epochs: [77/800] train_loss_con: -0.761
[GPU0] epochs: [78/800] train_loss_con: -0.762
[GPU0] epochs: [79/800] train_loss_con: -0.759
[GPU0] epochs: [80/800] train_loss_con: -0.761
[GPU0] epochs: [81/800] train_loss_con: -0.758
[GPU0] epochs: [82/800] train_loss_con: -0.758
[GPU0] epochs: [83/800] train_loss_con: -0.758
[GPU0] epochs: [84/800] train_loss_con: -0.758
[GPU0] epochs: [85/800] train_loss_con: -0.760
[GPU0] epochs: [86/800] train_loss_con: -0.757
