environment: 
YAML: --config
==> SEED: 42
==> num_classes: 100
==> data_name: cifar100
==> data_params: {'algo': 'simsiam', 'data_dir': 'datasets/cifar100', 'batch_size': 512, 'num_workers': 3, 'image_size': 32}
==> return_logs: False
==> eval_every: 10
==> n_epochs: 800
==> n_epochs_mlp: 100
==> gpu_id: 7
==> opt: SGD
==> opt_params: {'lr': 0.06, 'momentum': 0.9, 'weight_decay': 0.0001}
==> schedular_params: {'T_max': 800, 'eta_min': 0.001}
==> mlp_opt: SGD
==> mlp_opt_params: {'lr': 0.1, 'momentum': 0.9}
==> model_params: {'model_name': 'resnet18', 'pretrained': False, 'proj_dim': 128, 'algo_type': 'simsiam', 'pred_dim': 512}
==> mlp_type: linear
==> loss: simsiam
==> distributed: False
==> train_algo: simsiam
==> model_save_path: saved_models/simsiam.c100.r18.e800.pth
==> config: configs/simsiam.c100.yaml
--------------------------------------------------
===> using linear mlp
using optimizer: SGD
using optimizer: SGD
loss function: simsiam
# of Training Images: 50000
# of Testing Images: 10000
### simsiam Training begins
[GPU7] epochs: [1/800] train_loss_con: -0.525
[GPU7] epochs: [2/800] train_loss_con: -0.677
[GPU7] epochs: [3/800] train_loss_con: -0.663
[GPU7] epochs: [4/800] train_loss_con: -0.663
[GPU7] epochs: [5/800] train_loss_con: -0.668
[GPU7] epochs: [6/800] train_loss_con: -0.675
[GPU7] epochs: [7/800] train_loss_con: -0.696
[GPU7] epochs: [8/800] train_loss_con: -0.694
[GPU7] epochs: [9/800] train_loss_con: -0.702
[GPU7] epochs: [10/800] train_loss_con: -0.704
[GPU7] epochs: [11/800] train_loss_con: -0.711
[GPU7] epochs: [12/800] train_loss_con: -0.714
[GPU7] epochs: [13/800] train_loss_con: -0.707
[GPU7] epochs: [14/800] train_loss_con: -0.694
[GPU7] epochs: [15/800] train_loss_con: -0.706
[GPU7] epochs: [16/800] train_loss_con: -0.718
[GPU7] epochs: [17/800] train_loss_con: -0.722
[GPU7] epochs: [18/800] train_loss_con: -0.717
