environment: 
YAML: configs/simsiam.c100.yaml
==> SEED: 42
==> num_classes: 100
==> data_name: cifar100
==> data_params: {'algo': 'simsiam', 'data_dir': 'datasets/cifar100', 'batch_size': 512, 'num_workers': 3, 'image_size': 32}
==> return_logs: False
==> eval_every: 10
==> n_epochs: 800
==> n_epochs_mlp: 100
==> gpu_id: 1
==> opt: SGD
==> opt_params: {'lr': 0.06, 'momentum': 0.9, 'weight_decay': 0.0001}
==> schedular_params: {'T_max': 800, 'eta_min': 0.001}
==> mlp_opt: SGD
==> mlp_opt_params: {'lr': 0.1, 'momentum': 0.9}
==> model_params: {'model_name': 'resnet18', 'pretrained': False, 'proj_dim': 128, 'algo_type': 'simsiam', 'pred_dim': 512}
==> mlp_type: hidden
==> loss: simsiam
==> distributed: False
==> train_algo: simsiam
--------------------------------------------------
===> using hiddin mlp
using optimizer: SGD
using optimizer: SGD
loss function: simsiam
Files already downloaded and verified
Files already downloaded and verified
Files already downloaded and verified
# of Training Images: 50000
# of Testing Images: 10000
### simsiam Training begins
[GPU1] epochs: [1/800] train_loss_con: -0.543
[GPU1] epochs: [2/800] train_loss_con: -0.650
[GPU1] epochs: [3/800] train_loss_con: -0.646
[GPU1] epochs: [4/800] train_loss_con: -0.641
[GPU1] epochs: [5/800] train_loss_con: -0.653
[GPU1] epochs: [6/800] train_loss_con: -0.651
[GPU1] epochs: [7/800] train_loss_con: -0.651
[GPU1] epochs: [8/800] train_loss_con: -0.681
[GPU1] epochs: [9/800] train_loss_con: -0.689
[GPU1] epochs: [10/800] train_loss_con: -0.682
[GPU1] epochs: [11/800] train_loss_con: -0.679
[GPU1] epochs: [12/800] train_loss_con: -0.679
[GPU1] epochs: [13/800] train_loss_con: -0.690
[GPU1] epochs: [14/800] train_loss_con: -0.687
[GPU1] epochs: [15/800] train_loss_con: -0.685
[GPU1] epochs: [16/800] train_loss_con: -0.689
[GPU1] epochs: [17/800] train_loss_con: -0.682
[GPU1] epochs: [18/800] train_loss_con: -0.672
[GPU1] epochs: [19/800] train_loss_con: -0.699
[GPU1] epochs: [20/800] train_loss_con: -0.700
[GPU1] epochs: [21/800] train_loss_con: -0.707
[GPU1] epochs: [22/800] train_loss_con: -0.707
[GPU1] epochs: [23/800] train_loss_con: -0.703
[GPU1] epochs: [24/800] train_loss_con: -0.708
[GPU1] epochs: [25/800] train_loss_con: -0.713
[GPU1] epochs: [26/800] train_loss_con: -0.711
[GPU1] epochs: [27/800] train_loss_con: -0.717
[GPU1] epochs: [28/800] train_loss_con: -0.718
[GPU1] epochs: [29/800] train_loss_con: -0.718
[GPU1] epochs: [30/800] train_loss_con: -0.716
[GPU1] epochs: [31/800] train_loss_con: -0.715
[GPU1] epochs: [32/800] train_loss_con: -0.717
[GPU1] epochs: [33/800] train_loss_con: -0.720
[GPU1] epochs: [34/800] train_loss_con: -0.722
[GPU1] epochs: [35/800] train_loss_con: -0.724
[GPU1] epochs: [36/800] train_loss_con: -0.725
[GPU1] epochs: [37/800] train_loss_con: -0.726
[GPU1] epochs: [38/800] train_loss_con: -0.726
[GPU1] epochs: [39/800] train_loss_con: -0.726
[GPU1] epochs: [40/800] train_loss_con: -0.727
[GPU1] epochs: [41/800] train_loss_con: -0.731
[GPU1] epochs: [42/800] train_loss_con: -0.734
[GPU1] epochs: [43/800] train_loss_con: -0.733
[GPU1] epochs: [44/800] train_loss_con: -0.735
[GPU1] epochs: [45/800] train_loss_con: -0.734
[GPU1] epochs: [46/800] train_loss_con: -0.736
[GPU1] epochs: [47/800] train_loss_con: -0.736
[GPU1] epochs: [48/800] train_loss_con: -0.738
[GPU1] epochs: [49/800] train_loss_con: -0.740
[GPU1] epochs: [50/800] train_loss_con: -0.737
[GPU1] epochs: [51/800] train_loss_con: -0.739
[GPU1] epochs: [52/800] train_loss_con: -0.741
[GPU1] epochs: [53/800] train_loss_con: -0.740
[GPU1] epochs: [54/800] train_loss_con: -0.742
[GPU1] epochs: [55/800] train_loss_con: -0.743
[GPU1] epochs: [56/800] train_loss_con: -0.739
[GPU1] epochs: [57/800] train_loss_con: -0.741
[GPU1] epochs: [58/800] train_loss_con: -0.740
[GPU1] epochs: [59/800] train_loss_con: -0.739
[GPU1] epochs: [60/800] train_loss_con: -0.740
[GPU1] epochs: [61/800] train_loss_con: -0.741
[GPU1] epochs: [62/800] train_loss_con: -0.742
[GPU1] epochs: [63/800] train_loss_con: -0.742
[GPU1] epochs: [64/800] train_loss_con: -0.743
[GPU1] epochs: [65/800] train_loss_con: -0.743
[GPU1] epochs: [66/800] train_loss_con: -0.742
[GPU1] epochs: [67/800] train_loss_con: -0.743
[GPU1] epochs: [68/800] train_loss_con: -0.746
[GPU1] epochs: [69/800] train_loss_con: -0.746
[GPU1] epochs: [70/800] train_loss_con: -0.743
[GPU1] epochs: [71/800] train_loss_con: -0.743
[GPU1] epochs: [72/800] train_loss_con: -0.744
[GPU1] epochs: [73/800] train_loss_con: -0.743
[GPU1] epochs: [74/800] train_loss_con: -0.746
[GPU1] epochs: [75/800] train_loss_con: -0.746
[GPU1] epochs: [76/800] train_loss_con: -0.746
[GPU1] epochs: [77/800] train_loss_con: -0.746
[GPU1] epochs: [78/800] train_loss_con: -0.747
[GPU1] epochs: [79/800] train_loss_con: -0.745
[GPU1] epochs: [80/800] train_loss_con: -0.745
[GPU1] epochs: [81/800] train_loss_con: -0.746
[GPU1] epochs: [82/800] train_loss_con: -0.744
[GPU1] epochs: [83/800] train_loss_con: -0.745
[GPU1] epochs: [84/800] train_loss_con: -0.744
[GPU1] epochs: [85/800] train_loss_con: -0.745
[GPU1] epochs: [86/800] train_loss_con: -0.747
[GPU1] epochs: [87/800] train_loss_con: -0.745
[GPU1] epochs: [88/800] train_loss_con: -0.743
[GPU1] epochs: [89/800] train_loss_con: -0.743
[GPU1] epochs: [90/800] train_loss_con: -0.746
[GPU1] epochs: [91/800] train_loss_con: -0.747
[GPU1] epochs: [92/800] train_loss_con: -0.747
[GPU1] epochs: [93/800] train_loss_con: -0.744
[GPU1] epochs: [94/800] train_loss_con: -0.744
[GPU1] epochs: [95/800] train_loss_con: -0.745
[GPU1] epochs: [96/800] train_loss_con: -0.743
[GPU1] epochs: [97/800] train_loss_con: -0.742
[GPU1] epochs: [98/800] train_loss_con: -0.743
[GPU1] epochs: [99/800] train_loss_con: -0.743
[GPU1] epochs: [100/800] train_loss_con: -0.743
[GPU1] epochs: [101/800] train_loss_con: -0.740
[GPU1] epochs: [102/800] train_loss_con: -0.740
[GPU1] epochs: [103/800] train_loss_con: -0.742
[GPU1] epochs: [104/800] train_loss_con: -0.741
[GPU1] epochs: [105/800] train_loss_con: -0.743
[GPU1] epochs: [106/800] train_loss_con: -0.743
[GPU1] epochs: [107/800] train_loss_con: -0.741
[GPU1] epochs: [108/800] train_loss_con: -0.742
[GPU1] epochs: [109/800] train_loss_con: -0.742
[GPU1] epochs: [110/800] train_loss_con: -0.741
[GPU1] epochs: [111/800] train_loss_con: -0.739
[GPU1] epochs: [112/800] train_loss_con: -0.740
[GPU1] epochs: [113/800] train_loss_con: -0.742
[GPU1] epochs: [114/800] train_loss_con: -0.739
[GPU1] epochs: [115/800] train_loss_con: -0.740
[GPU1] epochs: [116/800] train_loss_con: -0.738
[GPU1] epochs: [117/800] train_loss_con: -0.738
[GPU1] epochs: [118/800] train_loss_con: -0.741
[GPU1] epochs: [119/800] train_loss_con: -0.738
[GPU1] epochs: [120/800] train_loss_con: -0.740
[GPU1] epochs: [121/800] train_loss_con: -0.738
[GPU1] epochs: [122/800] train_loss_con: -0.737
[GPU1] epochs: [123/800] train_loss_con: -0.738
[GPU1] epochs: [124/800] train_loss_con: -0.740
[GPU1] epochs: [125/800] train_loss_con: -0.739
[GPU1] epochs: [126/800] train_loss_con: -0.738
[GPU1] epochs: [127/800] train_loss_con: -0.739
[GPU1] epochs: [128/800] train_loss_con: -0.739
[GPU1] epochs: [129/800] train_loss_con: -0.739
[GPU1] epochs: [130/800] train_loss_con: -0.741
[GPU1] epochs: [131/800] train_loss_con: -0.740
[GPU1] epochs: [132/800] train_loss_con: -0.738
[GPU1] epochs: [133/800] train_loss_con: -0.742
[GPU1] epochs: [134/800] train_loss_con: -0.741
[GPU1] epochs: [135/800] train_loss_con: -0.738
[GPU1] epochs: [136/800] train_loss_con: -0.742
[GPU1] epochs: [137/800] train_loss_con: -0.742
[GPU1] epochs: [138/800] train_loss_con: -0.740
[GPU1] epochs: [139/800] train_loss_con: -0.743
[GPU1] epochs: [140/800] train_loss_con: -0.741
[GPU1] epochs: [141/800] train_loss_con: -0.741
[GPU1] epochs: [142/800] train_loss_con: -0.743
[GPU1] epochs: [143/800] train_loss_con: -0.741
