environment: 
YAML: --config
==> SEED: 42
==> num_classes: 100
==> data_name: cifar100
==> data_params: {'algo': 'simsiam', 'data_dir': 'datasets/cifar100', 'batch_size': 512, 'num_workers': 3, 'image_size': 32}
==> return_logs: False
==> eval_every: 10
==> n_epochs: 800
==> n_epochs_mlp: 100
==> gpu_id: 2
==> opt: SGD
==> opt_params: {'lr': 0.1, 'momentum': 0.9, 'weight_decay': 0.0001}
==> schedular_params: {'T_max': 800, 'eta_min': 0.001}
==> mlp_opt: SGD
==> mlp_opt_params: {'lr': 0.1, 'momentum': 0.9}
==> model_params: {'model_name': 'resnet50', 'pretrained': False, 'proj_dim': 128, 'algo_type': 'simsiam', 'pred_dim': 512}
==> mlp_type: linear
==> loss: simsiam
==> distributed: False
==> train_algo: simsiam
==> model_save_path: saved_models/simsiam.c100.r50.e800.pth
==> config: configs/simsiam.c100.yaml
--------------------------------------------------
===> using linear mlp
using optimizer: SGD
using optimizer: SGD
loss function: simsiam
# of Training Images: 50000
# of Testing Images: 10000
### simsiam Training begins
[GPU2] epochs: [1/800] train_loss_con: -0.710
[GPU2] epochs: [2/800] train_loss_con: -0.883
[GPU2] epochs: [3/800] train_loss_con: -0.718
[GPU2] epochs: [4/800] train_loss_con: -0.829
[GPU2] epochs: [5/800] train_loss_con: -0.717
[GPU2] epochs: [6/800] train_loss_con: -0.730
[GPU2] epochs: [7/800] train_loss_con: -0.639
[GPU2] epochs: [8/800] train_loss_con: -0.620
[GPU2] epochs: [9/800] train_loss_con: -0.795
[GPU2] epochs: [10/800] train_loss_con: -0.764
[GPU2] epochs: [11/800] train_loss_con: -0.698
[GPU2] epochs: [12/800] train_loss_con: -0.789
[GPU2] epochs: [13/800] train_loss_con: -0.765
[GPU2] epochs: [14/800] train_loss_con: -0.677
[GPU2] epochs: [15/800] train_loss_con: -0.687
[GPU2] epochs: [16/800] train_loss_con: -0.700
[GPU2] epochs: [17/800] train_loss_con: -0.741
[GPU2] epochs: [18/800] train_loss_con: -0.671
[GPU2] epochs: [19/800] train_loss_con: -0.678
[GPU2] epochs: [20/800] train_loss_con: -0.690
[GPU2] epochs: [21/800] train_loss_con: -0.723
[GPU2] epochs: [22/800] train_loss_con: -0.695
[GPU2] epochs: [23/800] train_loss_con: -0.729
[GPU2] epochs: [24/800] train_loss_con: -0.720
[GPU2] epochs: [25/800] train_loss_con: -0.651
[GPU2] epochs: [26/800] train_loss_con: -0.695
[GPU2] epochs: [27/800] train_loss_con: -0.693
[GPU2] epochs: [28/800] train_loss_con: -0.719
[GPU2] epochs: [29/800] train_loss_con: -0.700
[GPU2] epochs: [30/800] train_loss_con: -0.663
[GPU2] epochs: [31/800] train_loss_con: -0.736
[GPU2] epochs: [32/800] train_loss_con: -0.770
[GPU2] epochs: [33/800] train_loss_con: -0.720
[GPU2] epochs: [34/800] train_loss_con: -0.698
[GPU2] epochs: [35/800] train_loss_con: -0.720
[GPU2] epochs: [36/800] train_loss_con: -0.738
[GPU2] epochs: [37/800] train_loss_con: -0.723
[GPU2] epochs: [38/800] train_loss_con: -0.717
[GPU2] epochs: [39/800] train_loss_con: -0.743
[GPU2] epochs: [40/800] train_loss_con: -0.745
[GPU2] epochs: [41/800] train_loss_con: -0.740
[GPU2] epochs: [42/800] train_loss_con: -0.700
[GPU2] epochs: [43/800] train_loss_con: -0.718
[GPU2] epochs: [44/800] train_loss_con: -0.736
[GPU2] epochs: [45/800] train_loss_con: -0.727
[GPU2] epochs: [46/800] train_loss_con: -0.700
[GPU2] epochs: [47/800] train_loss_con: -0.709
[GPU2] epochs: [48/800] train_loss_con: -0.764
[GPU2] epochs: [49/800] train_loss_con: -0.760
[GPU2] epochs: [50/800] train_loss_con: -0.758
[GPU2] epochs: [51/800] train_loss_con: -0.734
[GPU2] epochs: [52/800] train_loss_con: -0.775
[GPU2] epochs: [53/800] train_loss_con: -0.777
[GPU2] epochs: [54/800] train_loss_con: -0.772
[GPU2] epochs: [55/800] train_loss_con: -0.748
[GPU2] epochs: [56/800] train_loss_con: -0.763
[GPU2] epochs: [57/800] train_loss_con: -0.742
[GPU2] epochs: [58/800] train_loss_con: -0.754
[GPU2] epochs: [59/800] train_loss_con: -0.754
[GPU2] epochs: [60/800] train_loss_con: -0.751
[GPU2] epochs: [61/800] train_loss_con: -0.752
[GPU2] epochs: [62/800] train_loss_con: -0.754
[GPU2] epochs: [63/800] train_loss_con: -0.771
[GPU2] epochs: [64/800] train_loss_con: -0.759
[GPU2] epochs: [65/800] train_loss_con: -0.753
[GPU2] epochs: [66/800] train_loss_con: -0.749
[GPU2] epochs: [67/800] train_loss_con: -0.750
[GPU2] epochs: [68/800] train_loss_con: -0.742
[GPU2] epochs: [69/800] train_loss_con: -0.756
[GPU2] epochs: [70/800] train_loss_con: -0.725
[GPU2] epochs: [71/800] train_loss_con: -0.741
[GPU2] epochs: [72/800] train_loss_con: -0.757
[GPU2] epochs: [73/800] train_loss_con: -0.765
[GPU2] epochs: [74/800] train_loss_con: -0.752
[GPU2] epochs: [75/800] train_loss_con: -0.703
[GPU2] epochs: [76/800] train_loss_con: -0.720
[GPU2] epochs: [77/800] train_loss_con: -0.731
[GPU2] epochs: [78/800] train_loss_con: -0.759
[GPU2] epochs: [79/800] train_loss_con: -0.767
[GPU2] epochs: [80/800] train_loss_con: -0.759
[GPU2] epochs: [81/800] train_loss_con: -0.760
[GPU2] epochs: [82/800] train_loss_con: -0.759
[GPU2] epochs: [83/800] train_loss_con: -0.759
[GPU2] epochs: [84/800] train_loss_con: -0.760
[GPU2] epochs: [85/800] train_loss_con: -0.762
[GPU2] epochs: [86/800] train_loss_con: -0.758
[GPU2] epochs: [87/800] train_loss_con: -0.768
[GPU2] epochs: [88/800] train_loss_con: -0.768
[GPU2] epochs: [89/800] train_loss_con: -0.762
[GPU2] epochs: [90/800] train_loss_con: -0.767
[GPU2] epochs: [91/800] train_loss_con: -0.766
[GPU2] epochs: [92/800] train_loss_con: -0.768
[GPU2] epochs: [93/800] train_loss_con: -0.766
[GPU2] epochs: [94/800] train_loss_con: -0.765
[GPU2] epochs: [95/800] train_loss_con: -0.775
[GPU2] epochs: [96/800] train_loss_con: -0.769
[GPU2] epochs: [97/800] train_loss_con: -0.772
[GPU2] epochs: [98/800] train_loss_con: -0.779
[GPU2] epochs: [99/800] train_loss_con: -0.777
[GPU2] epochs: [100/800] train_loss_con: -0.759
[GPU2] epochs: [101/800] train_loss_con: -0.756
[GPU2] epochs: [102/800] train_loss_con: -0.761
[GPU2] epochs: [103/800] train_loss_con: -0.765
[GPU2] epochs: [104/800] train_loss_con: -0.766
[GPU2] epochs: [105/800] train_loss_con: -0.670
[GPU2] epochs: [106/800] train_loss_con: -0.708
[GPU2] epochs: [107/800] train_loss_con: -0.713
[GPU2] epochs: [108/800] train_loss_con: -0.733
[GPU2] epochs: [109/800] train_loss_con: -0.756
[GPU2] epochs: [110/800] train_loss_con: -0.755
[GPU2] epochs: [111/800] train_loss_con: -0.764
[GPU2] epochs: [112/800] train_loss_con: -0.760
[GPU2] epochs: [113/800] train_loss_con: -0.767
[GPU2] epochs: [114/800] train_loss_con: -0.770
[GPU2] epochs: [115/800] train_loss_con: -0.764
[GPU2] epochs: [116/800] train_loss_con: -0.763
[GPU2] epochs: [117/800] train_loss_con: -0.772
[GPU2] epochs: [118/800] train_loss_con: -0.775
[GPU2] epochs: [119/800] train_loss_con: -0.782
[GPU2] epochs: [120/800] train_loss_con: -0.782
[GPU2] epochs: [121/800] train_loss_con: -0.785
[GPU2] epochs: [122/800] train_loss_con: -0.784
[GPU2] epochs: [123/800] train_loss_con: -0.777
[GPU2] epochs: [124/800] train_loss_con: -0.764
[GPU2] epochs: [125/800] train_loss_con: -0.784
[GPU2] epochs: [126/800] train_loss_con: -0.786
[GPU2] epochs: [127/800] train_loss_con: -0.779
[GPU2] epochs: [128/800] train_loss_con: -0.790
[GPU2] epochs: [129/800] train_loss_con: -0.795
[GPU2] epochs: [130/800] train_loss_con: -0.791
[GPU2] epochs: [131/800] train_loss_con: -0.793
[GPU2] epochs: [132/800] train_loss_con: -0.795
[GPU2] epochs: [133/800] train_loss_con: -0.792
[GPU2] epochs: [134/800] train_loss_con: -0.798
[GPU2] epochs: [135/800] train_loss_con: -0.787
[GPU2] epochs: [136/800] train_loss_con: -0.791
[GPU2] epochs: [137/800] train_loss_con: -0.791
[GPU2] epochs: [138/800] train_loss_con: -0.799
[GPU2] epochs: [139/800] train_loss_con: -0.798
[GPU2] epochs: [140/800] train_loss_con: -0.801
[GPU2] epochs: [141/800] train_loss_con: -0.783
[GPU2] epochs: [142/800] train_loss_con: -0.782
[GPU2] epochs: [143/800] train_loss_con: -0.784
[GPU2] epochs: [144/800] train_loss_con: -0.796
[GPU2] epochs: [145/800] train_loss_con: -0.794
[GPU2] epochs: [146/800] train_loss_con: -0.790
[GPU2] epochs: [147/800] train_loss_con: -0.799
[GPU2] epochs: [148/800] train_loss_con: -0.786
[GPU2] epochs: [149/800] train_loss_con: -0.787
[GPU2] epochs: [150/800] train_loss_con: -0.780
[GPU2] epochs: [151/800] train_loss_con: -0.780
[GPU2] epochs: [152/800] train_loss_con: -0.790
[GPU2] epochs: [153/800] train_loss_con: -0.794
[GPU2] epochs: [154/800] train_loss_con: -0.778
[GPU2] epochs: [155/800] train_loss_con: -0.790
[GPU2] epochs: [156/800] train_loss_con: -0.791
[GPU2] epochs: [157/800] train_loss_con: -0.793
[GPU2] epochs: [158/800] train_loss_con: -0.801
[GPU2] epochs: [159/800] train_loss_con: -0.798
[GPU2] epochs: [160/800] train_loss_con: -0.802
[GPU2] epochs: [161/800] train_loss_con: -0.801
[GPU2] epochs: [162/800] train_loss_con: -0.804
[GPU2] epochs: [163/800] train_loss_con: -0.798
[GPU2] epochs: [164/800] train_loss_con: -0.790
[GPU2] epochs: [165/800] train_loss_con: -0.770
[GPU2] epochs: [166/800] train_loss_con: -0.791
[GPU2] epochs: [167/800] train_loss_con: -0.790
[GPU2] epochs: [168/800] train_loss_con: -0.786
[GPU2] epochs: [169/800] train_loss_con: -0.794
[GPU2] epochs: [170/800] train_loss_con: -0.798
[GPU2] epochs: [171/800] train_loss_con: -0.794
[GPU2] epochs: [172/800] train_loss_con: -0.801
[GPU2] epochs: [173/800] train_loss_con: -0.793
[GPU2] epochs: [174/800] train_loss_con: -0.802
[GPU2] epochs: [175/800] train_loss_con: -0.805
[GPU2] epochs: [176/800] train_loss_con: -0.804
[GPU2] epochs: [177/800] train_loss_con: -0.800
[GPU2] epochs: [178/800] train_loss_con: -0.803
[GPU2] epochs: [179/800] train_loss_con: -0.793
[GPU2] epochs: [180/800] train_loss_con: -0.804
[GPU2] epochs: [181/800] train_loss_con: -0.807
[GPU2] epochs: [182/800] train_loss_con: -0.805
[GPU2] epochs: [183/800] train_loss_con: -0.798
[GPU2] epochs: [184/800] train_loss_con: -0.729
[GPU2] epochs: [185/800] train_loss_con: -0.743
[GPU2] epochs: [186/800] train_loss_con: -0.766
[GPU2] epochs: [187/800] train_loss_con: -0.781
[GPU2] epochs: [188/800] train_loss_con: -0.782
[GPU2] epochs: [189/800] train_loss_con: -0.790
[GPU2] epochs: [190/800] train_loss_con: -0.793
[GPU2] epochs: [191/800] train_loss_con: -0.792
[GPU2] epochs: [192/800] train_loss_con: -0.796
[GPU2] epochs: [193/800] train_loss_con: -0.788
[GPU2] epochs: [194/800] train_loss_con: -0.791
[GPU2] epochs: [195/800] train_loss_con: -0.797
[GPU2] epochs: [196/800] train_loss_con: -0.798
[GPU2] epochs: [197/800] train_loss_con: -0.796
[GPU2] epochs: [198/800] train_loss_con: -0.796
[GPU2] epochs: [199/800] train_loss_con: -0.792
[GPU2] epochs: [200/800] train_loss_con: -0.783
[GPU2] epochs: [201/800] train_loss_con: -0.785
[GPU2] epochs: [202/800] train_loss_con: -0.789
[GPU2] epochs: [203/800] train_loss_con: -0.780
[GPU2] epochs: [204/800] train_loss_con: -0.771
[GPU2] epochs: [205/800] train_loss_con: -0.786
[GPU2] epochs: [206/800] train_loss_con: -0.791
[GPU2] epochs: [207/800] train_loss_con: -0.789
[GPU2] epochs: [208/800] train_loss_con: -0.790
[GPU2] epochs: [209/800] train_loss_con: -0.790
[GPU2] epochs: [210/800] train_loss_con: -0.790
[GPU2] epochs: [211/800] train_loss_con: -0.794
[GPU2] epochs: [212/800] train_loss_con: -0.792
[GPU2] epochs: [213/800] train_loss_con: -0.795
[GPU2] epochs: [214/800] train_loss_con: -0.790
[GPU2] epochs: [215/800] train_loss_con: -0.795
[GPU2] epochs: [216/800] train_loss_con: -0.793
[GPU2] epochs: [217/800] train_loss_con: -0.794
[GPU2] epochs: [218/800] train_loss_con: -0.793
[GPU2] epochs: [219/800] train_loss_con: -0.794
[GPU2] epochs: [220/800] train_loss_con: -0.793
[GPU2] epochs: [221/800] train_loss_con: -0.793
[GPU2] epochs: [222/800] train_loss_con: -0.788
[GPU2] epochs: [223/800] train_loss_con: -0.795
[GPU2] epochs: [224/800] train_loss_con: -0.797
[GPU2] epochs: [225/800] train_loss_con: -0.796
[GPU2] epochs: [226/800] train_loss_con: -0.798
[GPU2] epochs: [227/800] train_loss_con: -0.794
[GPU2] epochs: [228/800] train_loss_con: -0.798
[GPU2] epochs: [229/800] train_loss_con: -0.799
[GPU2] epochs: [230/800] train_loss_con: -0.796
[GPU2] epochs: [231/800] train_loss_con: -0.799
[GPU2] epochs: [232/800] train_loss_con: -0.798
[GPU2] epochs: [233/800] train_loss_con: -0.798
[GPU2] epochs: [234/800] train_loss_con: -0.800
[GPU2] epochs: [235/800] train_loss_con: -0.798
[GPU2] epochs: [236/800] train_loss_con: -0.793
[GPU2] epochs: [237/800] train_loss_con: -0.796
[GPU2] epochs: [238/800] train_loss_con: -0.796
[GPU2] epochs: [239/800] train_loss_con: -0.798
[GPU2] epochs: [240/800] train_loss_con: -0.799
[GPU2] epochs: [241/800] train_loss_con: -0.798
[GPU2] epochs: [242/800] train_loss_con: -0.795
[GPU2] epochs: [243/800] train_loss_con: -0.793
[GPU2] epochs: [244/800] train_loss_con: -0.790
[GPU2] epochs: [245/800] train_loss_con: -0.787
[GPU2] epochs: [246/800] train_loss_con: -0.788
[GPU2] epochs: [247/800] train_loss_con: -0.796
[GPU2] epochs: [248/800] train_loss_con: -0.797
[GPU2] epochs: [249/800] train_loss_con: -0.793
[GPU2] epochs: [250/800] train_loss_con: -0.794
[GPU2] epochs: [251/800] train_loss_con: -0.789
[GPU2] epochs: [252/800] train_loss_con: -0.786
[GPU2] epochs: [253/800] train_loss_con: -0.769
[GPU2] epochs: [254/800] train_loss_con: -0.766
[GPU2] epochs: [255/800] train_loss_con: -0.781
[GPU2] epochs: [256/800] train_loss_con: -0.785
[GPU2] epochs: [257/800] train_loss_con: -0.783
[GPU2] epochs: [258/800] train_loss_con: -0.790
[GPU2] epochs: [259/800] train_loss_con: -0.792
[GPU2] epochs: [260/800] train_loss_con: -0.797
[GPU2] epochs: [261/800] train_loss_con: -0.793
[GPU2] epochs: [262/800] train_loss_con: -0.796
[GPU2] epochs: [263/800] train_loss_con: -0.797
[GPU2] epochs: [264/800] train_loss_con: -0.795
[GPU2] epochs: [265/800] train_loss_con: -0.795
[GPU2] epochs: [266/800] train_loss_con: -0.796
[GPU2] epochs: [267/800] train_loss_con: -0.794
[GPU2] epochs: [268/800] train_loss_con: -0.796
[GPU2] epochs: [269/800] train_loss_con: -0.795
[GPU2] epochs: [270/800] train_loss_con: -0.795
[GPU2] epochs: [271/800] train_loss_con: -0.794
[GPU2] epochs: [272/800] train_loss_con: -0.795
[GPU2] epochs: [273/800] train_loss_con: -0.797
[GPU2] epochs: [274/800] train_loss_con: -0.798
[GPU2] epochs: [275/800] train_loss_con: -0.799
[GPU2] epochs: [276/800] train_loss_con: -0.796
[GPU2] epochs: [277/800] train_loss_con: -0.797
[GPU2] epochs: [278/800] train_loss_con: -0.799
[GPU2] epochs: [279/800] train_loss_con: -0.797
[GPU2] epochs: [280/800] train_loss_con: -0.797
[GPU2] epochs: [281/800] train_loss_con: -0.799
[GPU2] epochs: [282/800] train_loss_con: -0.799
[GPU2] epochs: [283/800] train_loss_con: -0.801
[GPU2] epochs: [284/800] train_loss_con: -0.801
[GPU2] epochs: [285/800] train_loss_con: -0.802
[GPU2] epochs: [286/800] train_loss_con: -0.802
[GPU2] epochs: [287/800] train_loss_con: -0.800
[GPU2] epochs: [288/800] train_loss_con: -0.800
[GPU2] epochs: [289/800] train_loss_con: -0.799
[GPU2] epochs: [290/800] train_loss_con: -0.800
[GPU2] epochs: [291/800] train_loss_con: -0.800
[GPU2] epochs: [292/800] train_loss_con: -0.801
[GPU2] epochs: [293/800] train_loss_con: -0.801
[GPU2] epochs: [294/800] train_loss_con: -0.800
[GPU2] epochs: [295/800] train_loss_con: -0.800
[GPU2] epochs: [296/800] train_loss_con: -0.801
[GPU2] epochs: [297/800] train_loss_con: -0.803
[GPU2] epochs: [298/800] train_loss_con: -0.800
[GPU2] epochs: [299/800] train_loss_con: -0.802
[GPU2] epochs: [300/800] train_loss_con: -0.801
[GPU2] epochs: [301/800] train_loss_con: -0.800
[GPU2] epochs: [302/800] train_loss_con: -0.800
[GPU2] epochs: [303/800] train_loss_con: -0.801
[GPU2] epochs: [304/800] train_loss_con: -0.800
[GPU2] epochs: [305/800] train_loss_con: -0.803
[GPU2] epochs: [306/800] train_loss_con: -0.803
[GPU2] epochs: [307/800] train_loss_con: -0.802
[GPU2] epochs: [308/800] train_loss_con: -0.799
[GPU2] epochs: [309/800] train_loss_con: -0.800
[GPU2] epochs: [310/800] train_loss_con: -0.799
[GPU2] epochs: [311/800] train_loss_con: -0.800
[GPU2] epochs: [312/800] train_loss_con: -0.801
[GPU2] epochs: [313/800] train_loss_con: -0.801
[GPU2] epochs: [314/800] train_loss_con: -0.800
[GPU2] epochs: [315/800] train_loss_con: -0.799
[GPU2] epochs: [316/800] train_loss_con: -0.800
[GPU2] epochs: [317/800] train_loss_con: -0.800
[GPU2] epochs: [318/800] train_loss_con: -0.800
[GPU2] epochs: [319/800] train_loss_con: -0.798
[GPU2] epochs: [320/800] train_loss_con: -0.801
[GPU2] epochs: [321/800] train_loss_con: -0.803
[GPU2] epochs: [322/800] train_loss_con: -0.801
[GPU2] epochs: [323/800] train_loss_con: -0.801
[GPU2] epochs: [324/800] train_loss_con: -0.800
[GPU2] epochs: [325/800] train_loss_con: -0.800
[GPU2] epochs: [326/800] train_loss_con: -0.799
[GPU2] epochs: [327/800] train_loss_con: -0.800
[GPU2] epochs: [328/800] train_loss_con: -0.799
[GPU2] epochs: [329/800] train_loss_con: -0.799
[GPU2] epochs: [330/800] train_loss_con: -0.801
[GPU2] epochs: [331/800] train_loss_con: -0.798
[GPU2] epochs: [332/800] train_loss_con: -0.798
[GPU2] epochs: [333/800] train_loss_con: -0.797
[GPU2] epochs: [334/800] train_loss_con: -0.798
[GPU2] epochs: [335/800] train_loss_con: -0.796
[GPU2] epochs: [336/800] train_loss_con: -0.799
[GPU2] epochs: [337/800] train_loss_con: -0.800
[GPU2] epochs: [338/800] train_loss_con: -0.799
[GPU2] epochs: [339/800] train_loss_con: -0.799
[GPU2] epochs: [340/800] train_loss_con: -0.798
[GPU2] epochs: [341/800] train_loss_con: -0.798
[GPU2] epochs: [342/800] train_loss_con: -0.799
[GPU2] epochs: [343/800] train_loss_con: -0.799
[GPU2] epochs: [344/800] train_loss_con: -0.799
[GPU2] epochs: [345/800] train_loss_con: -0.798
[GPU2] epochs: [346/800] train_loss_con: -0.797
[GPU2] epochs: [347/800] train_loss_con: -0.798
[GPU2] epochs: [348/800] train_loss_con: -0.798
[GPU2] epochs: [349/800] train_loss_con: -0.798
[GPU2] epochs: [350/800] train_loss_con: -0.798
[GPU2] epochs: [351/800] train_loss_con: -0.799
[GPU2] epochs: [352/800] train_loss_con: -0.799
[GPU2] epochs: [353/800] train_loss_con: -0.799
[GPU2] epochs: [354/800] train_loss_con: -0.795
[GPU2] epochs: [355/800] train_loss_con: -0.798
[GPU2] epochs: [356/800] train_loss_con: -0.799
[GPU2] epochs: [357/800] train_loss_con: -0.799
[GPU2] epochs: [358/800] train_loss_con: -0.797
[GPU2] epochs: [359/800] train_loss_con: -0.797
[GPU2] epochs: [360/800] train_loss_con: -0.798
[GPU2] epochs: [361/800] train_loss_con: -0.796
[GPU2] epochs: [362/800] train_loss_con: -0.799
[GPU2] epochs: [363/800] train_loss_con: -0.797
[GPU2] epochs: [364/800] train_loss_con: -0.798
[GPU2] epochs: [365/800] train_loss_con: -0.799
[GPU2] epochs: [366/800] train_loss_con: -0.796
[GPU2] epochs: [367/800] train_loss_con: -0.796
[GPU2] epochs: [368/800] train_loss_con: -0.797
[GPU2] epochs: [369/800] train_loss_con: -0.797
[GPU2] epochs: [370/800] train_loss_con: -0.797
[GPU2] epochs: [371/800] train_loss_con: -0.795
[GPU2] epochs: [372/800] train_loss_con: -0.795
[GPU2] epochs: [373/800] train_loss_con: -0.797
[GPU2] epochs: [374/800] train_loss_con: -0.795
[GPU2] epochs: [375/800] train_loss_con: -0.795
[GPU2] epochs: [376/800] train_loss_con: -0.797
[GPU2] epochs: [377/800] train_loss_con: -0.796
[GPU2] epochs: [378/800] train_loss_con: -0.795
[GPU2] epochs: [379/800] train_loss_con: -0.794
[GPU2] epochs: [380/800] train_loss_con: -0.796
[GPU2] epochs: [381/800] train_loss_con: -0.797
[GPU2] epochs: [382/800] train_loss_con: -0.796
[GPU2] epochs: [383/800] train_loss_con: -0.797
[GPU2] epochs: [384/800] train_loss_con: -0.799
[GPU2] epochs: [385/800] train_loss_con: -0.796
[GPU2] epochs: [386/800] train_loss_con: -0.797
[GPU2] epochs: [387/800] train_loss_con: -0.796
[GPU2] epochs: [388/800] train_loss_con: -0.795
[GPU2] epochs: [389/800] train_loss_con: -0.799
[GPU2] epochs: [390/800] train_loss_con: -0.799
[GPU2] epochs: [391/800] train_loss_con: -0.799
[GPU2] epochs: [392/800] train_loss_con: -0.797
[GPU2] epochs: [393/800] train_loss_con: -0.800
[GPU2] epochs: [394/800] train_loss_con: -0.797
[GPU2] epochs: [395/800] train_loss_con: -0.796
[GPU2] epochs: [396/800] train_loss_con: -0.800
[GPU2] epochs: [397/800] train_loss_con: -0.800
[GPU2] epochs: [398/800] train_loss_con: -0.797
[GPU2] epochs: [399/800] train_loss_con: -0.797
[GPU2] epochs: [400/800] train_loss_con: -0.800
[GPU2] epochs: [401/800] train_loss_con: -0.798
[GPU2] epochs: [402/800] train_loss_con: -0.796
[GPU2] epochs: [403/800] train_loss_con: -0.798
[GPU2] epochs: [404/800] train_loss_con: -0.799
[GPU2] epochs: [405/800] train_loss_con: -0.799
[GPU2] epochs: [406/800] train_loss_con: -0.800
[GPU2] epochs: [407/800] train_loss_con: -0.799
[GPU2] epochs: [408/800] train_loss_con: -0.799
[GPU2] epochs: [409/800] train_loss_con: -0.800
[GPU2] epochs: [410/800] train_loss_con: -0.800
[GPU2] epochs: [411/800] train_loss_con: -0.801
[GPU2] epochs: [412/800] train_loss_con: -0.802
[GPU2] epochs: [413/800] train_loss_con: -0.803
[GPU2] epochs: [414/800] train_loss_con: -0.801
[GPU2] epochs: [415/800] train_loss_con: -0.802
[GPU2] epochs: [416/800] train_loss_con: -0.801
[GPU2] epochs: [417/800] train_loss_con: -0.802
[GPU2] epochs: [418/800] train_loss_con: -0.801
[GPU2] epochs: [419/800] train_loss_con: -0.802
[GPU2] epochs: [420/800] train_loss_con: -0.799
[GPU2] epochs: [421/800] train_loss_con: -0.802
[GPU2] epochs: [422/800] train_loss_con: -0.803
[GPU2] epochs: [423/800] train_loss_con: -0.802
[GPU2] epochs: [424/800] train_loss_con: -0.801
[GPU2] epochs: [425/800] train_loss_con: -0.801
[GPU2] epochs: [426/800] train_loss_con: -0.803
[GPU2] epochs: [427/800] train_loss_con: -0.803
[GPU2] epochs: [428/800] train_loss_con: -0.803
[GPU2] epochs: [429/800] train_loss_con: -0.801
[GPU2] epochs: [430/800] train_loss_con: -0.800
[GPU2] epochs: [431/800] train_loss_con: -0.802
[GPU2] epochs: [432/800] train_loss_con: -0.801
[GPU2] epochs: [433/800] train_loss_con: -0.800
[GPU2] epochs: [434/800] train_loss_con: -0.802
[GPU2] epochs: [435/800] train_loss_con: -0.803
[GPU2] epochs: [436/800] train_loss_con: -0.803
[GPU2] epochs: [437/800] train_loss_con: -0.803
[GPU2] epochs: [438/800] train_loss_con: -0.803
[GPU2] epochs: [439/800] train_loss_con: -0.803
[GPU2] epochs: [440/800] train_loss_con: -0.804
[GPU2] epochs: [441/800] train_loss_con: -0.803
[GPU2] epochs: [442/800] train_loss_con: -0.803
[GPU2] epochs: [443/800] train_loss_con: -0.802
[GPU2] epochs: [444/800] train_loss_con: -0.803
[GPU2] epochs: [445/800] train_loss_con: -0.806
[GPU2] epochs: [446/800] train_loss_con: -0.805
[GPU2] epochs: [447/800] train_loss_con: -0.806
[GPU2] epochs: [448/800] train_loss_con: -0.806
[GPU2] epochs: [449/800] train_loss_con: -0.806
[GPU2] epochs: [450/800] train_loss_con: -0.808
[GPU2] epochs: [451/800] train_loss_con: -0.808
[GPU2] epochs: [452/800] train_loss_con: -0.809
[GPU2] epochs: [453/800] train_loss_con: -0.808
[GPU2] epochs: [454/800] train_loss_con: -0.809
[GPU2] epochs: [455/800] train_loss_con: -0.809
[GPU2] epochs: [456/800] train_loss_con: -0.807
[GPU2] epochs: [457/800] train_loss_con: -0.810
[GPU2] epochs: [458/800] train_loss_con: -0.811
[GPU2] epochs: [459/800] train_loss_con: -0.809
[GPU2] epochs: [460/800] train_loss_con: -0.809
[GPU2] epochs: [461/800] train_loss_con: -0.809
[GPU2] epochs: [462/800] train_loss_con: -0.807
[GPU2] epochs: [463/800] train_loss_con: -0.807
[GPU2] epochs: [464/800] train_loss_con: -0.809
[GPU2] epochs: [465/800] train_loss_con: -0.809
[GPU2] epochs: [466/800] train_loss_con: -0.810
[GPU2] epochs: [467/800] train_loss_con: -0.813
[GPU2] epochs: [468/800] train_loss_con: -0.811
[GPU2] epochs: [469/800] train_loss_con: -0.810
[GPU2] epochs: [470/800] train_loss_con: -0.812
[GPU2] epochs: [471/800] train_loss_con: -0.811
[GPU2] epochs: [472/800] train_loss_con: -0.812
[GPU2] epochs: [473/800] train_loss_con: -0.810
[GPU2] epochs: [474/800] train_loss_con: -0.812
[GPU2] epochs: [475/800] train_loss_con: -0.811
[GPU2] epochs: [476/800] train_loss_con: -0.812
[GPU2] epochs: [477/800] train_loss_con: -0.813
[GPU2] epochs: [478/800] train_loss_con: -0.814
[GPU2] epochs: [479/800] train_loss_con: -0.816
[GPU2] epochs: [480/800] train_loss_con: -0.815
[GPU2] epochs: [481/800] train_loss_con: -0.813
[GPU2] epochs: [482/800] train_loss_con: -0.815
[GPU2] epochs: [483/800] train_loss_con: -0.815
[GPU2] epochs: [484/800] train_loss_con: -0.815
[GPU2] epochs: [485/800] train_loss_con: -0.815
[GPU2] epochs: [486/800] train_loss_con: -0.816
[GPU2] epochs: [487/800] train_loss_con: -0.815
[GPU2] epochs: [488/800] train_loss_con: -0.815
[GPU2] epochs: [489/800] train_loss_con: -0.816
[GPU2] epochs: [490/800] train_loss_con: -0.815
[GPU2] epochs: [491/800] train_loss_con: -0.816
[GPU2] epochs: [492/800] train_loss_con: -0.816
[GPU2] epochs: [493/800] train_loss_con: -0.819
[GPU2] epochs: [494/800] train_loss_con: -0.820
[GPU2] epochs: [495/800] train_loss_con: -0.819
[GPU2] epochs: [496/800] train_loss_con: -0.820
[GPU2] epochs: [497/800] train_loss_con: -0.821
[GPU2] epochs: [498/800] train_loss_con: -0.821
[GPU2] epochs: [499/800] train_loss_con: -0.820
[GPU2] epochs: [500/800] train_loss_con: -0.822
[GPU2] epochs: [501/800] train_loss_con: -0.824
[GPU2] epochs: [502/800] train_loss_con: -0.823
[GPU2] epochs: [503/800] train_loss_con: -0.825
[GPU2] epochs: [504/800] train_loss_con: -0.823
[GPU2] epochs: [505/800] train_loss_con: -0.822
[GPU2] epochs: [506/800] train_loss_con: -0.823
[GPU2] epochs: [507/800] train_loss_con: -0.827
[GPU2] epochs: [508/800] train_loss_con: -0.829
[GPU2] epochs: [509/800] train_loss_con: -0.830
[GPU2] epochs: [510/800] train_loss_con: -0.831
[GPU2] epochs: [511/800] train_loss_con: -0.830
[GPU2] epochs: [512/800] train_loss_con: -0.833
[GPU2] epochs: [513/800] train_loss_con: -0.832
[GPU2] epochs: [514/800] train_loss_con: -0.832
[GPU2] epochs: [515/800] train_loss_con: -0.831
[GPU2] epochs: [516/800] train_loss_con: -0.832
[GPU2] epochs: [517/800] train_loss_con: -0.831
[GPU2] epochs: [518/800] train_loss_con: -0.831
[GPU2] epochs: [519/800] train_loss_con: -0.834
[GPU2] epochs: [520/800] train_loss_con: -0.835
[GPU2] epochs: [521/800] train_loss_con: -0.836
[GPU2] epochs: [522/800] train_loss_con: -0.837
[GPU2] epochs: [523/800] train_loss_con: -0.838
[GPU2] epochs: [524/800] train_loss_con: -0.835
[GPU2] epochs: [525/800] train_loss_con: -0.838
[GPU2] epochs: [526/800] train_loss_con: -0.837
[GPU2] epochs: [527/800] train_loss_con: -0.839
[GPU2] epochs: [528/800] train_loss_con: -0.839
[GPU2] epochs: [529/800] train_loss_con: -0.839
[GPU2] epochs: [530/800] train_loss_con: -0.839
[GPU2] epochs: [531/800] train_loss_con: -0.839
[GPU2] epochs: [532/800] train_loss_con: -0.837
[GPU2] epochs: [533/800] train_loss_con: -0.840
[GPU2] epochs: [534/800] train_loss_con: -0.840
[GPU2] epochs: [535/800] train_loss_con: -0.839
[GPU2] epochs: [536/800] train_loss_con: -0.840
[GPU2] epochs: [537/800] train_loss_con: -0.839
[GPU2] epochs: [538/800] train_loss_con: -0.841
[GPU2] epochs: [539/800] train_loss_con: -0.842
[GPU2] epochs: [540/800] train_loss_con: -0.845
[GPU2] epochs: [541/800] train_loss_con: -0.844
[GPU2] epochs: [542/800] train_loss_con: -0.843
[GPU2] epochs: [543/800] train_loss_con: -0.843
[GPU2] epochs: [544/800] train_loss_con: -0.842
[GPU2] epochs: [545/800] train_loss_con: -0.842
[GPU2] epochs: [546/800] train_loss_con: -0.844
[GPU2] epochs: [547/800] train_loss_con: -0.844
[GPU2] epochs: [548/800] train_loss_con: -0.842
[GPU2] epochs: [549/800] train_loss_con: -0.842
[GPU2] epochs: [550/800] train_loss_con: -0.843
[GPU2] epochs: [551/800] train_loss_con: -0.840
[GPU2] epochs: [552/800] train_loss_con: -0.841
[GPU2] epochs: [553/800] train_loss_con: -0.843
[GPU2] epochs: [554/800] train_loss_con: -0.844
[GPU2] epochs: [555/800] train_loss_con: -0.844
[GPU2] epochs: [556/800] train_loss_con: -0.843
[GPU2] epochs: [557/800] train_loss_con: -0.844
[GPU2] epochs: [558/800] train_loss_con: -0.843
[GPU2] epochs: [559/800] train_loss_con: -0.844
[GPU2] epochs: [560/800] train_loss_con: -0.845
[GPU2] epochs: [561/800] train_loss_con: -0.845
[GPU2] epochs: [562/800] train_loss_con: -0.847
[GPU2] epochs: [563/800] train_loss_con: -0.847
[GPU2] epochs: [564/800] train_loss_con: -0.849
[GPU2] epochs: [565/800] train_loss_con: -0.850
[GPU2] epochs: [566/800] train_loss_con: -0.848
[GPU2] epochs: [567/800] train_loss_con: -0.847
[GPU2] epochs: [568/800] train_loss_con: -0.847
[GPU2] epochs: [569/800] train_loss_con: -0.847
[GPU2] epochs: [570/800] train_loss_con: -0.845
[GPU2] epochs: [571/800] train_loss_con: -0.846
[GPU2] epochs: [572/800] train_loss_con: -0.844
[GPU2] epochs: [573/800] train_loss_con: -0.846
[GPU2] epochs: [574/800] train_loss_con: -0.846
[GPU2] epochs: [575/800] train_loss_con: -0.845
[GPU2] epochs: [576/800] train_loss_con: -0.845
[GPU2] epochs: [577/800] train_loss_con: -0.845
[GPU2] epochs: [578/800] train_loss_con: -0.844
[GPU2] epochs: [579/800] train_loss_con: -0.847
[GPU2] epochs: [580/800] train_loss_con: -0.845
[GPU2] epochs: [581/800] train_loss_con: -0.845
[GPU2] epochs: [582/800] train_loss_con: -0.844
[GPU2] epochs: [583/800] train_loss_con: -0.847
[GPU2] epochs: [584/800] train_loss_con: -0.846
[GPU2] epochs: [585/800] train_loss_con: -0.844
[GPU2] epochs: [586/800] train_loss_con: -0.845
[GPU2] epochs: [587/800] train_loss_con: -0.846
[GPU2] epochs: [588/800] train_loss_con: -0.846
[GPU2] epochs: [589/800] train_loss_con: -0.846
[GPU2] epochs: [590/800] train_loss_con: -0.845
[GPU2] epochs: [591/800] train_loss_con: -0.846
[GPU2] epochs: [592/800] train_loss_con: -0.843
[GPU2] epochs: [593/800] train_loss_con: -0.844
[GPU2] epochs: [594/800] train_loss_con: -0.845
[GPU2] epochs: [595/800] train_loss_con: -0.844
[GPU2] epochs: [596/800] train_loss_con: -0.846
[GPU2] epochs: [597/800] train_loss_con: -0.846
[GPU2] epochs: [598/800] train_loss_con: -0.846
[GPU2] epochs: [599/800] train_loss_con: -0.844
[GPU2] epochs: [600/800] train_loss_con: -0.845
[GPU2] epochs: [601/800] train_loss_con: -0.844
[GPU2] epochs: [602/800] train_loss_con: -0.845
[GPU2] epochs: [603/800] train_loss_con: -0.844
[GPU2] epochs: [604/800] train_loss_con: -0.848
[GPU2] epochs: [605/800] train_loss_con: -0.846
[GPU2] epochs: [606/800] train_loss_con: -0.847
[GPU2] epochs: [607/800] train_loss_con: -0.846
[GPU2] epochs: [608/800] train_loss_con: -0.845
[GPU2] epochs: [609/800] train_loss_con: -0.846
[GPU2] epochs: [610/800] train_loss_con: -0.845
[GPU2] epochs: [611/800] train_loss_con: -0.845
[GPU2] epochs: [612/800] train_loss_con: -0.845
[GPU2] epochs: [613/800] train_loss_con: -0.847
[GPU2] epochs: [614/800] train_loss_con: -0.848
[GPU2] epochs: [615/800] train_loss_con: -0.847
[GPU2] epochs: [616/800] train_loss_con: -0.848
[GPU2] epochs: [617/800] train_loss_con: -0.846
[GPU2] epochs: [618/800] train_loss_con: -0.847
[GPU2] epochs: [619/800] train_loss_con: -0.849
[GPU2] epochs: [620/800] train_loss_con: -0.848
[GPU2] epochs: [621/800] train_loss_con: -0.849
[GPU2] epochs: [622/800] train_loss_con: -0.849
[GPU2] epochs: [623/800] train_loss_con: -0.851
[GPU2] epochs: [624/800] train_loss_con: -0.850
[GPU2] epochs: [625/800] train_loss_con: -0.848
[GPU2] epochs: [626/800] train_loss_con: -0.848
[GPU2] epochs: [627/800] train_loss_con: -0.848
[GPU2] epochs: [628/800] train_loss_con: -0.849
[GPU2] epochs: [629/800] train_loss_con: -0.852
[GPU2] epochs: [630/800] train_loss_con: -0.851
[GPU2] epochs: [631/800] train_loss_con: -0.853
[GPU2] epochs: [632/800] train_loss_con: -0.853
[GPU2] epochs: [633/800] train_loss_con: -0.851
[GPU2] epochs: [634/800] train_loss_con: -0.851
[GPU2] epochs: [635/800] train_loss_con: -0.852
[GPU2] epochs: [636/800] train_loss_con: -0.851
[GPU2] epochs: [637/800] train_loss_con: -0.851
[GPU2] epochs: [638/800] train_loss_con: -0.855
[GPU2] epochs: [639/800] train_loss_con: -0.853
[GPU2] epochs: [640/800] train_loss_con: -0.852
[GPU2] epochs: [641/800] train_loss_con: -0.854
[GPU2] epochs: [642/800] train_loss_con: -0.854
[GPU2] epochs: [643/800] train_loss_con: -0.854
[GPU2] epochs: [644/800] train_loss_con: -0.854
[GPU2] epochs: [645/800] train_loss_con: -0.854
[GPU2] epochs: [646/800] train_loss_con: -0.853
[GPU2] epochs: [647/800] train_loss_con: -0.855
[GPU2] epochs: [648/800] train_loss_con: -0.857
[GPU2] epochs: [649/800] train_loss_con: -0.859
[GPU2] epochs: [650/800] train_loss_con: -0.858
[GPU2] epochs: [651/800] train_loss_con: -0.858
[GPU2] epochs: [652/800] train_loss_con: -0.859
[GPU2] epochs: [653/800] train_loss_con: -0.858
[GPU2] epochs: [654/800] train_loss_con: -0.858
[GPU2] epochs: [655/800] train_loss_con: -0.858
[GPU2] epochs: [656/800] train_loss_con: -0.858
[GPU2] epochs: [657/800] train_loss_con: -0.861
[GPU2] epochs: [658/800] train_loss_con: -0.861
[GPU2] epochs: [659/800] train_loss_con: -0.858
[GPU2] epochs: [660/800] train_loss_con: -0.858
[GPU2] epochs: [661/800] train_loss_con: -0.858
[GPU2] epochs: [662/800] train_loss_con: -0.859
[GPU2] epochs: [663/800] train_loss_con: -0.859
[GPU2] epochs: [664/800] train_loss_con: -0.859
[GPU2] epochs: [665/800] train_loss_con: -0.860
[GPU2] epochs: [666/800] train_loss_con: -0.862
[GPU2] epochs: [667/800] train_loss_con: -0.860
[GPU2] epochs: [668/800] train_loss_con: -0.860
[GPU2] epochs: [669/800] train_loss_con: -0.863
[GPU2] epochs: [670/800] train_loss_con: -0.862
[GPU2] epochs: [671/800] train_loss_con: -0.864
[GPU2] epochs: [672/800] train_loss_con: -0.862
[GPU2] epochs: [673/800] train_loss_con: -0.863
[GPU2] epochs: [674/800] train_loss_con: -0.863
[GPU2] epochs: [675/800] train_loss_con: -0.863
[GPU2] epochs: [676/800] train_loss_con: -0.863
[GPU2] epochs: [677/800] train_loss_con: -0.864
[GPU2] epochs: [678/800] train_loss_con: -0.862
[GPU2] epochs: [679/800] train_loss_con: -0.864
[GPU2] epochs: [680/800] train_loss_con: -0.864
[GPU2] epochs: [681/800] train_loss_con: -0.866
[GPU2] epochs: [682/800] train_loss_con: -0.866
[GPU2] epochs: [683/800] train_loss_con: -0.865
[GPU2] epochs: [684/800] train_loss_con: -0.866
[GPU2] epochs: [685/800] train_loss_con: -0.866
[GPU2] epochs: [686/800] train_loss_con: -0.866
[GPU2] epochs: [687/800] train_loss_con: -0.866
[GPU2] epochs: [688/800] train_loss_con: -0.868
[GPU2] epochs: [689/800] train_loss_con: -0.867
[GPU2] epochs: [690/800] train_loss_con: -0.867
[GPU2] epochs: [691/800] train_loss_con: -0.867
[GPU2] epochs: [692/800] train_loss_con: -0.869
[GPU2] epochs: [693/800] train_loss_con: -0.868
[GPU2] epochs: [694/800] train_loss_con: -0.869
[GPU2] epochs: [695/800] train_loss_con: -0.869
[GPU2] epochs: [696/800] train_loss_con: -0.869
[GPU2] epochs: [697/800] train_loss_con: -0.868
[GPU2] epochs: [698/800] train_loss_con: -0.871
[GPU2] epochs: [699/800] train_loss_con: -0.869
[GPU2] epochs: [700/800] train_loss_con: -0.870
[GPU2] epochs: [701/800] train_loss_con: -0.870
[GPU2] epochs: [702/800] train_loss_con: -0.869
[GPU2] epochs: [703/800] train_loss_con: -0.870
[GPU2] epochs: [704/800] train_loss_con: -0.871
[GPU2] epochs: [705/800] train_loss_con: -0.871
[GPU2] epochs: [706/800] train_loss_con: -0.871
[GPU2] epochs: [707/800] train_loss_con: -0.871
[GPU2] epochs: [708/800] train_loss_con: -0.873
[GPU2] epochs: [709/800] train_loss_con: -0.871
[GPU2] epochs: [710/800] train_loss_con: -0.873
[GPU2] epochs: [711/800] train_loss_con: -0.873
[GPU2] epochs: [712/800] train_loss_con: -0.873
[GPU2] epochs: [713/800] train_loss_con: -0.873
[GPU2] epochs: [714/800] train_loss_con: -0.873
[GPU2] epochs: [715/800] train_loss_con: -0.873
[GPU2] epochs: [716/800] train_loss_con: -0.874
[GPU2] epochs: [717/800] train_loss_con: -0.873
[GPU2] epochs: [718/800] train_loss_con: -0.872
[GPU2] epochs: [719/800] train_loss_con: -0.875
[GPU2] epochs: [720/800] train_loss_con: -0.873
[GPU2] epochs: [721/800] train_loss_con: -0.874
[GPU2] epochs: [722/800] train_loss_con: -0.876
[GPU2] epochs: [723/800] train_loss_con: -0.876
[GPU2] epochs: [724/800] train_loss_con: -0.874
[GPU2] epochs: [725/800] train_loss_con: -0.875
[GPU2] epochs: [726/800] train_loss_con: -0.875
[GPU2] epochs: [727/800] train_loss_con: -0.875
[GPU2] epochs: [728/800] train_loss_con: -0.876
[GPU2] epochs: [729/800] train_loss_con: -0.877
[GPU2] epochs: [730/800] train_loss_con: -0.876
[GPU2] epochs: [731/800] train_loss_con: -0.878
[GPU2] epochs: [732/800] train_loss_con: -0.879
[GPU2] epochs: [733/800] train_loss_con: -0.877
[GPU2] epochs: [734/800] train_loss_con: -0.877
[GPU2] epochs: [735/800] train_loss_con: -0.878
[GPU2] epochs: [736/800] train_loss_con: -0.878
[GPU2] epochs: [737/800] train_loss_con: -0.877
[GPU2] epochs: [738/800] train_loss_con: -0.880
[GPU2] epochs: [739/800] train_loss_con: -0.878
[GPU2] epochs: [740/800] train_loss_con: -0.880
[GPU2] epochs: [741/800] train_loss_con: -0.880
[GPU2] epochs: [742/800] train_loss_con: -0.879
[GPU2] epochs: [743/800] train_loss_con: -0.880
[GPU2] epochs: [744/800] train_loss_con: -0.881
[GPU2] epochs: [745/800] train_loss_con: -0.881
[GPU2] epochs: [746/800] train_loss_con: -0.880
[GPU2] epochs: [747/800] train_loss_con: -0.880
[GPU2] epochs: [748/800] train_loss_con: -0.881
[GPU2] epochs: [749/800] train_loss_con: -0.881
[GPU2] epochs: [750/800] train_loss_con: -0.880
[GPU2] epochs: [751/800] train_loss_con: -0.881
[GPU2] epochs: [752/800] train_loss_con: -0.880
[GPU2] epochs: [753/800] train_loss_con: -0.881
[GPU2] epochs: [754/800] train_loss_con: -0.882
[GPU2] epochs: [755/800] train_loss_con: -0.881
[GPU2] epochs: [756/800] train_loss_con: -0.882
[GPU2] epochs: [757/800] train_loss_con: -0.883
[GPU2] epochs: [758/800] train_loss_con: -0.882
[GPU2] epochs: [759/800] train_loss_con: -0.884
[GPU2] epochs: [760/800] train_loss_con: -0.884
[GPU2] epochs: [761/800] train_loss_con: -0.883
[GPU2] epochs: [762/800] train_loss_con: -0.882
[GPU2] epochs: [763/800] train_loss_con: -0.883
[GPU2] epochs: [764/800] train_loss_con: -0.884
[GPU2] epochs: [765/800] train_loss_con: -0.882
[GPU2] epochs: [766/800] train_loss_con: -0.883
[GPU2] epochs: [767/800] train_loss_con: -0.884
[GPU2] epochs: [768/800] train_loss_con: -0.884
[GPU2] epochs: [769/800] train_loss_con: -0.885
[GPU2] epochs: [770/800] train_loss_con: -0.886
[GPU2] epochs: [771/800] train_loss_con: -0.884
[GPU2] epochs: [772/800] train_loss_con: -0.883
[GPU2] epochs: [773/800] train_loss_con: -0.884
[GPU2] epochs: [774/800] train_loss_con: -0.884
[GPU2] epochs: [775/800] train_loss_con: -0.886
[GPU2] epochs: [776/800] train_loss_con: -0.885
[GPU2] epochs: [777/800] train_loss_con: -0.884
[GPU2] epochs: [778/800] train_loss_con: -0.887
[GPU2] epochs: [779/800] train_loss_con: -0.885
[GPU2] epochs: [780/800] train_loss_con: -0.886
[GPU2] epochs: [781/800] train_loss_con: -0.884
[GPU2] epochs: [782/800] train_loss_con: -0.885
[GPU2] epochs: [783/800] train_loss_con: -0.886
[GPU2] epochs: [784/800] train_loss_con: -0.887
[GPU2] epochs: [785/800] train_loss_con: -0.886
[GPU2] epochs: [786/800] train_loss_con: -0.884
[GPU2] epochs: [787/800] train_loss_con: -0.885
[GPU2] epochs: [788/800] train_loss_con: -0.886
[GPU2] epochs: [789/800] train_loss_con: -0.887
[GPU2] epochs: [790/800] train_loss_con: -0.885
[GPU2] epochs: [791/800] train_loss_con: -0.886
[GPU2] epochs: [792/800] train_loss_con: -0.886
[GPU2] epochs: [793/800] train_loss_con: -0.884
[GPU2] epochs: [794/800] train_loss_con: -0.887
[GPU2] epochs: [795/800] train_loss_con: -0.885
[GPU2] epochs: [796/800] train_loss_con: -0.887
[GPU2] epochs: [797/800] train_loss_con: -0.887
[GPU2] epochs: [798/800] train_loss_con: -0.886
[GPU2] epochs: [799/800] train_loss_con: -0.886
[GPU2] epochs: [800/800] train_loss_con: -0.887
### TSNE starts
### MLP training begins
[GPU2] Test Accuracy at epoch: 0: 0.032
[GPU2] epochs: [1/100] train_acc: 0.019 train_loss_sup: 4.603
[GPU2] epochs: [2/100] train_acc: 0.058 train_loss_sup: 4.597
[GPU2] epochs: [3/100] train_acc: 0.119 train_loss_sup: 4.591
[GPU2] epochs: [4/100] train_acc: 0.171 train_loss_sup: 4.584
[GPU2] epochs: [5/100] train_acc: 0.263 train_loss_sup: 4.578
[GPU2] epochs: [6/100] train_acc: 0.303 train_loss_sup: 4.571
[GPU2] epochs: [7/100] train_acc: 0.337 train_loss_sup: 4.565
[GPU2] epochs: [8/100] train_acc: 0.384 train_loss_sup: 4.559
[GPU2] epochs: [9/100] train_acc: 0.403 train_loss_sup: 4.552
[GPU2] epochs: [10/100] train_acc: 0.410 train_loss_sup: 4.546
[GPU2] Test Accuracy at epoch: 10: 0.48
[GPU2] epochs: [11/100] train_acc: 0.409 train_loss_sup: 4.539
[GPU2] epochs: [12/100] train_acc: 0.440 train_loss_sup: 4.533
[GPU2] epochs: [13/100] train_acc: 0.457 train_loss_sup: 4.527
[GPU2] epochs: [14/100] train_acc: 0.448 train_loss_sup: 4.520
[GPU2] epochs: [15/100] train_acc: 0.453 train_loss_sup: 4.514
[GPU2] epochs: [16/100] train_acc: 0.461 train_loss_sup: 4.508
[GPU2] epochs: [17/100] train_acc: 0.465 train_loss_sup: 4.502
[GPU2] epochs: [18/100] train_acc: 0.473 train_loss_sup: 4.495
[GPU2] epochs: [19/100] train_acc: 0.482 train_loss_sup: 4.489
[GPU2] epochs: [20/100] train_acc: 0.478 train_loss_sup: 4.483
[GPU2] Test Accuracy at epoch: 20: 0.533
[GPU2] epochs: [21/100] train_acc: 0.481 train_loss_sup: 4.476
[GPU2] epochs: [22/100] train_acc: 0.480 train_loss_sup: 4.470
[GPU2] epochs: [23/100] train_acc: 0.484 train_loss_sup: 4.464
[GPU2] epochs: [24/100] train_acc: 0.493 train_loss_sup: 4.457
[GPU2] epochs: [25/100] train_acc: 0.488 train_loss_sup: 4.451
[GPU2] epochs: [26/100] train_acc: 0.490 train_loss_sup: 4.445
[GPU2] epochs: [27/100] train_acc: 0.497 train_loss_sup: 4.439
[GPU2] epochs: [28/100] train_acc: 0.491 train_loss_sup: 4.432
[GPU2] epochs: [29/100] train_acc: 0.490 train_loss_sup: 4.426
[GPU2] epochs: [30/100] train_acc: 0.499 train_loss_sup: 4.420
[GPU2] Test Accuracy at epoch: 30: 0.522
[GPU2] epochs: [31/100] train_acc: 0.493 train_loss_sup: 4.414
[GPU2] epochs: [32/100] train_acc: 0.493 train_loss_sup: 4.407
[GPU2] epochs: [33/100] train_acc: 0.495 train_loss_sup: 4.401
[GPU2] epochs: [34/100] train_acc: 0.499 train_loss_sup: 4.395
[GPU2] epochs: [35/100] train_acc: 0.499 train_loss_sup: 4.389
[GPU2] epochs: [36/100] train_acc: 0.494 train_loss_sup: 4.383
[GPU2] epochs: [37/100] train_acc: 0.506 train_loss_sup: 4.376
[GPU2] epochs: [38/100] train_acc: 0.494 train_loss_sup: 4.370
[GPU2] epochs: [39/100] train_acc: 0.501 train_loss_sup: 4.364
[GPU2] epochs: [40/100] train_acc: 0.504 train_loss_sup: 4.357
[GPU2] Test Accuracy at epoch: 40: 0.531
[GPU2] epochs: [41/100] train_acc: 0.499 train_loss_sup: 4.352
[GPU2] epochs: [42/100] train_acc: 0.500 train_loss_sup: 4.346
[GPU2] epochs: [43/100] train_acc: 0.502 train_loss_sup: 4.339
[GPU2] epochs: [44/100] train_acc: 0.505 train_loss_sup: 4.333
[GPU2] epochs: [45/100] train_acc: 0.501 train_loss_sup: 4.327
[GPU2] epochs: [46/100] train_acc: 0.505 train_loss_sup: 4.321
[GPU2] epochs: [47/100] train_acc: 0.503 train_loss_sup: 4.314
[GPU2] epochs: [48/100] train_acc: 0.501 train_loss_sup: 4.309
[GPU2] epochs: [49/100] train_acc: 0.505 train_loss_sup: 4.302
[GPU2] epochs: [50/100] train_acc: 0.504 train_loss_sup: 4.297
[GPU2] Test Accuracy at epoch: 50: 0.531
[GPU2] epochs: [51/100] train_acc: 0.505 train_loss_sup: 4.290
[GPU2] epochs: [52/100] train_acc: 0.502 train_loss_sup: 4.285
[GPU2] epochs: [53/100] train_acc: 0.508 train_loss_sup: 4.278
[GPU2] epochs: [54/100] train_acc: 0.504 train_loss_sup: 4.272
[GPU2] epochs: [55/100] train_acc: 0.507 train_loss_sup: 4.266
[GPU2] epochs: [56/100] train_acc: 0.503 train_loss_sup: 4.260
[GPU2] epochs: [57/100] train_acc: 0.502 train_loss_sup: 4.254
[GPU2] epochs: [58/100] train_acc: 0.508 train_loss_sup: 4.248
[GPU2] epochs: [59/100] train_acc: 0.505 train_loss_sup: 4.242
[GPU2] epochs: [60/100] train_acc: 0.510 train_loss_sup: 4.235
[GPU2] Test Accuracy at epoch: 60: 0.532
[GPU2] epochs: [61/100] train_acc: 0.508 train_loss_sup: 4.229
[GPU2] epochs: [62/100] train_acc: 0.508 train_loss_sup: 4.224
[GPU2] epochs: [63/100] train_acc: 0.509 train_loss_sup: 4.218
[GPU2] epochs: [64/100] train_acc: 0.506 train_loss_sup: 4.211
[GPU2] epochs: [65/100] train_acc: 0.505 train_loss_sup: 4.206
[GPU2] epochs: [66/100] train_acc: 0.508 train_loss_sup: 4.199
[GPU2] epochs: [67/100] train_acc: 0.506 train_loss_sup: 4.194
[GPU2] epochs: [68/100] train_acc: 0.506 train_loss_sup: 4.188
[GPU2] epochs: [69/100] train_acc: 0.506 train_loss_sup: 4.182
[GPU2] epochs: [70/100] train_acc: 0.510 train_loss_sup: 4.175
[GPU2] Test Accuracy at epoch: 70: 0.536
[GPU2] epochs: [71/100] train_acc: 0.507 train_loss_sup: 4.170
[GPU2] epochs: [72/100] train_acc: 0.509 train_loss_sup: 4.163
[GPU2] epochs: [73/100] train_acc: 0.506 train_loss_sup: 4.158
[GPU2] epochs: [74/100] train_acc: 0.507 train_loss_sup: 4.152
[GPU2] epochs: [75/100] train_acc: 0.511 train_loss_sup: 4.146
[GPU2] epochs: [76/100] train_acc: 0.507 train_loss_sup: 4.141
[GPU2] epochs: [77/100] train_acc: 0.506 train_loss_sup: 4.135
[GPU2] epochs: [78/100] train_acc: 0.509 train_loss_sup: 4.128
[GPU2] epochs: [79/100] train_acc: 0.511 train_loss_sup: 4.123
[GPU2] epochs: [80/100] train_acc: 0.510 train_loss_sup: 4.116
[GPU2] Test Accuracy at epoch: 80: 0.536
[GPU2] epochs: [81/100] train_acc: 0.513 train_loss_sup: 4.110
[GPU2] epochs: [82/100] train_acc: 0.507 train_loss_sup: 4.104
[GPU2] epochs: [83/100] train_acc: 0.512 train_loss_sup: 4.099
[GPU2] epochs: [84/100] train_acc: 0.512 train_loss_sup: 4.093
[GPU2] epochs: [85/100] train_acc: 0.511 train_loss_sup: 4.086
[GPU2] epochs: [86/100] train_acc: 0.510 train_loss_sup: 4.081
[GPU2] epochs: [87/100] train_acc: 0.509 train_loss_sup: 4.076
[GPU2] epochs: [88/100] train_acc: 0.509 train_loss_sup: 4.070
[GPU2] epochs: [89/100] train_acc: 0.507 train_loss_sup: 4.065
[GPU2] epochs: [90/100] train_acc: 0.510 train_loss_sup: 4.057
[GPU2] Test Accuracy at epoch: 90: 0.534
[GPU2] epochs: [91/100] train_acc: 0.511 train_loss_sup: 4.051
[GPU2] epochs: [92/100] train_acc: 0.509 train_loss_sup: 4.046
[GPU2] epochs: [93/100] train_acc: 0.513 train_loss_sup: 4.041
[GPU2] epochs: [94/100] train_acc: 0.511 train_loss_sup: 4.035
[GPU2] epochs: [95/100] train_acc: 0.511 train_loss_sup: 4.029
[GPU2] epochs: [96/100] train_acc: 0.510 train_loss_sup: 4.023
[GPU2] epochs: [97/100] train_acc: 0.511 train_loss_sup: 4.017
[GPU2] epochs: [98/100] train_acc: 0.512 train_loss_sup: 4.012
[GPU2] epochs: [99/100] train_acc: 0.512 train_loss_sup: 4.006
[GPU2] epochs: [100/100] train_acc: 0.513 train_loss_sup: 4.001
[GPU2] Final Test Accuracy: 0.533
Model weights saved
<All keys matched successfully>
knn evalution
logistic regression evalution
knn_acc: 0.588, log_reg_acc: 0.662
