environment: 
YAML: configs/simsiam.c10.yaml
==> SEED: 42
==> num_classes: 10
==> data_name: cifar10
==> data_params: {'algo': 'simsiam', 'data_dir': 'datasets/cifar10', 'batch_size': 512, 'num_workers': 3, 'image_size': 32}
==> return_logs: False
==> eval_every: 10
==> n_epochs: 800
==> n_epochs_mlp: 100
==> gpu_id: 7
==> opt: SGD
==> opt_params: {'lr': 0.06, 'momentum': 0.9, 'weight_decay': 0.0001}
==> schedular_params: {'T_max': 800, 'eta_min': 0.001}
==> mlp_opt: SGD
==> mlp_opt_params: {'lr': 0.01, 'momentum': 0.9}
==> model_params: {'model_name': 'resnet50', 'pretrained': False, 'proj_dim': 128, 'algo_type': 'simsiam', 'pred_dim': 512}
==> mlp_type: hidden
==> loss: simsiam
==> distributed: False
==> train_algo: simsiam
--------------------------------------------------
===> using hiddin mlp
using optimizer: SGD
using optimizer: SGD
loss function: simsiam
Files already downloaded and verified
Files already downloaded and verified
Files already downloaded and verified
# of Training Images: 50000
# of Testing Images: 10000
### simsiam Training begins
[GPU7] epochs: [1/800] train_loss_con: -0.631
[GPU7] epochs: [2/800] train_loss_con: -0.878
[GPU7] epochs: [3/800] train_loss_con: -0.829
[GPU7] epochs: [4/800] train_loss_con: -0.775
[GPU7] epochs: [5/800] train_loss_con: -0.787
[GPU7] epochs: [6/800] train_loss_con: -0.791
[GPU7] epochs: [7/800] train_loss_con: -0.757
[GPU7] epochs: [8/800] train_loss_con: -0.709
[GPU7] epochs: [9/800] train_loss_con: -0.695
[GPU7] epochs: [10/800] train_loss_con: -0.700
[GPU7] epochs: [11/800] train_loss_con: -0.709
[GPU7] epochs: [12/800] train_loss_con: -0.714
[GPU7] epochs: [13/800] train_loss_con: -0.717
[GPU7] epochs: [14/800] train_loss_con: -0.696
[GPU7] epochs: [15/800] train_loss_con: -0.692
[GPU7] epochs: [16/800] train_loss_con: -0.727
[GPU7] epochs: [17/800] train_loss_con: -0.717
[GPU7] epochs: [18/800] train_loss_con: -0.684
[GPU7] epochs: [19/800] train_loss_con: -0.687
[GPU7] epochs: [20/800] train_loss_con: -0.700
[GPU7] epochs: [21/800] train_loss_con: -0.703
[GPU7] epochs: [22/800] train_loss_con: -0.706
[GPU7] epochs: [23/800] train_loss_con: -0.711
[GPU7] epochs: [24/800] train_loss_con: -0.710
[GPU7] epochs: [25/800] train_loss_con: -0.691
[GPU7] epochs: [26/800] train_loss_con: -0.676
[GPU7] epochs: [27/800] train_loss_con: -0.740
[GPU7] epochs: [28/800] train_loss_con: -0.712
[GPU7] epochs: [29/800] train_loss_con: -0.755
[GPU7] epochs: [30/800] train_loss_con: -0.736
[GPU7] epochs: [31/800] train_loss_con: -0.684
[GPU7] epochs: [32/800] train_loss_con: -0.743
[GPU7] epochs: [33/800] train_loss_con: -0.722
[GPU7] epochs: [34/800] train_loss_con: -0.716
[GPU7] epochs: [35/800] train_loss_con: -0.732
[GPU7] epochs: [36/800] train_loss_con: -0.741
[GPU7] epochs: [37/800] train_loss_con: -0.727
[GPU7] epochs: [38/800] train_loss_con: -0.737
[GPU7] epochs: [39/800] train_loss_con: -0.753
[GPU7] epochs: [40/800] train_loss_con: -0.740
[GPU7] epochs: [41/800] train_loss_con: -0.728
[GPU7] epochs: [42/800] train_loss_con: -0.763
[GPU7] epochs: [43/800] train_loss_con: -0.737
[GPU7] epochs: [44/800] train_loss_con: -0.771
[GPU7] epochs: [45/800] train_loss_con: -0.721
[GPU7] epochs: [46/800] train_loss_con: -0.758
[GPU7] epochs: [47/800] train_loss_con: -0.764
[GPU7] epochs: [48/800] train_loss_con: -0.749
[GPU7] epochs: [49/800] train_loss_con: -0.791
[GPU7] epochs: [50/800] train_loss_con: -0.752
[GPU7] epochs: [51/800] train_loss_con: -0.745
[GPU7] epochs: [52/800] train_loss_con: -0.801
[GPU7] epochs: [53/800] train_loss_con: -0.741
[GPU7] epochs: [54/800] train_loss_con: -0.760
[GPU7] epochs: [55/800] train_loss_con: -0.770
[GPU7] epochs: [56/800] train_loss_con: -0.748
[GPU7] epochs: [57/800] train_loss_con: -0.801
[GPU7] epochs: [58/800] train_loss_con: -0.749
[GPU7] epochs: [59/800] train_loss_con: -0.772
[GPU7] epochs: [60/800] train_loss_con: -0.784
[GPU7] epochs: [61/800] train_loss_con: -0.752
[GPU7] epochs: [62/800] train_loss_con: -0.791
[GPU7] epochs: [63/800] train_loss_con: -0.784
[GPU7] epochs: [64/800] train_loss_con: -0.788
[GPU7] epochs: [65/800] train_loss_con: -0.731
[GPU7] epochs: [66/800] train_loss_con: -0.794
[GPU7] epochs: [67/800] train_loss_con: -0.759
[GPU7] epochs: [68/800] train_loss_con: -0.756
[GPU7] epochs: [69/800] train_loss_con: -0.821
[GPU7] epochs: [70/800] train_loss_con: -0.804
[GPU7] epochs: [71/800] train_loss_con: -0.775
[GPU7] epochs: [72/800] train_loss_con: -0.794
[GPU7] epochs: [73/800] train_loss_con: -0.740
[GPU7] epochs: [74/800] train_loss_con: -0.767
[GPU7] epochs: [75/800] train_loss_con: -0.775
[GPU7] epochs: [76/800] train_loss_con: -0.784
[GPU7] epochs: [77/800] train_loss_con: -0.761
[GPU7] epochs: [78/800] train_loss_con: -0.781
[GPU7] epochs: [79/800] train_loss_con: -0.784
[GPU7] epochs: [80/800] train_loss_con: -0.811
[GPU7] epochs: [81/800] train_loss_con: -0.762
[GPU7] epochs: [82/800] train_loss_con: -0.735
[GPU7] epochs: [83/800] train_loss_con: -0.776
[GPU7] epochs: [84/800] train_loss_con: -0.786
[GPU7] epochs: [85/800] train_loss_con: -0.777
[GPU7] epochs: [86/800] train_loss_con: -0.783
[GPU7] epochs: [87/800] train_loss_con: -0.810
[GPU7] epochs: [88/800] train_loss_con: -0.787
[GPU7] epochs: [89/800] train_loss_con: -0.812
[GPU7] epochs: [90/800] train_loss_con: -0.811
[GPU7] epochs: [91/800] train_loss_con: -0.804
[GPU7] epochs: [92/800] train_loss_con: -0.778
[GPU7] epochs: [93/800] train_loss_con: -0.806
[GPU7] epochs: [94/800] train_loss_con: -0.771
[GPU7] epochs: [95/800] train_loss_con: -0.776
[GPU7] epochs: [96/800] train_loss_con: -0.795
[GPU7] epochs: [97/800] train_loss_con: -0.766
[GPU7] epochs: [98/800] train_loss_con: -0.788
[GPU7] epochs: [99/800] train_loss_con: -0.795
[GPU7] epochs: [100/800] train_loss_con: -0.813
[GPU7] epochs: [101/800] train_loss_con: -0.811
[GPU7] epochs: [102/800] train_loss_con: -0.776
[GPU7] epochs: [103/800] train_loss_con: -0.829
[GPU7] epochs: [104/800] train_loss_con: -0.807
[GPU7] epochs: [105/800] train_loss_con: -0.808
[GPU7] epochs: [106/800] train_loss_con: -0.790
[GPU7] epochs: [107/800] train_loss_con: -0.811
[GPU7] epochs: [108/800] train_loss_con: -0.797
[GPU7] epochs: [109/800] train_loss_con: -0.785
[GPU7] epochs: [110/800] train_loss_con: -0.767
[GPU7] epochs: [111/800] train_loss_con: -0.767
[GPU7] epochs: [112/800] train_loss_con: -0.778
[GPU7] epochs: [113/800] train_loss_con: -0.756
[GPU7] epochs: [114/800] train_loss_con: -0.761
[GPU7] epochs: [115/800] train_loss_con: -0.797
[GPU7] epochs: [116/800] train_loss_con: -0.752
[GPU7] epochs: [117/800] train_loss_con: -0.811
[GPU7] epochs: [118/800] train_loss_con: -0.783
[GPU7] epochs: [119/800] train_loss_con: -0.746
[GPU7] epochs: [120/800] train_loss_con: -0.807
[GPU7] epochs: [121/800] train_loss_con: -0.807
[GPU7] epochs: [122/800] train_loss_con: -0.786
[GPU7] epochs: [123/800] train_loss_con: -0.786
[GPU7] epochs: [124/800] train_loss_con: -0.785
[GPU7] epochs: [125/800] train_loss_con: -0.786
[GPU7] epochs: [126/800] train_loss_con: -0.778
[GPU7] epochs: [127/800] train_loss_con: -0.794
[GPU7] epochs: [128/800] train_loss_con: -0.764
[GPU7] epochs: [129/800] train_loss_con: -0.771
[GPU7] epochs: [130/800] train_loss_con: -0.779
[GPU7] epochs: [131/800] train_loss_con: -0.771
[GPU7] epochs: [132/800] train_loss_con: -0.761
[GPU7] epochs: [133/800] train_loss_con: -0.756
[GPU7] epochs: [134/800] train_loss_con: -0.751
[GPU7] epochs: [135/800] train_loss_con: -0.715
[GPU7] epochs: [136/800] train_loss_con: -0.751
[GPU7] epochs: [137/800] train_loss_con: -0.752
[GPU7] epochs: [138/800] train_loss_con: -0.745
[GPU7] epochs: [139/800] train_loss_con: -0.739
[GPU7] epochs: [140/800] train_loss_con: -0.781
[GPU7] epochs: [141/800] train_loss_con: -0.793
[GPU7] epochs: [142/800] train_loss_con: -0.803
[GPU7] epochs: [143/800] train_loss_con: -0.814
[GPU7] epochs: [144/800] train_loss_con: -0.815
[GPU7] epochs: [145/800] train_loss_con: -0.799
[GPU7] epochs: [146/800] train_loss_con: -0.798
[GPU7] epochs: [147/800] train_loss_con: -0.765
[GPU7] epochs: [148/800] train_loss_con: -0.780
[GPU7] epochs: [149/800] train_loss_con: -0.786
[GPU7] epochs: [150/800] train_loss_con: -0.818
[GPU7] epochs: [151/800] train_loss_con: -0.826
[GPU7] epochs: [152/800] train_loss_con: -0.815
[GPU7] epochs: [153/800] train_loss_con: -0.811
[GPU7] epochs: [154/800] train_loss_con: -0.802
[GPU7] epochs: [155/800] train_loss_con: -0.794
[GPU7] epochs: [156/800] train_loss_con: -0.804
[GPU7] epochs: [157/800] train_loss_con: -0.836
[GPU7] epochs: [158/800] train_loss_con: -0.800
[GPU7] epochs: [159/800] train_loss_con: -0.777
[GPU7] epochs: [160/800] train_loss_con: -0.789
[GPU7] epochs: [161/800] train_loss_con: -0.791
[GPU7] epochs: [162/800] train_loss_con: -0.808
[GPU7] epochs: [163/800] train_loss_con: -0.812
[GPU7] epochs: [164/800] train_loss_con: -0.800
[GPU7] epochs: [165/800] train_loss_con: -0.837
[GPU7] epochs: [166/800] train_loss_con: -0.821
[GPU7] epochs: [167/800] train_loss_con: -0.828
[GPU7] epochs: [168/800] train_loss_con: -0.817
[GPU7] epochs: [169/800] train_loss_con: -0.808
[GPU7] epochs: [170/800] train_loss_con: -0.757
[GPU7] epochs: [171/800] train_loss_con: -0.799
[GPU7] epochs: [172/800] train_loss_con: -0.809
[GPU7] epochs: [173/800] train_loss_con: -0.835
[GPU7] epochs: [174/800] train_loss_con: -0.837
[GPU7] epochs: [175/800] train_loss_con: -0.827
[GPU7] epochs: [176/800] train_loss_con: -0.841
[GPU7] epochs: [177/800] train_loss_con: -0.837
[GPU7] epochs: [178/800] train_loss_con: -0.820
[GPU7] epochs: [179/800] train_loss_con: -0.827
[GPU7] epochs: [180/800] train_loss_con: -0.819
[GPU7] epochs: [181/800] train_loss_con: -0.842
[GPU7] epochs: [182/800] train_loss_con: -0.836
[GPU7] epochs: [183/800] train_loss_con: -0.826
[GPU7] epochs: [184/800] train_loss_con: -0.819
[GPU7] epochs: [185/800] train_loss_con: -0.813
[GPU7] epochs: [186/800] train_loss_con: -0.797
[GPU7] epochs: [187/800] train_loss_con: -0.804
[GPU7] epochs: [188/800] train_loss_con: -0.800
[GPU7] epochs: [189/800] train_loss_con: -0.813
[GPU7] epochs: [190/800] train_loss_con: -0.808
[GPU7] epochs: [191/800] train_loss_con: -0.825
[GPU7] epochs: [192/800] train_loss_con: -0.822
[GPU7] epochs: [193/800] train_loss_con: -0.829
[GPU7] epochs: [194/800] train_loss_con: -0.832
[GPU7] epochs: [195/800] train_loss_con: -0.833
[GPU7] epochs: [196/800] train_loss_con: -0.833
[GPU7] epochs: [197/800] train_loss_con: -0.830
[GPU7] epochs: [198/800] train_loss_con: -0.829
[GPU7] epochs: [199/800] train_loss_con: -0.829
[GPU7] epochs: [200/800] train_loss_con: -0.813
[GPU7] epochs: [201/800] train_loss_con: -0.820
[GPU7] epochs: [202/800] train_loss_con: -0.817
[GPU7] epochs: [203/800] train_loss_con: -0.815
[GPU7] epochs: [204/800] train_loss_con: -0.821
[GPU7] epochs: [205/800] train_loss_con: -0.848
[GPU7] epochs: [206/800] train_loss_con: -0.837
[GPU7] epochs: [207/800] train_loss_con: -0.850
[GPU7] epochs: [208/800] train_loss_con: -0.843
[GPU7] epochs: [209/800] train_loss_con: -0.854
[GPU7] epochs: [210/800] train_loss_con: -0.831
[GPU7] epochs: [211/800] train_loss_con: -0.824
[GPU7] epochs: [212/800] train_loss_con: -0.807
[GPU7] epochs: [213/800] train_loss_con: -0.811
[GPU7] epochs: [214/800] train_loss_con: -0.845
[GPU7] epochs: [215/800] train_loss_con: -0.832
[GPU7] epochs: [216/800] train_loss_con: -0.827
[GPU7] epochs: [217/800] train_loss_con: -0.819
[GPU7] epochs: [218/800] train_loss_con: -0.807
[GPU7] epochs: [219/800] train_loss_con: -0.828
[GPU7] epochs: [220/800] train_loss_con: -0.818
[GPU7] epochs: [221/800] train_loss_con: -0.818
[GPU7] epochs: [222/800] train_loss_con: -0.808
[GPU7] epochs: [223/800] train_loss_con: -0.807
[GPU7] epochs: [224/800] train_loss_con: -0.812
[GPU7] epochs: [225/800] train_loss_con: -0.827
[GPU7] epochs: [226/800] train_loss_con: -0.853
[GPU7] epochs: [227/800] train_loss_con: -0.847
[GPU7] epochs: [228/800] train_loss_con: -0.832
[GPU7] epochs: [229/800] train_loss_con: -0.833
[GPU7] epochs: [230/800] train_loss_con: -0.839
[GPU7] epochs: [231/800] train_loss_con: -0.842
[GPU7] epochs: [232/800] train_loss_con: -0.851
[GPU7] epochs: [233/800] train_loss_con: -0.849
[GPU7] epochs: [234/800] train_loss_con: -0.860
[GPU7] epochs: [235/800] train_loss_con: -0.849
[GPU7] epochs: [236/800] train_loss_con: -0.856
[GPU7] epochs: [237/800] train_loss_con: -0.852
[GPU7] epochs: [238/800] train_loss_con: -0.863
[GPU7] epochs: [239/800] train_loss_con: -0.845
[GPU7] epochs: [240/800] train_loss_con: -0.865
[GPU7] epochs: [241/800] train_loss_con: -0.861
[GPU7] epochs: [242/800] train_loss_con: -0.851
[GPU7] epochs: [243/800] train_loss_con: -0.854
[GPU7] epochs: [244/800] train_loss_con: -0.871
[GPU7] epochs: [245/800] train_loss_con: -0.863
[GPU7] epochs: [246/800] train_loss_con: -0.871
[GPU7] epochs: [247/800] train_loss_con: -0.851
[GPU7] epochs: [248/800] train_loss_con: -0.860
[GPU7] epochs: [249/800] train_loss_con: -0.693
[GPU7] epochs: [250/800] train_loss_con: -0.734
[GPU7] epochs: [251/800] train_loss_con: -0.750
[GPU7] epochs: [252/800] train_loss_con: -0.764
[GPU7] epochs: [253/800] train_loss_con: -0.768
[GPU7] epochs: [254/800] train_loss_con: -0.772
[GPU7] epochs: [255/800] train_loss_con: -0.762
[GPU7] epochs: [256/800] train_loss_con: -0.767
[GPU7] epochs: [257/800] train_loss_con: -0.786
[GPU7] epochs: [258/800] train_loss_con: -0.794
[GPU7] epochs: [259/800] train_loss_con: -0.795
[GPU7] epochs: [260/800] train_loss_con: -0.792
[GPU7] epochs: [261/800] train_loss_con: -0.801
[GPU7] epochs: [262/800] train_loss_con: -0.812
[GPU7] epochs: [263/800] train_loss_con: -0.810
[GPU7] epochs: [264/800] train_loss_con: -0.818
[GPU7] epochs: [265/800] train_loss_con: -0.820
[GPU7] epochs: [266/800] train_loss_con: -0.823
[GPU7] epochs: [267/800] train_loss_con: -0.822
[GPU7] epochs: [268/800] train_loss_con: -0.822
[GPU7] epochs: [269/800] train_loss_con: -0.817
[GPU7] epochs: [270/800] train_loss_con: -0.815
[GPU7] epochs: [271/800] train_loss_con: -0.816
[GPU7] epochs: [272/800] train_loss_con: -0.821
[GPU7] epochs: [273/800] train_loss_con: -0.826
[GPU7] epochs: [274/800] train_loss_con: -0.823
[GPU7] epochs: [275/800] train_loss_con: -0.823
[GPU7] epochs: [276/800] train_loss_con: -0.824
[GPU7] epochs: [277/800] train_loss_con: -0.833
[GPU7] epochs: [278/800] train_loss_con: -0.816
[GPU7] epochs: [279/800] train_loss_con: -0.834
[GPU7] epochs: [280/800] train_loss_con: -0.826
[GPU7] epochs: [281/800] train_loss_con: -0.824
[GPU7] epochs: [282/800] train_loss_con: -0.829
[GPU7] epochs: [283/800] train_loss_con: -0.820
[GPU7] epochs: [284/800] train_loss_con: -0.826
[GPU7] epochs: [285/800] train_loss_con: -0.827
[GPU7] epochs: [286/800] train_loss_con: -0.818
[GPU7] epochs: [287/800] train_loss_con: -0.834
[GPU7] epochs: [288/800] train_loss_con: -0.823
[GPU7] epochs: [289/800] train_loss_con: -0.847
[GPU7] epochs: [290/800] train_loss_con: -0.843
[GPU7] epochs: [291/800] train_loss_con: -0.837
[GPU7] epochs: [292/800] train_loss_con: -0.834
[GPU7] epochs: [293/800] train_loss_con: -0.852
[GPU7] epochs: [294/800] train_loss_con: -0.877
[GPU7] epochs: [295/800] train_loss_con: -0.884
[GPU7] epochs: [296/800] train_loss_con: -0.881
[GPU7] epochs: [297/800] train_loss_con: -0.880
[GPU7] epochs: [298/800] train_loss_con: -0.876
[GPU7] epochs: [299/800] train_loss_con: -0.869
[GPU7] epochs: [300/800] train_loss_con: -0.859
[GPU7] epochs: [301/800] train_loss_con: -0.858
[GPU7] epochs: [302/800] train_loss_con: -0.863
[GPU7] epochs: [303/800] train_loss_con: -0.865
[GPU7] epochs: [304/800] train_loss_con: -0.875
[GPU7] epochs: [305/800] train_loss_con: -0.884
[GPU7] epochs: [306/800] train_loss_con: -0.878
[GPU7] epochs: [307/800] train_loss_con: -0.883
[GPU7] epochs: [308/800] train_loss_con: -0.887
[GPU7] epochs: [309/800] train_loss_con: -0.885
[GPU7] epochs: [310/800] train_loss_con: -0.886
[GPU7] epochs: [311/800] train_loss_con: -0.879
[GPU7] epochs: [312/800] train_loss_con: -0.886
[GPU7] epochs: [313/800] train_loss_con: -0.890
[GPU7] epochs: [314/800] train_loss_con: -0.887
[GPU7] epochs: [315/800] train_loss_con: -0.886
[GPU7] epochs: [316/800] train_loss_con: -0.880
[GPU7] epochs: [317/800] train_loss_con: -0.884
[GPU7] epochs: [318/800] train_loss_con: -0.883
[GPU7] epochs: [319/800] train_loss_con: -0.881
[GPU7] epochs: [320/800] train_loss_con: -0.888
[GPU7] epochs: [321/800] train_loss_con: -0.898
[GPU7] epochs: [322/800] train_loss_con: -0.885
[GPU7] epochs: [323/800] train_loss_con: -0.877
[GPU7] epochs: [324/800] train_loss_con: -0.881
[GPU7] epochs: [325/800] train_loss_con: -0.878
[GPU7] epochs: [326/800] train_loss_con: -0.879
[GPU7] epochs: [327/800] train_loss_con: -0.897
[GPU7] epochs: [328/800] train_loss_con: -0.889
[GPU7] epochs: [329/800] train_loss_con: -0.894
[GPU7] epochs: [330/800] train_loss_con: -0.891
[GPU7] epochs: [331/800] train_loss_con: -0.902
[GPU7] epochs: [332/800] train_loss_con: -0.890
[GPU7] epochs: [333/800] train_loss_con: -0.896
[GPU7] epochs: [334/800] train_loss_con: -0.899
[GPU7] epochs: [335/800] train_loss_con: -0.893
[GPU7] epochs: [336/800] train_loss_con: -0.891
[GPU7] epochs: [337/800] train_loss_con: -0.892
[GPU7] epochs: [338/800] train_loss_con: -0.895
[GPU7] epochs: [339/800] train_loss_con: -0.890
[GPU7] epochs: [340/800] train_loss_con: -0.890
[GPU7] epochs: [341/800] train_loss_con: -0.889
[GPU7] epochs: [342/800] train_loss_con: -0.893
[GPU7] epochs: [343/800] train_loss_con: -0.890
[GPU7] epochs: [344/800] train_loss_con: -0.908
[GPU7] epochs: [345/800] train_loss_con: -0.905
[GPU7] epochs: [346/800] train_loss_con: -0.895
[GPU7] epochs: [347/800] train_loss_con: -0.887
[GPU7] epochs: [348/800] train_loss_con: -0.883
[GPU7] epochs: [349/800] train_loss_con: -0.891
[GPU7] epochs: [350/800] train_loss_con: -0.895
[GPU7] epochs: [351/800] train_loss_con: -0.886
[GPU7] epochs: [352/800] train_loss_con: -0.888
[GPU7] epochs: [353/800] train_loss_con: -0.892
[GPU7] epochs: [354/800] train_loss_con: -0.884
[GPU7] epochs: [355/800] train_loss_con: -0.901
[GPU7] epochs: [356/800] train_loss_con: -0.891
[GPU7] epochs: [357/800] train_loss_con: -0.888
[GPU7] epochs: [358/800] train_loss_con: -0.895
[GPU7] epochs: [359/800] train_loss_con: -0.886
[GPU7] epochs: [360/800] train_loss_con: -0.884
[GPU7] epochs: [361/800] train_loss_con: -0.887
[GPU7] epochs: [362/800] train_loss_con: -0.904
[GPU7] epochs: [363/800] train_loss_con: -0.897
[GPU7] epochs: [364/800] train_loss_con: -0.897
[GPU7] epochs: [365/800] train_loss_con: -0.889
[GPU7] epochs: [366/800] train_loss_con: -0.887
[GPU7] epochs: [367/800] train_loss_con: -0.889
[GPU7] epochs: [368/800] train_loss_con: -0.887
[GPU7] epochs: [369/800] train_loss_con: -0.892
[GPU7] epochs: [370/800] train_loss_con: -0.893
[GPU7] epochs: [371/800] train_loss_con: -0.881
[GPU7] epochs: [372/800] train_loss_con: -0.905
[GPU7] epochs: [373/800] train_loss_con: -0.899
[GPU7] epochs: [374/800] train_loss_con: -0.892
[GPU7] epochs: [375/800] train_loss_con: -0.883
[GPU7] epochs: [376/800] train_loss_con: -0.892
[GPU7] epochs: [377/800] train_loss_con: -0.885
[GPU7] epochs: [378/800] train_loss_con: -0.886
[GPU7] epochs: [379/800] train_loss_con: -0.891
[GPU7] epochs: [380/800] train_loss_con: -0.890
[GPU7] epochs: [381/800] train_loss_con: -0.889
[GPU7] epochs: [382/800] train_loss_con: -0.883
[GPU7] epochs: [383/800] train_loss_con: -0.882
[GPU7] epochs: [384/800] train_loss_con: -0.888
[GPU7] epochs: [385/800] train_loss_con: -0.880
[GPU7] epochs: [386/800] train_loss_con: -0.894
[GPU7] epochs: [387/800] train_loss_con: -0.896
[GPU7] epochs: [388/800] train_loss_con: -0.907
[GPU7] epochs: [389/800] train_loss_con: -0.905
[GPU7] epochs: [390/800] train_loss_con: -0.893
[GPU7] epochs: [391/800] train_loss_con: -0.914
[GPU7] epochs: [392/800] train_loss_con: -0.909
[GPU7] epochs: [393/800] train_loss_con: -0.901
[GPU7] epochs: [394/800] train_loss_con: -0.906
[GPU7] epochs: [395/800] train_loss_con: -0.901
[GPU7] epochs: [396/800] train_loss_con: -0.893
[GPU7] epochs: [397/800] train_loss_con: -0.895
[GPU7] epochs: [398/800] train_loss_con: -0.888
[GPU7] epochs: [399/800] train_loss_con: -0.887
[GPU7] epochs: [400/800] train_loss_con: -0.892
[GPU7] epochs: [401/800] train_loss_con: -0.881
[GPU7] epochs: [402/800] train_loss_con: -0.887
[GPU7] epochs: [403/800] train_loss_con: -0.892
[GPU7] epochs: [404/800] train_loss_con: -0.882
[GPU7] epochs: [405/800] train_loss_con: -0.888
[GPU7] epochs: [406/800] train_loss_con: -0.882
[GPU7] epochs: [407/800] train_loss_con: -0.888
[GPU7] epochs: [408/800] train_loss_con: -0.892
[GPU7] epochs: [409/800] train_loss_con: -0.898
[GPU7] epochs: [410/800] train_loss_con: -0.883
[GPU7] epochs: [411/800] train_loss_con: -0.887
[GPU7] epochs: [412/800] train_loss_con: -0.879
[GPU7] epochs: [413/800] train_loss_con: -0.895
[GPU7] epochs: [414/800] train_loss_con: -0.895
[GPU7] epochs: [415/800] train_loss_con: -0.885
[GPU7] epochs: [416/800] train_loss_con: -0.882
[GPU7] epochs: [417/800] train_loss_con: -0.901
[GPU7] epochs: [418/800] train_loss_con: -0.901
[GPU7] epochs: [419/800] train_loss_con: -0.896
[GPU7] epochs: [420/800] train_loss_con: -0.897
[GPU7] epochs: [421/800] train_loss_con: -0.894
[GPU7] epochs: [422/800] train_loss_con: -0.897
[GPU7] epochs: [423/800] train_loss_con: -0.896
[GPU7] epochs: [424/800] train_loss_con: -0.899
[GPU7] epochs: [425/800] train_loss_con: -0.902
[GPU7] epochs: [426/800] train_loss_con: -0.907
[GPU7] epochs: [427/800] train_loss_con: -0.903
[GPU7] epochs: [428/800] train_loss_con: -0.899
[GPU7] epochs: [429/800] train_loss_con: -0.898
[GPU7] epochs: [430/800] train_loss_con: -0.898
[GPU7] epochs: [431/800] train_loss_con: -0.895
[GPU7] epochs: [432/800] train_loss_con: -0.888
[GPU7] epochs: [433/800] train_loss_con: -0.901
[GPU7] epochs: [434/800] train_loss_con: -0.897
[GPU7] epochs: [435/800] train_loss_con: -0.893
[GPU7] epochs: [436/800] train_loss_con: -0.897
[GPU7] epochs: [437/800] train_loss_con: -0.903
[GPU7] epochs: [438/800] train_loss_con: -0.900
[GPU7] epochs: [439/800] train_loss_con: -0.886
[GPU7] epochs: [440/800] train_loss_con: -0.893
[GPU7] epochs: [441/800] train_loss_con: -0.891
[GPU7] epochs: [442/800] train_loss_con: -0.890
[GPU7] epochs: [443/800] train_loss_con: -0.886
[GPU7] epochs: [444/800] train_loss_con: -0.898
[GPU7] epochs: [445/800] train_loss_con: -0.895
[GPU7] epochs: [446/800] train_loss_con: -0.899
[GPU7] epochs: [447/800] train_loss_con: -0.906
[GPU7] epochs: [448/800] train_loss_con: -0.899
[GPU7] epochs: [449/800] train_loss_con: -0.901
[GPU7] epochs: [450/800] train_loss_con: -0.897
[GPU7] epochs: [451/800] train_loss_con: -0.897
[GPU7] epochs: [452/800] train_loss_con: -0.889
[GPU7] epochs: [453/800] train_loss_con: -0.891
[GPU7] epochs: [454/800] train_loss_con: -0.897
[GPU7] epochs: [455/800] train_loss_con: -0.894
[GPU7] epochs: [456/800] train_loss_con: -0.887
[GPU7] epochs: [457/800] train_loss_con: -0.889
[GPU7] epochs: [458/800] train_loss_con: -0.898
[GPU7] epochs: [459/800] train_loss_con: -0.900
[GPU7] epochs: [460/800] train_loss_con: -0.901
[GPU7] epochs: [461/800] train_loss_con: -0.896
[GPU7] epochs: [462/800] train_loss_con: -0.896
[GPU7] epochs: [463/800] train_loss_con: -0.909
[GPU7] epochs: [464/800] train_loss_con: -0.904
[GPU7] epochs: [465/800] train_loss_con: -0.898
[GPU7] epochs: [466/800] train_loss_con: -0.911
[GPU7] epochs: [467/800] train_loss_con: -0.907
[GPU7] epochs: [468/800] train_loss_con: -0.912
[GPU7] epochs: [469/800] train_loss_con: -0.906
[GPU7] epochs: [470/800] train_loss_con: -0.902
[GPU7] epochs: [471/800] train_loss_con: -0.908
[GPU7] epochs: [472/800] train_loss_con: -0.905
[GPU7] epochs: [473/800] train_loss_con: -0.893
[GPU7] epochs: [474/800] train_loss_con: -0.889
[GPU7] epochs: [475/800] train_loss_con: -0.902
[GPU7] epochs: [476/800] train_loss_con: -0.897
[GPU7] epochs: [477/800] train_loss_con: -0.896
[GPU7] epochs: [478/800] train_loss_con: -0.897
[GPU7] epochs: [479/800] train_loss_con: -0.891
[GPU7] epochs: [480/800] train_loss_con: -0.895
[GPU7] epochs: [481/800] train_loss_con: -0.890
[GPU7] epochs: [482/800] train_loss_con: -0.897
[GPU7] epochs: [483/800] train_loss_con: -0.902
[GPU7] epochs: [484/800] train_loss_con: -0.902
[GPU7] epochs: [485/800] train_loss_con: -0.903
[GPU7] epochs: [486/800] train_loss_con: -0.902
[GPU7] epochs: [487/800] train_loss_con: -0.899
[GPU7] epochs: [488/800] train_loss_con: -0.906
[GPU7] epochs: [489/800] train_loss_con: -0.902
[GPU7] epochs: [490/800] train_loss_con: -0.903
[GPU7] epochs: [491/800] train_loss_con: -0.900
[GPU7] epochs: [492/800] train_loss_con: -0.897
[GPU7] epochs: [493/800] train_loss_con: -0.900
[GPU7] epochs: [494/800] train_loss_con: -0.898
[GPU7] epochs: [495/800] train_loss_con: -0.891
[GPU7] epochs: [496/800] train_loss_con: -0.901
[GPU7] epochs: [497/800] train_loss_con: -0.901
[GPU7] epochs: [498/800] train_loss_con: -0.891
[GPU7] epochs: [499/800] train_loss_con: -0.892
[GPU7] epochs: [500/800] train_loss_con: -0.897
[GPU7] epochs: [501/800] train_loss_con: -0.897
[GPU7] epochs: [502/800] train_loss_con: -0.896
[GPU7] epochs: [503/800] train_loss_con: -0.897
[GPU7] epochs: [504/800] train_loss_con: -0.893
[GPU7] epochs: [505/800] train_loss_con: -0.892
[GPU7] epochs: [506/800] train_loss_con: -0.892
[GPU7] epochs: [507/800] train_loss_con: -0.901
[GPU7] epochs: [508/800] train_loss_con: -0.899
[GPU7] epochs: [509/800] train_loss_con: -0.892
[GPU7] epochs: [510/800] train_loss_con: -0.900
[GPU7] epochs: [511/800] train_loss_con: -0.905
[GPU7] epochs: [512/800] train_loss_con: -0.906
[GPU7] epochs: [513/800] train_loss_con: -0.893
[GPU7] epochs: [514/800] train_loss_con: -0.894
[GPU7] epochs: [515/800] train_loss_con: -0.900
[GPU7] epochs: [516/800] train_loss_con: -0.897
[GPU7] epochs: [517/800] train_loss_con: -0.899
[GPU7] epochs: [518/800] train_loss_con: -0.897
[GPU7] epochs: [519/800] train_loss_con: -0.902
[GPU7] epochs: [520/800] train_loss_con: -0.903
[GPU7] epochs: [521/800] train_loss_con: -0.906
[GPU7] epochs: [522/800] train_loss_con: -0.899
[GPU7] epochs: [523/800] train_loss_con: -0.898
[GPU7] epochs: [524/800] train_loss_con: -0.903
[GPU7] epochs: [525/800] train_loss_con: -0.903
[GPU7] epochs: [526/800] train_loss_con: -0.897
[GPU7] epochs: [527/800] train_loss_con: -0.900
[GPU7] epochs: [528/800] train_loss_con: -0.907
[GPU7] epochs: [529/800] train_loss_con: -0.899
[GPU7] epochs: [530/800] train_loss_con: -0.897
[GPU7] epochs: [531/800] train_loss_con: -0.894
[GPU7] epochs: [532/800] train_loss_con: -0.895
[GPU7] epochs: [533/800] train_loss_con: -0.895
[GPU7] epochs: [534/800] train_loss_con: -0.901
[GPU7] epochs: [535/800] train_loss_con: -0.898
[GPU7] epochs: [536/800] train_loss_con: -0.899
[GPU7] epochs: [537/800] train_loss_con: -0.907
[GPU7] epochs: [538/800] train_loss_con: -0.902
[GPU7] epochs: [539/800] train_loss_con: -0.905
[GPU7] epochs: [540/800] train_loss_con: -0.904
[GPU7] epochs: [541/800] train_loss_con: -0.909
[GPU7] epochs: [542/800] train_loss_con: -0.909
[GPU7] epochs: [543/800] train_loss_con: -0.902
[GPU7] epochs: [544/800] train_loss_con: -0.898
[GPU7] epochs: [545/800] train_loss_con: -0.903
[GPU7] epochs: [546/800] train_loss_con: -0.894
[GPU7] epochs: [547/800] train_loss_con: -0.896
[GPU7] epochs: [548/800] train_loss_con: -0.897
[GPU7] epochs: [549/800] train_loss_con: -0.901
[GPU7] epochs: [550/800] train_loss_con: -0.905
[GPU7] epochs: [551/800] train_loss_con: -0.898
[GPU7] epochs: [552/800] train_loss_con: -0.903
[GPU7] epochs: [553/800] train_loss_con: -0.894
[GPU7] epochs: [554/800] train_loss_con: -0.905
[GPU7] epochs: [555/800] train_loss_con: -0.913
[GPU7] epochs: [556/800] train_loss_con: -0.902
[GPU7] epochs: [557/800] train_loss_con: -0.895
[GPU7] epochs: [558/800] train_loss_con: -0.893
[GPU7] epochs: [559/800] train_loss_con: -0.888
[GPU7] epochs: [560/800] train_loss_con: -0.892
[GPU7] epochs: [561/800] train_loss_con: -0.898
[GPU7] epochs: [562/800] train_loss_con: -0.900
[GPU7] epochs: [563/800] train_loss_con: -0.902
[GPU7] epochs: [564/800] train_loss_con: -0.902
[GPU7] epochs: [565/800] train_loss_con: -0.898
[GPU7] epochs: [566/800] train_loss_con: -0.901
[GPU7] epochs: [567/800] train_loss_con: -0.901
[GPU7] epochs: [568/800] train_loss_con: -0.896
[GPU7] epochs: [569/800] train_loss_con: -0.908
[GPU7] epochs: [570/800] train_loss_con: -0.906
[GPU7] epochs: [571/800] train_loss_con: -0.912
[GPU7] epochs: [572/800] train_loss_con: -0.904
[GPU7] epochs: [573/800] train_loss_con: -0.906
[GPU7] epochs: [574/800] train_loss_con: -0.908
[GPU7] epochs: [575/800] train_loss_con: -0.910
[GPU7] epochs: [576/800] train_loss_con: -0.909
[GPU7] epochs: [577/800] train_loss_con: -0.907
[GPU7] epochs: [578/800] train_loss_con: -0.913
[GPU7] epochs: [579/800] train_loss_con: -0.911
[GPU7] epochs: [580/800] train_loss_con: -0.911
[GPU7] epochs: [581/800] train_loss_con: -0.906
[GPU7] epochs: [582/800] train_loss_con: -0.914
[GPU7] epochs: [583/800] train_loss_con: -0.908
[GPU7] epochs: [584/800] train_loss_con: -0.905
[GPU7] epochs: [585/800] train_loss_con: -0.924
[GPU7] epochs: [586/800] train_loss_con: -0.922
[GPU7] epochs: [587/800] train_loss_con: -0.919
[GPU7] epochs: [588/800] train_loss_con: -0.909
[GPU7] epochs: [589/800] train_loss_con: -0.903
[GPU7] epochs: [590/800] train_loss_con: -0.893
[GPU7] epochs: [591/800] train_loss_con: -0.880
[GPU7] epochs: [592/800] train_loss_con: -0.884
[GPU7] epochs: [593/800] train_loss_con: -0.891
[GPU7] epochs: [594/800] train_loss_con: -0.896
[GPU7] epochs: [595/800] train_loss_con: -0.895
[GPU7] epochs: [596/800] train_loss_con: -0.898
[GPU7] epochs: [597/800] train_loss_con: -0.893
[GPU7] epochs: [598/800] train_loss_con: -0.895
[GPU7] epochs: [599/800] train_loss_con: -0.906
[GPU7] epochs: [600/800] train_loss_con: -0.901
[GPU7] epochs: [601/800] train_loss_con: -0.898
[GPU7] epochs: [602/800] train_loss_con: -0.893
[GPU7] epochs: [603/800] train_loss_con: -0.900
[GPU7] epochs: [604/800] train_loss_con: -0.902
[GPU7] epochs: [605/800] train_loss_con: -0.916
[GPU7] epochs: [606/800] train_loss_con: -0.905
[GPU7] epochs: [607/800] train_loss_con: -0.908
[GPU7] epochs: [608/800] train_loss_con: -0.917
[GPU7] epochs: [609/800] train_loss_con: -0.910
[GPU7] epochs: [610/800] train_loss_con: -0.898
[GPU7] epochs: [611/800] train_loss_con: -0.898
[GPU7] epochs: [612/800] train_loss_con: -0.901
[GPU7] epochs: [613/800] train_loss_con: -0.892
[GPU7] epochs: [614/800] train_loss_con: -0.919
[GPU7] epochs: [615/800] train_loss_con: -0.922
[GPU7] epochs: [616/800] train_loss_con: -0.905
[GPU7] epochs: [617/800] train_loss_con: -0.915
[GPU7] epochs: [618/800] train_loss_con: -0.911
[GPU7] epochs: [619/800] train_loss_con: -0.899
[GPU7] epochs: [620/800] train_loss_con: -0.902
[GPU7] epochs: [621/800] train_loss_con: -0.902
[GPU7] epochs: [622/800] train_loss_con: -0.913
[GPU7] epochs: [623/800] train_loss_con: -0.912
[GPU7] epochs: [624/800] train_loss_con: -0.891
[GPU7] epochs: [625/800] train_loss_con: -0.877
[GPU7] epochs: [626/800] train_loss_con: -0.863
[GPU7] epochs: [627/800] train_loss_con: -0.880
[GPU7] epochs: [628/800] train_loss_con: -0.866
[GPU7] epochs: [629/800] train_loss_con: -0.865
[GPU7] epochs: [630/800] train_loss_con: -0.872
[GPU7] epochs: [631/800] train_loss_con: -0.876
[GPU7] epochs: [632/800] train_loss_con: -0.887
[GPU7] epochs: [633/800] train_loss_con: -0.870
[GPU7] epochs: [634/800] train_loss_con: -0.885
[GPU7] epochs: [635/800] train_loss_con: -0.879
[GPU7] epochs: [636/800] train_loss_con: -0.889
[GPU7] epochs: [637/800] train_loss_con: -0.882
[GPU7] epochs: [638/800] train_loss_con: -0.894
[GPU7] epochs: [639/800] train_loss_con: -0.880
[GPU7] epochs: [640/800] train_loss_con: -0.889
[GPU7] epochs: [641/800] train_loss_con: -0.873
[GPU7] epochs: [642/800] train_loss_con: -0.867
[GPU7] epochs: [643/800] train_loss_con: -0.891
[GPU7] epochs: [644/800] train_loss_con: -0.896
[GPU7] epochs: [645/800] train_loss_con: -0.884
[GPU7] epochs: [646/800] train_loss_con: -0.877
[GPU7] epochs: [647/800] train_loss_con: -0.866
[GPU7] epochs: [648/800] train_loss_con: -0.861
[GPU7] epochs: [649/800] train_loss_con: -0.856
[GPU7] epochs: [650/800] train_loss_con: -0.871
[GPU7] epochs: [651/800] train_loss_con: -0.891
[GPU7] epochs: [652/800] train_loss_con: -0.872
[GPU7] epochs: [653/800] train_loss_con: -0.873
[GPU7] epochs: [654/800] train_loss_con: -0.875
[GPU7] epochs: [655/800] train_loss_con: -0.875
[GPU7] epochs: [656/800] train_loss_con: -0.871
[GPU7] epochs: [657/800] train_loss_con: -0.868
[GPU7] epochs: [658/800] train_loss_con: -0.866
[GPU7] epochs: [659/800] train_loss_con: -0.862
[GPU7] epochs: [660/800] train_loss_con: -0.867
[GPU7] epochs: [661/800] train_loss_con: -0.869
[GPU7] epochs: [662/800] train_loss_con: -0.873
[GPU7] epochs: [663/800] train_loss_con: -0.879
[GPU7] epochs: [664/800] train_loss_con: -0.885
[GPU7] epochs: [665/800] train_loss_con: -0.884
[GPU7] epochs: [666/800] train_loss_con: -0.878
[GPU7] epochs: [667/800] train_loss_con: -0.886
[GPU7] epochs: [668/800] train_loss_con: -0.886
[GPU7] epochs: [669/800] train_loss_con: -0.894
[GPU7] epochs: [670/800] train_loss_con: -0.895
[GPU7] epochs: [671/800] train_loss_con: -0.886
[GPU7] epochs: [672/800] train_loss_con: -0.899
[GPU7] epochs: [673/800] train_loss_con: -0.901
[GPU7] epochs: [674/800] train_loss_con: -0.898
[GPU7] epochs: [675/800] train_loss_con: -0.895
[GPU7] epochs: [676/800] train_loss_con: -0.891
[GPU7] epochs: [677/800] train_loss_con: -0.885
[GPU7] epochs: [678/800] train_loss_con: -0.882
[GPU7] epochs: [679/800] train_loss_con: -0.888
[GPU7] epochs: [680/800] train_loss_con: -0.880
[GPU7] epochs: [681/800] train_loss_con: -0.904
[GPU7] epochs: [682/800] train_loss_con: -0.912
[GPU7] epochs: [683/800] train_loss_con: -0.905
[GPU7] epochs: [684/800] train_loss_con: -0.887
[GPU7] epochs: [685/800] train_loss_con: -0.892
[GPU7] epochs: [686/800] train_loss_con: -0.887
[GPU7] epochs: [687/800] train_loss_con: -0.885
[GPU7] epochs: [688/800] train_loss_con: -0.908
[GPU7] epochs: [689/800] train_loss_con: -0.907
[GPU7] epochs: [690/800] train_loss_con: -0.897
[GPU7] epochs: [691/800] train_loss_con: -0.892
[GPU7] epochs: [692/800] train_loss_con: -0.894
[GPU7] epochs: [693/800] train_loss_con: -0.895
[GPU7] epochs: [694/800] train_loss_con: -0.895
[GPU7] epochs: [695/800] train_loss_con: -0.888
[GPU7] epochs: [696/800] train_loss_con: -0.894
[GPU7] epochs: [697/800] train_loss_con: -0.900
[GPU7] epochs: [698/800] train_loss_con: -0.893
[GPU7] epochs: [699/800] train_loss_con: -0.900
[GPU7] epochs: [700/800] train_loss_con: -0.897
[GPU7] epochs: [701/800] train_loss_con: -0.895
[GPU7] epochs: [702/800] train_loss_con: -0.879
[GPU7] epochs: [703/800] train_loss_con: -0.882
[GPU7] epochs: [704/800] train_loss_con: -0.894
[GPU7] epochs: [705/800] train_loss_con: -0.908
[GPU7] epochs: [706/800] train_loss_con: -0.916
[GPU7] epochs: [707/800] train_loss_con: -0.922
[GPU7] epochs: [708/800] train_loss_con: -0.911
[GPU7] epochs: [709/800] train_loss_con: -0.901
[GPU7] epochs: [710/800] train_loss_con: -0.900
[GPU7] epochs: [711/800] train_loss_con: -0.907
[GPU7] epochs: [712/800] train_loss_con: -0.918
[GPU7] epochs: [713/800] train_loss_con: -0.929
[GPU7] epochs: [714/800] train_loss_con: -0.922
[GPU7] epochs: [715/800] train_loss_con: -0.918
[GPU7] epochs: [716/800] train_loss_con: -0.917
[GPU7] epochs: [717/800] train_loss_con: -0.920
[GPU7] epochs: [718/800] train_loss_con: -0.921
[GPU7] epochs: [719/800] train_loss_con: -0.917
[GPU7] epochs: [720/800] train_loss_con: -0.918
[GPU7] epochs: [721/800] train_loss_con: -0.907
[GPU7] epochs: [722/800] train_loss_con: -0.918
[GPU7] epochs: [723/800] train_loss_con: -0.918
[GPU7] epochs: [724/800] train_loss_con: -0.920
[GPU7] epochs: [725/800] train_loss_con: -0.917
[GPU7] epochs: [726/800] train_loss_con: -0.927
[GPU7] epochs: [727/800] train_loss_con: -0.917
[GPU7] epochs: [728/800] train_loss_con: -0.920
[GPU7] epochs: [729/800] train_loss_con: -0.914
[GPU7] epochs: [730/800] train_loss_con: -0.909
[GPU7] epochs: [731/800] train_loss_con: -0.910
[GPU7] epochs: [732/800] train_loss_con: -0.902
[GPU7] epochs: [733/800] train_loss_con: -0.889
[GPU7] epochs: [734/800] train_loss_con: -0.912
[GPU7] epochs: [735/800] train_loss_con: -0.919
[GPU7] epochs: [736/800] train_loss_con: -0.903
[GPU7] epochs: [737/800] train_loss_con: -0.903
[GPU7] epochs: [738/800] train_loss_con: -0.906
[GPU7] epochs: [739/800] train_loss_con: -0.910
[GPU7] epochs: [740/800] train_loss_con: -0.925
[GPU7] epochs: [741/800] train_loss_con: -0.926
[GPU7] epochs: [742/800] train_loss_con: -0.923
[GPU7] epochs: [743/800] train_loss_con: -0.921
[GPU7] epochs: [744/800] train_loss_con: -0.919
