environment: 
YAML: --config
==> SEED: 42
==> num_classes: 10
==> data_name: cifar10
==> data_params: {'algo': 'simsiam', 'data_dir': 'datasets/cifar10', 'batch_size': 512, 'num_workers': 3, 'image_size': 32}
==> return_logs: False
==> eval_every: 10
==> n_epochs: 350
==> n_epochs_mlp: 100
==> gpu_id: 6
==> opt: SGD
==> opt_params: {'lr': 0.06, 'momentum': 0.9, 'weight_decay': 0.0001}
==> schedular_params: {'T_max': 350, 'eta_min': 0.001}
==> mlp_opt: SGD
==> mlp_opt_params: {'lr': 0.01, 'momentum': 0.9}
==> model_params: {'model_name': 'resnet18', 'pretrained': False, 'proj_dim': 128, 'algo_type': 'simsiam', 'pred_dim': 512}
==> mlp_type: hidden
==> loss: simsiam
==> distributed: False
==> train_algo: simsiam
==> model_save_path: saved_models/simsiam.c10.r18.e350.pth
==> config: configs/simsiam.c10.yaml
--------------------------------------------------
===> using hiddin mlp
using optimizer: SGD
using optimizer: SGD
loss function: simsiam
# of Training Images: 50000
# of Testing Images: 10000
### simsiam Training begins
[GPU6] epochs: [1/350] train_loss_con: -0.512
[GPU6] epochs: [2/350] train_loss_con: -0.622
[GPU6] epochs: [3/350] train_loss_con: -0.649
[GPU6] epochs: [4/350] train_loss_con: -0.664
[GPU6] epochs: [5/350] train_loss_con: -0.680
[GPU6] epochs: [6/350] train_loss_con: -0.690
[GPU6] epochs: [7/350] train_loss_con: -0.690
[GPU6] epochs: [8/350] train_loss_con: -0.674
[GPU6] epochs: [9/350] train_loss_con: -0.683
[GPU6] epochs: [10/350] train_loss_con: -0.696
[GPU6] epochs: [11/350] train_loss_con: -0.697
[GPU6] epochs: [12/350] train_loss_con: -0.698
[GPU6] epochs: [13/350] train_loss_con: -0.709
[GPU6] epochs: [14/350] train_loss_con: -0.710
[GPU6] epochs: [15/350] train_loss_con: -0.713
[GPU6] epochs: [16/350] train_loss_con: -0.717
[GPU6] epochs: [17/350] train_loss_con: -0.709
[GPU6] epochs: [18/350] train_loss_con: -0.705
[GPU6] epochs: [19/350] train_loss_con: -0.719
[GPU6] epochs: [20/350] train_loss_con: -0.728
[GPU6] epochs: [21/350] train_loss_con: -0.731
[GPU6] epochs: [22/350] train_loss_con: -0.722
[GPU6] epochs: [23/350] train_loss_con: -0.722
[GPU6] epochs: [24/350] train_loss_con: -0.721
[GPU6] epochs: [25/350] train_loss_con: -0.733
[GPU6] epochs: [26/350] train_loss_con: -0.729
[GPU6] epochs: [27/350] train_loss_con: -0.733
[GPU6] epochs: [28/350] train_loss_con: -0.731
[GPU6] epochs: [29/350] train_loss_con: -0.728
[GPU6] epochs: [30/350] train_loss_con: -0.735
[GPU6] epochs: [31/350] train_loss_con: -0.736
[GPU6] epochs: [32/350] train_loss_con: -0.733
[GPU6] epochs: [33/350] train_loss_con: -0.739
[GPU6] epochs: [34/350] train_loss_con: -0.738
[GPU6] epochs: [35/350] train_loss_con: -0.744
[GPU6] epochs: [36/350] train_loss_con: -0.738
[GPU6] epochs: [37/350] train_loss_con: -0.748
[GPU6] epochs: [38/350] train_loss_con: -0.743
[GPU6] epochs: [39/350] train_loss_con: -0.748
[GPU6] epochs: [40/350] train_loss_con: -0.753
[GPU6] epochs: [41/350] train_loss_con: -0.750
[GPU6] epochs: [42/350] train_loss_con: -0.748
[GPU6] epochs: [43/350] train_loss_con: -0.754
[GPU6] epochs: [44/350] train_loss_con: -0.752
[GPU6] epochs: [45/350] train_loss_con: -0.752
[GPU6] epochs: [46/350] train_loss_con: -0.756
[GPU6] epochs: [47/350] train_loss_con: -0.755
[GPU6] epochs: [48/350] train_loss_con: -0.754
[GPU6] epochs: [49/350] train_loss_con: -0.761
[GPU6] epochs: [50/350] train_loss_con: -0.757
[GPU6] epochs: [51/350] train_loss_con: -0.761
[GPU6] epochs: [52/350] train_loss_con: -0.761
[GPU6] epochs: [53/350] train_loss_con: -0.761
[GPU6] epochs: [54/350] train_loss_con: -0.761
[GPU6] epochs: [55/350] train_loss_con: -0.761
[GPU6] epochs: [56/350] train_loss_con: -0.761
[GPU6] epochs: [57/350] train_loss_con: -0.757
[GPU6] epochs: [58/350] train_loss_con: -0.759
[GPU6] epochs: [59/350] train_loss_con: -0.760
[GPU6] epochs: [60/350] train_loss_con: -0.760
[GPU6] epochs: [61/350] train_loss_con: -0.759
[GPU6] epochs: [62/350] train_loss_con: -0.761
[GPU6] epochs: [63/350] train_loss_con: -0.762
[GPU6] epochs: [64/350] train_loss_con: -0.760
[GPU6] epochs: [65/350] train_loss_con: -0.762
[GPU6] epochs: [66/350] train_loss_con: -0.763
[GPU6] epochs: [67/350] train_loss_con: -0.762
[GPU6] epochs: [68/350] train_loss_con: -0.760
[GPU6] epochs: [69/350] train_loss_con: -0.764
[GPU6] epochs: [70/350] train_loss_con: -0.764
[GPU6] epochs: [71/350] train_loss_con: -0.762
[GPU6] epochs: [72/350] train_loss_con: -0.767
[GPU6] epochs: [73/350] train_loss_con: -0.762
[GPU6] epochs: [74/350] train_loss_con: -0.763
[GPU6] epochs: [75/350] train_loss_con: -0.765
[GPU6] epochs: [76/350] train_loss_con: -0.763
[GPU6] epochs: [77/350] train_loss_con: -0.764
[GPU6] epochs: [78/350] train_loss_con: -0.764
[GPU6] epochs: [79/350] train_loss_con: -0.762
[GPU6] epochs: [80/350] train_loss_con: -0.764
[GPU6] epochs: [81/350] train_loss_con: -0.763
[GPU6] epochs: [82/350] train_loss_con: -0.762
[GPU6] epochs: [83/350] train_loss_con: -0.764
[GPU6] epochs: [84/350] train_loss_con: -0.764
[GPU6] epochs: [85/350] train_loss_con: -0.763
[GPU6] epochs: [86/350] train_loss_con: -0.764
[GPU6] epochs: [87/350] train_loss_con: -0.765
[GPU6] epochs: [88/350] train_loss_con: -0.767
[GPU6] epochs: [89/350] train_loss_con: -0.765
[GPU6] epochs: [90/350] train_loss_con: -0.765
[GPU6] epochs: [91/350] train_loss_con: -0.765
[GPU6] epochs: [92/350] train_loss_con: -0.763
[GPU6] epochs: [93/350] train_loss_con: -0.767
[GPU6] epochs: [94/350] train_loss_con: -0.764
[GPU6] epochs: [95/350] train_loss_con: -0.769
[GPU6] epochs: [96/350] train_loss_con: -0.764
[GPU6] epochs: [97/350] train_loss_con: -0.761
[GPU6] epochs: [98/350] train_loss_con: -0.763
[GPU6] epochs: [99/350] train_loss_con: -0.764
[GPU6] epochs: [100/350] train_loss_con: -0.762
[GPU6] epochs: [101/350] train_loss_con: -0.762
[GPU6] epochs: [102/350] train_loss_con: -0.762
[GPU6] epochs: [103/350] train_loss_con: -0.764
[GPU6] epochs: [104/350] train_loss_con: -0.760
[GPU6] epochs: [105/350] train_loss_con: -0.762
[GPU6] epochs: [106/350] train_loss_con: -0.767
[GPU6] epochs: [107/350] train_loss_con: -0.763
[GPU6] epochs: [108/350] train_loss_con: -0.762
[GPU6] epochs: [109/350] train_loss_con: -0.760
[GPU6] epochs: [110/350] train_loss_con: -0.762
[GPU6] epochs: [111/350] train_loss_con: -0.765
[GPU6] epochs: [112/350] train_loss_con: -0.765
[GPU6] epochs: [113/350] train_loss_con: -0.761
[GPU6] epochs: [114/350] train_loss_con: -0.761
[GPU6] epochs: [115/350] train_loss_con: -0.766
[GPU6] epochs: [116/350] train_loss_con: -0.762
[GPU6] epochs: [117/350] train_loss_con: -0.763
[GPU6] epochs: [118/350] train_loss_con: -0.767
[GPU6] epochs: [119/350] train_loss_con: -0.761
[GPU6] epochs: [120/350] train_loss_con: -0.762
[GPU6] epochs: [121/350] train_loss_con: -0.763
[GPU6] epochs: [122/350] train_loss_con: -0.763
[GPU6] epochs: [123/350] train_loss_con: -0.767
[GPU6] epochs: [124/350] train_loss_con: -0.765
[GPU6] epochs: [125/350] train_loss_con: -0.764
[GPU6] epochs: [126/350] train_loss_con: -0.766
[GPU6] epochs: [127/350] train_loss_con: -0.766
[GPU6] epochs: [128/350] train_loss_con: -0.766
[GPU6] epochs: [129/350] train_loss_con: -0.765
[GPU6] epochs: [130/350] train_loss_con: -0.764
[GPU6] epochs: [131/350] train_loss_con: -0.768
[GPU6] epochs: [132/350] train_loss_con: -0.767
[GPU6] epochs: [133/350] train_loss_con: -0.766
[GPU6] epochs: [134/350] train_loss_con: -0.767
[GPU6] epochs: [135/350] train_loss_con: -0.766
[GPU6] epochs: [136/350] train_loss_con: -0.766
[GPU6] epochs: [137/350] train_loss_con: -0.769
[GPU6] epochs: [138/350] train_loss_con: -0.768
[GPU6] epochs: [139/350] train_loss_con: -0.769
[GPU6] epochs: [140/350] train_loss_con: -0.766
[GPU6] epochs: [141/350] train_loss_con: -0.768
[GPU6] epochs: [142/350] train_loss_con: -0.769
[GPU6] epochs: [143/350] train_loss_con: -0.765
[GPU6] epochs: [144/350] train_loss_con: -0.770
[GPU6] epochs: [145/350] train_loss_con: -0.770
[GPU6] epochs: [146/350] train_loss_con: -0.771
[GPU6] epochs: [147/350] train_loss_con: -0.774
[GPU6] epochs: [148/350] train_loss_con: -0.773
[GPU6] epochs: [149/350] train_loss_con: -0.770
[GPU6] epochs: [150/350] train_loss_con: -0.773
[GPU6] epochs: [151/350] train_loss_con: -0.774
[GPU6] epochs: [152/350] train_loss_con: -0.772
[GPU6] epochs: [153/350] train_loss_con: -0.772
[GPU6] epochs: [154/350] train_loss_con: -0.772
[GPU6] epochs: [155/350] train_loss_con: -0.774
[GPU6] epochs: [156/350] train_loss_con: -0.775
[GPU6] epochs: [157/350] train_loss_con: -0.776
[GPU6] epochs: [158/350] train_loss_con: -0.775
[GPU6] epochs: [159/350] train_loss_con: -0.776
[GPU6] epochs: [160/350] train_loss_con: -0.775
[GPU6] epochs: [161/350] train_loss_con: -0.774
[GPU6] epochs: [162/350] train_loss_con: -0.775
[GPU6] epochs: [163/350] train_loss_con: -0.777
[GPU6] epochs: [164/350] train_loss_con: -0.778
[GPU6] epochs: [165/350] train_loss_con: -0.774
[GPU6] epochs: [166/350] train_loss_con: -0.777
[GPU6] epochs: [167/350] train_loss_con: -0.777
[GPU6] epochs: [168/350] train_loss_con: -0.778
[GPU6] epochs: [169/350] train_loss_con: -0.779
[GPU6] epochs: [170/350] train_loss_con: -0.779
[GPU6] epochs: [171/350] train_loss_con: -0.778
[GPU6] epochs: [172/350] train_loss_con: -0.778
[GPU6] epochs: [173/350] train_loss_con: -0.779
[GPU6] epochs: [174/350] train_loss_con: -0.779
[GPU6] epochs: [175/350] train_loss_con: -0.780
[GPU6] epochs: [176/350] train_loss_con: -0.779
[GPU6] epochs: [177/350] train_loss_con: -0.780
[GPU6] epochs: [178/350] train_loss_con: -0.780
[GPU6] epochs: [179/350] train_loss_con: -0.781
[GPU6] epochs: [180/350] train_loss_con: -0.782
[GPU6] epochs: [181/350] train_loss_con: -0.782
[GPU6] epochs: [182/350] train_loss_con: -0.783
[GPU6] epochs: [183/350] train_loss_con: -0.785
[GPU6] epochs: [184/350] train_loss_con: -0.784
[GPU6] epochs: [185/350] train_loss_con: -0.785
[GPU6] epochs: [186/350] train_loss_con: -0.785
[GPU6] epochs: [187/350] train_loss_con: -0.784
[GPU6] epochs: [188/350] train_loss_con: -0.786
[GPU6] epochs: [189/350] train_loss_con: -0.784
[GPU6] epochs: [190/350] train_loss_con: -0.785
[GPU6] epochs: [191/350] train_loss_con: -0.785
[GPU6] epochs: [192/350] train_loss_con: -0.787
[GPU6] epochs: [193/350] train_loss_con: -0.788
[GPU6] epochs: [194/350] train_loss_con: -0.786
[GPU6] epochs: [195/350] train_loss_con: -0.789
[GPU6] epochs: [196/350] train_loss_con: -0.786
[GPU6] epochs: [197/350] train_loss_con: -0.786
[GPU6] epochs: [198/350] train_loss_con: -0.789
[GPU6] epochs: [199/350] train_loss_con: -0.789
[GPU6] epochs: [200/350] train_loss_con: -0.789
[GPU6] epochs: [201/350] train_loss_con: -0.790
[GPU6] epochs: [202/350] train_loss_con: -0.790
[GPU6] epochs: [203/350] train_loss_con: -0.788
[GPU6] epochs: [204/350] train_loss_con: -0.790
[GPU6] epochs: [205/350] train_loss_con: -0.790
[GPU6] epochs: [206/350] train_loss_con: -0.788
[GPU6] epochs: [207/350] train_loss_con: -0.790
[GPU6] epochs: [208/350] train_loss_con: -0.791
[GPU6] epochs: [209/350] train_loss_con: -0.790
[GPU6] epochs: [210/350] train_loss_con: -0.793
[GPU6] epochs: [211/350] train_loss_con: -0.794
[GPU6] epochs: [212/350] train_loss_con: -0.794
[GPU6] epochs: [213/350] train_loss_con: -0.793
[GPU6] epochs: [214/350] train_loss_con: -0.794
[GPU6] epochs: [215/350] train_loss_con: -0.795
[GPU6] epochs: [216/350] train_loss_con: -0.793
[GPU6] epochs: [217/350] train_loss_con: -0.793
[GPU6] epochs: [218/350] train_loss_con: -0.795
[GPU6] epochs: [219/350] train_loss_con: -0.795
[GPU6] epochs: [220/350] train_loss_con: -0.795
[GPU6] epochs: [221/350] train_loss_con: -0.796
[GPU6] epochs: [222/350] train_loss_con: -0.797
[GPU6] epochs: [223/350] train_loss_con: -0.796
[GPU6] epochs: [224/350] train_loss_con: -0.796
[GPU6] epochs: [225/350] train_loss_con: -0.798
[GPU6] epochs: [226/350] train_loss_con: -0.795
[GPU6] epochs: [227/350] train_loss_con: -0.795
[GPU6] epochs: [228/350] train_loss_con: -0.799
[GPU6] epochs: [229/350] train_loss_con: -0.799
[GPU6] epochs: [230/350] train_loss_con: -0.799
[GPU6] epochs: [231/350] train_loss_con: -0.799
[GPU6] epochs: [232/350] train_loss_con: -0.799
[GPU6] epochs: [233/350] train_loss_con: -0.799
[GPU6] epochs: [234/350] train_loss_con: -0.797
[GPU6] epochs: [235/350] train_loss_con: -0.799
[GPU6] epochs: [236/350] train_loss_con: -0.798
[GPU6] epochs: [237/350] train_loss_con: -0.800
[GPU6] epochs: [238/350] train_loss_con: -0.799
[GPU6] epochs: [239/350] train_loss_con: -0.798
[GPU6] epochs: [240/350] train_loss_con: -0.800
[GPU6] epochs: [241/350] train_loss_con: -0.801
[GPU6] epochs: [242/350] train_loss_con: -0.800
[GPU6] epochs: [243/350] train_loss_con: -0.802
[GPU6] epochs: [244/350] train_loss_con: -0.802
[GPU6] epochs: [245/350] train_loss_con: -0.804
[GPU6] epochs: [246/350] train_loss_con: -0.802
[GPU6] epochs: [247/350] train_loss_con: -0.804
[GPU6] epochs: [248/350] train_loss_con: -0.802
[GPU6] epochs: [249/350] train_loss_con: -0.803
[GPU6] epochs: [250/350] train_loss_con: -0.803
[GPU6] epochs: [251/350] train_loss_con: -0.804
[GPU6] epochs: [252/350] train_loss_con: -0.803
[GPU6] epochs: [253/350] train_loss_con: -0.804
[GPU6] epochs: [254/350] train_loss_con: -0.804
[GPU6] epochs: [255/350] train_loss_con: -0.804
[GPU6] epochs: [256/350] train_loss_con: -0.805
[GPU6] epochs: [257/350] train_loss_con: -0.804
[GPU6] epochs: [258/350] train_loss_con: -0.804
[GPU6] epochs: [259/350] train_loss_con: -0.806
[GPU6] epochs: [260/350] train_loss_con: -0.805
[GPU6] epochs: [261/350] train_loss_con: -0.806
[GPU6] epochs: [262/350] train_loss_con: -0.805
[GPU6] epochs: [263/350] train_loss_con: -0.807
[GPU6] epochs: [264/350] train_loss_con: -0.806
[GPU6] epochs: [265/350] train_loss_con: -0.807
[GPU6] epochs: [266/350] train_loss_con: -0.808
[GPU6] epochs: [267/350] train_loss_con: -0.808
[GPU6] epochs: [268/350] train_loss_con: -0.807
[GPU6] epochs: [269/350] train_loss_con: -0.809
[GPU6] epochs: [270/350] train_loss_con: -0.809
[GPU6] epochs: [271/350] train_loss_con: -0.809
[GPU6] epochs: [272/350] train_loss_con: -0.808
[GPU6] epochs: [273/350] train_loss_con: -0.808
[GPU6] epochs: [274/350] train_loss_con: -0.809
[GPU6] epochs: [275/350] train_loss_con: -0.809
[GPU6] epochs: [276/350] train_loss_con: -0.809
[GPU6] epochs: [277/350] train_loss_con: -0.809
[GPU6] epochs: [278/350] train_loss_con: -0.811
[GPU6] epochs: [279/350] train_loss_con: -0.810
[GPU6] epochs: [280/350] train_loss_con: -0.809
[GPU6] epochs: [281/350] train_loss_con: -0.809
[GPU6] epochs: [282/350] train_loss_con: -0.811
[GPU6] epochs: [283/350] train_loss_con: -0.808
[GPU6] epochs: [284/350] train_loss_con: -0.810
[GPU6] epochs: [285/350] train_loss_con: -0.810
[GPU6] epochs: [286/350] train_loss_con: -0.811
[GPU6] epochs: [287/350] train_loss_con: -0.813
[GPU6] epochs: [288/350] train_loss_con: -0.812
[GPU6] epochs: [289/350] train_loss_con: -0.813
[GPU6] epochs: [290/350] train_loss_con: -0.811
[GPU6] epochs: [291/350] train_loss_con: -0.812
[GPU6] epochs: [292/350] train_loss_con: -0.813
[GPU6] epochs: [293/350] train_loss_con: -0.813
[GPU6] epochs: [294/350] train_loss_con: -0.813
[GPU6] epochs: [295/350] train_loss_con: -0.813
[GPU6] epochs: [296/350] train_loss_con: -0.812
[GPU6] epochs: [297/350] train_loss_con: -0.813
[GPU6] epochs: [298/350] train_loss_con: -0.813
[GPU6] epochs: [299/350] train_loss_con: -0.813
[GPU6] epochs: [300/350] train_loss_con: -0.814
[GPU6] epochs: [301/350] train_loss_con: -0.814
[GPU6] epochs: [302/350] train_loss_con: -0.814
[GPU6] epochs: [303/350] train_loss_con: -0.814
[GPU6] epochs: [304/350] train_loss_con: -0.815
[GPU6] epochs: [305/350] train_loss_con: -0.815
[GPU6] epochs: [306/350] train_loss_con: -0.814
[GPU6] epochs: [307/350] train_loss_con: -0.815
[GPU6] epochs: [308/350] train_loss_con: -0.815
[GPU6] epochs: [309/350] train_loss_con: -0.813
[GPU6] epochs: [310/350] train_loss_con: -0.814
[GPU6] epochs: [311/350] train_loss_con: -0.815
[GPU6] epochs: [312/350] train_loss_con: -0.814
[GPU6] epochs: [313/350] train_loss_con: -0.815
[GPU6] epochs: [314/350] train_loss_con: -0.815
[GPU6] epochs: [315/350] train_loss_con: -0.816
[GPU6] epochs: [316/350] train_loss_con: -0.816
[GPU6] epochs: [317/350] train_loss_con: -0.815
[GPU6] epochs: [318/350] train_loss_con: -0.815
[GPU6] epochs: [319/350] train_loss_con: -0.815
[GPU6] epochs: [320/350] train_loss_con: -0.815
[GPU6] epochs: [321/350] train_loss_con: -0.815
[GPU6] epochs: [322/350] train_loss_con: -0.816
[GPU6] epochs: [323/350] train_loss_con: -0.814
[GPU6] epochs: [324/350] train_loss_con: -0.816
[GPU6] epochs: [325/350] train_loss_con: -0.815
[GPU6] epochs: [326/350] train_loss_con: -0.817
[GPU6] epochs: [327/350] train_loss_con: -0.816
[GPU6] epochs: [328/350] train_loss_con: -0.817
[GPU6] epochs: [329/350] train_loss_con: -0.816
[GPU6] epochs: [330/350] train_loss_con: -0.817
[GPU6] epochs: [331/350] train_loss_con: -0.817
[GPU6] epochs: [332/350] train_loss_con: -0.817
[GPU6] epochs: [333/350] train_loss_con: -0.816
[GPU6] epochs: [334/350] train_loss_con: -0.817
[GPU6] epochs: [335/350] train_loss_con: -0.818
[GPU6] epochs: [336/350] train_loss_con: -0.818
[GPU6] epochs: [337/350] train_loss_con: -0.818
[GPU6] epochs: [338/350] train_loss_con: -0.817
[GPU6] epochs: [339/350] train_loss_con: -0.818
[GPU6] epochs: [340/350] train_loss_con: -0.818
[GPU6] epochs: [341/350] train_loss_con: -0.818
[GPU6] epochs: [342/350] train_loss_con: -0.815
[GPU6] epochs: [343/350] train_loss_con: -0.815
[GPU6] epochs: [344/350] train_loss_con: -0.817
[GPU6] epochs: [345/350] train_loss_con: -0.818
[GPU6] epochs: [346/350] train_loss_con: -0.818
[GPU6] epochs: [347/350] train_loss_con: -0.817
[GPU6] epochs: [348/350] train_loss_con: -0.817
[GPU6] epochs: [349/350] train_loss_con: -0.817
[GPU6] epochs: [350/350] train_loss_con: -0.819
### TSNE starts
### MLP training begins
[GPU6] Test Accuracy at epoch: 0: 0.682
[GPU6] epochs: [1/100] train_acc: 0.504 train_loss_sup: 1.676
[GPU6] epochs: [2/100] train_acc: 0.687 train_loss_sup: 0.944
[GPU6] epochs: [3/100] train_acc: 0.706 train_loss_sup: 0.836
[GPU6] epochs: [4/100] train_acc: 0.719 train_loss_sup: 0.796
[GPU6] epochs: [5/100] train_acc: 0.722 train_loss_sup: 0.781
[GPU6] epochs: [6/100] train_acc: 0.729 train_loss_sup: 0.768
[GPU6] epochs: [7/100] train_acc: 0.729 train_loss_sup: 0.758
[GPU6] epochs: [8/100] train_acc: 0.735 train_loss_sup: 0.747
[GPU6] epochs: [9/100] train_acc: 0.738 train_loss_sup: 0.741
[GPU6] epochs: [10/100] train_acc: 0.736 train_loss_sup: 0.742
[GPU6] Test Accuracy at epoch: 10: 0.773
[GPU6] epochs: [11/100] train_acc: 0.740 train_loss_sup: 0.734
[GPU6] epochs: [12/100] train_acc: 0.741 train_loss_sup: 0.730
[GPU6] epochs: [13/100] train_acc: 0.741 train_loss_sup: 0.729
[GPU6] epochs: [14/100] train_acc: 0.742 train_loss_sup: 0.725
[GPU6] epochs: [15/100] train_acc: 0.745 train_loss_sup: 0.722
[GPU6] epochs: [16/100] train_acc: 0.746 train_loss_sup: 0.718
[GPU6] epochs: [17/100] train_acc: 0.746 train_loss_sup: 0.712
[GPU6] epochs: [18/100] train_acc: 0.747 train_loss_sup: 0.712
[GPU6] epochs: [19/100] train_acc: 0.749 train_loss_sup: 0.708
[GPU6] epochs: [20/100] train_acc: 0.749 train_loss_sup: 0.710
[GPU6] Test Accuracy at epoch: 20: 0.787
[GPU6] epochs: [21/100] train_acc: 0.750 train_loss_sup: 0.706
[GPU6] epochs: [22/100] train_acc: 0.751 train_loss_sup: 0.705
[GPU6] epochs: [23/100] train_acc: 0.751 train_loss_sup: 0.699
[GPU6] epochs: [24/100] train_acc: 0.751 train_loss_sup: 0.699
[GPU6] epochs: [25/100] train_acc: 0.753 train_loss_sup: 0.699
[GPU6] epochs: [26/100] train_acc: 0.753 train_loss_sup: 0.698
[GPU6] epochs: [27/100] train_acc: 0.753 train_loss_sup: 0.699
[GPU6] epochs: [28/100] train_acc: 0.755 train_loss_sup: 0.689
[GPU6] epochs: [29/100] train_acc: 0.756 train_loss_sup: 0.694
[GPU6] epochs: [30/100] train_acc: 0.756 train_loss_sup: 0.692
[GPU6] Test Accuracy at epoch: 30: 0.793
[GPU6] epochs: [31/100] train_acc: 0.758 train_loss_sup: 0.690
[GPU6] epochs: [32/100] train_acc: 0.757 train_loss_sup: 0.691
[GPU6] epochs: [33/100] train_acc: 0.758 train_loss_sup: 0.685
[GPU6] epochs: [34/100] train_acc: 0.757 train_loss_sup: 0.687
[GPU6] epochs: [35/100] train_acc: 0.760 train_loss_sup: 0.683
[GPU6] epochs: [36/100] train_acc: 0.761 train_loss_sup: 0.679
[GPU6] epochs: [37/100] train_acc: 0.759 train_loss_sup: 0.684
[GPU6] epochs: [38/100] train_acc: 0.759 train_loss_sup: 0.681
[GPU6] epochs: [39/100] train_acc: 0.756 train_loss_sup: 0.685
[GPU6] epochs: [40/100] train_acc: 0.759 train_loss_sup: 0.678
[GPU6] Test Accuracy at epoch: 40: 0.797
[GPU6] epochs: [41/100] train_acc: 0.761 train_loss_sup: 0.677
[GPU6] epochs: [42/100] train_acc: 0.760 train_loss_sup: 0.676
[GPU6] epochs: [43/100] train_acc: 0.760 train_loss_sup: 0.676
[GPU6] epochs: [44/100] train_acc: 0.759 train_loss_sup: 0.676
[GPU6] epochs: [45/100] train_acc: 0.759 train_loss_sup: 0.677
[GPU6] epochs: [46/100] train_acc: 0.764 train_loss_sup: 0.670
[GPU6] epochs: [47/100] train_acc: 0.762 train_loss_sup: 0.675
[GPU6] epochs: [48/100] train_acc: 0.763 train_loss_sup: 0.672
[GPU6] epochs: [49/100] train_acc: 0.765 train_loss_sup: 0.664
[GPU6] epochs: [50/100] train_acc: 0.758 train_loss_sup: 0.676
[GPU6] Test Accuracy at epoch: 50: 0.799
[GPU6] epochs: [51/100] train_acc: 0.763 train_loss_sup: 0.670
[GPU6] epochs: [52/100] train_acc: 0.762 train_loss_sup: 0.666
[GPU6] epochs: [53/100] train_acc: 0.763 train_loss_sup: 0.668
[GPU6] epochs: [54/100] train_acc: 0.765 train_loss_sup: 0.665
[GPU6] epochs: [55/100] train_acc: 0.766 train_loss_sup: 0.666
[GPU6] epochs: [56/100] train_acc: 0.764 train_loss_sup: 0.665
[GPU6] epochs: [57/100] train_acc: 0.764 train_loss_sup: 0.663
[GPU6] epochs: [58/100] train_acc: 0.765 train_loss_sup: 0.663
[GPU6] epochs: [59/100] train_acc: 0.764 train_loss_sup: 0.663
[GPU6] epochs: [60/100] train_acc: 0.767 train_loss_sup: 0.661
[GPU6] Test Accuracy at epoch: 60: 0.804
[GPU6] epochs: [61/100] train_acc: 0.767 train_loss_sup: 0.655
[GPU6] epochs: [62/100] train_acc: 0.767 train_loss_sup: 0.657
[GPU6] epochs: [63/100] train_acc: 0.768 train_loss_sup: 0.658
[GPU6] epochs: [64/100] train_acc: 0.766 train_loss_sup: 0.659
[GPU6] epochs: [65/100] train_acc: 0.765 train_loss_sup: 0.659
[GPU6] epochs: [66/100] train_acc: 0.767 train_loss_sup: 0.660
[GPU6] epochs: [67/100] train_acc: 0.767 train_loss_sup: 0.656
[GPU6] epochs: [68/100] train_acc: 0.767 train_loss_sup: 0.659
[GPU6] epochs: [69/100] train_acc: 0.771 train_loss_sup: 0.646
[GPU6] epochs: [70/100] train_acc: 0.768 train_loss_sup: 0.655
[GPU6] Test Accuracy at epoch: 70: 0.805
[GPU6] epochs: [71/100] train_acc: 0.768 train_loss_sup: 0.653
[GPU6] epochs: [72/100] train_acc: 0.769 train_loss_sup: 0.650
[GPU6] epochs: [73/100] train_acc: 0.769 train_loss_sup: 0.652
[GPU6] epochs: [74/100] train_acc: 0.769 train_loss_sup: 0.649
[GPU6] epochs: [75/100] train_acc: 0.769 train_loss_sup: 0.650
[GPU6] epochs: [76/100] train_acc: 0.769 train_loss_sup: 0.652
[GPU6] epochs: [77/100] train_acc: 0.771 train_loss_sup: 0.645
[GPU6] epochs: [78/100] train_acc: 0.771 train_loss_sup: 0.649
[GPU6] epochs: [79/100] train_acc: 0.769 train_loss_sup: 0.652
[GPU6] epochs: [80/100] train_acc: 0.769 train_loss_sup: 0.648
[GPU6] Test Accuracy at epoch: 80: 0.808
[GPU6] epochs: [81/100] train_acc: 0.773 train_loss_sup: 0.642
[GPU6] epochs: [82/100] train_acc: 0.769 train_loss_sup: 0.649
[GPU6] epochs: [83/100] train_acc: 0.772 train_loss_sup: 0.645
[GPU6] epochs: [84/100] train_acc: 0.769 train_loss_sup: 0.650
[GPU6] epochs: [85/100] train_acc: 0.770 train_loss_sup: 0.649
[GPU6] epochs: [86/100] train_acc: 0.773 train_loss_sup: 0.642
[GPU6] epochs: [87/100] train_acc: 0.769 train_loss_sup: 0.648
[GPU6] epochs: [88/100] train_acc: 0.772 train_loss_sup: 0.639
[GPU6] epochs: [89/100] train_acc: 0.772 train_loss_sup: 0.642
[GPU6] epochs: [90/100] train_acc: 0.773 train_loss_sup: 0.641
[GPU6] Test Accuracy at epoch: 90: 0.808
[GPU6] epochs: [91/100] train_acc: 0.773 train_loss_sup: 0.641
[GPU6] epochs: [92/100] train_acc: 0.773 train_loss_sup: 0.641
[GPU6] epochs: [93/100] train_acc: 0.771 train_loss_sup: 0.642
[GPU6] epochs: [94/100] train_acc: 0.773 train_loss_sup: 0.638
[GPU6] epochs: [95/100] train_acc: 0.773 train_loss_sup: 0.639
[GPU6] epochs: [96/100] train_acc: 0.774 train_loss_sup: 0.636
[GPU6] epochs: [97/100] train_acc: 0.773 train_loss_sup: 0.639
[GPU6] epochs: [98/100] train_acc: 0.774 train_loss_sup: 0.635
[GPU6] epochs: [99/100] train_acc: 0.775 train_loss_sup: 0.634
[GPU6] epochs: [100/100] train_acc: 0.773 train_loss_sup: 0.639
[GPU6] Final Test Accuracy: 0.808
Model weights saved
