environment: 
YAML: configs/supcon.c10.yaml
==> SEED: 42
==> num_classes: 10
==> data_name: cifar10
==> data_params: {'algo': 'supcon', 'data_dir': 'datasets/cifar10', 'batch_size': 512, 'num_workers': 3, 'image_size': 32}
==> return_logs: False
==> eval_every: 10
==> n_epochs: 350
==> n_epochs_mlp: 100
==> gpu_id: 2
==> opt: SGD
==> opt_params: {'lr': 0.5, 'momentum': 0.9, 'nesterov': True}
==> schedular_params: {'T_max': 350, 'eta_min': 0.001}
==> mlp_opt: SGD
==> mlp_opt_params: {'lr': 0.01, 'momentum': 0.9, 'nesterov': True}
==> model_params: {'model_name': 'resnet50', 'pretrained': False, 'proj_dim': 128}
==> mlp_type: hidden
==> loss: supcon
==> loss_params: {'sim': 'cosine', 'tau': 0.1}
==> distributed: False
==> train_algo: supcon
--------------------------------------------------
===> using hiddin mlp
using optimizer: SGD
using optimizer: SGD
loss function: supcon
Files already downloaded and verified
Files already downloaded and verified
Files already downloaded and verified
# of Training Images: 50000
# of Testing Images: 10000
### supcon Training begins
[GPU2] epochs: [1/350] train_loss_con: 6.870
[GPU2] epochs: [2/350] train_loss_con: 6.780
[GPU2] epochs: [3/350] train_loss_con: 6.740
[GPU2] epochs: [4/350] train_loss_con: 6.694
[GPU2] epochs: [5/350] train_loss_con: 6.642
[GPU2] epochs: [6/350] train_loss_con: 6.605
[GPU2] epochs: [7/350] train_loss_con: 6.580
[GPU2] epochs: [8/350] train_loss_con: 6.483
[GPU2] epochs: [9/350] train_loss_con: 6.428
[GPU2] epochs: [10/350] train_loss_con: 6.389
[GPU2] epochs: [11/350] train_loss_con: 6.356
[GPU2] epochs: [12/350] train_loss_con: 6.318
[GPU2] epochs: [13/350] train_loss_con: 6.223
[GPU2] epochs: [14/350] train_loss_con: 6.165
[GPU2] epochs: [15/350] train_loss_con: 6.123
[GPU2] epochs: [16/350] train_loss_con: 6.071
[GPU2] epochs: [17/350] train_loss_con: 6.032
[GPU2] epochs: [18/350] train_loss_con: 5.987
[GPU2] epochs: [19/350] train_loss_con: 5.951
[GPU2] epochs: [20/350] train_loss_con: 5.916
[GPU2] epochs: [21/350] train_loss_con: 5.876
[GPU2] epochs: [22/350] train_loss_con: 5.851
[GPU2] epochs: [23/350] train_loss_con: 5.829
[GPU2] epochs: [24/350] train_loss_con: 5.806
[GPU2] epochs: [25/350] train_loss_con: 5.783
[GPU2] epochs: [26/350] train_loss_con: 5.764
[GPU2] epochs: [27/350] train_loss_con: 5.746
[GPU2] epochs: [28/350] train_loss_con: 5.724
[GPU2] epochs: [29/350] train_loss_con: 5.712
