environment: 
YAML: configs/supcon.c100.yaml
==> SEED: 42
==> num_classes: 100
==> data_name: cifar100
==> data_params: {'algo': 'supcon', 'data_dir': 'datasets/cifar100', 'batch_size': 512, 'num_workers': 3, 'image_size': 32}
==> return_logs: False
==> eval_every: 10
==> n_epochs: 350
==> n_epochs_mlp: 100
==> gpu_id: 1
==> opt: SGD
==> opt_params: {'lr': 0.5, 'momentum': 0.9, 'nesterov': True}
==> schedular_params: {'T_max': 350, 'eta_min': 0.001}
==> mlp_opt: SGD
==> mlp_opt_params: {'lr': 0.01, 'momentum': 0.9, 'nesterov': True}
==> model_params: {'model_name': 'resnet18', 'pretrained': False, 'proj_dim': 128}
==> mlp_type: hidden
==> loss: supcon
==> loss_params: {'sim': 'cosine', 'tau': 0.1}
==> distributed: False
==> train_algo: supcon
--------------------------------------------------
===> using hiddin mlp
using optimizer: SGD
using optimizer: SGD
loss function: supcon
Files already downloaded and verified
Files already downloaded and verified
Files already downloaded and verified
# of Training Images: 50000
# of Testing Images: 10000
### supcon Training begins
[GPU1] epochs: [1/350] train_loss_con: 6.823
[GPU1] epochs: [2/350] train_loss_con: 6.720
[GPU1] epochs: [3/350] train_loss_con: 6.580
[GPU1] epochs: [4/350] train_loss_con: 6.442
[GPU1] epochs: [5/350] train_loss_con: 6.323
[GPU1] epochs: [6/350] train_loss_con: 6.208
[GPU1] epochs: [7/350] train_loss_con: 6.113
[GPU1] epochs: [8/350] train_loss_con: 6.017
[GPU1] epochs: [9/350] train_loss_con: 5.938
[GPU1] epochs: [10/350] train_loss_con: 5.863
[GPU1] epochs: [11/350] train_loss_con: 5.796
[GPU1] epochs: [12/350] train_loss_con: 5.726
[GPU1] epochs: [13/350] train_loss_con: 5.666
[GPU1] epochs: [14/350] train_loss_con: 5.607
[GPU1] epochs: [15/350] train_loss_con: 5.562
[GPU1] epochs: [16/350] train_loss_con: 5.509
[GPU1] epochs: [17/350] train_loss_con: 5.471
[GPU1] epochs: [18/350] train_loss_con: 5.422
[GPU1] epochs: [19/350] train_loss_con: 5.381
[GPU1] epochs: [20/350] train_loss_con: 5.335
[GPU1] epochs: [21/350] train_loss_con: 5.292
[GPU1] epochs: [22/350] train_loss_con: 5.261
[GPU1] epochs: [23/350] train_loss_con: 5.221
[GPU1] epochs: [24/350] train_loss_con: 5.176
[GPU1] epochs: [25/350] train_loss_con: 5.149
[GPU1] epochs: [26/350] train_loss_con: 5.126
[GPU1] epochs: [27/350] train_loss_con: 5.089
[GPU1] epochs: [28/350] train_loss_con: 5.054
[GPU1] epochs: [29/350] train_loss_con: 5.024
[GPU1] epochs: [30/350] train_loss_con: 5.005
[GPU1] epochs: [31/350] train_loss_con: 4.972
[GPU1] epochs: [32/350] train_loss_con: 4.938
[GPU1] epochs: [33/350] train_loss_con: 4.918
[GPU1] epochs: [34/350] train_loss_con: 4.888
[GPU1] epochs: [35/350] train_loss_con: 4.868
[GPU1] epochs: [36/350] train_loss_con: 4.836
[GPU1] epochs: [37/350] train_loss_con: 4.820
[GPU1] epochs: [38/350] train_loss_con: 4.787
[GPU1] epochs: [39/350] train_loss_con: 4.767
[GPU1] epochs: [40/350] train_loss_con: 4.752
[GPU1] epochs: [41/350] train_loss_con: 4.726
[GPU1] epochs: [42/350] train_loss_con: 4.703
[GPU1] epochs: [43/350] train_loss_con: 4.680
[GPU1] epochs: [44/350] train_loss_con: 4.676
[GPU1] epochs: [45/350] train_loss_con: 4.647
[GPU1] epochs: [46/350] train_loss_con: 4.612
[GPU1] epochs: [47/350] train_loss_con: 4.610
[GPU1] epochs: [48/350] train_loss_con: 4.594
[GPU1] epochs: [49/350] train_loss_con: 4.581
[GPU1] epochs: [50/350] train_loss_con: 4.548
[GPU1] epochs: [51/350] train_loss_con: 4.534
[GPU1] epochs: [52/350] train_loss_con: 4.513
[GPU1] epochs: [53/350] train_loss_con: 4.510
[GPU1] epochs: [54/350] train_loss_con: 4.492
[GPU1] epochs: [55/350] train_loss_con: 4.475
[GPU1] epochs: [56/350] train_loss_con: 4.456
[GPU1] epochs: [57/350] train_loss_con: 4.437
[GPU1] epochs: [58/350] train_loss_con: 4.424
[GPU1] epochs: [59/350] train_loss_con: 4.407
[GPU1] epochs: [60/350] train_loss_con: 4.410
[GPU1] epochs: [61/350] train_loss_con: 4.377
[GPU1] epochs: [62/350] train_loss_con: 4.362
[GPU1] epochs: [63/350] train_loss_con: 4.355
[GPU1] epochs: [64/350] train_loss_con: 4.355
[GPU1] epochs: [65/350] train_loss_con: 4.329
[GPU1] epochs: [66/350] train_loss_con: 4.302
[GPU1] epochs: [67/350] train_loss_con: 4.299
[GPU1] epochs: [68/350] train_loss_con: 4.294
[GPU1] epochs: [69/350] train_loss_con: 4.273
[GPU1] epochs: [70/350] train_loss_con: 4.268
[GPU1] epochs: [71/350] train_loss_con: 4.254
[GPU1] epochs: [72/350] train_loss_con: 4.238
[GPU1] epochs: [73/350] train_loss_con: 4.223
[GPU1] epochs: [74/350] train_loss_con: 4.217
[GPU1] epochs: [75/350] train_loss_con: 4.210
[GPU1] epochs: [76/350] train_loss_con: 4.190
[GPU1] epochs: [77/350] train_loss_con: 4.183
[GPU1] epochs: [78/350] train_loss_con: 4.164
[GPU1] epochs: [79/350] train_loss_con: 4.162
[GPU1] epochs: [80/350] train_loss_con: 4.154
[GPU1] epochs: [81/350] train_loss_con: 4.139
[GPU1] epochs: [82/350] train_loss_con: 4.142
[GPU1] epochs: [83/350] train_loss_con: 4.120
[GPU1] epochs: [84/350] train_loss_con: 4.114
[GPU1] epochs: [85/350] train_loss_con: 4.113
[GPU1] epochs: [86/350] train_loss_con: 4.103
[GPU1] epochs: [87/350] train_loss_con: 4.086
[GPU1] epochs: [88/350] train_loss_con: 4.093
[GPU1] epochs: [89/350] train_loss_con: 4.082
[GPU1] epochs: [90/350] train_loss_con: 4.063
[GPU1] epochs: [91/350] train_loss_con: 4.064
[GPU1] epochs: [92/350] train_loss_con: 4.038
[GPU1] epochs: [93/350] train_loss_con: 4.041
[GPU1] epochs: [94/350] train_loss_con: 4.039
[GPU1] epochs: [95/350] train_loss_con: 4.010
[GPU1] epochs: [96/350] train_loss_con: 4.010
[GPU1] epochs: [97/350] train_loss_con: 4.002
[GPU1] epochs: [98/350] train_loss_con: 3.996
[GPU1] epochs: [99/350] train_loss_con: 3.987
[GPU1] epochs: [100/350] train_loss_con: 3.980
[GPU1] epochs: [101/350] train_loss_con: 3.986
[GPU1] epochs: [102/350] train_loss_con: 3.963
[GPU1] epochs: [103/350] train_loss_con: 3.969
[GPU1] epochs: [104/350] train_loss_con: 3.964
[GPU1] epochs: [105/350] train_loss_con: 3.938
[GPU1] epochs: [106/350] train_loss_con: 3.944
[GPU1] epochs: [107/350] train_loss_con: 3.930
[GPU1] epochs: [108/350] train_loss_con: 3.933
[GPU1] epochs: [109/350] train_loss_con: 3.913
[GPU1] epochs: [110/350] train_loss_con: 3.911
[GPU1] epochs: [111/350] train_loss_con: 3.908
[GPU1] epochs: [112/350] train_loss_con: 3.904
[GPU1] epochs: [113/350] train_loss_con: 3.896
[GPU1] epochs: [114/350] train_loss_con: 3.883
[GPU1] epochs: [115/350] train_loss_con: 3.885
[GPU1] epochs: [116/350] train_loss_con: 3.883
[GPU1] epochs: [117/350] train_loss_con: 3.874
[GPU1] epochs: [118/350] train_loss_con: 3.876
[GPU1] epochs: [119/350] train_loss_con: 3.852
[GPU1] epochs: [120/350] train_loss_con: 3.855
[GPU1] epochs: [121/350] train_loss_con: 3.849
[GPU1] epochs: [122/350] train_loss_con: 3.859
[GPU1] epochs: [123/350] train_loss_con: 3.841
[GPU1] epochs: [124/350] train_loss_con: 3.826
[GPU1] epochs: [125/350] train_loss_con: 3.824
[GPU1] epochs: [126/350] train_loss_con: 3.814
[GPU1] epochs: [127/350] train_loss_con: 3.816
[GPU1] epochs: [128/350] train_loss_con: 3.810
[GPU1] epochs: [129/350] train_loss_con: 3.806
[GPU1] epochs: [130/350] train_loss_con: 3.817
[GPU1] epochs: [131/350] train_loss_con: 3.792
[GPU1] epochs: [132/350] train_loss_con: 3.797
[GPU1] epochs: [133/350] train_loss_con: 3.791
[GPU1] epochs: [134/350] train_loss_con: 3.780
[GPU1] epochs: [135/350] train_loss_con: 3.772
[GPU1] epochs: [136/350] train_loss_con: 3.762
[GPU1] epochs: [137/350] train_loss_con: 3.766
[GPU1] epochs: [138/350] train_loss_con: 3.756
[GPU1] epochs: [139/350] train_loss_con: 3.751
[GPU1] epochs: [140/350] train_loss_con: 3.743
[GPU1] epochs: [141/350] train_loss_con: 3.749
[GPU1] epochs: [142/350] train_loss_con: 3.742
[GPU1] epochs: [143/350] train_loss_con: 3.736
[GPU1] epochs: [144/350] train_loss_con: 3.726
[GPU1] epochs: [145/350] train_loss_con: 3.733
[GPU1] epochs: [146/350] train_loss_con: 3.721
[GPU1] epochs: [147/350] train_loss_con: 3.723
[GPU1] epochs: [148/350] train_loss_con: 3.717
[GPU1] epochs: [149/350] train_loss_con: 3.712
[GPU1] epochs: [150/350] train_loss_con: 3.711
[GPU1] epochs: [151/350] train_loss_con: 3.708
[GPU1] epochs: [152/350] train_loss_con: 3.696
[GPU1] epochs: [153/350] train_loss_con: 3.696
[GPU1] epochs: [154/350] train_loss_con: 3.700
[GPU1] epochs: [155/350] train_loss_con: 3.688
[GPU1] epochs: [156/350] train_loss_con: 3.681
[GPU1] epochs: [157/350] train_loss_con: 3.690
[GPU1] epochs: [158/350] train_loss_con: 3.680
[GPU1] epochs: [159/350] train_loss_con: 3.681
[GPU1] epochs: [160/350] train_loss_con: 3.652
[GPU1] epochs: [161/350] train_loss_con: 3.660
[GPU1] epochs: [162/350] train_loss_con: 3.658
[GPU1] epochs: [163/350] train_loss_con: 3.661
[GPU1] epochs: [164/350] train_loss_con: 3.651
[GPU1] epochs: [165/350] train_loss_con: 3.646
[GPU1] epochs: [166/350] train_loss_con: 3.644
[GPU1] epochs: [167/350] train_loss_con: 3.639
[GPU1] epochs: [168/350] train_loss_con: 3.635
[GPU1] epochs: [169/350] train_loss_con: 3.632
[GPU1] epochs: [170/350] train_loss_con: 3.617
[GPU1] epochs: [171/350] train_loss_con: 3.620
[GPU1] epochs: [172/350] train_loss_con: 3.622
[GPU1] epochs: [173/350] train_loss_con: 3.619
[GPU1] epochs: [174/350] train_loss_con: 3.609
[GPU1] epochs: [175/350] train_loss_con: 3.614
[GPU1] epochs: [176/350] train_loss_con: 3.597
[GPU1] epochs: [177/350] train_loss_con: 3.612
[GPU1] epochs: [178/350] train_loss_con: 3.595
[GPU1] epochs: [179/350] train_loss_con: 3.595
[GPU1] epochs: [180/350] train_loss_con: 3.596
[GPU1] epochs: [181/350] train_loss_con: 3.580
[GPU1] epochs: [182/350] train_loss_con: 3.584
[GPU1] epochs: [183/350] train_loss_con: 3.584
[GPU1] epochs: [184/350] train_loss_con: 3.579
[GPU1] epochs: [185/350] train_loss_con: 3.562
[GPU1] epochs: [186/350] train_loss_con: 3.573
[GPU1] epochs: [187/350] train_loss_con: 3.571
[GPU1] epochs: [188/350] train_loss_con: 3.553
[GPU1] epochs: [189/350] train_loss_con: 3.568
[GPU1] epochs: [190/350] train_loss_con: 3.556
[GPU1] epochs: [191/350] train_loss_con: 3.564
[GPU1] epochs: [192/350] train_loss_con: 3.551
[GPU1] epochs: [193/350] train_loss_con: 3.541
[GPU1] epochs: [194/350] train_loss_con: 3.534
[GPU1] epochs: [195/350] train_loss_con: 3.528
[GPU1] epochs: [196/350] train_loss_con: 3.523
[GPU1] epochs: [197/350] train_loss_con: 3.532
[GPU1] epochs: [198/350] train_loss_con: 3.531
[GPU1] epochs: [199/350] train_loss_con: 3.534
[GPU1] epochs: [200/350] train_loss_con: 3.517
[GPU1] epochs: [201/350] train_loss_con: 3.524
[GPU1] epochs: [202/350] train_loss_con: 3.522
[GPU1] epochs: [203/350] train_loss_con: 3.522
[GPU1] epochs: [204/350] train_loss_con: 3.504
[GPU1] epochs: [205/350] train_loss_con: 3.512
[GPU1] epochs: [206/350] train_loss_con: 3.506
[GPU1] epochs: [207/350] train_loss_con: 3.526
[GPU1] epochs: [208/350] train_loss_con: 3.511
[GPU1] epochs: [209/350] train_loss_con: 3.504
[GPU1] epochs: [210/350] train_loss_con: 3.499
[GPU1] epochs: [211/350] train_loss_con: 3.503
[GPU1] epochs: [212/350] train_loss_con: 3.489
[GPU1] epochs: [213/350] train_loss_con: 3.485
[GPU1] epochs: [214/350] train_loss_con: 3.491
[GPU1] epochs: [215/350] train_loss_con: 3.490
[GPU1] epochs: [216/350] train_loss_con: 3.475
[GPU1] epochs: [217/350] train_loss_con: 3.473
[GPU1] epochs: [218/350] train_loss_con: 3.479
[GPU1] epochs: [219/350] train_loss_con: 3.483
[GPU1] epochs: [220/350] train_loss_con: 3.472
[GPU1] epochs: [221/350] train_loss_con: 3.461
[GPU1] epochs: [222/350] train_loss_con: 3.463
[GPU1] epochs: [223/350] train_loss_con: 3.466
[GPU1] epochs: [224/350] train_loss_con: 3.456
[GPU1] epochs: [225/350] train_loss_con: 3.452
[GPU1] epochs: [226/350] train_loss_con: 3.447
[GPU1] epochs: [227/350] train_loss_con: 3.455
[GPU1] epochs: [228/350] train_loss_con: 3.454
[GPU1] epochs: [229/350] train_loss_con: 3.451
[GPU1] epochs: [230/350] train_loss_con: 3.443
[GPU1] epochs: [231/350] train_loss_con: 3.445
[GPU1] epochs: [232/350] train_loss_con: 3.434
[GPU1] epochs: [233/350] train_loss_con: 3.431
[GPU1] epochs: [234/350] train_loss_con: 3.445
[GPU1] epochs: [235/350] train_loss_con: 3.438
[GPU1] epochs: [236/350] train_loss_con: 3.422
[GPU1] epochs: [237/350] train_loss_con: 3.435
[GPU1] epochs: [238/350] train_loss_con: 3.422
[GPU1] epochs: [239/350] train_loss_con: 3.428
[GPU1] epochs: [240/350] train_loss_con: 3.421
[GPU1] epochs: [241/350] train_loss_con: 3.405
[GPU1] epochs: [242/350] train_loss_con: 3.423
[GPU1] epochs: [243/350] train_loss_con: 3.407
[GPU1] epochs: [244/350] train_loss_con: 3.419
[GPU1] epochs: [245/350] train_loss_con: 3.410
[GPU1] epochs: [246/350] train_loss_con: 3.398
[GPU1] epochs: [247/350] train_loss_con: 3.402
[GPU1] epochs: [248/350] train_loss_con: 3.400
[GPU1] epochs: [249/350] train_loss_con: 3.382
[GPU1] epochs: [250/350] train_loss_con: 3.387
[GPU1] epochs: [251/350] train_loss_con: 3.394
[GPU1] epochs: [252/350] train_loss_con: 3.389
[GPU1] epochs: [253/350] train_loss_con: 3.403
[GPU1] epochs: [254/350] train_loss_con: 3.391
[GPU1] epochs: [255/350] train_loss_con: 3.391
[GPU1] epochs: [256/350] train_loss_con: 3.395
[GPU1] epochs: [257/350] train_loss_con: 3.388
[GPU1] epochs: [258/350] train_loss_con: 3.390
[GPU1] epochs: [259/350] train_loss_con: 3.371
[GPU1] epochs: [260/350] train_loss_con: 3.378
[GPU1] epochs: [261/350] train_loss_con: 3.384
[GPU1] epochs: [262/350] train_loss_con: 3.364
[GPU1] epochs: [263/350] train_loss_con: 3.372
[GPU1] epochs: [264/350] train_loss_con: 3.360
[GPU1] epochs: [265/350] train_loss_con: 3.358
[GPU1] epochs: [266/350] train_loss_con: 3.366
[GPU1] epochs: [267/350] train_loss_con: 3.386
[GPU1] epochs: [268/350] train_loss_con: 3.366
[GPU1] epochs: [269/350] train_loss_con: 3.363
[GPU1] epochs: [270/350] train_loss_con: 3.350
[GPU1] epochs: [271/350] train_loss_con: 3.349
[GPU1] epochs: [272/350] train_loss_con: 3.354
[GPU1] epochs: [273/350] train_loss_con: 3.363
[GPU1] epochs: [274/350] train_loss_con: 3.350
[GPU1] epochs: [275/350] train_loss_con: 3.345
[GPU1] epochs: [276/350] train_loss_con: 3.342
[GPU1] epochs: [277/350] train_loss_con: 3.347
[GPU1] epochs: [278/350] train_loss_con: 3.345
[GPU1] epochs: [279/350] train_loss_con: 3.343
[GPU1] epochs: [280/350] train_loss_con: 3.345
[GPU1] epochs: [281/350] train_loss_con: 3.334
[GPU1] epochs: [282/350] train_loss_con: 3.327
[GPU1] epochs: [283/350] train_loss_con: 3.334
[GPU1] epochs: [284/350] train_loss_con: 3.345
[GPU1] epochs: [285/350] train_loss_con: 3.333
[GPU1] epochs: [286/350] train_loss_con: 3.342
[GPU1] epochs: [287/350] train_loss_con: 3.333
[GPU1] epochs: [288/350] train_loss_con: 3.335
[GPU1] epochs: [289/350] train_loss_con: 3.326
[GPU1] epochs: [290/350] train_loss_con: 3.321
[GPU1] epochs: [291/350] train_loss_con: 3.350
[GPU1] epochs: [292/350] train_loss_con: 3.323
[GPU1] epochs: [293/350] train_loss_con: 3.328
[GPU1] epochs: [294/350] train_loss_con: 3.326
[GPU1] epochs: [295/350] train_loss_con: 3.313
[GPU1] epochs: [296/350] train_loss_con: 3.327
[GPU1] epochs: [297/350] train_loss_con: 3.312
[GPU1] epochs: [298/350] train_loss_con: 3.316
[GPU1] epochs: [299/350] train_loss_con: 3.330
[GPU1] epochs: [300/350] train_loss_con: 3.326
[GPU1] epochs: [301/350] train_loss_con: 3.309
[GPU1] epochs: [302/350] train_loss_con: 3.320
[GPU1] epochs: [303/350] train_loss_con: 3.315
[GPU1] epochs: [304/350] train_loss_con: 3.308
[GPU1] epochs: [305/350] train_loss_con: 3.305
[GPU1] epochs: [306/350] train_loss_con: 3.312
[GPU1] epochs: [307/350] train_loss_con: 3.311
[GPU1] epochs: [308/350] train_loss_con: 3.312
[GPU1] epochs: [309/350] train_loss_con: 3.304
[GPU1] epochs: [310/350] train_loss_con: 3.307
[GPU1] epochs: [311/350] train_loss_con: 3.310
[GPU1] epochs: [312/350] train_loss_con: 3.303
[GPU1] epochs: [313/350] train_loss_con: 3.301
[GPU1] epochs: [314/350] train_loss_con: 3.307
[GPU1] epochs: [315/350] train_loss_con: 3.307
[GPU1] epochs: [316/350] train_loss_con: 3.305
[GPU1] epochs: [317/350] train_loss_con: 3.305
[GPU1] epochs: [318/350] train_loss_con: 3.298
[GPU1] epochs: [319/350] train_loss_con: 3.302
[GPU1] epochs: [320/350] train_loss_con: 3.306
[GPU1] epochs: [321/350] train_loss_con: 3.302
[GPU1] epochs: [322/350] train_loss_con: 3.294
[GPU1] epochs: [323/350] train_loss_con: 3.304
[GPU1] epochs: [324/350] train_loss_con: 3.291
[GPU1] epochs: [325/350] train_loss_con: 3.288
[GPU1] epochs: [326/350] train_loss_con: 3.290
[GPU1] epochs: [327/350] train_loss_con: 3.281
[GPU1] epochs: [328/350] train_loss_con: 3.288
[GPU1] epochs: [329/350] train_loss_con: 3.292
[GPU1] epochs: [330/350] train_loss_con: 3.299
[GPU1] epochs: [331/350] train_loss_con: 3.292
[GPU1] epochs: [332/350] train_loss_con: 3.301
[GPU1] epochs: [333/350] train_loss_con: 3.302
[GPU1] epochs: [334/350] train_loss_con: 3.286
[GPU1] epochs: [335/350] train_loss_con: 3.302
[GPU1] epochs: [336/350] train_loss_con: 3.287
[GPU1] epochs: [337/350] train_loss_con: 3.300
[GPU1] epochs: [338/350] train_loss_con: 3.290
[GPU1] epochs: [339/350] train_loss_con: 3.291
[GPU1] epochs: [340/350] train_loss_con: 3.294
[GPU1] epochs: [341/350] train_loss_con: 3.280
[GPU1] epochs: [342/350] train_loss_con: 3.301
[GPU1] epochs: [343/350] train_loss_con: 3.293
[GPU1] epochs: [344/350] train_loss_con: 3.295
[GPU1] epochs: [345/350] train_loss_con: 3.292
[GPU1] epochs: [346/350] train_loss_con: 3.299
[GPU1] epochs: [347/350] train_loss_con: 3.292
[GPU1] epochs: [348/350] train_loss_con: 3.296
[GPU1] epochs: [349/350] train_loss_con: 3.297
[GPU1] epochs: [350/350] train_loss_con: 3.287
### TSNE starts
### MLP training begins
[GPU1] Test Accuracy at epoch: 0: 0.651
[GPU1] epochs: [1/100] train_acc: 0.590 train_loss_sup: 4.056
[GPU1] epochs: [2/100] train_acc: 0.891 train_loss_sup: 2.582
[GPU1] epochs: [3/100] train_acc: 0.906 train_loss_sup: 1.574
[GPU1] epochs: [4/100] train_acc: 0.910 train_loss_sup: 1.094
[GPU1] epochs: [5/100] train_acc: 0.911 train_loss_sup: 0.867
[GPU1] epochs: [6/100] train_acc: 0.911 train_loss_sup: 0.746
[GPU1] epochs: [7/100] train_acc: 0.909 train_loss_sup: 0.685
[GPU1] epochs: [8/100] train_acc: 0.912 train_loss_sup: 0.637
[GPU1] epochs: [9/100] train_acc: 0.912 train_loss_sup: 0.602
[GPU1] epochs: [10/100] train_acc: 0.910 train_loss_sup: 0.589
[GPU1] Test Accuracy at epoch: 10: 0.7
[GPU1] epochs: [11/100] train_acc: 0.912 train_loss_sup: 0.575
[GPU1] epochs: [12/100] train_acc: 0.912 train_loss_sup: 0.551
[GPU1] epochs: [13/100] train_acc: 0.911 train_loss_sup: 0.553
[GPU1] epochs: [14/100] train_acc: 0.911 train_loss_sup: 0.545
[GPU1] epochs: [15/100] train_acc: 0.912 train_loss_sup: 0.533
[GPU1] epochs: [16/100] train_acc: 0.910 train_loss_sup: 0.537
[GPU1] epochs: [17/100] train_acc: 0.909 train_loss_sup: 0.535
[GPU1] epochs: [18/100] train_acc: 0.911 train_loss_sup: 0.524
[GPU1] epochs: [19/100] train_acc: 0.911 train_loss_sup: 0.528
[GPU1] epochs: [20/100] train_acc: 0.913 train_loss_sup: 0.513
[GPU1] Test Accuracy at epoch: 20: 0.703
[GPU1] epochs: [21/100] train_acc: 0.911 train_loss_sup: 0.513
[GPU1] epochs: [22/100] train_acc: 0.912 train_loss_sup: 0.519
[GPU1] epochs: [23/100] train_acc: 0.910 train_loss_sup: 0.516
[GPU1] epochs: [24/100] train_acc: 0.911 train_loss_sup: 0.518
[GPU1] epochs: [25/100] train_acc: 0.912 train_loss_sup: 0.506
[GPU1] epochs: [26/100] train_acc: 0.914 train_loss_sup: 0.506
[GPU1] epochs: [27/100] train_acc: 0.911 train_loss_sup: 0.505
[GPU1] epochs: [28/100] train_acc: 0.910 train_loss_sup: 0.518
[GPU1] epochs: [29/100] train_acc: 0.910 train_loss_sup: 0.512
[GPU1] epochs: [30/100] train_acc: 0.912 train_loss_sup: 0.501
[GPU1] Test Accuracy at epoch: 30: 0.703
[GPU1] epochs: [31/100] train_acc: 0.912 train_loss_sup: 0.502
[GPU1] epochs: [32/100] train_acc: 0.913 train_loss_sup: 0.496
[GPU1] epochs: [33/100] train_acc: 0.912 train_loss_sup: 0.506
[GPU1] epochs: [34/100] train_acc: 0.910 train_loss_sup: 0.506
[GPU1] epochs: [35/100] train_acc: 0.910 train_loss_sup: 0.509
[GPU1] epochs: [36/100] train_acc: 0.914 train_loss_sup: 0.487
[GPU1] epochs: [37/100] train_acc: 0.910 train_loss_sup: 0.498
[GPU1] epochs: [38/100] train_acc: 0.914 train_loss_sup: 0.484
[GPU1] epochs: [39/100] train_acc: 0.915 train_loss_sup: 0.471
[GPU1] epochs: [40/100] train_acc: 0.915 train_loss_sup: 0.478
[GPU1] Test Accuracy at epoch: 40: 0.7
[GPU1] epochs: [41/100] train_acc: 0.911 train_loss_sup: 0.492
[GPU1] epochs: [42/100] train_acc: 0.912 train_loss_sup: 0.495
[GPU1] epochs: [43/100] train_acc: 0.915 train_loss_sup: 0.468
[GPU1] epochs: [44/100] train_acc: 0.913 train_loss_sup: 0.485
[GPU1] epochs: [45/100] train_acc: 0.912 train_loss_sup: 0.482
[GPU1] epochs: [46/100] train_acc: 0.910 train_loss_sup: 0.495
[GPU1] epochs: [47/100] train_acc: 0.913 train_loss_sup: 0.480
[GPU1] epochs: [48/100] train_acc: 0.912 train_loss_sup: 0.476
[GPU1] epochs: [49/100] train_acc: 0.912 train_loss_sup: 0.473
[GPU1] epochs: [50/100] train_acc: 0.915 train_loss_sup: 0.469
[GPU1] Test Accuracy at epoch: 50: 0.701
[GPU1] epochs: [51/100] train_acc: 0.911 train_loss_sup: 0.479
[GPU1] epochs: [52/100] train_acc: 0.911 train_loss_sup: 0.466
[GPU1] epochs: [53/100] train_acc: 0.914 train_loss_sup: 0.463
[GPU1] epochs: [54/100] train_acc: 0.911 train_loss_sup: 0.474
[GPU1] epochs: [55/100] train_acc: 0.912 train_loss_sup: 0.472
[GPU1] epochs: [56/100] train_acc: 0.910 train_loss_sup: 0.475
[GPU1] epochs: [57/100] train_acc: 0.911 train_loss_sup: 0.470
[GPU1] epochs: [58/100] train_acc: 0.912 train_loss_sup: 0.457
[GPU1] epochs: [59/100] train_acc: 0.913 train_loss_sup: 0.454
[GPU1] epochs: [60/100] train_acc: 0.912 train_loss_sup: 0.461
[GPU1] Test Accuracy at epoch: 60: 0.702
[GPU1] epochs: [61/100] train_acc: 0.912 train_loss_sup: 0.466
[GPU1] epochs: [62/100] train_acc: 0.914 train_loss_sup: 0.454
[GPU1] epochs: [63/100] train_acc: 0.913 train_loss_sup: 0.458
[GPU1] epochs: [64/100] train_acc: 0.913 train_loss_sup: 0.446
[GPU1] epochs: [65/100] train_acc: 0.913 train_loss_sup: 0.444
[GPU1] epochs: [66/100] train_acc: 0.912 train_loss_sup: 0.458
[GPU1] epochs: [67/100] train_acc: 0.911 train_loss_sup: 0.460
[GPU1] epochs: [68/100] train_acc: 0.911 train_loss_sup: 0.454
[GPU1] epochs: [69/100] train_acc: 0.914 train_loss_sup: 0.444
[GPU1] epochs: [70/100] train_acc: 0.911 train_loss_sup: 0.453
[GPU1] Test Accuracy at epoch: 70: 0.701
[GPU1] epochs: [71/100] train_acc: 0.913 train_loss_sup: 0.444
[GPU1] epochs: [72/100] train_acc: 0.914 train_loss_sup: 0.442
[GPU1] epochs: [73/100] train_acc: 0.912 train_loss_sup: 0.449
[GPU1] epochs: [74/100] train_acc: 0.911 train_loss_sup: 0.450
[GPU1] epochs: [75/100] train_acc: 0.914 train_loss_sup: 0.435
[GPU1] epochs: [76/100] train_acc: 0.911 train_loss_sup: 0.442
[GPU1] epochs: [77/100] train_acc: 0.912 train_loss_sup: 0.441
[GPU1] epochs: [78/100] train_acc: 0.914 train_loss_sup: 0.431
[GPU1] epochs: [79/100] train_acc: 0.910 train_loss_sup: 0.451
[GPU1] epochs: [80/100] train_acc: 0.913 train_loss_sup: 0.433
[GPU1] Test Accuracy at epoch: 80: 0.704
[GPU1] epochs: [81/100] train_acc: 0.910 train_loss_sup: 0.436
[GPU1] epochs: [82/100] train_acc: 0.913 train_loss_sup: 0.438
[GPU1] epochs: [83/100] train_acc: 0.914 train_loss_sup: 0.427
[GPU1] epochs: [84/100] train_acc: 0.914 train_loss_sup: 0.427
[GPU1] epochs: [85/100] train_acc: 0.914 train_loss_sup: 0.426
[GPU1] epochs: [86/100] train_acc: 0.912 train_loss_sup: 0.434
[GPU1] epochs: [87/100] train_acc: 0.912 train_loss_sup: 0.429
[GPU1] epochs: [88/100] train_acc: 0.915 train_loss_sup: 0.417
[GPU1] epochs: [89/100] train_acc: 0.913 train_loss_sup: 0.435
[GPU1] epochs: [90/100] train_acc: 0.913 train_loss_sup: 0.425
[GPU1] Test Accuracy at epoch: 90: 0.704
[GPU1] epochs: [91/100] train_acc: 0.912 train_loss_sup: 0.431
[GPU1] epochs: [92/100] train_acc: 0.913 train_loss_sup: 0.424
[GPU1] epochs: [93/100] train_acc: 0.911 train_loss_sup: 0.434
[GPU1] epochs: [94/100] train_acc: 0.914 train_loss_sup: 0.417
[GPU1] epochs: [95/100] train_acc: 0.912 train_loss_sup: 0.429
[GPU1] epochs: [96/100] train_acc: 0.911 train_loss_sup: 0.427
[GPU1] epochs: [97/100] train_acc: 0.913 train_loss_sup: 0.419
[GPU1] epochs: [98/100] train_acc: 0.913 train_loss_sup: 0.416
[GPU1] epochs: [99/100] train_acc: 0.912 train_loss_sup: 0.416
[GPU1] epochs: [100/100] train_acc: 0.914 train_loss_sup: 0.419
[GPU1] Final Test Accuracy: 0.704
