environment: 
YAML: configs/triplet.c10.yaml
==> SEED: 42
==> num_classes: 10
==> data_name: cifar10
==> data_params: {'algo': 'triplet', 'data_dir': 'datasets/cifar10', 'batch_size': 512, 'num_workers': 3, 'image_size': 32}
==> return_logs: False
==> eval_every: 10
==> n_epochs: 350
==> n_epochs_mlp: 100
==> gpu_id: 1
==> opt: SGD
==> opt_params: {'lr': 0.01, 'momentum': 0.9, 'nesterov': True}
==> schedular_params: {'T_max': 350, 'eta_min': 0.0001}
==> mlp_opt: SGD
==> mlp_opt_params: {'lr': 0.01, 'momentum': 0.9, 'nesterov': True}
==> model_params: {'model_name': 'resnet18', 'pretrained': False, 'proj_dim': 128}
==> mlp_type: hidden
==> loss: triplet
==> loss_params: {'margin': 1.0}
==> distributed: False
==> train_algo: triplet
--------------------------------------------------
===> using hiddin mlp
using optimizer: SGD
using optimizer: SGD
loss function: triplet
Files already downloaded and verified
Files already downloaded and verified
Files already downloaded and verified
# of Training Images: 50000
# of Testing Images: 10000
### Triplet Training begins
[GPU1] epochs: [1/350] train_loss_con: 0.880
[GPU1] epochs: [2/350] train_loss_con: 0.812
[GPU1] epochs: [3/350] train_loss_con: 0.786
[GPU1] epochs: [4/350] train_loss_con: 0.773
[GPU1] epochs: [5/350] train_loss_con: 0.756
[GPU1] epochs: [6/350] train_loss_con: 0.747
[GPU1] epochs: [7/350] train_loss_con: 0.733
[GPU1] epochs: [8/350] train_loss_con: 0.713
[GPU1] epochs: [9/350] train_loss_con: 0.698
[GPU1] epochs: [10/350] train_loss_con: 0.688
[GPU1] epochs: [11/350] train_loss_con: 0.678
[GPU1] epochs: [12/350] train_loss_con: 0.668
[GPU1] epochs: [13/350] train_loss_con: 0.647
[GPU1] epochs: [14/350] train_loss_con: 0.643
[GPU1] epochs: [15/350] train_loss_con: 0.634
[GPU1] epochs: [16/350] train_loss_con: 0.624
[GPU1] epochs: [17/350] train_loss_con: 0.608
[GPU1] epochs: [18/350] train_loss_con: 0.601
[GPU1] epochs: [19/350] train_loss_con: 0.591
[GPU1] epochs: [20/350] train_loss_con: 0.591
[GPU1] epochs: [21/350] train_loss_con: 0.577
[GPU1] epochs: [22/350] train_loss_con: 0.569
[GPU1] epochs: [23/350] train_loss_con: 0.565
[GPU1] epochs: [24/350] train_loss_con: 0.558
[GPU1] epochs: [25/350] train_loss_con: 0.545
[GPU1] epochs: [26/350] train_loss_con: 0.542
[GPU1] epochs: [27/350] train_loss_con: 0.531
[GPU1] epochs: [28/350] train_loss_con: 0.530
[GPU1] epochs: [29/350] train_loss_con: 0.524
[GPU1] epochs: [30/350] train_loss_con: 0.514
[GPU1] epochs: [31/350] train_loss_con: 0.510
[GPU1] epochs: [32/350] train_loss_con: 0.506
[GPU1] epochs: [33/350] train_loss_con: 0.502
[GPU1] epochs: [34/350] train_loss_con: 0.492
[GPU1] epochs: [35/350] train_loss_con: 0.488
[GPU1] epochs: [36/350] train_loss_con: 0.489
[GPU1] epochs: [37/350] train_loss_con: 0.485
[GPU1] epochs: [38/350] train_loss_con: 0.486
[GPU1] epochs: [39/350] train_loss_con: 0.478
[GPU1] epochs: [40/350] train_loss_con: 0.476
[GPU1] epochs: [41/350] train_loss_con: 0.464
[GPU1] epochs: [42/350] train_loss_con: 0.464
[GPU1] epochs: [43/350] train_loss_con: 0.459
[GPU1] epochs: [44/350] train_loss_con: 0.454
[GPU1] epochs: [45/350] train_loss_con: 0.451
[GPU1] epochs: [46/350] train_loss_con: 0.451
[GPU1] epochs: [47/350] train_loss_con: 0.448
[GPU1] epochs: [48/350] train_loss_con: 0.437
[GPU1] epochs: [49/350] train_loss_con: 0.440
[GPU1] epochs: [50/350] train_loss_con: 0.434
[GPU1] epochs: [51/350] train_loss_con: 0.428
[GPU1] epochs: [52/350] train_loss_con: 0.428
[GPU1] epochs: [53/350] train_loss_con: 0.426
[GPU1] epochs: [54/350] train_loss_con: 0.422
[GPU1] epochs: [55/350] train_loss_con: 0.426
[GPU1] epochs: [56/350] train_loss_con: 0.420
[GPU1] epochs: [57/350] train_loss_con: 0.414
[GPU1] epochs: [58/350] train_loss_con: 0.408
[GPU1] epochs: [59/350] train_loss_con: 0.404
[GPU1] epochs: [60/350] train_loss_con: 0.411
[GPU1] epochs: [61/350] train_loss_con: 0.409
[GPU1] epochs: [62/350] train_loss_con: 0.403
[GPU1] epochs: [63/350] train_loss_con: 0.403
[GPU1] epochs: [64/350] train_loss_con: 0.400
[GPU1] epochs: [65/350] train_loss_con: 0.391
[GPU1] epochs: [66/350] train_loss_con: 0.391
[GPU1] epochs: [67/350] train_loss_con: 0.388
[GPU1] epochs: [68/350] train_loss_con: 0.391
[GPU1] epochs: [69/350] train_loss_con: 0.387
[GPU1] epochs: [70/350] train_loss_con: 0.383
[GPU1] epochs: [71/350] train_loss_con: 0.383
[GPU1] epochs: [72/350] train_loss_con: 0.375
[GPU1] epochs: [73/350] train_loss_con: 0.378
[GPU1] epochs: [74/350] train_loss_con: 0.377
[GPU1] epochs: [75/350] train_loss_con: 0.370
[GPU1] epochs: [76/350] train_loss_con: 0.374
[GPU1] epochs: [77/350] train_loss_con: 0.368
[GPU1] epochs: [78/350] train_loss_con: 0.363
[GPU1] epochs: [79/350] train_loss_con: 0.366
[GPU1] epochs: [80/350] train_loss_con: 0.366
[GPU1] epochs: [81/350] train_loss_con: 0.366
[GPU1] epochs: [82/350] train_loss_con: 0.360
[GPU1] epochs: [83/350] train_loss_con: 0.365
[GPU1] epochs: [84/350] train_loss_con: 0.359
[GPU1] epochs: [85/350] train_loss_con: 0.360
[GPU1] epochs: [86/350] train_loss_con: 0.352
[GPU1] epochs: [87/350] train_loss_con: 0.354
[GPU1] epochs: [88/350] train_loss_con: 0.347
[GPU1] epochs: [89/350] train_loss_con: 0.353
[GPU1] epochs: [90/350] train_loss_con: 0.351
[GPU1] epochs: [91/350] train_loss_con: 0.348
[GPU1] epochs: [92/350] train_loss_con: 0.343
[GPU1] epochs: [93/350] train_loss_con: 0.349
[GPU1] epochs: [94/350] train_loss_con: 0.337
[GPU1] epochs: [95/350] train_loss_con: 0.345
[GPU1] epochs: [96/350] train_loss_con: 0.331
[GPU1] epochs: [97/350] train_loss_con: 0.336
[GPU1] epochs: [98/350] train_loss_con: 0.335
[GPU1] epochs: [99/350] train_loss_con: 0.331
[GPU1] epochs: [100/350] train_loss_con: 0.337
[GPU1] epochs: [101/350] train_loss_con: 0.332
[GPU1] epochs: [102/350] train_loss_con: 0.324
[GPU1] epochs: [103/350] train_loss_con: 0.332
[GPU1] epochs: [104/350] train_loss_con: 0.323
[GPU1] epochs: [105/350] train_loss_con: 0.326
[GPU1] epochs: [106/350] train_loss_con: 0.328
[GPU1] epochs: [107/350] train_loss_con: 0.323
[GPU1] epochs: [108/350] train_loss_con: 0.315
[GPU1] epochs: [109/350] train_loss_con: 0.317
[GPU1] epochs: [110/350] train_loss_con: 0.318
[GPU1] epochs: [111/350] train_loss_con: 0.318
[GPU1] epochs: [112/350] train_loss_con: 0.316
[GPU1] epochs: [113/350] train_loss_con: 0.315
[GPU1] epochs: [114/350] train_loss_con: 0.319
[GPU1] epochs: [115/350] train_loss_con: 0.311
[GPU1] epochs: [116/350] train_loss_con: 0.312
[GPU1] epochs: [117/350] train_loss_con: 0.312
[GPU1] epochs: [118/350] train_loss_con: 0.306
[GPU1] epochs: [119/350] train_loss_con: 0.308
[GPU1] epochs: [120/350] train_loss_con: 0.307
[GPU1] epochs: [121/350] train_loss_con: 0.308
[GPU1] epochs: [122/350] train_loss_con: 0.301
[GPU1] epochs: [123/350] train_loss_con: 0.302
[GPU1] epochs: [124/350] train_loss_con: 0.303
[GPU1] epochs: [125/350] train_loss_con: 0.301
[GPU1] epochs: [126/350] train_loss_con: 0.297
[GPU1] epochs: [127/350] train_loss_con: 0.294
[GPU1] epochs: [128/350] train_loss_con: 0.298
[GPU1] epochs: [129/350] train_loss_con: 0.299
[GPU1] epochs: [130/350] train_loss_con: 0.296
[GPU1] epochs: [131/350] train_loss_con: 0.289
[GPU1] epochs: [132/350] train_loss_con: 0.296
[GPU1] epochs: [133/350] train_loss_con: 0.295
[GPU1] epochs: [134/350] train_loss_con: 0.290
[GPU1] epochs: [135/350] train_loss_con: 0.295
[GPU1] epochs: [136/350] train_loss_con: 0.290
[GPU1] epochs: [137/350] train_loss_con: 0.291
[GPU1] epochs: [138/350] train_loss_con: 0.289
[GPU1] epochs: [139/350] train_loss_con: 0.287
[GPU1] epochs: [140/350] train_loss_con: 0.286
[GPU1] epochs: [141/350] train_loss_con: 0.289
[GPU1] epochs: [142/350] train_loss_con: 0.287
[GPU1] epochs: [143/350] train_loss_con: 0.283
[GPU1] epochs: [144/350] train_loss_con: 0.283
[GPU1] epochs: [145/350] train_loss_con: 0.276
[GPU1] epochs: [146/350] train_loss_con: 0.283
[GPU1] epochs: [147/350] train_loss_con: 0.277
[GPU1] epochs: [148/350] train_loss_con: 0.279
[GPU1] epochs: [149/350] train_loss_con: 0.283
[GPU1] epochs: [150/350] train_loss_con: 0.278
[GPU1] epochs: [151/350] train_loss_con: 0.277
[GPU1] epochs: [152/350] train_loss_con: 0.281
[GPU1] epochs: [153/350] train_loss_con: 0.272
[GPU1] epochs: [154/350] train_loss_con: 0.270
[GPU1] epochs: [155/350] train_loss_con: 0.278
[GPU1] epochs: [156/350] train_loss_con: 0.276
[GPU1] epochs: [157/350] train_loss_con: 0.270
[GPU1] epochs: [158/350] train_loss_con: 0.272
[GPU1] epochs: [159/350] train_loss_con: 0.272
[GPU1] epochs: [160/350] train_loss_con: 0.270
[GPU1] epochs: [161/350] train_loss_con: 0.272
[GPU1] epochs: [162/350] train_loss_con: 0.269
[GPU1] epochs: [163/350] train_loss_con: 0.268
[GPU1] epochs: [164/350] train_loss_con: 0.266
[GPU1] epochs: [165/350] train_loss_con: 0.263
[GPU1] epochs: [166/350] train_loss_con: 0.266
[GPU1] epochs: [167/350] train_loss_con: 0.264
[GPU1] epochs: [168/350] train_loss_con: 0.266
[GPU1] epochs: [169/350] train_loss_con: 0.265
[GPU1] epochs: [170/350] train_loss_con: 0.260
[GPU1] epochs: [171/350] train_loss_con: 0.254
[GPU1] epochs: [172/350] train_loss_con: 0.261
[GPU1] epochs: [173/350] train_loss_con: 0.259
[GPU1] epochs: [174/350] train_loss_con: 0.258
[GPU1] epochs: [175/350] train_loss_con: 0.256
[GPU1] epochs: [176/350] train_loss_con: 0.261
[GPU1] epochs: [177/350] train_loss_con: 0.261
[GPU1] epochs: [178/350] train_loss_con: 0.253
[GPU1] epochs: [179/350] train_loss_con: 0.258
[GPU1] epochs: [180/350] train_loss_con: 0.253
[GPU1] epochs: [181/350] train_loss_con: 0.255
[GPU1] epochs: [182/350] train_loss_con: 0.252
[GPU1] epochs: [183/350] train_loss_con: 0.253
[GPU1] epochs: [184/350] train_loss_con: 0.255
[GPU1] epochs: [185/350] train_loss_con: 0.251
[GPU1] epochs: [186/350] train_loss_con: 0.255
[GPU1] epochs: [187/350] train_loss_con: 0.248
[GPU1] epochs: [188/350] train_loss_con: 0.250
[GPU1] epochs: [189/350] train_loss_con: 0.248
[GPU1] epochs: [190/350] train_loss_con: 0.251
[GPU1] epochs: [191/350] train_loss_con: 0.245
[GPU1] epochs: [192/350] train_loss_con: 0.248
[GPU1] epochs: [193/350] train_loss_con: 0.252
[GPU1] epochs: [194/350] train_loss_con: 0.251
[GPU1] epochs: [195/350] train_loss_con: 0.245
[GPU1] epochs: [196/350] train_loss_con: 0.246
[GPU1] epochs: [197/350] train_loss_con: 0.246
[GPU1] epochs: [198/350] train_loss_con: 0.250
[GPU1] epochs: [199/350] train_loss_con: 0.245
[GPU1] epochs: [200/350] train_loss_con: 0.246
[GPU1] epochs: [201/350] train_loss_con: 0.245
[GPU1] epochs: [202/350] train_loss_con: 0.244
[GPU1] epochs: [203/350] train_loss_con: 0.242
[GPU1] epochs: [204/350] train_loss_con: 0.248
[GPU1] epochs: [205/350] train_loss_con: 0.241
[GPU1] epochs: [206/350] train_loss_con: 0.240
[GPU1] epochs: [207/350] train_loss_con: 0.238
[GPU1] epochs: [208/350] train_loss_con: 0.242
[GPU1] epochs: [209/350] train_loss_con: 0.242
[GPU1] epochs: [210/350] train_loss_con: 0.236
[GPU1] epochs: [211/350] train_loss_con: 0.238
[GPU1] epochs: [212/350] train_loss_con: 0.239
[GPU1] epochs: [213/350] train_loss_con: 0.239
[GPU1] epochs: [214/350] train_loss_con: 0.238
[GPU1] epochs: [215/350] train_loss_con: 0.236
[GPU1] epochs: [216/350] train_loss_con: 0.235
[GPU1] epochs: [217/350] train_loss_con: 0.242
[GPU1] epochs: [218/350] train_loss_con: 0.240
[GPU1] epochs: [219/350] train_loss_con: 0.237
[GPU1] epochs: [220/350] train_loss_con: 0.233
[GPU1] epochs: [221/350] train_loss_con: 0.234
[GPU1] epochs: [222/350] train_loss_con: 0.234
[GPU1] epochs: [223/350] train_loss_con: 0.232
[GPU1] epochs: [224/350] train_loss_con: 0.236
[GPU1] epochs: [225/350] train_loss_con: 0.235
[GPU1] epochs: [226/350] train_loss_con: 0.237
[GPU1] epochs: [227/350] train_loss_con: 0.231
[GPU1] epochs: [228/350] train_loss_con: 0.230
[GPU1] epochs: [229/350] train_loss_con: 0.235
[GPU1] epochs: [230/350] train_loss_con: 0.232
[GPU1] epochs: [231/350] train_loss_con: 0.230
[GPU1] epochs: [232/350] train_loss_con: 0.230
[GPU1] epochs: [233/350] train_loss_con: 0.231
[GPU1] epochs: [234/350] train_loss_con: 0.230
[GPU1] epochs: [235/350] train_loss_con: 0.226
[GPU1] epochs: [236/350] train_loss_con: 0.230
[GPU1] epochs: [237/350] train_loss_con: 0.226
[GPU1] epochs: [238/350] train_loss_con: 0.229
[GPU1] epochs: [239/350] train_loss_con: 0.228
[GPU1] epochs: [240/350] train_loss_con: 0.228
[GPU1] epochs: [241/350] train_loss_con: 0.228
[GPU1] epochs: [242/350] train_loss_con: 0.228
[GPU1] epochs: [243/350] train_loss_con: 0.228
[GPU1] epochs: [244/350] train_loss_con: 0.229
[GPU1] epochs: [245/350] train_loss_con: 0.224
[GPU1] epochs: [246/350] train_loss_con: 0.224
[GPU1] epochs: [247/350] train_loss_con: 0.222
[GPU1] epochs: [248/350] train_loss_con: 0.220
[GPU1] epochs: [249/350] train_loss_con: 0.223
[GPU1] epochs: [250/350] train_loss_con: 0.226
[GPU1] epochs: [251/350] train_loss_con: 0.226
[GPU1] epochs: [252/350] train_loss_con: 0.219
[GPU1] epochs: [253/350] train_loss_con: 0.228
[GPU1] epochs: [254/350] train_loss_con: 0.223
[GPU1] epochs: [255/350] train_loss_con: 0.223
[GPU1] epochs: [256/350] train_loss_con: 0.217
[GPU1] epochs: [257/350] train_loss_con: 0.225
[GPU1] epochs: [258/350] train_loss_con: 0.222
[GPU1] epochs: [259/350] train_loss_con: 0.220
[GPU1] epochs: [260/350] train_loss_con: 0.221
[GPU1] epochs: [261/350] train_loss_con: 0.222
[GPU1] epochs: [262/350] train_loss_con: 0.220
[GPU1] epochs: [263/350] train_loss_con: 0.219
[GPU1] epochs: [264/350] train_loss_con: 0.222
[GPU1] epochs: [265/350] train_loss_con: 0.220
[GPU1] epochs: [266/350] train_loss_con: 0.222
[GPU1] epochs: [267/350] train_loss_con: 0.221
[GPU1] epochs: [268/350] train_loss_con: 0.218
[GPU1] epochs: [269/350] train_loss_con: 0.222
[GPU1] epochs: [270/350] train_loss_con: 0.224
[GPU1] epochs: [271/350] train_loss_con: 0.218
[GPU1] epochs: [272/350] train_loss_con: 0.217
[GPU1] epochs: [273/350] train_loss_con: 0.214
[GPU1] epochs: [274/350] train_loss_con: 0.211
[GPU1] epochs: [275/350] train_loss_con: 0.221
[GPU1] epochs: [276/350] train_loss_con: 0.218
[GPU1] epochs: [277/350] train_loss_con: 0.214
[GPU1] epochs: [278/350] train_loss_con: 0.216
[GPU1] epochs: [279/350] train_loss_con: 0.217
[GPU1] epochs: [280/350] train_loss_con: 0.211
[GPU1] epochs: [281/350] train_loss_con: 0.217
[GPU1] epochs: [282/350] train_loss_con: 0.217
[GPU1] epochs: [283/350] train_loss_con: 0.218
[GPU1] epochs: [284/350] train_loss_con: 0.216
[GPU1] epochs: [285/350] train_loss_con: 0.217
[GPU1] epochs: [286/350] train_loss_con: 0.215
[GPU1] epochs: [287/350] train_loss_con: 0.216
[GPU1] epochs: [288/350] train_loss_con: 0.211
[GPU1] epochs: [289/350] train_loss_con: 0.213
[GPU1] epochs: [290/350] train_loss_con: 0.214
[GPU1] epochs: [291/350] train_loss_con: 0.216
[GPU1] epochs: [292/350] train_loss_con: 0.212
[GPU1] epochs: [293/350] train_loss_con: 0.211
[GPU1] epochs: [294/350] train_loss_con: 0.213
[GPU1] epochs: [295/350] train_loss_con: 0.211
[GPU1] epochs: [296/350] train_loss_con: 0.214
[GPU1] epochs: [297/350] train_loss_con: 0.211
[GPU1] epochs: [298/350] train_loss_con: 0.212
[GPU1] epochs: [299/350] train_loss_con: 0.212
[GPU1] epochs: [300/350] train_loss_con: 0.212
[GPU1] epochs: [301/350] train_loss_con: 0.211
[GPU1] epochs: [302/350] train_loss_con: 0.209
[GPU1] epochs: [303/350] train_loss_con: 0.214
[GPU1] epochs: [304/350] train_loss_con: 0.215
[GPU1] epochs: [305/350] train_loss_con: 0.208
[GPU1] epochs: [306/350] train_loss_con: 0.212
[GPU1] epochs: [307/350] train_loss_con: 0.209
[GPU1] epochs: [308/350] train_loss_con: 0.213
[GPU1] epochs: [309/350] train_loss_con: 0.213
[GPU1] epochs: [310/350] train_loss_con: 0.216
[GPU1] epochs: [311/350] train_loss_con: 0.209
[GPU1] epochs: [312/350] train_loss_con: 0.212
[GPU1] epochs: [313/350] train_loss_con: 0.209
[GPU1] epochs: [314/350] train_loss_con: 0.209
[GPU1] epochs: [315/350] train_loss_con: 0.211
[GPU1] epochs: [316/350] train_loss_con: 0.207
[GPU1] epochs: [317/350] train_loss_con: 0.209
[GPU1] epochs: [318/350] train_loss_con: 0.208
[GPU1] epochs: [319/350] train_loss_con: 0.212
[GPU1] epochs: [320/350] train_loss_con: 0.210
[GPU1] epochs: [321/350] train_loss_con: 0.207
[GPU1] epochs: [322/350] train_loss_con: 0.211
[GPU1] epochs: [323/350] train_loss_con: 0.209
[GPU1] epochs: [324/350] train_loss_con: 0.210
[GPU1] epochs: [325/350] train_loss_con: 0.209
[GPU1] epochs: [326/350] train_loss_con: 0.209
[GPU1] epochs: [327/350] train_loss_con: 0.209
[GPU1] epochs: [328/350] train_loss_con: 0.209
[GPU1] epochs: [329/350] train_loss_con: 0.210
[GPU1] epochs: [330/350] train_loss_con: 0.210
[GPU1] epochs: [331/350] train_loss_con: 0.205
[GPU1] epochs: [332/350] train_loss_con: 0.207
[GPU1] epochs: [333/350] train_loss_con: 0.212
[GPU1] epochs: [334/350] train_loss_con: 0.206
[GPU1] epochs: [335/350] train_loss_con: 0.215
[GPU1] epochs: [336/350] train_loss_con: 0.209
[GPU1] epochs: [337/350] train_loss_con: 0.208
[GPU1] epochs: [338/350] train_loss_con: 0.208
[GPU1] epochs: [339/350] train_loss_con: 0.205
[GPU1] epochs: [340/350] train_loss_con: 0.210
[GPU1] epochs: [341/350] train_loss_con: 0.212
[GPU1] epochs: [342/350] train_loss_con: 0.210
[GPU1] epochs: [343/350] train_loss_con: 0.209
[GPU1] epochs: [344/350] train_loss_con: 0.208
[GPU1] epochs: [345/350] train_loss_con: 0.208
[GPU1] epochs: [346/350] train_loss_con: 0.207
[GPU1] epochs: [347/350] train_loss_con: 0.207
[GPU1] epochs: [348/350] train_loss_con: 0.211
[GPU1] epochs: [349/350] train_loss_con: 0.209
[GPU1] epochs: [350/350] train_loss_con: 0.206
### TSNE starts
### MLP training begins
[GPU1] Test Accuracy at epoch: 0: 0.85
[GPU1] epochs: [1/100] train_acc: 0.743 train_loss_sup: 0.945
[GPU1] epochs: [2/100] train_acc: 0.800 train_loss_sup: 0.577
[GPU1] epochs: [3/100] train_acc: 0.800 train_loss_sup: 0.573
[GPU1] epochs: [4/100] train_acc: 0.802 train_loss_sup: 0.569
[GPU1] epochs: [5/100] train_acc: 0.801 train_loss_sup: 0.570
[GPU1] epochs: [6/100] train_acc: 0.803 train_loss_sup: 0.562
[GPU1] epochs: [7/100] train_acc: 0.804 train_loss_sup: 0.559
[GPU1] epochs: [8/100] train_acc: 0.804 train_loss_sup: 0.562
[GPU1] epochs: [9/100] train_acc: 0.804 train_loss_sup: 0.559
[GPU1] epochs: [10/100] train_acc: 0.806 train_loss_sup: 0.559
[GPU1] Test Accuracy at epoch: 10: 0.858
[GPU1] epochs: [11/100] train_acc: 0.804 train_loss_sup: 0.562
[GPU1] epochs: [12/100] train_acc: 0.806 train_loss_sup: 0.560
[GPU1] epochs: [13/100] train_acc: 0.806 train_loss_sup: 0.551
[GPU1] epochs: [14/100] train_acc: 0.807 train_loss_sup: 0.551
[GPU1] epochs: [15/100] train_acc: 0.807 train_loss_sup: 0.554
[GPU1] epochs: [16/100] train_acc: 0.805 train_loss_sup: 0.557
[GPU1] epochs: [17/100] train_acc: 0.805 train_loss_sup: 0.558
[GPU1] epochs: [18/100] train_acc: 0.806 train_loss_sup: 0.551
[GPU1] epochs: [19/100] train_acc: 0.805 train_loss_sup: 0.556
[GPU1] epochs: [20/100] train_acc: 0.808 train_loss_sup: 0.549
[GPU1] Test Accuracy at epoch: 20: 0.858
[GPU1] epochs: [21/100] train_acc: 0.805 train_loss_sup: 0.557
[GPU1] epochs: [22/100] train_acc: 0.805 train_loss_sup: 0.558
[GPU1] epochs: [23/100] train_acc: 0.806 train_loss_sup: 0.557
[GPU1] epochs: [24/100] train_acc: 0.807 train_loss_sup: 0.553
[GPU1] epochs: [25/100] train_acc: 0.808 train_loss_sup: 0.546
[GPU1] epochs: [26/100] train_acc: 0.808 train_loss_sup: 0.551
[GPU1] epochs: [27/100] train_acc: 0.807 train_loss_sup: 0.551
[GPU1] epochs: [28/100] train_acc: 0.806 train_loss_sup: 0.549
[GPU1] epochs: [29/100] train_acc: 0.810 train_loss_sup: 0.543
[GPU1] epochs: [30/100] train_acc: 0.809 train_loss_sup: 0.548
[GPU1] Test Accuracy at epoch: 30: 0.858
[GPU1] epochs: [31/100] train_acc: 0.805 train_loss_sup: 0.556
[GPU1] epochs: [32/100] train_acc: 0.804 train_loss_sup: 0.556
[GPU1] epochs: [33/100] train_acc: 0.808 train_loss_sup: 0.545
[GPU1] epochs: [34/100] train_acc: 0.810 train_loss_sup: 0.550
[GPU1] epochs: [35/100] train_acc: 0.808 train_loss_sup: 0.549
[GPU1] epochs: [36/100] train_acc: 0.809 train_loss_sup: 0.542
[GPU1] epochs: [37/100] train_acc: 0.808 train_loss_sup: 0.548
[GPU1] epochs: [38/100] train_acc: 0.808 train_loss_sup: 0.544
[GPU1] epochs: [39/100] train_acc: 0.807 train_loss_sup: 0.551
[GPU1] epochs: [40/100] train_acc: 0.808 train_loss_sup: 0.543
[GPU1] Test Accuracy at epoch: 40: 0.858
[GPU1] epochs: [41/100] train_acc: 0.810 train_loss_sup: 0.543
[GPU1] epochs: [42/100] train_acc: 0.808 train_loss_sup: 0.548
[GPU1] epochs: [43/100] train_acc: 0.809 train_loss_sup: 0.544
[GPU1] epochs: [44/100] train_acc: 0.809 train_loss_sup: 0.546
[GPU1] epochs: [45/100] train_acc: 0.809 train_loss_sup: 0.546
[GPU1] epochs: [46/100] train_acc: 0.809 train_loss_sup: 0.543
[GPU1] epochs: [47/100] train_acc: 0.811 train_loss_sup: 0.541
[GPU1] epochs: [48/100] train_acc: 0.808 train_loss_sup: 0.546
[GPU1] epochs: [49/100] train_acc: 0.811 train_loss_sup: 0.542
[GPU1] epochs: [50/100] train_acc: 0.809 train_loss_sup: 0.544
[GPU1] Test Accuracy at epoch: 50: 0.858
[GPU1] epochs: [51/100] train_acc: 0.812 train_loss_sup: 0.542
[GPU1] epochs: [52/100] train_acc: 0.808 train_loss_sup: 0.540
[GPU1] epochs: [53/100] train_acc: 0.808 train_loss_sup: 0.549
[GPU1] epochs: [54/100] train_acc: 0.807 train_loss_sup: 0.548
[GPU1] epochs: [55/100] train_acc: 0.808 train_loss_sup: 0.545
[GPU1] epochs: [56/100] train_acc: 0.809 train_loss_sup: 0.544
[GPU1] epochs: [57/100] train_acc: 0.808 train_loss_sup: 0.545
[GPU1] epochs: [58/100] train_acc: 0.809 train_loss_sup: 0.543
[GPU1] epochs: [59/100] train_acc: 0.811 train_loss_sup: 0.538
[GPU1] epochs: [60/100] train_acc: 0.810 train_loss_sup: 0.537
[GPU1] Test Accuracy at epoch: 60: 0.859
[GPU1] epochs: [61/100] train_acc: 0.808 train_loss_sup: 0.544
[GPU1] epochs: [62/100] train_acc: 0.810 train_loss_sup: 0.543
[GPU1] epochs: [63/100] train_acc: 0.809 train_loss_sup: 0.545
[GPU1] epochs: [64/100] train_acc: 0.809 train_loss_sup: 0.542
[GPU1] epochs: [65/100] train_acc: 0.806 train_loss_sup: 0.551
[GPU1] epochs: [66/100] train_acc: 0.809 train_loss_sup: 0.541
[GPU1] epochs: [67/100] train_acc: 0.812 train_loss_sup: 0.537
[GPU1] epochs: [68/100] train_acc: 0.812 train_loss_sup: 0.541
[GPU1] epochs: [69/100] train_acc: 0.810 train_loss_sup: 0.543
[GPU1] epochs: [70/100] train_acc: 0.807 train_loss_sup: 0.547
[GPU1] Test Accuracy at epoch: 70: 0.859
[GPU1] epochs: [71/100] train_acc: 0.808 train_loss_sup: 0.547
[GPU1] epochs: [72/100] train_acc: 0.811 train_loss_sup: 0.541
[GPU1] epochs: [73/100] train_acc: 0.809 train_loss_sup: 0.543
[GPU1] epochs: [74/100] train_acc: 0.810 train_loss_sup: 0.541
[GPU1] epochs: [75/100] train_acc: 0.810 train_loss_sup: 0.540
[GPU1] epochs: [76/100] train_acc: 0.810 train_loss_sup: 0.537
[GPU1] epochs: [77/100] train_acc: 0.811 train_loss_sup: 0.540
[GPU1] epochs: [78/100] train_acc: 0.811 train_loss_sup: 0.542
[GPU1] epochs: [79/100] train_acc: 0.809 train_loss_sup: 0.540
[GPU1] epochs: [80/100] train_acc: 0.811 train_loss_sup: 0.540
[GPU1] Test Accuracy at epoch: 80: 0.86
[GPU1] epochs: [81/100] train_acc: 0.807 train_loss_sup: 0.543
[GPU1] epochs: [82/100] train_acc: 0.811 train_loss_sup: 0.537
[GPU1] epochs: [83/100] train_acc: 0.807 train_loss_sup: 0.543
[GPU1] epochs: [84/100] train_acc: 0.812 train_loss_sup: 0.536
[GPU1] epochs: [85/100] train_acc: 0.810 train_loss_sup: 0.542
[GPU1] epochs: [86/100] train_acc: 0.809 train_loss_sup: 0.543
[GPU1] epochs: [87/100] train_acc: 0.809 train_loss_sup: 0.542
[GPU1] epochs: [88/100] train_acc: 0.808 train_loss_sup: 0.543
[GPU1] epochs: [89/100] train_acc: 0.808 train_loss_sup: 0.542
[GPU1] epochs: [90/100] train_acc: 0.811 train_loss_sup: 0.537
[GPU1] Test Accuracy at epoch: 90: 0.859
[GPU1] epochs: [91/100] train_acc: 0.810 train_loss_sup: 0.538
[GPU1] epochs: [92/100] train_acc: 0.811 train_loss_sup: 0.538
[GPU1] epochs: [93/100] train_acc: 0.810 train_loss_sup: 0.541
[GPU1] epochs: [94/100] train_acc: 0.810 train_loss_sup: 0.541
[GPU1] epochs: [95/100] train_acc: 0.808 train_loss_sup: 0.541
[GPU1] epochs: [96/100] train_acc: 0.810 train_loss_sup: 0.537
[GPU1] epochs: [97/100] train_acc: 0.808 train_loss_sup: 0.541
[GPU1] epochs: [98/100] train_acc: 0.811 train_loss_sup: 0.533
[GPU1] epochs: [99/100] train_acc: 0.813 train_loss_sup: 0.537
[GPU1] epochs: [100/100] train_acc: 0.807 train_loss_sup: 0.539
[GPU1] Final Test Accuracy: 0.859
