environment: 
YAML: configs/triplet.c10.yaml
==> SEED: 42
==> num_classes: 10
==> data_name: cifar10
==> data_params: {'algo': 'triplet', 'data_dir': 'datasets/cifar10', 'batch_size': 512, 'num_workers': 3, 'image_size': 32}
==> return_logs: False
==> eval_every: 10
==> n_epochs: 350
==> n_epochs_mlp: 100
==> gpu_id: 4
==> opt: SGD
==> opt_params: {'lr': 0.01, 'momentum': 0.9, 'nesterov': True}
==> schedular_params: {'T_max': 350, 'eta_min': 0.0001}
==> mlp_opt: SGD
==> mlp_opt_params: {'lr': 0.01, 'momentum': 0.9, 'nesterov': True}
==> model_params: {'model_name': 'resnet50', 'pretrained': False, 'proj_dim': 128}
==> mlp_type: hidden
==> loss: triplet
==> loss_params: {'margin': 1.0}
==> distributed: False
==> train_algo: triplet
--------------------------------------------------
===> using hiddin mlp
using optimizer: SGD
using optimizer: SGD
loss function: triplet
Files already downloaded and verified
Files already downloaded and verified
Files already downloaded and verified
# of Training Images: 50000
# of Testing Images: 10000
### Triplet Training begins
[GPU4] epochs: [1/350] train_loss_con: 0.971
[GPU4] epochs: [2/350] train_loss_con: 0.871
[GPU4] epochs: [3/350] train_loss_con: 0.846
[GPU4] epochs: [4/350] train_loss_con: 0.830
[GPU4] epochs: [5/350] train_loss_con: 0.822
[GPU4] epochs: [6/350] train_loss_con: 0.807
[GPU4] epochs: [7/350] train_loss_con: 0.803
[GPU4] epochs: [8/350] train_loss_con: 0.797
[GPU4] epochs: [9/350] train_loss_con: 0.787
[GPU4] epochs: [10/350] train_loss_con: 0.793
[GPU4] epochs: [11/350] train_loss_con: 0.783
[GPU4] epochs: [12/350] train_loss_con: 0.773
[GPU4] epochs: [13/350] train_loss_con: 0.768
[GPU4] epochs: [14/350] train_loss_con: 0.767
[GPU4] epochs: [15/350] train_loss_con: 0.754
[GPU4] epochs: [16/350] train_loss_con: 0.757
[GPU4] epochs: [17/350] train_loss_con: 0.749
[GPU4] epochs: [18/350] train_loss_con: 0.746
[GPU4] epochs: [19/350] train_loss_con: 0.744
[GPU4] epochs: [20/350] train_loss_con: 0.743
[GPU4] epochs: [21/350] train_loss_con: 0.727
[GPU4] epochs: [22/350] train_loss_con: 0.723
[GPU4] epochs: [23/350] train_loss_con: 0.715
[GPU4] epochs: [24/350] train_loss_con: 0.714
[GPU4] epochs: [25/350] train_loss_con: 0.699
[GPU4] epochs: [26/350] train_loss_con: 0.702
[GPU4] epochs: [27/350] train_loss_con: 0.690
[GPU4] epochs: [28/350] train_loss_con: 0.683
[GPU4] epochs: [29/350] train_loss_con: 0.680
[GPU4] epochs: [30/350] train_loss_con: 0.673
[GPU4] epochs: [31/350] train_loss_con: 0.665
[GPU4] epochs: [32/350] train_loss_con: 0.663
[GPU4] epochs: [33/350] train_loss_con: 0.656
[GPU4] epochs: [34/350] train_loss_con: 0.651
[GPU4] epochs: [35/350] train_loss_con: 0.640
[GPU4] epochs: [36/350] train_loss_con: 0.633
[GPU4] epochs: [37/350] train_loss_con: 0.623
[GPU4] epochs: [38/350] train_loss_con: 0.620
[GPU4] epochs: [39/350] train_loss_con: 0.617
[GPU4] epochs: [40/350] train_loss_con: 0.618
[GPU4] epochs: [41/350] train_loss_con: 0.600
[GPU4] epochs: [42/350] train_loss_con: 0.602
[GPU4] epochs: [43/350] train_loss_con: 0.599
[GPU4] epochs: [44/350] train_loss_con: 0.587
[GPU4] epochs: [45/350] train_loss_con: 0.582
[GPU4] epochs: [46/350] train_loss_con: 0.575
[GPU4] epochs: [47/350] train_loss_con: 0.578
[GPU4] epochs: [48/350] train_loss_con: 0.570
[GPU4] epochs: [49/350] train_loss_con: 0.564
[GPU4] epochs: [50/350] train_loss_con: 0.555
[GPU4] epochs: [51/350] train_loss_con: 0.551
[GPU4] epochs: [52/350] train_loss_con: 0.548
[GPU4] epochs: [53/350] train_loss_con: 0.548
[GPU4] epochs: [54/350] train_loss_con: 0.543
[GPU4] epochs: [55/350] train_loss_con: 0.533
