Downloading: "https://download.pytorch.org/models/resnet18-f37072fd.pth" to /data/home/nirbhays/.cache/torch/hub/checkpoints/resnet18-f37072fd.pth
environment: 
YAML: configs/triplet.c100.yaml
==> SEED: 42
==> num_classes: 100
==> data_name: cifar100
==> data_params: {'algo': 'triplet', 'data_dir': 'datasets/cifar100', 'batch_size': 512, 'num_workers': 3, 'image_size': 32}
==> return_logs: False
==> eval_every: 10
==> n_epochs: 300
==> n_epochs_mlp: 100
==> gpu_id: 1
==> opt: SGD
==> opt_params: {'lr': 0.01, 'momentum': 0.9, 'nesterov': True}
==> schedular_params: {'T_max': 300, 'eta_min': 0.0001}
==> mlp_opt: SGD
==> mlp_opt_params: {'lr': 0.01, 'momentum': 0.9, 'nesterov': True}
==> model_params: {'model_name': 'resnet18', 'pretrained': True, 'proj_dim': 128}
==> mlp_type: hidden
==> loss: triplet
==> loss_params: {'margin': 1.0}
==> distributed: False
==> train_algo: triplet
--------------------------------------------------
  0%|          | 0.00/44.7M [00:00<?, ?B/s]  0%|          | 128k/44.7M [00:00<01:07, 690kB/s]  1%|          | 384k/44.7M [00:00<00:33, 1.39MB/s]  2%|▏         | 1.00M/44.7M [00:00<00:14, 3.10MB/s]  5%|▌         | 2.38M/44.7M [00:00<00:06, 6.80MB/s] 12%|█▏        | 5.50M/44.7M [00:00<00:02, 15.0MB/s] 20%|██        | 9.12M/44.7M [00:00<00:01, 22.1MB/s] 28%|██▊       | 12.6M/44.7M [00:00<00:01, 26.4MB/s] 36%|███▌      | 16.1M/44.7M [00:00<00:01, 29.5MB/s] 44%|████▍     | 19.8M/44.7M [00:01<00:00, 31.9MB/s] 52%|█████▏    | 23.4M/44.7M [00:01<00:00, 33.6MB/s] 60%|█████▉    | 26.8M/44.7M [00:01<00:00, 29.9MB/s] 67%|██████▋   | 29.8M/44.7M [00:01<00:00, 29.6MB/s] 74%|███████▍  | 33.1M/44.7M [00:01<00:00, 31.1MB/s] 83%|████████▎ | 36.9M/44.7M [00:01<00:00, 31.7MB/s] 91%|█████████ | 40.6M/44.7M [00:01<00:00, 33.7MB/s] 99%|█████████▉| 44.4M/44.7M [00:01<00:00, 35.1MB/s]100%|██████████| 44.7M/44.7M [00:01<00:00, 25.7MB/s]
===> using hiddin mlp
using optimizer: SGD
using optimizer: SGD
loss function: triplet
Files already downloaded and verified
Files already downloaded and verified
Files already downloaded and verified
# of Training Images: 50000
# of Testing Images: 10000
### Triplet Training begins
[GPU1] epochs: [1/300] train_loss_con: 0.975
[GPU1] epochs: [2/300] train_loss_con: 0.757
[GPU1] epochs: [3/300] train_loss_con: 0.689
[GPU1] epochs: [4/300] train_loss_con: 0.610
[GPU1] epochs: [5/300] train_loss_con: 0.587
[GPU1] epochs: [6/300] train_loss_con: 0.554
