environment: 
YAML: --config
==> SEED: 42
==> num_classes: 100
==> data_name: cifar100
==> data_params: {'algo': 'vicreg', 'data_dir': 'datasets/cifar100', 'batch_size': 512, 'num_workers': 3, 'image_size': 32}
==> return_logs: False
==> eval_every: 10
==> n_epochs: 800
==> n_epochs_mlp: 100
==> gpu_id: 0
==> opt: SGD
==> opt_params: {'lr': 0.06, 'momentum': 0.9, 'weight_decay': 0.0001}
==> schedular_params: {'T_max': 800, 'eta_min': 0.001}
==> mlp_opt: SGD
==> mlp_opt_params: {'lr': 0.1, 'momentum': 0.9}
==> model_params: {'model_name': 'resnet18', 'pretrained': False, 'proj_dim': 4096, 'barlow_hidden': 4096}
==> mlp_type: linear
==> loss: vicreg
==> loss_params: {'_lambda': 25.0, 'mu': 25.0, 'nu': 1.0}
==> distributed: False
==> train_algo: vicreg
==> model_save_path: saved_models/vicreg.c100.r18.e800.pth
==> config: configs/vicreg.c100.yaml
--------------------------------------------------
===> using linear mlp
using optimizer: SGD
using optimizer: SGD
loss function: vicreg
# of Training Images: 50000
# of Testing Images: 10000
### VICReg Training begins
[GPU0] epochs: [1/800] train_loss_con: 23.674
[GPU0] epochs: [2/800] train_loss_con: 22.503
[GPU0] epochs: [3/800] train_loss_con: 22.361
[GPU0] epochs: [4/800] train_loss_con: 22.263
[GPU0] epochs: [5/800] train_loss_con: 22.176
[GPU0] epochs: [6/800] train_loss_con: 22.089
[GPU0] epochs: [7/800] train_loss_con: 22.018
[GPU0] epochs: [8/800] train_loss_con: 21.959
[GPU0] epochs: [9/800] train_loss_con: 21.908
[GPU0] epochs: [10/800] train_loss_con: 21.871
[GPU0] epochs: [11/800] train_loss_con: 21.839
[GPU0] epochs: [12/800] train_loss_con: 21.804
[GPU0] epochs: [13/800] train_loss_con: 21.774
[GPU0] epochs: [14/800] train_loss_con: 21.749
[GPU0] epochs: [15/800] train_loss_con: 21.720
[GPU0] epochs: [16/800] train_loss_con: 21.694
[GPU0] epochs: [17/800] train_loss_con: 21.666
[GPU0] epochs: [18/800] train_loss_con: 21.641
[GPU0] epochs: [19/800] train_loss_con: 21.616
[GPU0] epochs: [20/800] train_loss_con: 21.595
[GPU0] epochs: [21/800] train_loss_con: 21.572
[GPU0] epochs: [22/800] train_loss_con: 21.557
[GPU0] epochs: [23/800] train_loss_con: 21.524
[GPU0] epochs: [24/800] train_loss_con: 21.510
[GPU0] epochs: [25/800] train_loss_con: 21.480
[GPU0] epochs: [26/800] train_loss_con: 21.471
[GPU0] epochs: [27/800] train_loss_con: 21.446
[GPU0] epochs: [28/800] train_loss_con: 21.424
[GPU0] epochs: [29/800] train_loss_con: 21.412
[GPU0] epochs: [30/800] train_loss_con: 21.394
[GPU0] epochs: [31/800] train_loss_con: 21.369
[GPU0] epochs: [32/800] train_loss_con: 21.360
[GPU0] epochs: [33/800] train_loss_con: 21.345
[GPU0] epochs: [34/800] train_loss_con: 21.330
[GPU0] epochs: [35/800] train_loss_con: 21.319
[GPU0] epochs: [36/800] train_loss_con: 21.294
[GPU0] epochs: [37/800] train_loss_con: 21.297
[GPU0] epochs: [38/800] train_loss_con: 21.276
[GPU0] epochs: [39/800] train_loss_con: 21.258
[GPU0] epochs: [40/800] train_loss_con: 21.247
[GPU0] epochs: [41/800] train_loss_con: 21.233
[GPU0] epochs: [42/800] train_loss_con: 21.217
[GPU0] epochs: [43/800] train_loss_con: 21.210
[GPU0] epochs: [44/800] train_loss_con: 21.198
[GPU0] epochs: [45/800] train_loss_con: 21.182
[GPU0] epochs: [46/800] train_loss_con: 21.176
[GPU0] epochs: [47/800] train_loss_con: 21.149
[GPU0] epochs: [48/800] train_loss_con: 21.135
[GPU0] epochs: [49/800] train_loss_con: 21.142
[GPU0] epochs: [50/800] train_loss_con: 21.106
[GPU0] epochs: [51/800] train_loss_con: 21.102
[GPU0] epochs: [52/800] train_loss_con: 21.083
[GPU0] epochs: [53/800] train_loss_con: 21.075
[GPU0] epochs: [54/800] train_loss_con: 21.054
[GPU0] epochs: [55/800] train_loss_con: 21.046
[GPU0] epochs: [56/800] train_loss_con: 21.023
[GPU0] epochs: [57/800] train_loss_con: 21.002
[GPU0] epochs: [58/800] train_loss_con: 20.985
[GPU0] epochs: [59/800] train_loss_con: 20.972
[GPU0] epochs: [60/800] train_loss_con: 20.958
[GPU0] epochs: [61/800] train_loss_con: 20.949
[GPU0] epochs: [62/800] train_loss_con: 20.930
[GPU0] epochs: [63/800] train_loss_con: 20.914
[GPU0] epochs: [64/800] train_loss_con: 20.900
[GPU0] epochs: [65/800] train_loss_con: 20.889
[GPU0] epochs: [66/800] train_loss_con: 20.856
[GPU0] epochs: [67/800] train_loss_con: 20.854
[GPU0] epochs: [68/800] train_loss_con: 20.834
[GPU0] epochs: [69/800] train_loss_con: 20.831
[GPU0] epochs: [70/800] train_loss_con: 20.799
[GPU0] epochs: [71/800] train_loss_con: 20.785
[GPU0] epochs: [72/800] train_loss_con: 20.776
[GPU0] epochs: [73/800] train_loss_con: 20.762
[GPU0] epochs: [74/800] train_loss_con: 20.754
[GPU0] epochs: [75/800] train_loss_con: 20.727
[GPU0] epochs: [76/800] train_loss_con: 20.717
[GPU0] epochs: [77/800] train_loss_con: 20.705
[GPU0] epochs: [78/800] train_loss_con: 20.686
[GPU0] epochs: [79/800] train_loss_con: 20.673
[GPU0] epochs: [80/800] train_loss_con: 20.641
[GPU0] epochs: [81/800] train_loss_con: 20.629
[GPU0] epochs: [82/800] train_loss_con: 20.617
[GPU0] epochs: [83/800] train_loss_con: 20.602
[GPU0] epochs: [84/800] train_loss_con: 20.585
[GPU0] epochs: [85/800] train_loss_con: 20.572
[GPU0] epochs: [86/800] train_loss_con: 20.551
[GPU0] epochs: [87/800] train_loss_con: 20.547
[GPU0] epochs: [88/800] train_loss_con: 20.535
[GPU0] epochs: [89/800] train_loss_con: 20.506
[GPU0] epochs: [90/800] train_loss_con: 20.495
[GPU0] epochs: [91/800] train_loss_con: 20.488
[GPU0] epochs: [92/800] train_loss_con: 20.462
[GPU0] epochs: [93/800] train_loss_con: 20.448
[GPU0] epochs: [94/800] train_loss_con: 20.429
[GPU0] epochs: [95/800] train_loss_con: 20.412
[GPU0] epochs: [96/800] train_loss_con: 20.392
[GPU0] epochs: [97/800] train_loss_con: 20.367
[GPU0] epochs: [98/800] train_loss_con: 20.368
[GPU0] epochs: [99/800] train_loss_con: 20.336
[GPU0] epochs: [100/800] train_loss_con: 20.329
[GPU0] epochs: [101/800] train_loss_con: 20.317
[GPU0] epochs: [102/800] train_loss_con: 20.293
[GPU0] epochs: [103/800] train_loss_con: 20.284
[GPU0] epochs: [104/800] train_loss_con: 20.262
[GPU0] epochs: [105/800] train_loss_con: 20.256
[GPU0] epochs: [106/800] train_loss_con: 20.230
[GPU0] epochs: [107/800] train_loss_con: 20.209
[GPU0] epochs: [108/800] train_loss_con: 20.215
[GPU0] epochs: [109/800] train_loss_con: 20.178
[GPU0] epochs: [110/800] train_loss_con: 20.175
[GPU0] epochs: [111/800] train_loss_con: 20.163
[GPU0] epochs: [112/800] train_loss_con: 20.144
[GPU0] epochs: [113/800] train_loss_con: 20.121
[GPU0] epochs: [114/800] train_loss_con: 20.116
[GPU0] epochs: [115/800] train_loss_con: 20.102
[GPU0] epochs: [116/800] train_loss_con: 20.084
[GPU0] epochs: [117/800] train_loss_con: 20.071
[GPU0] epochs: [118/800] train_loss_con: 20.044
[GPU0] epochs: [119/800] train_loss_con: 20.042
[GPU0] epochs: [120/800] train_loss_con: 20.017
[GPU0] epochs: [121/800] train_loss_con: 20.019
[GPU0] epochs: [122/800] train_loss_con: 19.993
[GPU0] epochs: [123/800] train_loss_con: 19.984
[GPU0] epochs: [124/800] train_loss_con: 19.967
[GPU0] epochs: [125/800] train_loss_con: 19.955
[GPU0] epochs: [126/800] train_loss_con: 19.941
[GPU0] epochs: [127/800] train_loss_con: 19.927
[GPU0] epochs: [128/800] train_loss_con: 19.924
[GPU0] epochs: [129/800] train_loss_con: 19.916
[GPU0] epochs: [130/800] train_loss_con: 19.880
[GPU0] epochs: [131/800] train_loss_con: 19.880
[GPU0] epochs: [132/800] train_loss_con: 19.866
[GPU0] epochs: [133/800] train_loss_con: 19.851
[GPU0] epochs: [134/800] train_loss_con: 19.848
[GPU0] epochs: [135/800] train_loss_con: 19.821
[GPU0] epochs: [136/800] train_loss_con: 19.812
[GPU0] epochs: [137/800] train_loss_con: 19.806
[GPU0] epochs: [138/800] train_loss_con: 19.794
[GPU0] epochs: [139/800] train_loss_con: 19.772
[GPU0] epochs: [140/800] train_loss_con: 19.759
[GPU0] epochs: [141/800] train_loss_con: 19.744
[GPU0] epochs: [142/800] train_loss_con: 19.737
[GPU0] epochs: [143/800] train_loss_con: 19.738
[GPU0] epochs: [144/800] train_loss_con: 19.721
[GPU0] epochs: [145/800] train_loss_con: 19.704
[GPU0] epochs: [146/800] train_loss_con: 19.699
[GPU0] epochs: [147/800] train_loss_con: 19.688
[GPU0] epochs: [148/800] train_loss_con: 19.677
[GPU0] epochs: [149/800] train_loss_con: 19.671
[GPU0] epochs: [150/800] train_loss_con: 19.647
[GPU0] epochs: [151/800] train_loss_con: 19.637
[GPU0] epochs: [152/800] train_loss_con: 19.638
[GPU0] epochs: [153/800] train_loss_con: 19.619
[GPU0] epochs: [154/800] train_loss_con: 19.598
[GPU0] epochs: [155/800] train_loss_con: 19.610
[GPU0] epochs: [156/800] train_loss_con: 19.582
[GPU0] epochs: [157/800] train_loss_con: 19.577
[GPU0] epochs: [158/800] train_loss_con: 19.550
[GPU0] epochs: [159/800] train_loss_con: 19.553
[GPU0] epochs: [160/800] train_loss_con: 19.544
[GPU0] epochs: [161/800] train_loss_con: 19.528
[GPU0] epochs: [162/800] train_loss_con: 19.539
[GPU0] epochs: [163/800] train_loss_con: 19.503
[GPU0] epochs: [164/800] train_loss_con: 19.509
[GPU0] epochs: [165/800] train_loss_con: 19.509
[GPU0] epochs: [166/800] train_loss_con: 19.484
[GPU0] epochs: [167/800] train_loss_con: 19.489
[GPU0] epochs: [168/800] train_loss_con: 19.455
[GPU0] epochs: [169/800] train_loss_con: 19.462
[GPU0] epochs: [170/800] train_loss_con: 19.447
[GPU0] epochs: [171/800] train_loss_con: 19.443
[GPU0] epochs: [172/800] train_loss_con: 19.424
[GPU0] epochs: [173/800] train_loss_con: 19.424
[GPU0] epochs: [174/800] train_loss_con: 19.424
[GPU0] epochs: [175/800] train_loss_con: 19.398
[GPU0] epochs: [176/800] train_loss_con: 19.383
[GPU0] epochs: [177/800] train_loss_con: 19.405
[GPU0] epochs: [178/800] train_loss_con: 19.374
[GPU0] epochs: [179/800] train_loss_con: 19.378
[GPU0] epochs: [180/800] train_loss_con: 19.366
[GPU0] epochs: [181/800] train_loss_con: 19.359
[GPU0] epochs: [182/800] train_loss_con: 19.360
[GPU0] epochs: [183/800] train_loss_con: 19.343
[GPU0] epochs: [184/800] train_loss_con: 19.339
[GPU0] epochs: [185/800] train_loss_con: 19.331
[GPU0] epochs: [186/800] train_loss_con: 19.308
[GPU0] epochs: [187/800] train_loss_con: 19.306
[GPU0] epochs: [188/800] train_loss_con: 19.307
[GPU0] epochs: [189/800] train_loss_con: 19.306
[GPU0] epochs: [190/800] train_loss_con: 19.297
[GPU0] epochs: [191/800] train_loss_con: 19.284
[GPU0] epochs: [192/800] train_loss_con: 19.270
[GPU0] epochs: [193/800] train_loss_con: 19.259
[GPU0] epochs: [194/800] train_loss_con: 19.270
[GPU0] epochs: [195/800] train_loss_con: 19.269
[GPU0] epochs: [196/800] train_loss_con: 19.251
[GPU0] epochs: [197/800] train_loss_con: 19.236
[GPU0] epochs: [198/800] train_loss_con: 19.228
[GPU0] epochs: [199/800] train_loss_con: 19.220
[GPU0] epochs: [200/800] train_loss_con: 19.235
[GPU0] epochs: [201/800] train_loss_con: 19.201
[GPU0] epochs: [202/800] train_loss_con: 19.182
[GPU0] epochs: [203/800] train_loss_con: 19.186
[GPU0] epochs: [204/800] train_loss_con: 19.175
[GPU0] epochs: [205/800] train_loss_con: 19.187
[GPU0] epochs: [206/800] train_loss_con: 19.178
[GPU0] epochs: [207/800] train_loss_con: 19.181
[GPU0] epochs: [208/800] train_loss_con: 19.167
[GPU0] epochs: [209/800] train_loss_con: 19.161
[GPU0] epochs: [210/800] train_loss_con: 19.155
[GPU0] epochs: [211/800] train_loss_con: 19.132
[GPU0] epochs: [212/800] train_loss_con: 19.153
[GPU0] epochs: [213/800] train_loss_con: 19.131
[GPU0] epochs: [214/800] train_loss_con: 19.112
[GPU0] epochs: [215/800] train_loss_con: 19.120
[GPU0] epochs: [216/800] train_loss_con: 19.130
[GPU0] epochs: [217/800] train_loss_con: 19.101
[GPU0] epochs: [218/800] train_loss_con: 19.095
[GPU0] epochs: [219/800] train_loss_con: 19.091
[GPU0] epochs: [220/800] train_loss_con: 19.088
[GPU0] epochs: [221/800] train_loss_con: 19.081
[GPU0] epochs: [222/800] train_loss_con: 19.083
[GPU0] epochs: [223/800] train_loss_con: 19.069
[GPU0] epochs: [224/800] train_loss_con: 19.055
[GPU0] epochs: [225/800] train_loss_con: 19.049
[GPU0] epochs: [226/800] train_loss_con: 19.061
[GPU0] epochs: [227/800] train_loss_con: 19.052
[GPU0] epochs: [228/800] train_loss_con: 19.041
[GPU0] epochs: [229/800] train_loss_con: 19.043
[GPU0] epochs: [230/800] train_loss_con: 19.024
[GPU0] epochs: [231/800] train_loss_con: 19.026
[GPU0] epochs: [232/800] train_loss_con: 19.022
[GPU0] epochs: [233/800] train_loss_con: 19.006
[GPU0] epochs: [234/800] train_loss_con: 19.014
[GPU0] epochs: [235/800] train_loss_con: 19.000
[GPU0] epochs: [236/800] train_loss_con: 18.999
[GPU0] epochs: [237/800] train_loss_con: 18.982
[GPU0] epochs: [238/800] train_loss_con: 18.995
[GPU0] epochs: [239/800] train_loss_con: 18.965
[GPU0] epochs: [240/800] train_loss_con: 18.968
[GPU0] epochs: [241/800] train_loss_con: 18.961
[GPU0] epochs: [242/800] train_loss_con: 18.958
[GPU0] epochs: [243/800] train_loss_con: 18.959
[GPU0] epochs: [244/800] train_loss_con: 18.963
[GPU0] epochs: [245/800] train_loss_con: 18.955
[GPU0] epochs: [246/800] train_loss_con: 18.965
[GPU0] epochs: [247/800] train_loss_con: 18.926
[GPU0] epochs: [248/800] train_loss_con: 18.931
[GPU0] epochs: [249/800] train_loss_con: 18.928
[GPU0] epochs: [250/800] train_loss_con: 18.918
[GPU0] epochs: [251/800] train_loss_con: 18.924
[GPU0] epochs: [252/800] train_loss_con: 18.902
[GPU0] epochs: [253/800] train_loss_con: 18.899
[GPU0] epochs: [254/800] train_loss_con: 18.888
[GPU0] epochs: [255/800] train_loss_con: 18.895
[GPU0] epochs: [256/800] train_loss_con: 18.899
[GPU0] epochs: [257/800] train_loss_con: 18.874
[GPU0] epochs: [258/800] train_loss_con: 18.871
[GPU0] epochs: [259/800] train_loss_con: 18.858
[GPU0] epochs: [260/800] train_loss_con: 18.874
[GPU0] epochs: [261/800] train_loss_con: 18.849
[GPU0] epochs: [262/800] train_loss_con: 18.863
[GPU0] epochs: [263/800] train_loss_con: 18.865
[GPU0] epochs: [264/800] train_loss_con: 18.848
[GPU0] epochs: [265/800] train_loss_con: 18.843
[GPU0] epochs: [266/800] train_loss_con: 18.853
[GPU0] epochs: [267/800] train_loss_con: 18.829
[GPU0] epochs: [268/800] train_loss_con: 18.829
[GPU0] epochs: [269/800] train_loss_con: 18.812
[GPU0] epochs: [270/800] train_loss_con: 18.807
[GPU0] epochs: [271/800] train_loss_con: 18.822
[GPU0] epochs: [272/800] train_loss_con: 18.815
[GPU0] epochs: [273/800] train_loss_con: 18.814
[GPU0] epochs: [274/800] train_loss_con: 18.803
[GPU0] epochs: [275/800] train_loss_con: 18.790
[GPU0] epochs: [276/800] train_loss_con: 18.798
[GPU0] epochs: [277/800] train_loss_con: 18.778
[GPU0] epochs: [278/800] train_loss_con: 18.780
[GPU0] epochs: [279/800] train_loss_con: 18.779
[GPU0] epochs: [280/800] train_loss_con: 18.778
[GPU0] epochs: [281/800] train_loss_con: 18.763
[GPU0] epochs: [282/800] train_loss_con: 18.768
[GPU0] epochs: [283/800] train_loss_con: 18.731
[GPU0] epochs: [284/800] train_loss_con: 18.747
[GPU0] epochs: [285/800] train_loss_con: 18.747
[GPU0] epochs: [286/800] train_loss_con: 18.736
[GPU0] epochs: [287/800] train_loss_con: 18.753
[GPU0] epochs: [288/800] train_loss_con: 18.741
[GPU0] epochs: [289/800] train_loss_con: 18.724
[GPU0] epochs: [290/800] train_loss_con: 18.712
[GPU0] epochs: [291/800] train_loss_con: 18.719
[GPU0] epochs: [292/800] train_loss_con: 18.688
[GPU0] epochs: [293/800] train_loss_con: 18.701
[GPU0] epochs: [294/800] train_loss_con: 18.697
[GPU0] epochs: [295/800] train_loss_con: 18.717
[GPU0] epochs: [296/800] train_loss_con: 18.700
[GPU0] epochs: [297/800] train_loss_con: 18.674
[GPU0] epochs: [298/800] train_loss_con: 18.673
[GPU0] epochs: [299/800] train_loss_con: 18.694
[GPU0] epochs: [300/800] train_loss_con: 18.678
[GPU0] epochs: [301/800] train_loss_con: 18.662
[GPU0] epochs: [302/800] train_loss_con: 18.662
[GPU0] epochs: [303/800] train_loss_con: 18.676
[GPU0] epochs: [304/800] train_loss_con: 18.658
[GPU0] epochs: [305/800] train_loss_con: 18.665
[GPU0] epochs: [306/800] train_loss_con: 18.637
[GPU0] epochs: [307/800] train_loss_con: 18.654
[GPU0] epochs: [308/800] train_loss_con: 18.639
[GPU0] epochs: [309/800] train_loss_con: 18.647
[GPU0] epochs: [310/800] train_loss_con: 18.644
[GPU0] epochs: [311/800] train_loss_con: 18.625
[GPU0] epochs: [312/800] train_loss_con: 18.628
[GPU0] epochs: [313/800] train_loss_con: 18.649
[GPU0] epochs: [314/800] train_loss_con: 18.622
[GPU0] epochs: [315/800] train_loss_con: 18.626
[GPU0] epochs: [316/800] train_loss_con: 18.609
[GPU0] epochs: [317/800] train_loss_con: 18.616
[GPU0] epochs: [318/800] train_loss_con: 18.607
[GPU0] epochs: [319/800] train_loss_con: 18.586
[GPU0] epochs: [320/800] train_loss_con: 18.594
[GPU0] epochs: [321/800] train_loss_con: 18.599
[GPU0] epochs: [322/800] train_loss_con: 18.581
[GPU0] epochs: [323/800] train_loss_con: 18.586
[GPU0] epochs: [324/800] train_loss_con: 18.565
[GPU0] epochs: [325/800] train_loss_con: 18.553
[GPU0] epochs: [326/800] train_loss_con: 18.583
[GPU0] epochs: [327/800] train_loss_con: 18.561
[GPU0] epochs: [328/800] train_loss_con: 18.562
[GPU0] epochs: [329/800] train_loss_con: 18.559
[GPU0] epochs: [330/800] train_loss_con: 18.557
[GPU0] epochs: [331/800] train_loss_con: 18.554
[GPU0] epochs: [332/800] train_loss_con: 18.566
[GPU0] epochs: [333/800] train_loss_con: 18.544
[GPU0] epochs: [334/800] train_loss_con: 18.536
[GPU0] epochs: [335/800] train_loss_con: 18.536
[GPU0] epochs: [336/800] train_loss_con: 18.540
[GPU0] epochs: [337/800] train_loss_con: 18.531
[GPU0] epochs: [338/800] train_loss_con: 18.515
[GPU0] epochs: [339/800] train_loss_con: 18.521
[GPU0] epochs: [340/800] train_loss_con: 18.525
[GPU0] epochs: [341/800] train_loss_con: 18.516
[GPU0] epochs: [342/800] train_loss_con: 18.498
[GPU0] epochs: [343/800] train_loss_con: 18.511
[GPU0] epochs: [344/800] train_loss_con: 18.512
[GPU0] epochs: [345/800] train_loss_con: 18.492
[GPU0] epochs: [346/800] train_loss_con: 18.490
[GPU0] epochs: [347/800] train_loss_con: 18.504
[GPU0] epochs: [348/800] train_loss_con: 18.495
[GPU0] epochs: [349/800] train_loss_con: 18.477
[GPU0] epochs: [350/800] train_loss_con: 18.490
[GPU0] epochs: [351/800] train_loss_con: 18.440
[GPU0] epochs: [352/800] train_loss_con: 18.487
[GPU0] epochs: [353/800] train_loss_con: 18.471
[GPU0] epochs: [354/800] train_loss_con: 18.483
[GPU0] epochs: [355/800] train_loss_con: 18.466
[GPU0] epochs: [356/800] train_loss_con: 18.439
[GPU0] epochs: [357/800] train_loss_con: 18.473
[GPU0] epochs: [358/800] train_loss_con: 18.449
[GPU0] epochs: [359/800] train_loss_con: 18.431
[GPU0] epochs: [360/800] train_loss_con: 18.465
[GPU0] epochs: [361/800] train_loss_con: 18.434
[GPU0] epochs: [362/800] train_loss_con: 18.457
[GPU0] epochs: [363/800] train_loss_con: 18.446
[GPU0] epochs: [364/800] train_loss_con: 18.441
[GPU0] epochs: [365/800] train_loss_con: 18.431
[GPU0] epochs: [366/800] train_loss_con: 18.441
[GPU0] epochs: [367/800] train_loss_con: 18.426
[GPU0] epochs: [368/800] train_loss_con: 18.415
[GPU0] epochs: [369/800] train_loss_con: 18.430
[GPU0] epochs: [370/800] train_loss_con: 18.399
[GPU0] epochs: [371/800] train_loss_con: 18.391
[GPU0] epochs: [372/800] train_loss_con: 18.424
[GPU0] epochs: [373/800] train_loss_con: 18.413
[GPU0] epochs: [374/800] train_loss_con: 18.423
[GPU0] epochs: [375/800] train_loss_con: 18.408
[GPU0] epochs: [376/800] train_loss_con: 18.396
[GPU0] epochs: [377/800] train_loss_con: 18.396
[GPU0] epochs: [378/800] train_loss_con: 18.386
[GPU0] epochs: [379/800] train_loss_con: 18.377
[GPU0] epochs: [380/800] train_loss_con: 18.418
[GPU0] epochs: [381/800] train_loss_con: 18.385
[GPU0] epochs: [382/800] train_loss_con: 18.378
[GPU0] epochs: [383/800] train_loss_con: 18.374
[GPU0] epochs: [384/800] train_loss_con: 18.372
[GPU0] epochs: [385/800] train_loss_con: 18.376
[GPU0] epochs: [386/800] train_loss_con: 18.332
[GPU0] epochs: [387/800] train_loss_con: 18.345
[GPU0] epochs: [388/800] train_loss_con: 18.342
[GPU0] epochs: [389/800] train_loss_con: 18.338
[GPU0] epochs: [390/800] train_loss_con: 18.334
[GPU0] epochs: [391/800] train_loss_con: 18.344
[GPU0] epochs: [392/800] train_loss_con: 18.357
[GPU0] epochs: [393/800] train_loss_con: 18.344
[GPU0] epochs: [394/800] train_loss_con: 18.356
[GPU0] epochs: [395/800] train_loss_con: 18.346
[GPU0] epochs: [396/800] train_loss_con: 18.336
[GPU0] epochs: [397/800] train_loss_con: 18.342
[GPU0] epochs: [398/800] train_loss_con: 18.346
[GPU0] epochs: [399/800] train_loss_con: 18.339
[GPU0] epochs: [400/800] train_loss_con: 18.322
[GPU0] epochs: [401/800] train_loss_con: 18.323
[GPU0] epochs: [402/800] train_loss_con: 18.296
[GPU0] epochs: [403/800] train_loss_con: 18.315
[GPU0] epochs: [404/800] train_loss_con: 18.301
[GPU0] epochs: [405/800] train_loss_con: 18.280
[GPU0] epochs: [406/800] train_loss_con: 18.292
[GPU0] epochs: [407/800] train_loss_con: 18.297
[GPU0] epochs: [408/800] train_loss_con: 18.284
[GPU0] epochs: [409/800] train_loss_con: 18.297
[GPU0] epochs: [410/800] train_loss_con: 18.287
[GPU0] epochs: [411/800] train_loss_con: 18.294
[GPU0] epochs: [412/800] train_loss_con: 18.302
[GPU0] epochs: [413/800] train_loss_con: 18.278
[GPU0] epochs: [414/800] train_loss_con: 18.269
[GPU0] epochs: [415/800] train_loss_con: 18.272
[GPU0] epochs: [416/800] train_loss_con: 18.263
[GPU0] epochs: [417/800] train_loss_con: 18.257
[GPU0] epochs: [418/800] train_loss_con: 18.291
[GPU0] epochs: [419/800] train_loss_con: 18.267
[GPU0] epochs: [420/800] train_loss_con: 18.280
[GPU0] epochs: [421/800] train_loss_con: 18.262
[GPU0] epochs: [422/800] train_loss_con: 18.276
[GPU0] epochs: [423/800] train_loss_con: 18.257
[GPU0] epochs: [424/800] train_loss_con: 18.241
[GPU0] epochs: [425/800] train_loss_con: 18.237
[GPU0] epochs: [426/800] train_loss_con: 18.261
[GPU0] epochs: [427/800] train_loss_con: 18.245
[GPU0] epochs: [428/800] train_loss_con: 18.236
[GPU0] epochs: [429/800] train_loss_con: 18.242
[GPU0] epochs: [430/800] train_loss_con: 18.247
[GPU0] epochs: [431/800] train_loss_con: 18.220
[GPU0] epochs: [432/800] train_loss_con: 18.219
[GPU0] epochs: [433/800] train_loss_con: 18.218
[GPU0] epochs: [434/800] train_loss_con: 18.226
[GPU0] epochs: [435/800] train_loss_con: 18.200
[GPU0] epochs: [436/800] train_loss_con: 18.228
[GPU0] epochs: [437/800] train_loss_con: 18.221
[GPU0] epochs: [438/800] train_loss_con: 18.222
[GPU0] epochs: [439/800] train_loss_con: 18.209
[GPU0] epochs: [440/800] train_loss_con: 18.207
[GPU0] epochs: [441/800] train_loss_con: 18.192
[GPU0] epochs: [442/800] train_loss_con: 18.183
[GPU0] epochs: [443/800] train_loss_con: 18.222
[GPU0] epochs: [444/800] train_loss_con: 18.174
[GPU0] epochs: [445/800] train_loss_con: 18.196
[GPU0] epochs: [446/800] train_loss_con: 18.182
[GPU0] epochs: [447/800] train_loss_con: 18.217
[GPU0] epochs: [448/800] train_loss_con: 18.181
[GPU0] epochs: [449/800] train_loss_con: 18.181
[GPU0] epochs: [450/800] train_loss_con: 18.190
[GPU0] epochs: [451/800] train_loss_con: 18.177
[GPU0] epochs: [452/800] train_loss_con: 18.179
[GPU0] epochs: [453/800] train_loss_con: 18.170
[GPU0] epochs: [454/800] train_loss_con: 18.178
[GPU0] epochs: [455/800] train_loss_con: 18.161
[GPU0] epochs: [456/800] train_loss_con: 18.133
[GPU0] epochs: [457/800] train_loss_con: 18.158
[GPU0] epochs: [458/800] train_loss_con: 18.145
[GPU0] epochs: [459/800] train_loss_con: 18.165
[GPU0] epochs: [460/800] train_loss_con: 18.127
[GPU0] epochs: [461/800] train_loss_con: 18.142
[GPU0] epochs: [462/800] train_loss_con: 18.141
[GPU0] epochs: [463/800] train_loss_con: 18.136
[GPU0] epochs: [464/800] train_loss_con: 18.142
[GPU0] epochs: [465/800] train_loss_con: 18.158
[GPU0] epochs: [466/800] train_loss_con: 18.123
[GPU0] epochs: [467/800] train_loss_con: 18.128
[GPU0] epochs: [468/800] train_loss_con: 18.132
[GPU0] epochs: [469/800] train_loss_con: 18.121
[GPU0] epochs: [470/800] train_loss_con: 18.127
[GPU0] epochs: [471/800] train_loss_con: 18.138
[GPU0] epochs: [472/800] train_loss_con: 18.086
[GPU0] epochs: [473/800] train_loss_con: 18.116
[GPU0] epochs: [474/800] train_loss_con: 18.141
[GPU0] epochs: [475/800] train_loss_con: 18.111
[GPU0] epochs: [476/800] train_loss_con: 18.114
[GPU0] epochs: [477/800] train_loss_con: 18.104
[GPU0] epochs: [478/800] train_loss_con: 18.101
[GPU0] epochs: [479/800] train_loss_con: 18.099
[GPU0] epochs: [480/800] train_loss_con: 18.093
[GPU0] epochs: [481/800] train_loss_con: 18.085
[GPU0] epochs: [482/800] train_loss_con: 18.093
[GPU0] epochs: [483/800] train_loss_con: 18.082
[GPU0] epochs: [484/800] train_loss_con: 18.081
[GPU0] epochs: [485/800] train_loss_con: 18.082
[GPU0] epochs: [486/800] train_loss_con: 18.079
[GPU0] epochs: [487/800] train_loss_con: 18.072
[GPU0] epochs: [488/800] train_loss_con: 18.080
[GPU0] epochs: [489/800] train_loss_con: 18.072
[GPU0] epochs: [490/800] train_loss_con: 18.050
[GPU0] epochs: [491/800] train_loss_con: 18.072
[GPU0] epochs: [492/800] train_loss_con: 18.081
[GPU0] epochs: [493/800] train_loss_con: 18.072
[GPU0] epochs: [494/800] train_loss_con: 18.054
[GPU0] epochs: [495/800] train_loss_con: 18.071
[GPU0] epochs: [496/800] train_loss_con: 18.073
[GPU0] epochs: [497/800] train_loss_con: 18.058
[GPU0] epochs: [498/800] train_loss_con: 18.067
[GPU0] epochs: [499/800] train_loss_con: 18.063
[GPU0] epochs: [500/800] train_loss_con: 18.055
[GPU0] epochs: [501/800] train_loss_con: 18.047
[GPU0] epochs: [502/800] train_loss_con: 18.071
[GPU0] epochs: [503/800] train_loss_con: 18.036
[GPU0] epochs: [504/800] train_loss_con: 18.058
[GPU0] epochs: [505/800] train_loss_con: 18.039
[GPU0] epochs: [506/800] train_loss_con: 18.026
[GPU0] epochs: [507/800] train_loss_con: 18.046
[GPU0] epochs: [508/800] train_loss_con: 18.023
[GPU0] epochs: [509/800] train_loss_con: 18.039
[GPU0] epochs: [510/800] train_loss_con: 18.054
[GPU0] epochs: [511/800] train_loss_con: 18.027
[GPU0] epochs: [512/800] train_loss_con: 18.050
[GPU0] epochs: [513/800] train_loss_con: 18.016
[GPU0] epochs: [514/800] train_loss_con: 18.016
[GPU0] epochs: [515/800] train_loss_con: 18.015
[GPU0] epochs: [516/800] train_loss_con: 18.020
[GPU0] epochs: [517/800] train_loss_con: 18.009
[GPU0] epochs: [518/800] train_loss_con: 18.016
[GPU0] epochs: [519/800] train_loss_con: 17.990
[GPU0] epochs: [520/800] train_loss_con: 17.999
[GPU0] epochs: [521/800] train_loss_con: 17.986
[GPU0] epochs: [522/800] train_loss_con: 17.997
[GPU0] epochs: [523/800] train_loss_con: 17.982
[GPU0] epochs: [524/800] train_loss_con: 18.003
[GPU0] epochs: [525/800] train_loss_con: 17.966
[GPU0] epochs: [526/800] train_loss_con: 17.988
[GPU0] epochs: [527/800] train_loss_con: 17.996
[GPU0] epochs: [528/800] train_loss_con: 17.983
[GPU0] epochs: [529/800] train_loss_con: 17.976
[GPU0] epochs: [530/800] train_loss_con: 17.964
[GPU0] epochs: [531/800] train_loss_con: 17.985
[GPU0] epochs: [532/800] train_loss_con: 17.976
[GPU0] epochs: [533/800] train_loss_con: 17.965
[GPU0] epochs: [534/800] train_loss_con: 17.974
[GPU0] epochs: [535/800] train_loss_con: 17.969
[GPU0] epochs: [536/800] train_loss_con: 17.972
[GPU0] epochs: [537/800] train_loss_con: 17.961
[GPU0] epochs: [538/800] train_loss_con: 17.973
[GPU0] epochs: [539/800] train_loss_con: 17.944
[GPU0] epochs: [540/800] train_loss_con: 17.937
[GPU0] epochs: [541/800] train_loss_con: 17.967
[GPU0] epochs: [542/800] train_loss_con: 17.951
[GPU0] epochs: [543/800] train_loss_con: 17.958
[GPU0] epochs: [544/800] train_loss_con: 17.932
[GPU0] epochs: [545/800] train_loss_con: 17.926
[GPU0] epochs: [546/800] train_loss_con: 17.938
[GPU0] epochs: [547/800] train_loss_con: 17.940
[GPU0] epochs: [548/800] train_loss_con: 17.935
[GPU0] epochs: [549/800] train_loss_con: 17.918
[GPU0] epochs: [550/800] train_loss_con: 17.916
[GPU0] epochs: [551/800] train_loss_con: 17.900
[GPU0] epochs: [552/800] train_loss_con: 17.911
[GPU0] epochs: [553/800] train_loss_con: 17.916
[GPU0] epochs: [554/800] train_loss_con: 17.897
[GPU0] epochs: [555/800] train_loss_con: 17.912
[GPU0] epochs: [556/800] train_loss_con: 17.889
[GPU0] epochs: [557/800] train_loss_con: 17.914
[GPU0] epochs: [558/800] train_loss_con: 17.905
[GPU0] epochs: [559/800] train_loss_con: 17.919
[GPU0] epochs: [560/800] train_loss_con: 17.929
[GPU0] epochs: [561/800] train_loss_con: 17.899
[GPU0] epochs: [562/800] train_loss_con: 17.911
[GPU0] epochs: [563/800] train_loss_con: 17.875
[GPU0] epochs: [564/800] train_loss_con: 17.879
[GPU0] epochs: [565/800] train_loss_con: 17.904
[GPU0] epochs: [566/800] train_loss_con: 17.890
[GPU0] epochs: [567/800] train_loss_con: 17.891
[GPU0] epochs: [568/800] train_loss_con: 17.893
[GPU0] epochs: [569/800] train_loss_con: 17.907
[GPU0] epochs: [570/800] train_loss_con: 17.881
[GPU0] epochs: [571/800] train_loss_con: 17.870
[GPU0] epochs: [572/800] train_loss_con: 17.879
[GPU0] epochs: [573/800] train_loss_con: 17.857
[GPU0] epochs: [574/800] train_loss_con: 17.882
[GPU0] epochs: [575/800] train_loss_con: 17.836
[GPU0] epochs: [576/800] train_loss_con: 17.873
[GPU0] epochs: [577/800] train_loss_con: 17.864
[GPU0] epochs: [578/800] train_loss_con: 17.844
[GPU0] epochs: [579/800] train_loss_con: 17.826
[GPU0] epochs: [580/800] train_loss_con: 17.869
[GPU0] epochs: [581/800] train_loss_con: 17.865
[GPU0] epochs: [582/800] train_loss_con: 17.855
[GPU0] epochs: [583/800] train_loss_con: 17.856
[GPU0] epochs: [584/800] train_loss_con: 17.848
[GPU0] epochs: [585/800] train_loss_con: 17.869
[GPU0] epochs: [586/800] train_loss_con: 17.841
[GPU0] epochs: [587/800] train_loss_con: 17.836
[GPU0] epochs: [588/800] train_loss_con: 17.821
[GPU0] epochs: [589/800] train_loss_con: 17.818
[GPU0] epochs: [590/800] train_loss_con: 17.830
[GPU0] epochs: [591/800] train_loss_con: 17.833
[GPU0] epochs: [592/800] train_loss_con: 17.804
[GPU0] epochs: [593/800] train_loss_con: 17.814
[GPU0] epochs: [594/800] train_loss_con: 17.824
[GPU0] epochs: [595/800] train_loss_con: 17.814
[GPU0] epochs: [596/800] train_loss_con: 17.833
[GPU0] epochs: [597/800] train_loss_con: 17.821
[GPU0] epochs: [598/800] train_loss_con: 17.809
[GPU0] epochs: [599/800] train_loss_con: 17.812
[GPU0] epochs: [600/800] train_loss_con: 17.800
[GPU0] epochs: [601/800] train_loss_con: 17.801
[GPU0] epochs: [602/800] train_loss_con: 17.798
[GPU0] epochs: [603/800] train_loss_con: 17.802
[GPU0] epochs: [604/800] train_loss_con: 17.789
[GPU0] epochs: [605/800] train_loss_con: 17.805
[GPU0] epochs: [606/800] train_loss_con: 17.797
[GPU0] epochs: [607/800] train_loss_con: 17.802
[GPU0] epochs: [608/800] train_loss_con: 17.791
[GPU0] epochs: [609/800] train_loss_con: 17.793
[GPU0] epochs: [610/800] train_loss_con: 17.767
[GPU0] epochs: [611/800] train_loss_con: 17.791
[GPU0] epochs: [612/800] train_loss_con: 17.780
[GPU0] epochs: [613/800] train_loss_con: 17.778
[GPU0] epochs: [614/800] train_loss_con: 17.748
[GPU0] epochs: [615/800] train_loss_con: 17.756
[GPU0] epochs: [616/800] train_loss_con: 17.768
[GPU0] epochs: [617/800] train_loss_con: 17.765
[GPU0] epochs: [618/800] train_loss_con: 17.751
[GPU0] epochs: [619/800] train_loss_con: 17.753
[GPU0] epochs: [620/800] train_loss_con: 17.754
[GPU0] epochs: [621/800] train_loss_con: 17.718
[GPU0] epochs: [622/800] train_loss_con: 17.759
[GPU0] epochs: [623/800] train_loss_con: 17.743
[GPU0] epochs: [624/800] train_loss_con: 17.743
[GPU0] epochs: [625/800] train_loss_con: 17.754
[GPU0] epochs: [626/800] train_loss_con: 17.739
[GPU0] epochs: [627/800] train_loss_con: 17.731
[GPU0] epochs: [628/800] train_loss_con: 17.750
[GPU0] epochs: [629/800] train_loss_con: 17.742
[GPU0] epochs: [630/800] train_loss_con: 17.718
[GPU0] epochs: [631/800] train_loss_con: 17.728
[GPU0] epochs: [632/800] train_loss_con: 17.720
[GPU0] epochs: [633/800] train_loss_con: 17.731
[GPU0] epochs: [634/800] train_loss_con: 17.711
[GPU0] epochs: [635/800] train_loss_con: 17.724
[GPU0] epochs: [636/800] train_loss_con: 17.745
[GPU0] epochs: [637/800] train_loss_con: 17.739
[GPU0] epochs: [638/800] train_loss_con: 17.688
[GPU0] epochs: [639/800] train_loss_con: 17.731
[GPU0] epochs: [640/800] train_loss_con: 17.745
[GPU0] epochs: [641/800] train_loss_con: 17.716
[GPU0] epochs: [642/800] train_loss_con: 17.701
[GPU0] epochs: [643/800] train_loss_con: 17.703
[GPU0] epochs: [644/800] train_loss_con: 17.680
[GPU0] epochs: [645/800] train_loss_con: 17.714
[GPU0] epochs: [646/800] train_loss_con: 17.716
[GPU0] epochs: [647/800] train_loss_con: 17.695
[GPU0] epochs: [648/800] train_loss_con: 17.718
[GPU0] epochs: [649/800] train_loss_con: 17.677
[GPU0] epochs: [650/800] train_loss_con: 17.664
[GPU0] epochs: [651/800] train_loss_con: 17.675
[GPU0] epochs: [652/800] train_loss_con: 17.707
[GPU0] epochs: [653/800] train_loss_con: 17.691
[GPU0] epochs: [654/800] train_loss_con: 17.711
[GPU0] epochs: [655/800] train_loss_con: 17.652
[GPU0] epochs: [656/800] train_loss_con: 17.687
[GPU0] epochs: [657/800] train_loss_con: 17.658
[GPU0] epochs: [658/800] train_loss_con: 17.689
[GPU0] epochs: [659/800] train_loss_con: 17.666
[GPU0] epochs: [660/800] train_loss_con: 17.675
[GPU0] epochs: [661/800] train_loss_con: 17.647
[GPU0] epochs: [662/800] train_loss_con: 17.683
[GPU0] epochs: [663/800] train_loss_con: 17.658
[GPU0] epochs: [664/800] train_loss_con: 17.684
[GPU0] epochs: [665/800] train_loss_con: 17.684
[GPU0] epochs: [666/800] train_loss_con: 17.639
[GPU0] epochs: [667/800] train_loss_con: 17.636
[GPU0] epochs: [668/800] train_loss_con: 17.653
[GPU0] epochs: [669/800] train_loss_con: 17.657
[GPU0] epochs: [670/800] train_loss_con: 17.646
[GPU0] epochs: [671/800] train_loss_con: 17.654
[GPU0] epochs: [672/800] train_loss_con: 17.658
[GPU0] epochs: [673/800] train_loss_con: 17.643
[GPU0] epochs: [674/800] train_loss_con: 17.644
[GPU0] epochs: [675/800] train_loss_con: 17.631
[GPU0] epochs: [676/800] train_loss_con: 17.648
[GPU0] epochs: [677/800] train_loss_con: 17.616
[GPU0] epochs: [678/800] train_loss_con: 17.640
[GPU0] epochs: [679/800] train_loss_con: 17.632
[GPU0] epochs: [680/800] train_loss_con: 17.622
[GPU0] epochs: [681/800] train_loss_con: 17.626
[GPU0] epochs: [682/800] train_loss_con: 17.649
[GPU0] epochs: [683/800] train_loss_con: 17.641
[GPU0] epochs: [684/800] train_loss_con: 17.621
[GPU0] epochs: [685/800] train_loss_con: 17.628
[GPU0] epochs: [686/800] train_loss_con: 17.605
[GPU0] epochs: [687/800] train_loss_con: 17.622
[GPU0] epochs: [688/800] train_loss_con: 17.621
[GPU0] epochs: [689/800] train_loss_con: 17.616
[GPU0] epochs: [690/800] train_loss_con: 17.598
[GPU0] epochs: [691/800] train_loss_con: 17.587
[GPU0] epochs: [692/800] train_loss_con: 17.589
[GPU0] epochs: [693/800] train_loss_con: 17.571
[GPU0] epochs: [694/800] train_loss_con: 17.608
[GPU0] epochs: [695/800] train_loss_con: 17.626
[GPU0] epochs: [696/800] train_loss_con: 17.573
[GPU0] epochs: [697/800] train_loss_con: 17.600
[GPU0] epochs: [698/800] train_loss_con: 17.610
[GPU0] epochs: [699/800] train_loss_con: 17.605
[GPU0] epochs: [700/800] train_loss_con: 17.588
[GPU0] epochs: [701/800] train_loss_con: 17.597
[GPU0] epochs: [702/800] train_loss_con: 17.595
[GPU0] epochs: [703/800] train_loss_con: 17.588
[GPU0] epochs: [704/800] train_loss_con: 17.603
[GPU0] epochs: [705/800] train_loss_con: 17.590
[GPU0] epochs: [706/800] train_loss_con: 17.587
[GPU0] epochs: [707/800] train_loss_con: 17.589
[GPU0] epochs: [708/800] train_loss_con: 17.581
[GPU0] epochs: [709/800] train_loss_con: 17.534
[GPU0] epochs: [710/800] train_loss_con: 17.565
[GPU0] epochs: [711/800] train_loss_con: 17.564
[GPU0] epochs: [712/800] train_loss_con: 17.585
[GPU0] epochs: [713/800] train_loss_con: 17.602
[GPU0] epochs: [714/800] train_loss_con: 17.563
[GPU0] epochs: [715/800] train_loss_con: 17.577
[GPU0] epochs: [716/800] train_loss_con: 17.560
[GPU0] epochs: [717/800] train_loss_con: 17.571
[GPU0] epochs: [718/800] train_loss_con: 17.539
[GPU0] epochs: [719/800] train_loss_con: 17.546
[GPU0] epochs: [720/800] train_loss_con: 17.566
[GPU0] epochs: [721/800] train_loss_con: 17.576
[GPU0] epochs: [722/800] train_loss_con: 17.558
[GPU0] epochs: [723/800] train_loss_con: 17.547
[GPU0] epochs: [724/800] train_loss_con: 17.556
[GPU0] epochs: [725/800] train_loss_con: 17.561
[GPU0] epochs: [726/800] train_loss_con: 17.574
[GPU0] epochs: [727/800] train_loss_con: 17.559
[GPU0] epochs: [728/800] train_loss_con: 17.574
[GPU0] epochs: [729/800] train_loss_con: 17.551
[GPU0] epochs: [730/800] train_loss_con: 17.549
[GPU0] epochs: [731/800] train_loss_con: 17.551
[GPU0] epochs: [732/800] train_loss_con: 17.556
[GPU0] epochs: [733/800] train_loss_con: 17.562
[GPU0] epochs: [734/800] train_loss_con: 17.538
[GPU0] epochs: [735/800] train_loss_con: 17.534
[GPU0] epochs: [736/800] train_loss_con: 17.531
[GPU0] epochs: [737/800] train_loss_con: 17.521
[GPU0] epochs: [738/800] train_loss_con: 17.530
[GPU0] epochs: [739/800] train_loss_con: 17.523
[GPU0] epochs: [740/800] train_loss_con: 17.516
[GPU0] epochs: [741/800] train_loss_con: 17.530
[GPU0] epochs: [742/800] train_loss_con: 17.523
[GPU0] epochs: [743/800] train_loss_con: 17.550
[GPU0] epochs: [744/800] train_loss_con: 17.530
[GPU0] epochs: [745/800] train_loss_con: 17.521
[GPU0] epochs: [746/800] train_loss_con: 17.528
[GPU0] epochs: [747/800] train_loss_con: 17.506
[GPU0] epochs: [748/800] train_loss_con: 17.529
[GPU0] epochs: [749/800] train_loss_con: 17.527
[GPU0] epochs: [750/800] train_loss_con: 17.523
[GPU0] epochs: [751/800] train_loss_con: 17.510
[GPU0] epochs: [752/800] train_loss_con: 17.538
[GPU0] epochs: [753/800] train_loss_con: 17.515
[GPU0] epochs: [754/800] train_loss_con: 17.520
[GPU0] epochs: [755/800] train_loss_con: 17.517
[GPU0] epochs: [756/800] train_loss_con: 17.519
[GPU0] epochs: [757/800] train_loss_con: 17.488
[GPU0] epochs: [758/800] train_loss_con: 17.534
[GPU0] epochs: [759/800] train_loss_con: 17.508
[GPU0] epochs: [760/800] train_loss_con: 17.523
[GPU0] epochs: [761/800] train_loss_con: 17.509
[GPU0] epochs: [762/800] train_loss_con: 17.511
[GPU0] epochs: [763/800] train_loss_con: 17.509
[GPU0] epochs: [764/800] train_loss_con: 17.512
[GPU0] epochs: [765/800] train_loss_con: 17.525
[GPU0] epochs: [766/800] train_loss_con: 17.495
[GPU0] epochs: [767/800] train_loss_con: 17.500
[GPU0] epochs: [768/800] train_loss_con: 17.522
[GPU0] epochs: [769/800] train_loss_con: 17.497
[GPU0] epochs: [770/800] train_loss_con: 17.520
[GPU0] epochs: [771/800] train_loss_con: 17.508
[GPU0] epochs: [772/800] train_loss_con: 17.527
[GPU0] epochs: [773/800] train_loss_con: 17.490
[GPU0] epochs: [774/800] train_loss_con: 17.492
[GPU0] epochs: [775/800] train_loss_con: 17.530
[GPU0] epochs: [776/800] train_loss_con: 17.505
[GPU0] epochs: [777/800] train_loss_con: 17.485
[GPU0] epochs: [778/800] train_loss_con: 17.506
[GPU0] epochs: [779/800] train_loss_con: 17.504
[GPU0] epochs: [780/800] train_loss_con: 17.487
[GPU0] epochs: [781/800] train_loss_con: 17.494
[GPU0] epochs: [782/800] train_loss_con: 17.492
[GPU0] epochs: [783/800] train_loss_con: 17.501
[GPU0] epochs: [784/800] train_loss_con: 17.481
[GPU0] epochs: [785/800] train_loss_con: 17.494
[GPU0] epochs: [786/800] train_loss_con: 17.502
[GPU0] epochs: [787/800] train_loss_con: 17.493
[GPU0] epochs: [788/800] train_loss_con: 17.505
[GPU0] epochs: [789/800] train_loss_con: 17.490
[GPU0] epochs: [790/800] train_loss_con: 17.524
[GPU0] epochs: [791/800] train_loss_con: 17.480
[GPU0] epochs: [792/800] train_loss_con: 17.455
[GPU0] epochs: [793/800] train_loss_con: 17.514
[GPU0] epochs: [794/800] train_loss_con: 17.483
[GPU0] epochs: [795/800] train_loss_con: 17.518
[GPU0] epochs: [796/800] train_loss_con: 17.484
[GPU0] epochs: [797/800] train_loss_con: 17.482
[GPU0] epochs: [798/800] train_loss_con: 17.497
[GPU0] epochs: [799/800] train_loss_con: 17.487
[GPU0] epochs: [800/800] train_loss_con: 17.488
### TSNE starts
### MLP training begins
[GPU0] Test Accuracy at epoch: 0: 0.497
[GPU0] epochs: [1/100] train_acc: 0.430 train_loss_sup: 2.431
[GPU0] epochs: [2/100] train_acc: 0.476 train_loss_sup: 2.029
[GPU0] epochs: [3/100] train_acc: 0.484 train_loss_sup: 1.976
[GPU0] epochs: [4/100] train_acc: 0.487 train_loss_sup: 1.942
[GPU0] epochs: [5/100] train_acc: 0.490 train_loss_sup: 1.922
[GPU0] epochs: [6/100] train_acc: 0.493 train_loss_sup: 1.916
[GPU0] epochs: [7/100] train_acc: 0.494 train_loss_sup: 1.903
[GPU0] epochs: [8/100] train_acc: 0.499 train_loss_sup: 1.879
[GPU0] epochs: [9/100] train_acc: 0.497 train_loss_sup: 1.877
[GPU0] epochs: [10/100] train_acc: 0.497 train_loss_sup: 1.872
[GPU0] Test Accuracy at epoch: 10: 0.523
[GPU0] epochs: [11/100] train_acc: 0.500 train_loss_sup: 1.860
[GPU0] epochs: [12/100] train_acc: 0.504 train_loss_sup: 1.848
[GPU0] epochs: [13/100] train_acc: 0.503 train_loss_sup: 1.840
[GPU0] epochs: [14/100] train_acc: 0.505 train_loss_sup: 1.844
[GPU0] epochs: [15/100] train_acc: 0.503 train_loss_sup: 1.845
[GPU0] epochs: [16/100] train_acc: 0.506 train_loss_sup: 1.835
[GPU0] epochs: [17/100] train_acc: 0.508 train_loss_sup: 1.829
[GPU0] epochs: [18/100] train_acc: 0.506 train_loss_sup: 1.833
[GPU0] epochs: [19/100] train_acc: 0.512 train_loss_sup: 1.816
[GPU0] epochs: [20/100] train_acc: 0.507 train_loss_sup: 1.822
[GPU0] Test Accuracy at epoch: 20: 0.525
[GPU0] epochs: [21/100] train_acc: 0.511 train_loss_sup: 1.816
[GPU0] epochs: [22/100] train_acc: 0.511 train_loss_sup: 1.808
[GPU0] epochs: [23/100] train_acc: 0.510 train_loss_sup: 1.812
[GPU0] epochs: [24/100] train_acc: 0.511 train_loss_sup: 1.809
[GPU0] epochs: [25/100] train_acc: 0.516 train_loss_sup: 1.794
[GPU0] epochs: [26/100] train_acc: 0.514 train_loss_sup: 1.794
[GPU0] epochs: [27/100] train_acc: 0.515 train_loss_sup: 1.797
[GPU0] epochs: [28/100] train_acc: 0.514 train_loss_sup: 1.797
[GPU0] epochs: [29/100] train_acc: 0.514 train_loss_sup: 1.797
[GPU0] epochs: [30/100] train_acc: 0.512 train_loss_sup: 1.800
[GPU0] Test Accuracy at epoch: 30: 0.532
[GPU0] epochs: [31/100] train_acc: 0.515 train_loss_sup: 1.785
[GPU0] epochs: [32/100] train_acc: 0.518 train_loss_sup: 1.785
[GPU0] epochs: [33/100] train_acc: 0.522 train_loss_sup: 1.783
[GPU0] epochs: [34/100] train_acc: 0.516 train_loss_sup: 1.779
[GPU0] epochs: [35/100] train_acc: 0.518 train_loss_sup: 1.778
[GPU0] epochs: [36/100] train_acc: 0.520 train_loss_sup: 1.780
[GPU0] epochs: [37/100] train_acc: 0.518 train_loss_sup: 1.769
[GPU0] epochs: [38/100] train_acc: 0.521 train_loss_sup: 1.777
[GPU0] epochs: [39/100] train_acc: 0.519 train_loss_sup: 1.776
[GPU0] epochs: [40/100] train_acc: 0.523 train_loss_sup: 1.768
[GPU0] Test Accuracy at epoch: 40: 0.532
[GPU0] epochs: [41/100] train_acc: 0.522 train_loss_sup: 1.769
[GPU0] epochs: [42/100] train_acc: 0.522 train_loss_sup: 1.767
[GPU0] epochs: [43/100] train_acc: 0.521 train_loss_sup: 1.768
[GPU0] epochs: [44/100] train_acc: 0.520 train_loss_sup: 1.770
[GPU0] epochs: [45/100] train_acc: 0.523 train_loss_sup: 1.765
[GPU0] epochs: [46/100] train_acc: 0.524 train_loss_sup: 1.753
[GPU0] epochs: [47/100] train_acc: 0.522 train_loss_sup: 1.765
[GPU0] epochs: [48/100] train_acc: 0.524 train_loss_sup: 1.760
[GPU0] epochs: [49/100] train_acc: 0.525 train_loss_sup: 1.753
[GPU0] epochs: [50/100] train_acc: 0.523 train_loss_sup: 1.758
[GPU0] Test Accuracy at epoch: 50: 0.533
[GPU0] epochs: [51/100] train_acc: 0.525 train_loss_sup: 1.752
[GPU0] epochs: [52/100] train_acc: 0.524 train_loss_sup: 1.753
[GPU0] epochs: [53/100] train_acc: 0.526 train_loss_sup: 1.746
[GPU0] epochs: [54/100] train_acc: 0.524 train_loss_sup: 1.750
[GPU0] epochs: [55/100] train_acc: 0.526 train_loss_sup: 1.747
[GPU0] epochs: [56/100] train_acc: 0.527 train_loss_sup: 1.747
[GPU0] epochs: [57/100] train_acc: 0.525 train_loss_sup: 1.747
[GPU0] epochs: [58/100] train_acc: 0.527 train_loss_sup: 1.749
[GPU0] epochs: [59/100] train_acc: 0.526 train_loss_sup: 1.750
[GPU0] epochs: [60/100] train_acc: 0.528 train_loss_sup: 1.738
[GPU0] Test Accuracy at epoch: 60: 0.529
[GPU0] epochs: [61/100] train_acc: 0.528 train_loss_sup: 1.745
[GPU0] epochs: [62/100] train_acc: 0.526 train_loss_sup: 1.739
[GPU0] epochs: [63/100] train_acc: 0.527 train_loss_sup: 1.739
[GPU0] epochs: [64/100] train_acc: 0.527 train_loss_sup: 1.738
[GPU0] epochs: [65/100] train_acc: 0.527 train_loss_sup: 1.742
[GPU0] epochs: [66/100] train_acc: 0.528 train_loss_sup: 1.734
[GPU0] epochs: [67/100] train_acc: 0.528 train_loss_sup: 1.736
[GPU0] epochs: [68/100] train_acc: 0.528 train_loss_sup: 1.735
[GPU0] epochs: [69/100] train_acc: 0.527 train_loss_sup: 1.744
[GPU0] epochs: [70/100] train_acc: 0.528 train_loss_sup: 1.731
[GPU0] Test Accuracy at epoch: 70: 0.532
[GPU0] epochs: [71/100] train_acc: 0.530 train_loss_sup: 1.735
[GPU0] epochs: [72/100] train_acc: 0.530 train_loss_sup: 1.731
[GPU0] epochs: [73/100] train_acc: 0.529 train_loss_sup: 1.737
[GPU0] epochs: [74/100] train_acc: 0.529 train_loss_sup: 1.737
[GPU0] epochs: [75/100] train_acc: 0.529 train_loss_sup: 1.729
[GPU0] epochs: [76/100] train_acc: 0.531 train_loss_sup: 1.728
[GPU0] epochs: [77/100] train_acc: 0.528 train_loss_sup: 1.735
[GPU0] epochs: [78/100] train_acc: 0.528 train_loss_sup: 1.731
[GPU0] epochs: [79/100] train_acc: 0.531 train_loss_sup: 1.720
[GPU0] epochs: [80/100] train_acc: 0.529 train_loss_sup: 1.732
[GPU0] Test Accuracy at epoch: 80: 0.532
[GPU0] epochs: [81/100] train_acc: 0.531 train_loss_sup: 1.726
[GPU0] epochs: [82/100] train_acc: 0.532 train_loss_sup: 1.721
[GPU0] epochs: [83/100] train_acc: 0.532 train_loss_sup: 1.726
[GPU0] epochs: [84/100] train_acc: 0.530 train_loss_sup: 1.728
[GPU0] epochs: [85/100] train_acc: 0.529 train_loss_sup: 1.736
[GPU0] epochs: [86/100] train_acc: 0.532 train_loss_sup: 1.722
[GPU0] epochs: [87/100] train_acc: 0.533 train_loss_sup: 1.722
[GPU0] epochs: [88/100] train_acc: 0.531 train_loss_sup: 1.718
[GPU0] epochs: [89/100] train_acc: 0.531 train_loss_sup: 1.721
[GPU0] epochs: [90/100] train_acc: 0.531 train_loss_sup: 1.722
[GPU0] Test Accuracy at epoch: 90: 0.534
[GPU0] epochs: [91/100] train_acc: 0.534 train_loss_sup: 1.720
[GPU0] epochs: [92/100] train_acc: 0.534 train_loss_sup: 1.712
[GPU0] epochs: [93/100] train_acc: 0.531 train_loss_sup: 1.720
[GPU0] epochs: [94/100] train_acc: 0.533 train_loss_sup: 1.718
[GPU0] epochs: [95/100] train_acc: 0.533 train_loss_sup: 1.714
[GPU0] epochs: [96/100] train_acc: 0.531 train_loss_sup: 1.719
[GPU0] epochs: [97/100] train_acc: 0.534 train_loss_sup: 1.720
[GPU0] epochs: [98/100] train_acc: 0.533 train_loss_sup: 1.717
[GPU0] epochs: [99/100] train_acc: 0.535 train_loss_sup: 1.708
[GPU0] epochs: [100/100] train_acc: 0.535 train_loss_sup: 1.709
[GPU0] Final Test Accuracy: 0.534
Model weights saved
<All keys matched successfully>
knn evalution
logistic regression evalution
knn_acc: 0.470, log_reg_acc: 0.524
