environment: 
YAML: --config
==> SEED: 42
==> num_classes: 100
==> data_name: cifar100
==> data_params: {'algo': 'vicreg', 'data_dir': 'datasets/cifar100', 'batch_size': 512, 'num_workers': 3, 'image_size': 32}
==> return_logs: False
==> eval_every: 10
==> n_epochs: 800
==> n_epochs_mlp: 100
==> gpu_id: 3
==> opt: LARS
==> opt_params: {'lr': 0.4, 'momentum': 0.9, 'weight_decay': 1e-06}
==> schedular_params: {'T_max': 800, 'eta_min': 0.001}
==> mlp_opt: SGD
==> mlp_opt_params: {'lr': 0.1, 'momentum': 0.9}
==> model_params: {'model_name': 'resnet50', 'pretrained': False, 'proj_dim': 4096, 'barlow_hidden': 4096}
==> mlp_type: linear
==> loss: vicreg
==> loss_params: {'_lambda': 25.0, 'mu': 25.0, 'nu': 1.0}
==> distributed: False
==> train_algo: vicreg
==> model_save_path: saved_models/vicreg.c100.r50.e800.pth
==> config: configs/vicreg.c100.yaml
--------------------------------------------------
===> using linear mlp
using optimizer: LARS
using optimizer: SGD
loss function: vicreg
# of Training Images: 50000
# of Testing Images: 10000
### VICReg Training begins
[GPU3] epochs: [1/800] train_loss_con: 23.289
[GPU3] epochs: [2/800] train_loss_con: 21.213
[GPU3] epochs: [3/800] train_loss_con: 20.869
[GPU3] epochs: [4/800] train_loss_con: 20.656
[GPU3] epochs: [5/800] train_loss_con: 20.469
[GPU3] epochs: [6/800] train_loss_con: 20.362
[GPU3] epochs: [7/800] train_loss_con: 20.237
[GPU3] epochs: [8/800] train_loss_con: 20.141
[GPU3] epochs: [9/800] train_loss_con: 20.045
[GPU3] epochs: [10/800] train_loss_con: 19.961
[GPU3] epochs: [11/800] train_loss_con: 19.871
[GPU3] epochs: [12/800] train_loss_con: 19.796
[GPU3] epochs: [13/800] train_loss_con: 19.718
[GPU3] epochs: [14/800] train_loss_con: 19.659
[GPU3] epochs: [15/800] train_loss_con: 19.583
[GPU3] epochs: [16/800] train_loss_con: 19.519
[GPU3] epochs: [17/800] train_loss_con: 19.465
[GPU3] epochs: [18/800] train_loss_con: 19.412
[GPU3] epochs: [19/800] train_loss_con: 19.369
[GPU3] epochs: [20/800] train_loss_con: 19.328
[GPU3] epochs: [21/800] train_loss_con: 19.279
[GPU3] epochs: [22/800] train_loss_con: 19.247
[GPU3] epochs: [23/800] train_loss_con: 19.204
[GPU3] epochs: [24/800] train_loss_con: 19.180
[GPU3] epochs: [25/800] train_loss_con: 19.116
[GPU3] epochs: [26/800] train_loss_con: 19.124
[GPU3] epochs: [27/800] train_loss_con: 19.068
[GPU3] epochs: [28/800] train_loss_con: 19.047
[GPU3] epochs: [29/800] train_loss_con: 19.010
[GPU3] epochs: [30/800] train_loss_con: 18.995
[GPU3] epochs: [31/800] train_loss_con: 18.970
[GPU3] epochs: [32/800] train_loss_con: 18.924
[GPU3] epochs: [33/800] train_loss_con: 18.904
[GPU3] epochs: [34/800] train_loss_con: 18.899
[GPU3] epochs: [35/800] train_loss_con: 18.844
[GPU3] epochs: [36/800] train_loss_con: 18.836
[GPU3] epochs: [37/800] train_loss_con: 18.832
[GPU3] epochs: [38/800] train_loss_con: 18.795
[GPU3] epochs: [39/800] train_loss_con: 18.765
[GPU3] epochs: [40/800] train_loss_con: 18.769
[GPU3] epochs: [41/800] train_loss_con: 18.744
[GPU3] epochs: [42/800] train_loss_con: 18.724
[GPU3] epochs: [43/800] train_loss_con: 18.670
[GPU3] epochs: [44/800] train_loss_con: 18.662
[GPU3] epochs: [45/800] train_loss_con: 18.675
[GPU3] epochs: [46/800] train_loss_con: 18.647
[GPU3] epochs: [47/800] train_loss_con: 18.606
[GPU3] epochs: [48/800] train_loss_con: 18.608
[GPU3] epochs: [49/800] train_loss_con: 18.602
[GPU3] epochs: [50/800] train_loss_con: 18.567
[GPU3] epochs: [51/800] train_loss_con: 18.557
[GPU3] epochs: [52/800] train_loss_con: 18.548
[GPU3] epochs: [53/800] train_loss_con: 18.530
[GPU3] epochs: [54/800] train_loss_con: 18.516
[GPU3] epochs: [55/800] train_loss_con: 18.500
[GPU3] epochs: [56/800] train_loss_con: 18.495
[GPU3] epochs: [57/800] train_loss_con: 18.490
[GPU3] epochs: [58/800] train_loss_con: 18.452
[GPU3] epochs: [59/800] train_loss_con: 18.456
[GPU3] epochs: [60/800] train_loss_con: 18.434
[GPU3] epochs: [61/800] train_loss_con: 18.430
[GPU3] epochs: [62/800] train_loss_con: 18.415
[GPU3] epochs: [63/800] train_loss_con: 18.405
[GPU3] epochs: [64/800] train_loss_con: 18.375
[GPU3] epochs: [65/800] train_loss_con: 18.372
[GPU3] epochs: [66/800] train_loss_con: 18.358
[GPU3] epochs: [67/800] train_loss_con: 18.352
[GPU3] epochs: [68/800] train_loss_con: 18.350
[GPU3] epochs: [69/800] train_loss_con: 18.332
[GPU3] epochs: [70/800] train_loss_con: 18.318
[GPU3] epochs: [71/800] train_loss_con: 18.296
[GPU3] epochs: [72/800] train_loss_con: 18.319
[GPU3] epochs: [73/800] train_loss_con: 18.294
[GPU3] epochs: [74/800] train_loss_con: 18.283
[GPU3] epochs: [75/800] train_loss_con: 18.259
[GPU3] epochs: [76/800] train_loss_con: 18.242
[GPU3] epochs: [77/800] train_loss_con: 18.233
[GPU3] epochs: [78/800] train_loss_con: 18.250
[GPU3] epochs: [79/800] train_loss_con: 18.220
[GPU3] epochs: [80/800] train_loss_con: 18.220
[GPU3] epochs: [81/800] train_loss_con: 18.195
[GPU3] epochs: [82/800] train_loss_con: 18.181
[GPU3] epochs: [83/800] train_loss_con: 18.203
[GPU3] epochs: [84/800] train_loss_con: 18.178
[GPU3] epochs: [85/800] train_loss_con: 18.174
[GPU3] epochs: [86/800] train_loss_con: 18.147
[GPU3] epochs: [87/800] train_loss_con: 18.157
[GPU3] epochs: [88/800] train_loss_con: 18.135
[GPU3] epochs: [89/800] train_loss_con: 18.137
[GPU3] epochs: [90/800] train_loss_con: 18.114
[GPU3] epochs: [91/800] train_loss_con: 18.109
[GPU3] epochs: [92/800] train_loss_con: 18.100
[GPU3] epochs: [93/800] train_loss_con: 18.100
[GPU3] epochs: [94/800] train_loss_con: 18.076
[GPU3] epochs: [95/800] train_loss_con: 18.070
[GPU3] epochs: [96/800] train_loss_con: 18.034
[GPU3] epochs: [97/800] train_loss_con: 18.050
[GPU3] epochs: [98/800] train_loss_con: 18.039
[GPU3] epochs: [99/800] train_loss_con: 18.035
[GPU3] epochs: [100/800] train_loss_con: 18.019
[GPU3] epochs: [101/800] train_loss_con: 18.030
[GPU3] epochs: [102/800] train_loss_con: 18.015
[GPU3] epochs: [103/800] train_loss_con: 17.991
[GPU3] epochs: [104/800] train_loss_con: 17.993
[GPU3] epochs: [105/800] train_loss_con: 17.982
[GPU3] epochs: [106/800] train_loss_con: 18.005
[GPU3] epochs: [107/800] train_loss_con: 17.972
[GPU3] epochs: [108/800] train_loss_con: 17.963
[GPU3] epochs: [109/800] train_loss_con: 17.934
[GPU3] epochs: [110/800] train_loss_con: 17.966
[GPU3] epochs: [111/800] train_loss_con: 17.941
[GPU3] epochs: [112/800] train_loss_con: 17.926
[GPU3] epochs: [113/800] train_loss_con: 17.922
[GPU3] epochs: [114/800] train_loss_con: 17.912
[GPU3] epochs: [115/800] train_loss_con: 17.928
[GPU3] epochs: [116/800] train_loss_con: 17.890
[GPU3] epochs: [117/800] train_loss_con: 17.903
[GPU3] epochs: [118/800] train_loss_con: 17.885
[GPU3] epochs: [119/800] train_loss_con: 17.860
[GPU3] epochs: [120/800] train_loss_con: 17.876
[GPU3] epochs: [121/800] train_loss_con: 17.877
[GPU3] epochs: [122/800] train_loss_con: 17.867
[GPU3] epochs: [123/800] train_loss_con: 17.882
[GPU3] epochs: [124/800] train_loss_con: 17.846
[GPU3] epochs: [125/800] train_loss_con: 17.834
[GPU3] epochs: [126/800] train_loss_con: 17.845
[GPU3] epochs: [127/800] train_loss_con: 17.836
[GPU3] epochs: [128/800] train_loss_con: 17.833
[GPU3] epochs: [129/800] train_loss_con: 17.809
[GPU3] epochs: [130/800] train_loss_con: 17.805
[GPU3] epochs: [131/800] train_loss_con: 17.802
[GPU3] epochs: [132/800] train_loss_con: 17.775
[GPU3] epochs: [133/800] train_loss_con: 17.781
[GPU3] epochs: [134/800] train_loss_con: 17.777
[GPU3] epochs: [135/800] train_loss_con: 17.757
[GPU3] epochs: [136/800] train_loss_con: 17.755
[GPU3] epochs: [137/800] train_loss_con: 17.755
[GPU3] epochs: [138/800] train_loss_con: 17.764
[GPU3] epochs: [139/800] train_loss_con: 17.739
[GPU3] epochs: [140/800] train_loss_con: 17.760
[GPU3] epochs: [141/800] train_loss_con: 17.748
[GPU3] epochs: [142/800] train_loss_con: 17.721
[GPU3] epochs: [143/800] train_loss_con: 17.718
[GPU3] epochs: [144/800] train_loss_con: 17.722
[GPU3] epochs: [145/800] train_loss_con: 17.696
[GPU3] epochs: [146/800] train_loss_con: 17.714
[GPU3] epochs: [147/800] train_loss_con: 17.690
[GPU3] epochs: [148/800] train_loss_con: 17.679
[GPU3] epochs: [149/800] train_loss_con: 17.678
[GPU3] epochs: [150/800] train_loss_con: 17.681
[GPU3] epochs: [151/800] train_loss_con: 17.685
[GPU3] epochs: [152/800] train_loss_con: 17.636
[GPU3] epochs: [153/800] train_loss_con: 17.657
[GPU3] epochs: [154/800] train_loss_con: 17.641
[GPU3] epochs: [155/800] train_loss_con: 17.656
[GPU3] epochs: [156/800] train_loss_con: 17.676
[GPU3] epochs: [157/800] train_loss_con: 17.641
[GPU3] epochs: [158/800] train_loss_con: 17.632
[GPU3] epochs: [159/800] train_loss_con: 17.622
[GPU3] epochs: [160/800] train_loss_con: 17.628
[GPU3] epochs: [161/800] train_loss_con: 17.616
[GPU3] epochs: [162/800] train_loss_con: 17.625
[GPU3] epochs: [163/800] train_loss_con: 17.603
[GPU3] epochs: [164/800] train_loss_con: 17.605
[GPU3] epochs: [165/800] train_loss_con: 17.594
[GPU3] epochs: [166/800] train_loss_con: 17.584
[GPU3] epochs: [167/800] train_loss_con: 17.569
[GPU3] epochs: [168/800] train_loss_con: 17.550
[GPU3] epochs: [169/800] train_loss_con: 17.570
[GPU3] epochs: [170/800] train_loss_con: 17.557
[GPU3] epochs: [171/800] train_loss_con: 17.576
[GPU3] epochs: [172/800] train_loss_con: 17.544
[GPU3] epochs: [173/800] train_loss_con: 17.553
[GPU3] epochs: [174/800] train_loss_con: 17.547
[GPU3] epochs: [175/800] train_loss_con: 17.555
[GPU3] epochs: [176/800] train_loss_con: 17.524
[GPU3] epochs: [177/800] train_loss_con: 17.544
[GPU3] epochs: [178/800] train_loss_con: 17.526
[GPU3] epochs: [179/800] train_loss_con: 17.498
[GPU3] epochs: [180/800] train_loss_con: 17.510
[GPU3] epochs: [181/800] train_loss_con: 17.524
[GPU3] epochs: [182/800] train_loss_con: 17.503
[GPU3] epochs: [183/800] train_loss_con: 17.486
[GPU3] epochs: [184/800] train_loss_con: 17.478
[GPU3] epochs: [185/800] train_loss_con: 17.506
[GPU3] epochs: [186/800] train_loss_con: 17.467
[GPU3] epochs: [187/800] train_loss_con: 17.455
[GPU3] epochs: [188/800] train_loss_con: 17.465
[GPU3] epochs: [189/800] train_loss_con: 17.444
[GPU3] epochs: [190/800] train_loss_con: 17.445
[GPU3] epochs: [191/800] train_loss_con: 17.483
[GPU3] epochs: [192/800] train_loss_con: 17.445
[GPU3] epochs: [193/800] train_loss_con: 17.451
[GPU3] epochs: [194/800] train_loss_con: 17.433
[GPU3] epochs: [195/800] train_loss_con: 17.418
[GPU3] epochs: [196/800] train_loss_con: 17.430
[GPU3] epochs: [197/800] train_loss_con: 17.415
[GPU3] epochs: [198/800] train_loss_con: 17.406
[GPU3] epochs: [199/800] train_loss_con: 17.410
[GPU3] epochs: [200/800] train_loss_con: 17.389
[GPU3] epochs: [201/800] train_loss_con: 17.392
[GPU3] epochs: [202/800] train_loss_con: 17.394
[GPU3] epochs: [203/800] train_loss_con: 17.401
[GPU3] epochs: [204/800] train_loss_con: 17.372
[GPU3] epochs: [205/800] train_loss_con: 17.376
[GPU3] epochs: [206/800] train_loss_con: 17.383
[GPU3] epochs: [207/800] train_loss_con: 17.350
[GPU3] epochs: [208/800] train_loss_con: 17.328
[GPU3] epochs: [209/800] train_loss_con: 17.359
[GPU3] epochs: [210/800] train_loss_con: 17.357
[GPU3] epochs: [211/800] train_loss_con: 17.334
[GPU3] epochs: [212/800] train_loss_con: 17.348
[GPU3] epochs: [213/800] train_loss_con: 17.322
[GPU3] epochs: [214/800] train_loss_con: 17.339
[GPU3] epochs: [215/800] train_loss_con: 17.330
[GPU3] epochs: [216/800] train_loss_con: 17.306
[GPU3] epochs: [217/800] train_loss_con: 17.335
[GPU3] epochs: [218/800] train_loss_con: 17.320
[GPU3] epochs: [219/800] train_loss_con: 17.301
[GPU3] epochs: [220/800] train_loss_con: 17.324
[GPU3] epochs: [221/800] train_loss_con: 17.295
[GPU3] epochs: [222/800] train_loss_con: 17.296
[GPU3] epochs: [223/800] train_loss_con: 17.267
[GPU3] epochs: [224/800] train_loss_con: 17.304
[GPU3] epochs: [225/800] train_loss_con: 17.294
[GPU3] epochs: [226/800] train_loss_con: 17.271
[GPU3] epochs: [227/800] train_loss_con: 17.252
[GPU3] epochs: [228/800] train_loss_con: 17.258
[GPU3] epochs: [229/800] train_loss_con: 17.277
[GPU3] epochs: [230/800] train_loss_con: 17.262
[GPU3] epochs: [231/800] train_loss_con: 17.245
[GPU3] epochs: [232/800] train_loss_con: 17.267
[GPU3] epochs: [233/800] train_loss_con: 17.216
[GPU3] epochs: [234/800] train_loss_con: 17.228
[GPU3] epochs: [235/800] train_loss_con: 17.234
[GPU3] epochs: [236/800] train_loss_con: 17.208
[GPU3] epochs: [237/800] train_loss_con: 17.231
[GPU3] epochs: [238/800] train_loss_con: 17.229
[GPU3] epochs: [239/800] train_loss_con: 17.197
[GPU3] epochs: [240/800] train_loss_con: 17.210
[GPU3] epochs: [241/800] train_loss_con: 17.232
[GPU3] epochs: [242/800] train_loss_con: 17.222
[GPU3] epochs: [243/800] train_loss_con: 17.193
[GPU3] epochs: [244/800] train_loss_con: 17.217
[GPU3] epochs: [245/800] train_loss_con: 17.198
[GPU3] epochs: [246/800] train_loss_con: 17.168
[GPU3] epochs: [247/800] train_loss_con: 17.176
[GPU3] epochs: [248/800] train_loss_con: 17.174
[GPU3] epochs: [249/800] train_loss_con: 17.168
[GPU3] epochs: [250/800] train_loss_con: 17.172
[GPU3] epochs: [251/800] train_loss_con: 17.177
[GPU3] epochs: [252/800] train_loss_con: 17.184
[GPU3] epochs: [253/800] train_loss_con: 17.146
[GPU3] epochs: [254/800] train_loss_con: 17.155
[GPU3] epochs: [255/800] train_loss_con: 17.144
[GPU3] epochs: [256/800] train_loss_con: 17.157
[GPU3] epochs: [257/800] train_loss_con: 17.139
[GPU3] epochs: [258/800] train_loss_con: 17.148
[GPU3] epochs: [259/800] train_loss_con: 17.121
[GPU3] epochs: [260/800] train_loss_con: 17.134
[GPU3] epochs: [261/800] train_loss_con: 17.133
[GPU3] epochs: [262/800] train_loss_con: 17.118
[GPU3] epochs: [263/800] train_loss_con: 17.103
[GPU3] epochs: [264/800] train_loss_con: 17.105
[GPU3] epochs: [265/800] train_loss_con: 17.092
[GPU3] epochs: [266/800] train_loss_con: 17.089
[GPU3] epochs: [267/800] train_loss_con: 17.093
[GPU3] epochs: [268/800] train_loss_con: 17.091
[GPU3] epochs: [269/800] train_loss_con: 17.070
[GPU3] epochs: [270/800] train_loss_con: 17.097
[GPU3] epochs: [271/800] train_loss_con: 17.067
[GPU3] epochs: [272/800] train_loss_con: 17.069
[GPU3] epochs: [273/800] train_loss_con: 17.065
[GPU3] epochs: [274/800] train_loss_con: 17.064
[GPU3] epochs: [275/800] train_loss_con: 17.076
[GPU3] epochs: [276/800] train_loss_con: 17.047
[GPU3] epochs: [277/800] train_loss_con: 17.075
[GPU3] epochs: [278/800] train_loss_con: 17.035
[GPU3] epochs: [279/800] train_loss_con: 17.026
[GPU3] epochs: [280/800] train_loss_con: 17.019
[GPU3] epochs: [281/800] train_loss_con: 17.041
[GPU3] epochs: [282/800] train_loss_con: 17.040
[GPU3] epochs: [283/800] train_loss_con: 17.005
[GPU3] epochs: [284/800] train_loss_con: 17.019
[GPU3] epochs: [285/800] train_loss_con: 16.994
[GPU3] epochs: [286/800] train_loss_con: 17.024
[GPU3] epochs: [287/800] train_loss_con: 17.007
[GPU3] epochs: [288/800] train_loss_con: 17.007
[GPU3] epochs: [289/800] train_loss_con: 17.003
[GPU3] epochs: [290/800] train_loss_con: 16.989
[GPU3] epochs: [291/800] train_loss_con: 17.001
[GPU3] epochs: [292/800] train_loss_con: 16.977
[GPU3] epochs: [293/800] train_loss_con: 16.981
[GPU3] epochs: [294/800] train_loss_con: 16.982
[GPU3] epochs: [295/800] train_loss_con: 16.977
[GPU3] epochs: [296/800] train_loss_con: 16.992
[GPU3] epochs: [297/800] train_loss_con: 17.001
[GPU3] epochs: [298/800] train_loss_con: 16.948
[GPU3] epochs: [299/800] train_loss_con: 16.981
[GPU3] epochs: [300/800] train_loss_con: 16.944
[GPU3] epochs: [301/800] train_loss_con: 16.974
[GPU3] epochs: [302/800] train_loss_con: 16.983
[GPU3] epochs: [303/800] train_loss_con: 16.947
[GPU3] epochs: [304/800] train_loss_con: 16.931
[GPU3] epochs: [305/800] train_loss_con: 16.952
[GPU3] epochs: [306/800] train_loss_con: 16.937
[GPU3] epochs: [307/800] train_loss_con: 16.921
[GPU3] epochs: [308/800] train_loss_con: 16.942
[GPU3] epochs: [309/800] train_loss_con: 16.937
[GPU3] epochs: [310/800] train_loss_con: 16.912
[GPU3] epochs: [311/800] train_loss_con: 16.914
[GPU3] epochs: [312/800] train_loss_con: 16.907
[GPU3] epochs: [313/800] train_loss_con: 16.898
[GPU3] epochs: [314/800] train_loss_con: 16.881
[GPU3] epochs: [315/800] train_loss_con: 16.901
[GPU3] epochs: [316/800] train_loss_con: 16.878
[GPU3] epochs: [317/800] train_loss_con: 16.867
[GPU3] epochs: [318/800] train_loss_con: 16.888
[GPU3] epochs: [319/800] train_loss_con: 16.903
[GPU3] epochs: [320/800] train_loss_con: 16.896
[GPU3] epochs: [321/800] train_loss_con: 16.888
[GPU3] epochs: [322/800] train_loss_con: 16.895
[GPU3] epochs: [323/800] train_loss_con: 16.870
[GPU3] epochs: [324/800] train_loss_con: 16.868
[GPU3] epochs: [325/800] train_loss_con: 16.867
[GPU3] epochs: [326/800] train_loss_con: 16.829
[GPU3] epochs: [327/800] train_loss_con: 16.857
[GPU3] epochs: [328/800] train_loss_con: 16.834
[GPU3] epochs: [329/800] train_loss_con: 16.823
[GPU3] epochs: [330/800] train_loss_con: 16.819
[GPU3] epochs: [331/800] train_loss_con: 16.862
[GPU3] epochs: [332/800] train_loss_con: 16.828
[GPU3] epochs: [333/800] train_loss_con: 16.852
[GPU3] epochs: [334/800] train_loss_con: 16.815
[GPU3] epochs: [335/800] train_loss_con: 16.820
[GPU3] epochs: [336/800] train_loss_con: 16.818
[GPU3] epochs: [337/800] train_loss_con: 16.803
[GPU3] epochs: [338/800] train_loss_con: 16.813
[GPU3] epochs: [339/800] train_loss_con: 16.829
[GPU3] epochs: [340/800] train_loss_con: 16.809
[GPU3] epochs: [341/800] train_loss_con: 16.820
[GPU3] epochs: [342/800] train_loss_con: 16.812
[GPU3] epochs: [343/800] train_loss_con: 16.799
[GPU3] epochs: [344/800] train_loss_con: 16.799
[GPU3] epochs: [345/800] train_loss_con: 16.788
[GPU3] epochs: [346/800] train_loss_con: 16.789
[GPU3] epochs: [347/800] train_loss_con: 16.815
[GPU3] epochs: [348/800] train_loss_con: 16.767
[GPU3] epochs: [349/800] train_loss_con: 16.790
[GPU3] epochs: [350/800] train_loss_con: 16.768
[GPU3] epochs: [351/800] train_loss_con: 16.763
[GPU3] epochs: [352/800] train_loss_con: 16.738
[GPU3] epochs: [353/800] train_loss_con: 16.772
[GPU3] epochs: [354/800] train_loss_con: 16.737
[GPU3] epochs: [355/800] train_loss_con: 16.762
[GPU3] epochs: [356/800] train_loss_con: 16.763
[GPU3] epochs: [357/800] train_loss_con: 16.749
[GPU3] epochs: [358/800] train_loss_con: 16.727
[GPU3] epochs: [359/800] train_loss_con: 16.745
[GPU3] epochs: [360/800] train_loss_con: 16.730
[GPU3] epochs: [361/800] train_loss_con: 16.729
[GPU3] epochs: [362/800] train_loss_con: 16.749
[GPU3] epochs: [363/800] train_loss_con: 16.721
[GPU3] epochs: [364/800] train_loss_con: 16.719
[GPU3] epochs: [365/800] train_loss_con: 16.753
[GPU3] epochs: [366/800] train_loss_con: 16.742
[GPU3] epochs: [367/800] train_loss_con: 16.703
[GPU3] epochs: [368/800] train_loss_con: 16.719
[GPU3] epochs: [369/800] train_loss_con: 16.704
[GPU3] epochs: [370/800] train_loss_con: 16.707
[GPU3] epochs: [371/800] train_loss_con: 16.692
[GPU3] epochs: [372/800] train_loss_con: 16.691
[GPU3] epochs: [373/800] train_loss_con: 16.704
[GPU3] epochs: [374/800] train_loss_con: 16.669
[GPU3] epochs: [375/800] train_loss_con: 16.680
[GPU3] epochs: [376/800] train_loss_con: 16.694
[GPU3] epochs: [377/800] train_loss_con: 16.673
[GPU3] epochs: [378/800] train_loss_con: 16.627
[GPU3] epochs: [379/800] train_loss_con: 16.695
[GPU3] epochs: [380/800] train_loss_con: 16.670
[GPU3] epochs: [381/800] train_loss_con: 16.657
[GPU3] epochs: [382/800] train_loss_con: 16.650
[GPU3] epochs: [383/800] train_loss_con: 16.662
[GPU3] epochs: [384/800] train_loss_con: 16.652
[GPU3] epochs: [385/800] train_loss_con: 16.673
[GPU3] epochs: [386/800] train_loss_con: 16.655
[GPU3] epochs: [387/800] train_loss_con: 16.637
[GPU3] epochs: [388/800] train_loss_con: 16.637
[GPU3] epochs: [389/800] train_loss_con: 16.655
[GPU3] epochs: [390/800] train_loss_con: 16.630
[GPU3] epochs: [391/800] train_loss_con: 16.640
[GPU3] epochs: [392/800] train_loss_con: 16.630
[GPU3] epochs: [393/800] train_loss_con: 16.618
[GPU3] epochs: [394/800] train_loss_con: 16.620
[GPU3] epochs: [395/800] train_loss_con: 16.598
[GPU3] epochs: [396/800] train_loss_con: 16.605
[GPU3] epochs: [397/800] train_loss_con: 16.606
[GPU3] epochs: [398/800] train_loss_con: 16.601
[GPU3] epochs: [399/800] train_loss_con: 16.617
[GPU3] epochs: [400/800] train_loss_con: 16.608
[GPU3] epochs: [401/800] train_loss_con: 16.610
[GPU3] epochs: [402/800] train_loss_con: 16.582
[GPU3] epochs: [403/800] train_loss_con: 16.584
[GPU3] epochs: [404/800] train_loss_con: 16.575
[GPU3] epochs: [405/800] train_loss_con: 16.583
[GPU3] epochs: [406/800] train_loss_con: 16.569
[GPU3] epochs: [407/800] train_loss_con: 16.567
[GPU3] epochs: [408/800] train_loss_con: 16.583
[GPU3] epochs: [409/800] train_loss_con: 16.556
[GPU3] epochs: [410/800] train_loss_con: 16.578
[GPU3] epochs: [411/800] train_loss_con: 16.578
[GPU3] epochs: [412/800] train_loss_con: 16.602
[GPU3] epochs: [413/800] train_loss_con: 16.567
[GPU3] epochs: [414/800] train_loss_con: 16.566
[GPU3] epochs: [415/800] train_loss_con: 16.533
[GPU3] epochs: [416/800] train_loss_con: 16.551
[GPU3] epochs: [417/800] train_loss_con: 16.505
[GPU3] epochs: [418/800] train_loss_con: 16.550
[GPU3] epochs: [419/800] train_loss_con: 16.529
[GPU3] epochs: [420/800] train_loss_con: 16.539
[GPU3] epochs: [421/800] train_loss_con: 16.537
[GPU3] epochs: [422/800] train_loss_con: 16.528
[GPU3] epochs: [423/800] train_loss_con: 16.548
[GPU3] epochs: [424/800] train_loss_con: 16.524
[GPU3] epochs: [425/800] train_loss_con: 16.527
[GPU3] epochs: [426/800] train_loss_con: 16.500
[GPU3] epochs: [427/800] train_loss_con: 16.494
[GPU3] epochs: [428/800] train_loss_con: 16.496
[GPU3] epochs: [429/800] train_loss_con: 16.507
[GPU3] epochs: [430/800] train_loss_con: 16.495
[GPU3] epochs: [431/800] train_loss_con: 16.502
[GPU3] epochs: [432/800] train_loss_con: 16.517
[GPU3] epochs: [433/800] train_loss_con: 16.520
[GPU3] epochs: [434/800] train_loss_con: 16.500
[GPU3] epochs: [435/800] train_loss_con: 16.446
[GPU3] epochs: [436/800] train_loss_con: 16.521
[GPU3] epochs: [437/800] train_loss_con: 16.518
[GPU3] epochs: [438/800] train_loss_con: 16.472
[GPU3] epochs: [439/800] train_loss_con: 16.494
[GPU3] epochs: [440/800] train_loss_con: 16.476
[GPU3] epochs: [441/800] train_loss_con: 16.497
[GPU3] epochs: [442/800] train_loss_con: 16.499
[GPU3] epochs: [443/800] train_loss_con: 16.436
[GPU3] epochs: [444/800] train_loss_con: 16.460
[GPU3] epochs: [445/800] train_loss_con: 16.476
[GPU3] epochs: [446/800] train_loss_con: 16.463
[GPU3] epochs: [447/800] train_loss_con: 16.458
[GPU3] epochs: [448/800] train_loss_con: 16.456
[GPU3] epochs: [449/800] train_loss_con: 16.454
[GPU3] epochs: [450/800] train_loss_con: 16.443
[GPU3] epochs: [451/800] train_loss_con: 16.465
[GPU3] epochs: [452/800] train_loss_con: 16.421
[GPU3] epochs: [453/800] train_loss_con: 16.445
[GPU3] epochs: [454/800] train_loss_con: 16.434
[GPU3] epochs: [455/800] train_loss_con: 16.433
[GPU3] epochs: [456/800] train_loss_con: 16.423
[GPU3] epochs: [457/800] train_loss_con: 16.425
[GPU3] epochs: [458/800] train_loss_con: 16.419
[GPU3] epochs: [459/800] train_loss_con: 16.405
[GPU3] epochs: [460/800] train_loss_con: 16.407
[GPU3] epochs: [461/800] train_loss_con: 16.405
[GPU3] epochs: [462/800] train_loss_con: 16.441
[GPU3] epochs: [463/800] train_loss_con: 16.405
[GPU3] epochs: [464/800] train_loss_con: 16.402
[GPU3] epochs: [465/800] train_loss_con: 16.395
[GPU3] epochs: [466/800] train_loss_con: 16.400
[GPU3] epochs: [467/800] train_loss_con: 16.396
[GPU3] epochs: [468/800] train_loss_con: 16.350
[GPU3] epochs: [469/800] train_loss_con: 16.385
[GPU3] epochs: [470/800] train_loss_con: 16.381
[GPU3] epochs: [471/800] train_loss_con: 16.381
[GPU3] epochs: [472/800] train_loss_con: 16.396
[GPU3] epochs: [473/800] train_loss_con: 16.368
[GPU3] epochs: [474/800] train_loss_con: 16.391
[GPU3] epochs: [475/800] train_loss_con: 16.381
[GPU3] epochs: [476/800] train_loss_con: 16.372
[GPU3] epochs: [477/800] train_loss_con: 16.370
[GPU3] epochs: [478/800] train_loss_con: 16.379
[GPU3] epochs: [479/800] train_loss_con: 16.347
[GPU3] epochs: [480/800] train_loss_con: 16.332
[GPU3] epochs: [481/800] train_loss_con: 16.383
[GPU3] epochs: [482/800] train_loss_con: 16.378
[GPU3] epochs: [483/800] train_loss_con: 16.349
[GPU3] epochs: [484/800] train_loss_con: 16.372
[GPU3] epochs: [485/800] train_loss_con: 16.364
[GPU3] epochs: [486/800] train_loss_con: 16.322
[GPU3] epochs: [487/800] train_loss_con: 16.361
[GPU3] epochs: [488/800] train_loss_con: 16.311
[GPU3] epochs: [489/800] train_loss_con: 16.333
[GPU3] epochs: [490/800] train_loss_con: 16.337
[GPU3] epochs: [491/800] train_loss_con: 16.331
[GPU3] epochs: [492/800] train_loss_con: 16.359
[GPU3] epochs: [493/800] train_loss_con: 16.321
[GPU3] epochs: [494/800] train_loss_con: 16.300
[GPU3] epochs: [495/800] train_loss_con: 16.346
[GPU3] epochs: [496/800] train_loss_con: 16.316
[GPU3] epochs: [497/800] train_loss_con: 16.304
[GPU3] epochs: [498/800] train_loss_con: 16.294
[GPU3] epochs: [499/800] train_loss_con: 16.304
[GPU3] epochs: [500/800] train_loss_con: 16.291
[GPU3] epochs: [501/800] train_loss_con: 16.337
[GPU3] epochs: [502/800] train_loss_con: 16.296
[GPU3] epochs: [503/800] train_loss_con: 16.281
[GPU3] epochs: [504/800] train_loss_con: 16.293
[GPU3] epochs: [505/800] train_loss_con: 16.293
[GPU3] epochs: [506/800] train_loss_con: 16.302
[GPU3] epochs: [507/800] train_loss_con: 16.299
[GPU3] epochs: [508/800] train_loss_con: 16.277
[GPU3] epochs: [509/800] train_loss_con: 16.312
[GPU3] epochs: [510/800] train_loss_con: 16.295
[GPU3] epochs: [511/800] train_loss_con: 16.266
[GPU3] epochs: [512/800] train_loss_con: 16.307
[GPU3] epochs: [513/800] train_loss_con: 16.297
[GPU3] epochs: [514/800] train_loss_con: 16.270
[GPU3] epochs: [515/800] train_loss_con: 16.263
[GPU3] epochs: [516/800] train_loss_con: 16.238
[GPU3] epochs: [517/800] train_loss_con: 16.257
[GPU3] epochs: [518/800] train_loss_con: 16.249
[GPU3] epochs: [519/800] train_loss_con: 16.258
[GPU3] epochs: [520/800] train_loss_con: 16.259
[GPU3] epochs: [521/800] train_loss_con: 16.256
[GPU3] epochs: [522/800] train_loss_con: 16.265
[GPU3] epochs: [523/800] train_loss_con: 16.253
[GPU3] epochs: [524/800] train_loss_con: 16.241
[GPU3] epochs: [525/800] train_loss_con: 16.259
[GPU3] epochs: [526/800] train_loss_con: 16.250
[GPU3] epochs: [527/800] train_loss_con: 16.253
[GPU3] epochs: [528/800] train_loss_con: 16.228
[GPU3] epochs: [529/800] train_loss_con: 16.248
[GPU3] epochs: [530/800] train_loss_con: 16.234
[GPU3] epochs: [531/800] train_loss_con: 16.243
[GPU3] epochs: [532/800] train_loss_con: 16.224
[GPU3] epochs: [533/800] train_loss_con: 16.240
[GPU3] epochs: [534/800] train_loss_con: 16.188
[GPU3] epochs: [535/800] train_loss_con: 16.228
[GPU3] epochs: [536/800] train_loss_con: 16.202
[GPU3] epochs: [537/800] train_loss_con: 16.196
[GPU3] epochs: [538/800] train_loss_con: 16.245
[GPU3] epochs: [539/800] train_loss_con: 16.215
[GPU3] epochs: [540/800] train_loss_con: 16.208
[GPU3] epochs: [541/800] train_loss_con: 16.216
[GPU3] epochs: [542/800] train_loss_con: 16.201
[GPU3] epochs: [543/800] train_loss_con: 16.188
[GPU3] epochs: [544/800] train_loss_con: 16.197
[GPU3] epochs: [545/800] train_loss_con: 16.181
[GPU3] epochs: [546/800] train_loss_con: 16.213
[GPU3] epochs: [547/800] train_loss_con: 16.192
[GPU3] epochs: [548/800] train_loss_con: 16.178
[GPU3] epochs: [549/800] train_loss_con: 16.202
[GPU3] epochs: [550/800] train_loss_con: 16.180
[GPU3] epochs: [551/800] train_loss_con: 16.177
[GPU3] epochs: [552/800] train_loss_con: 16.183
[GPU3] epochs: [553/800] train_loss_con: 16.169
[GPU3] epochs: [554/800] train_loss_con: 16.185
[GPU3] epochs: [555/800] train_loss_con: 16.183
[GPU3] epochs: [556/800] train_loss_con: 16.172
[GPU3] epochs: [557/800] train_loss_con: 16.170
[GPU3] epochs: [558/800] train_loss_con: 16.176
[GPU3] epochs: [559/800] train_loss_con: 16.177
[GPU3] epochs: [560/800] train_loss_con: 16.169
[GPU3] epochs: [561/800] train_loss_con: 16.153
[GPU3] epochs: [562/800] train_loss_con: 16.175
[GPU3] epochs: [563/800] train_loss_con: 16.175
[GPU3] epochs: [564/800] train_loss_con: 16.160
[GPU3] epochs: [565/800] train_loss_con: 16.156
[GPU3] epochs: [566/800] train_loss_con: 16.160
[GPU3] epochs: [567/800] train_loss_con: 16.149
[GPU3] epochs: [568/800] train_loss_con: 16.132
[GPU3] epochs: [569/800] train_loss_con: 16.151
[GPU3] epochs: [570/800] train_loss_con: 16.132
[GPU3] epochs: [571/800] train_loss_con: 16.149
[GPU3] epochs: [572/800] train_loss_con: 16.156
[GPU3] epochs: [573/800] train_loss_con: 16.152
[GPU3] epochs: [574/800] train_loss_con: 16.156
[GPU3] epochs: [575/800] train_loss_con: 16.117
[GPU3] epochs: [576/800] train_loss_con: 16.131
[GPU3] epochs: [577/800] train_loss_con: 16.142
[GPU3] epochs: [578/800] train_loss_con: 16.137
[GPU3] epochs: [579/800] train_loss_con: 16.152
[GPU3] epochs: [580/800] train_loss_con: 16.122
[GPU3] epochs: [581/800] train_loss_con: 16.101
[GPU3] epochs: [582/800] train_loss_con: 16.113
[GPU3] epochs: [583/800] train_loss_con: 16.130
[GPU3] epochs: [584/800] train_loss_con: 16.120
[GPU3] epochs: [585/800] train_loss_con: 16.148
[GPU3] epochs: [586/800] train_loss_con: 16.099
[GPU3] epochs: [587/800] train_loss_con: 16.090
[GPU3] epochs: [588/800] train_loss_con: 16.128
[GPU3] epochs: [589/800] train_loss_con: 16.112
[GPU3] epochs: [590/800] train_loss_con: 16.103
[GPU3] epochs: [591/800] train_loss_con: 16.113
[GPU3] epochs: [592/800] train_loss_con: 16.101
[GPU3] epochs: [593/800] train_loss_con: 16.105
[GPU3] epochs: [594/800] train_loss_con: 16.113
[GPU3] epochs: [595/800] train_loss_con: 16.102
[GPU3] epochs: [596/800] train_loss_con: 16.094
[GPU3] epochs: [597/800] train_loss_con: 16.092
[GPU3] epochs: [598/800] train_loss_con: 16.077
[GPU3] epochs: [599/800] train_loss_con: 16.078
[GPU3] epochs: [600/800] train_loss_con: 16.102
[GPU3] epochs: [601/800] train_loss_con: 16.094
[GPU3] epochs: [602/800] train_loss_con: 16.063
[GPU3] epochs: [603/800] train_loss_con: 16.109
[GPU3] epochs: [604/800] train_loss_con: 16.095
[GPU3] epochs: [605/800] train_loss_con: 16.104
[GPU3] epochs: [606/800] train_loss_con: 16.076
[GPU3] epochs: [607/800] train_loss_con: 16.094
[GPU3] epochs: [608/800] train_loss_con: 16.074
[GPU3] epochs: [609/800] train_loss_con: 16.071
[GPU3] epochs: [610/800] train_loss_con: 16.077
[GPU3] epochs: [611/800] train_loss_con: 16.083
[GPU3] epochs: [612/800] train_loss_con: 16.058
[GPU3] epochs: [613/800] train_loss_con: 16.093
[GPU3] epochs: [614/800] train_loss_con: 16.071
[GPU3] epochs: [615/800] train_loss_con: 16.058
[GPU3] epochs: [616/800] train_loss_con: 16.067
[GPU3] epochs: [617/800] train_loss_con: 16.081
[GPU3] epochs: [618/800] train_loss_con: 16.076
[GPU3] epochs: [619/800] train_loss_con: 16.088
[GPU3] epochs: [620/800] train_loss_con: 16.063
[GPU3] epochs: [621/800] train_loss_con: 16.070
[GPU3] epochs: [622/800] train_loss_con: 16.056
[GPU3] epochs: [623/800] train_loss_con: 16.063
[GPU3] epochs: [624/800] train_loss_con: 16.063
[GPU3] epochs: [625/800] train_loss_con: 16.049
[GPU3] epochs: [626/800] train_loss_con: 16.021
[GPU3] epochs: [627/800] train_loss_con: 16.048
[GPU3] epochs: [628/800] train_loss_con: 16.034
[GPU3] epochs: [629/800] train_loss_con: 16.034
[GPU3] epochs: [630/800] train_loss_con: 16.045
[GPU3] epochs: [631/800] train_loss_con: 16.036
[GPU3] epochs: [632/800] train_loss_con: 16.071
[GPU3] epochs: [633/800] train_loss_con: 16.047
[GPU3] epochs: [634/800] train_loss_con: 16.061
[GPU3] epochs: [635/800] train_loss_con: 16.020
[GPU3] epochs: [636/800] train_loss_con: 16.034
[GPU3] epochs: [637/800] train_loss_con: 16.052
[GPU3] epochs: [638/800] train_loss_con: 16.023
[GPU3] epochs: [639/800] train_loss_con: 16.027
[GPU3] epochs: [640/800] train_loss_con: 16.028
[GPU3] epochs: [641/800] train_loss_con: 16.029
[GPU3] epochs: [642/800] train_loss_con: 16.029
[GPU3] epochs: [643/800] train_loss_con: 16.047
[GPU3] epochs: [644/800] train_loss_con: 16.043
[GPU3] epochs: [645/800] train_loss_con: 16.012
[GPU3] epochs: [646/800] train_loss_con: 16.020
[GPU3] epochs: [647/800] train_loss_con: 16.030
[GPU3] epochs: [648/800] train_loss_con: 16.017
[GPU3] epochs: [649/800] train_loss_con: 16.024
[GPU3] epochs: [650/800] train_loss_con: 16.002
[GPU3] epochs: [651/800] train_loss_con: 16.026
[GPU3] epochs: [652/800] train_loss_con: 16.018
[GPU3] epochs: [653/800] train_loss_con: 16.005
[GPU3] epochs: [654/800] train_loss_con: 16.028
[GPU3] epochs: [655/800] train_loss_con: 16.020
[GPU3] epochs: [656/800] train_loss_con: 16.018
[GPU3] epochs: [657/800] train_loss_con: 16.011
[GPU3] epochs: [658/800] train_loss_con: 15.999
[GPU3] epochs: [659/800] train_loss_con: 16.035
[GPU3] epochs: [660/800] train_loss_con: 16.020
[GPU3] epochs: [661/800] train_loss_con: 16.039
[GPU3] epochs: [662/800] train_loss_con: 16.007
[GPU3] epochs: [663/800] train_loss_con: 15.995
[GPU3] epochs: [664/800] train_loss_con: 16.001
[GPU3] epochs: [665/800] train_loss_con: 16.001
[GPU3] epochs: [666/800] train_loss_con: 16.008
[GPU3] epochs: [667/800] train_loss_con: 16.006
[GPU3] epochs: [668/800] train_loss_con: 16.020
[GPU3] epochs: [669/800] train_loss_con: 15.975
[GPU3] epochs: [670/800] train_loss_con: 16.011
[GPU3] epochs: [671/800] train_loss_con: 15.988
[GPU3] epochs: [672/800] train_loss_con: 15.999
[GPU3] epochs: [673/800] train_loss_con: 15.972
[GPU3] epochs: [674/800] train_loss_con: 16.008
[GPU3] epochs: [675/800] train_loss_con: 15.990
[GPU3] epochs: [676/800] train_loss_con: 16.019
[GPU3] epochs: [677/800] train_loss_con: 15.995
[GPU3] epochs: [678/800] train_loss_con: 16.020
[GPU3] epochs: [679/800] train_loss_con: 15.971
[GPU3] epochs: [680/800] train_loss_con: 16.003
[GPU3] epochs: [681/800] train_loss_con: 15.980
[GPU3] epochs: [682/800] train_loss_con: 15.992
[GPU3] epochs: [683/800] train_loss_con: 15.989
[GPU3] epochs: [684/800] train_loss_con: 15.970
[GPU3] epochs: [685/800] train_loss_con: 15.984
[GPU3] epochs: [686/800] train_loss_con: 15.985
[GPU3] epochs: [687/800] train_loss_con: 15.993
[GPU3] epochs: [688/800] train_loss_con: 15.974
[GPU3] epochs: [689/800] train_loss_con: 16.002
[GPU3] epochs: [690/800] train_loss_con: 15.970
[GPU3] epochs: [691/800] train_loss_con: 15.982
[GPU3] epochs: [692/800] train_loss_con: 15.982
[GPU3] epochs: [693/800] train_loss_con: 15.972
[GPU3] epochs: [694/800] train_loss_con: 15.971
[GPU3] epochs: [695/800] train_loss_con: 15.997
[GPU3] epochs: [696/800] train_loss_con: 15.957
[GPU3] epochs: [697/800] train_loss_con: 15.999
[GPU3] epochs: [698/800] train_loss_con: 15.982
[GPU3] epochs: [699/800] train_loss_con: 15.955
[GPU3] epochs: [700/800] train_loss_con: 15.961
[GPU3] epochs: [701/800] train_loss_con: 15.991
[GPU3] epochs: [702/800] train_loss_con: 15.973
[GPU3] epochs: [703/800] train_loss_con: 15.977
[GPU3] epochs: [704/800] train_loss_con: 15.993
[GPU3] epochs: [705/800] train_loss_con: 15.971
[GPU3] epochs: [706/800] train_loss_con: 15.978
[GPU3] epochs: [707/800] train_loss_con: 15.986
[GPU3] epochs: [708/800] train_loss_con: 15.971
[GPU3] epochs: [709/800] train_loss_con: 15.942
[GPU3] epochs: [710/800] train_loss_con: 15.939
[GPU3] epochs: [711/800] train_loss_con: 15.975
[GPU3] epochs: [712/800] train_loss_con: 15.953
[GPU3] epochs: [713/800] train_loss_con: 15.976
[GPU3] epochs: [714/800] train_loss_con: 15.977
[GPU3] epochs: [715/800] train_loss_con: 15.984
[GPU3] epochs: [716/800] train_loss_con: 15.982
[GPU3] epochs: [717/800] train_loss_con: 15.980
[GPU3] epochs: [718/800] train_loss_con: 15.944
[GPU3] epochs: [719/800] train_loss_con: 15.973
[GPU3] epochs: [720/800] train_loss_con: 15.962
[GPU3] epochs: [721/800] train_loss_con: 15.988
[GPU3] epochs: [722/800] train_loss_con: 15.980
[GPU3] epochs: [723/800] train_loss_con: 15.966
[GPU3] epochs: [724/800] train_loss_con: 15.924
[GPU3] epochs: [725/800] train_loss_con: 16.004
[GPU3] epochs: [726/800] train_loss_con: 15.963
[GPU3] epochs: [727/800] train_loss_con: 15.947
[GPU3] epochs: [728/800] train_loss_con: 15.972
[GPU3] epochs: [729/800] train_loss_con: 15.968
[GPU3] epochs: [730/800] train_loss_con: 15.942
[GPU3] epochs: [731/800] train_loss_con: 15.948
[GPU3] epochs: [732/800] train_loss_con: 15.965
[GPU3] epochs: [733/800] train_loss_con: 15.948
[GPU3] epochs: [734/800] train_loss_con: 15.970
[GPU3] epochs: [735/800] train_loss_con: 15.961
[GPU3] epochs: [736/800] train_loss_con: 15.916
[GPU3] epochs: [737/800] train_loss_con: 15.934
[GPU3] epochs: [738/800] train_loss_con: 15.957
[GPU3] epochs: [739/800] train_loss_con: 15.974
[GPU3] epochs: [740/800] train_loss_con: 15.969
[GPU3] epochs: [741/800] train_loss_con: 15.938
[GPU3] epochs: [742/800] train_loss_con: 15.948
[GPU3] epochs: [743/800] train_loss_con: 15.935
[GPU3] epochs: [744/800] train_loss_con: 15.945
[GPU3] epochs: [745/800] train_loss_con: 15.977
[GPU3] epochs: [746/800] train_loss_con: 15.967
[GPU3] epochs: [747/800] train_loss_con: 15.940
[GPU3] epochs: [748/800] train_loss_con: 15.926
[GPU3] epochs: [749/800] train_loss_con: 15.956
[GPU3] epochs: [750/800] train_loss_con: 15.960
[GPU3] epochs: [751/800] train_loss_con: 15.963
[GPU3] epochs: [752/800] train_loss_con: 15.977
[GPU3] epochs: [753/800] train_loss_con: 15.970
[GPU3] epochs: [754/800] train_loss_con: 15.946
[GPU3] epochs: [755/800] train_loss_con: 15.946
[GPU3] epochs: [756/800] train_loss_con: 15.963
[GPU3] epochs: [757/800] train_loss_con: 15.923
[GPU3] epochs: [758/800] train_loss_con: 15.936
[GPU3] epochs: [759/800] train_loss_con: 15.950
[GPU3] epochs: [760/800] train_loss_con: 15.946
[GPU3] epochs: [761/800] train_loss_con: 15.957
[GPU3] epochs: [762/800] train_loss_con: 15.946
[GPU3] epochs: [763/800] train_loss_con: 15.948
[GPU3] epochs: [764/800] train_loss_con: 15.940
[GPU3] epochs: [765/800] train_loss_con: 15.950
[GPU3] epochs: [766/800] train_loss_con: 15.949
[GPU3] epochs: [767/800] train_loss_con: 15.956
[GPU3] epochs: [768/800] train_loss_con: 15.950
[GPU3] epochs: [769/800] train_loss_con: 15.954
[GPU3] epochs: [770/800] train_loss_con: 15.943
[GPU3] epochs: [771/800] train_loss_con: 15.930
[GPU3] epochs: [772/800] train_loss_con: 15.942
[GPU3] epochs: [773/800] train_loss_con: 15.939
[GPU3] epochs: [774/800] train_loss_con: 15.949
[GPU3] epochs: [775/800] train_loss_con: 15.960
[GPU3] epochs: [776/800] train_loss_con: 15.966
[GPU3] epochs: [777/800] train_loss_con: 15.945
[GPU3] epochs: [778/800] train_loss_con: 15.958
[GPU3] epochs: [779/800] train_loss_con: 15.950
[GPU3] epochs: [780/800] train_loss_con: 15.950
[GPU3] epochs: [781/800] train_loss_con: 15.948
[GPU3] epochs: [782/800] train_loss_con: 15.956
[GPU3] epochs: [783/800] train_loss_con: 15.936
[GPU3] epochs: [784/800] train_loss_con: 15.932
[GPU3] epochs: [785/800] train_loss_con: 15.959
[GPU3] epochs: [786/800] train_loss_con: 15.942
[GPU3] epochs: [787/800] train_loss_con: 15.942
[GPU3] epochs: [788/800] train_loss_con: 15.927
[GPU3] epochs: [789/800] train_loss_con: 15.935
[GPU3] epochs: [790/800] train_loss_con: 15.940
[GPU3] epochs: [791/800] train_loss_con: 15.908
[GPU3] epochs: [792/800] train_loss_con: 15.967
[GPU3] epochs: [793/800] train_loss_con: 15.961
[GPU3] epochs: [794/800] train_loss_con: 15.950
[GPU3] epochs: [795/800] train_loss_con: 15.941
[GPU3] epochs: [796/800] train_loss_con: 15.919
[GPU3] epochs: [797/800] train_loss_con: 15.943
[GPU3] epochs: [798/800] train_loss_con: 15.959
[GPU3] epochs: [799/800] train_loss_con: 15.967
[GPU3] epochs: [800/800] train_loss_con: 15.943
### TSNE starts
### MLP training begins
[GPU3] Test Accuracy at epoch: 0: 0.587
[GPU3] epochs: [1/100] train_acc: 0.498 train_loss_sup: 2.224
[GPU3] epochs: [2/100] train_acc: 0.582 train_loss_sup: 1.582
[GPU3] epochs: [3/100] train_acc: 0.599 train_loss_sup: 1.494
[GPU3] epochs: [4/100] train_acc: 0.610 train_loss_sup: 1.448
[GPU3] epochs: [5/100] train_acc: 0.618 train_loss_sup: 1.405
[GPU3] epochs: [6/100] train_acc: 0.626 train_loss_sup: 1.377
[GPU3] epochs: [7/100] train_acc: 0.632 train_loss_sup: 1.347
[GPU3] epochs: [8/100] train_acc: 0.640 train_loss_sup: 1.320
[GPU3] epochs: [9/100] train_acc: 0.646 train_loss_sup: 1.295
[GPU3] epochs: [10/100] train_acc: 0.652 train_loss_sup: 1.281
[GPU3] Test Accuracy at epoch: 10: 0.63
[GPU3] epochs: [11/100] train_acc: 0.655 train_loss_sup: 1.266
[GPU3] epochs: [12/100] train_acc: 0.656 train_loss_sup: 1.255
[GPU3] epochs: [13/100] train_acc: 0.661 train_loss_sup: 1.239
[GPU3] epochs: [14/100] train_acc: 0.665 train_loss_sup: 1.229
[GPU3] epochs: [15/100] train_acc: 0.667 train_loss_sup: 1.218
[GPU3] epochs: [16/100] train_acc: 0.668 train_loss_sup: 1.203
[GPU3] epochs: [17/100] train_acc: 0.675 train_loss_sup: 1.186
[GPU3] epochs: [18/100] train_acc: 0.677 train_loss_sup: 1.176
[GPU3] epochs: [19/100] train_acc: 0.679 train_loss_sup: 1.167
[GPU3] epochs: [20/100] train_acc: 0.679 train_loss_sup: 1.167
[GPU3] Test Accuracy at epoch: 20: 0.639
[GPU3] epochs: [21/100] train_acc: 0.685 train_loss_sup: 1.149
[GPU3] epochs: [22/100] train_acc: 0.689 train_loss_sup: 1.139
[GPU3] epochs: [23/100] train_acc: 0.687 train_loss_sup: 1.135
[GPU3] epochs: [24/100] train_acc: 0.691 train_loss_sup: 1.126
[GPU3] epochs: [25/100] train_acc: 0.694 train_loss_sup: 1.117
[GPU3] epochs: [26/100] train_acc: 0.696 train_loss_sup: 1.113
[GPU3] epochs: [27/100] train_acc: 0.698 train_loss_sup: 1.107
[GPU3] epochs: [28/100] train_acc: 0.696 train_loss_sup: 1.105
[GPU3] epochs: [29/100] train_acc: 0.701 train_loss_sup: 1.098
[GPU3] epochs: [30/100] train_acc: 0.702 train_loss_sup: 1.088
[GPU3] Test Accuracy at epoch: 30: 0.64
[GPU3] epochs: [31/100] train_acc: 0.703 train_loss_sup: 1.079
[GPU3] epochs: [32/100] train_acc: 0.701 train_loss_sup: 1.082
[GPU3] epochs: [33/100] train_acc: 0.707 train_loss_sup: 1.074
[GPU3] epochs: [34/100] train_acc: 0.708 train_loss_sup: 1.067
[GPU3] epochs: [35/100] train_acc: 0.710 train_loss_sup: 1.057
[GPU3] epochs: [36/100] train_acc: 0.711 train_loss_sup: 1.057
[GPU3] epochs: [37/100] train_acc: 0.713 train_loss_sup: 1.048
[GPU3] epochs: [38/100] train_acc: 0.714 train_loss_sup: 1.044
[GPU3] epochs: [39/100] train_acc: 0.714 train_loss_sup: 1.039
[GPU3] epochs: [40/100] train_acc: 0.715 train_loss_sup: 1.043
[GPU3] Test Accuracy at epoch: 40: 0.64
[GPU3] epochs: [41/100] train_acc: 0.714 train_loss_sup: 1.042
[GPU3] epochs: [42/100] train_acc: 0.715 train_loss_sup: 1.035
[GPU3] epochs: [43/100] train_acc: 0.719 train_loss_sup: 1.026
[GPU3] epochs: [44/100] train_acc: 0.720 train_loss_sup: 1.031
[GPU3] epochs: [45/100] train_acc: 0.722 train_loss_sup: 1.021
[GPU3] epochs: [46/100] train_acc: 0.723 train_loss_sup: 1.015
[GPU3] epochs: [47/100] train_acc: 0.723 train_loss_sup: 1.010
[GPU3] epochs: [48/100] train_acc: 0.725 train_loss_sup: 1.007
[GPU3] epochs: [49/100] train_acc: 0.725 train_loss_sup: 1.006
[GPU3] epochs: [50/100] train_acc: 0.730 train_loss_sup: 0.993
[GPU3] Test Accuracy at epoch: 50: 0.642
[GPU3] epochs: [51/100] train_acc: 0.730 train_loss_sup: 0.994
[GPU3] epochs: [52/100] train_acc: 0.730 train_loss_sup: 0.991
[GPU3] epochs: [53/100] train_acc: 0.730 train_loss_sup: 0.988
[GPU3] epochs: [54/100] train_acc: 0.731 train_loss_sup: 0.991
[GPU3] epochs: [55/100] train_acc: 0.732 train_loss_sup: 0.987
[GPU3] epochs: [56/100] train_acc: 0.731 train_loss_sup: 0.984
[GPU3] epochs: [57/100] train_acc: 0.735 train_loss_sup: 0.984
[GPU3] epochs: [58/100] train_acc: 0.734 train_loss_sup: 0.976
[GPU3] epochs: [59/100] train_acc: 0.735 train_loss_sup: 0.983
[GPU3] epochs: [60/100] train_acc: 0.738 train_loss_sup: 0.968
[GPU3] Test Accuracy at epoch: 60: 0.639
[GPU3] epochs: [61/100] train_acc: 0.735 train_loss_sup: 0.970
[GPU3] epochs: [62/100] train_acc: 0.737 train_loss_sup: 0.972
[GPU3] epochs: [63/100] train_acc: 0.740 train_loss_sup: 0.960
[GPU3] epochs: [64/100] train_acc: 0.739 train_loss_sup: 0.959
[GPU3] epochs: [65/100] train_acc: 0.741 train_loss_sup: 0.956
[GPU3] epochs: [66/100] train_acc: 0.740 train_loss_sup: 0.962
[GPU3] epochs: [67/100] train_acc: 0.739 train_loss_sup: 0.964
[GPU3] epochs: [68/100] train_acc: 0.741 train_loss_sup: 0.954
[GPU3] epochs: [69/100] train_acc: 0.743 train_loss_sup: 0.955
[GPU3] epochs: [70/100] train_acc: 0.741 train_loss_sup: 0.948
[GPU3] Test Accuracy at epoch: 70: 0.637
[GPU3] epochs: [71/100] train_acc: 0.744 train_loss_sup: 0.945
[GPU3] epochs: [72/100] train_acc: 0.745 train_loss_sup: 0.938
[GPU3] epochs: [73/100] train_acc: 0.746 train_loss_sup: 0.943
[GPU3] epochs: [74/100] train_acc: 0.746 train_loss_sup: 0.944
[GPU3] epochs: [75/100] train_acc: 0.745 train_loss_sup: 0.943
[GPU3] epochs: [76/100] train_acc: 0.747 train_loss_sup: 0.940
[GPU3] epochs: [77/100] train_acc: 0.747 train_loss_sup: 0.944
[GPU3] epochs: [78/100] train_acc: 0.746 train_loss_sup: 0.931
[GPU3] epochs: [79/100] train_acc: 0.746 train_loss_sup: 0.937
[GPU3] epochs: [80/100] train_acc: 0.750 train_loss_sup: 0.932
[GPU3] Test Accuracy at epoch: 80: 0.64
[GPU3] epochs: [81/100] train_acc: 0.749 train_loss_sup: 0.934
[GPU3] epochs: [82/100] train_acc: 0.748 train_loss_sup: 0.929
[GPU3] epochs: [83/100] train_acc: 0.750 train_loss_sup: 0.921
[GPU3] epochs: [84/100] train_acc: 0.751 train_loss_sup: 0.925
[GPU3] epochs: [85/100] train_acc: 0.750 train_loss_sup: 0.926
[GPU3] epochs: [86/100] train_acc: 0.753 train_loss_sup: 0.911
[GPU3] epochs: [87/100] train_acc: 0.755 train_loss_sup: 0.922
[GPU3] epochs: [88/100] train_acc: 0.752 train_loss_sup: 0.914
[GPU3] epochs: [89/100] train_acc: 0.753 train_loss_sup: 0.910
[GPU3] epochs: [90/100] train_acc: 0.753 train_loss_sup: 0.913
[GPU3] Test Accuracy at epoch: 90: 0.64
[GPU3] epochs: [91/100] train_acc: 0.755 train_loss_sup: 0.909
[GPU3] epochs: [92/100] train_acc: 0.754 train_loss_sup: 0.910
[GPU3] epochs: [93/100] train_acc: 0.754 train_loss_sup: 0.916
[GPU3] epochs: [94/100] train_acc: 0.759 train_loss_sup: 0.899
[GPU3] epochs: [95/100] train_acc: 0.758 train_loss_sup: 0.900
[GPU3] epochs: [96/100] train_acc: 0.757 train_loss_sup: 0.908
[GPU3] epochs: [97/100] train_acc: 0.757 train_loss_sup: 0.907
[GPU3] epochs: [98/100] train_acc: 0.757 train_loss_sup: 0.899
[GPU3] epochs: [99/100] train_acc: 0.757 train_loss_sup: 0.910
[GPU3] epochs: [100/100] train_acc: 0.759 train_loss_sup: 0.898
[GPU3] Final Test Accuracy: 0.639
Model weights saved
<All keys matched successfully>
knn evalution
KNN with K=200
logistic regression evalution
knn_acc: 0.562, log_reg_acc: 0.615
